[2020-02-29 10:11:43]--[login_cgi.c:279]--buf={
    "pwd": "lp86282176",
    "user": "lp13773477582"
}
，len = 57
[2020-02-29 10:11:43]--[login_cgi.c:292]--get_user_info:user:vyUyGIUPr84M7jSX+NqX3Q==,pwd:deOEhTMUQpuayNy9TgSU3g==
[2020-02-29 10:11:43]--[login_cgi.c:102]--mysql_user=root,mysql_pwd=lp86282176,mysql_db=cloud_disk[2020-02-29 10:11:43]--[login_cgi.c:146]--redis:ip:127.0.0.1,port:6379[2020-02-29 10:11:43]--[login_cgi.c:170]--tmpchar:vyUyGIUPr84M7jSX+NqX3Q==106793992141[2020-02-29 10:11:43]--[login_cgi.c:187]--char_base64=spCuV+DfwYUNFpGj2BaXZ2I7JztaBHRLzV6P7z2B7c779AeWlusxgg==
[2020-02-29 10:19:34]--[login_cgi.c:279]--buf={
    "pwd": "lp86282176",
    "user": "lp13773477582"
}
，len = 57
[2020-02-29 10:19:34]--[login_cgi.c:292]--get_user_info:user:vyUyGIUPr84M7jSX+NqX3Q==,pwd:deOEhTMUQpuayNy9TgSU3g==
[2020-02-29 10:19:34]--[login_cgi.c:102]--mysql_user=root,mysql_pwd=lp86282176,mysql_db=cloud_disk[2020-02-29 10:19:34]--[login_cgi.c:146]--redis:ip:127.0.0.1,port:6379[2020-02-29 10:19:34]--[login_cgi.c:170]--tmpchar:vyUyGIUPr84M7jSX+NqX3Q==346800426417[2020-02-29 10:19:34]--[login_cgi.c:187]--char_base64=spCuV+DfwYUNFpGj2BaXZ2I7JztaBHRLbD4Oz2tZLFbNMw6piij9kQ==
[2020-02-29 10:30:09]--[login_cgi.c:279]--buf={
    "pwd": "lp86282176",
    "user": "lp13773477582"
}
，len = 57
[2020-02-29 10:30:09]--[login_cgi.c:292]--get_user_info:user:vyUyGIUPr84M7jSX+NqX3Q==,pwd:deOEhTMUQpuayNy9TgSU3g==
[2020-02-29 10:30:09]--[login_cgi.c:102]--mysql_user=root,mysql_pwd=lp86282176,mysql_db=cloud_disk[2020-02-29 10:30:09]--[login_cgi.c:146]--redis:ip:127.0.0.1,port:6379[2020-02-29 10:30:09]--[login_cgi.c:170]--tmpchar:vyUyGIUPr84M7jSX+NqX3Q==397983359815[2020-02-29 10:30:09]--[login_cgi.c:187]--char_base64=spCuV+DfwYUNFpGj2BaXZ2I7JztaBHRLi58gOdlBWdYbSqdSiSY10Q==
[2020-02-29 10:44:27]--[login_cgi.c:279]--buf={
    "pwd": "lp86282176",
    "user": "lp13773477582"
}
，len = 57
[2020-02-29 10:44:27]--[login_cgi.c:292]--get_user_info:user:vyUyGIUPr84M7jSX+NqX3Q==,pwd:deOEhTMUQpuayNy9TgSU3g==
[2020-02-29 10:44:27]--[login_cgi.c:102]--mysql_user=root,mysql_pwd=lp86282176,mysql_db=cloud_disk[2020-02-29 10:44:27]--[login_cgi.c:146]--redis:ip:127.0.0.1,port:6379[2020-02-29 10:44:27]--[login_cgi.c:170]--tmpchar:vyUyGIUPr84M7jSX+NqX3Q==564724137826[2020-02-29 10:44:27]--[login_cgi.c:187]--char_base64=spCuV+DfwYUNFpGj2BaXZ2I7JztaBHRL+g3tewzJQIKZaRAxDF8hHg==
[2020-02-29 10:48:28]--[login_cgi.c:279]--buf={
    "pwd": "lp86282176",
    "user": "lp13773477582"
}
，len = 57
[2020-02-29 10:48:28]--[login_cgi.c:292]--get_user_info:user:vyUyGIUPr84M7jSX+NqX3Q==,pwd:deOEhTMUQpuayNy9TgSU3g==
[2020-02-29 10:48:28]--[login_cgi.c:102]--mysql_user=root,mysql_pwd=lp86282176,mysql_db=cloud_disk[2020-02-29 10:48:28]--[login_cgi.c:146]--redis:ip:127.0.0.1,port:6379[2020-02-29 10:48:28]--[login_cgi.c:170]--tmpchar:vyUyGIUPr84M7jSX+NqX3Q==229347289[2020-02-29 10:48:28]--[login_cgi.c:187]--char_base64=spCuV+DfwYUNFpGj2BaXZ2I7JztaBHRLIZGjSmOXMxxpEF0UiwuF0w==
[2020-02-29 13:12:00]--[login_cgi.c:279]--buf={
    "pwd": "lp86282176",
    "user": "lp13773477582"
}
，len = 57
[2020-02-29 13:12:00]--[login_cgi.c:292]--get_user_info:user:vyUyGIUPr84M7jSX+NqX3Q==,pwd:deOEhTMUQpuayNy9TgSU3g==
[2020-02-29 13:12:00]--[login_cgi.c:102]--mysql_user=root,mysql_pwd=lp86282176,mysql_db=cloud_disk[2020-02-29 13:12:00]--[login_cgi.c:146]--redis:ip:127.0.0.1,port:6379[2020-02-29 13:12:00]--[login_cgi.c:170]--tmpchar:vyUyGIUPr84M7jSX+NqX3Q==369692849587[2020-02-29 13:12:00]--[login_cgi.c:187]--char_base64=spCuV+DfwYUNFpGj2BaXZ2I7JztaBHRLCFGsJcj/vsS4s6KHrvJuCQ==
[2020-02-29 13:17:57]--[login_cgi.c:279]--buf={
    "pwd": "lp86282176",
    "user": "lp13773477582"
}
，len = 57
[2020-02-29 13:17:57]--[login_cgi.c:292]--get_user_info:user:vyUyGIUPr84M7jSX+NqX3Q==,pwd:deOEhTMUQpuayNy9TgSU3g==
[2020-02-29 13:17:57]--[login_cgi.c:102]--mysql_user=root,mysql_pwd=lp86282176,mysql_db=cloud_disk[2020-02-29 13:17:57]--[login_cgi.c:146]--redis:ip:127.0.0.1,port:6379[2020-02-29 13:17:57]--[login_cgi.c:170]--tmpchar:vyUyGIUPr84M7jSX+NqX3Q==59827411924[2020-02-29 13:17:57]--[login_cgi.c:187]--char_base64=spCuV+DfwYUNFpGj2BaXZ2I7JztaBHRLKzVtcOf9m5u4iC20MrKEXw==
[2020-02-29 14:08:46]--[login_cgi.c:279]--buf={
    "pwd": "lp86282176",
    "user": "lp13773477582"
}
，len = 57
[2020-02-29 14:08:46]--[login_cgi.c:292]--get_user_info:user:vyUyGIUPr84M7jSX+NqX3Q==,pwd:deOEhTMUQpuayNy9TgSU3g==
[2020-02-29 14:08:46]--[login_cgi.c:102]--mysql_user=root,mysql_pwd=lp86282176,mysql_db=cloud_disk[2020-02-29 14:08:46]--[login_cgi.c:146]--redis:ip:127.0.0.1,port:6379[2020-02-29 14:08:46]--[login_cgi.c:170]--tmpchar:vyUyGIUPr84M7jSX+NqX3Q==351362348349[2020-02-29 14:08:46]--[login_cgi.c:187]--char_base64=spCuV+DfwYUNFpGj2BaXZ2I7JztaBHRLBrIpgqSjPCjXE4CHxARQ4Q==
[2020-02-29 14:15:38]--[login_cgi.c:279]--buf={
    "pwd": "lp86282176",
    "user": "lp13773477582"
}
，len = 57
[2020-02-29 14:15:38]--[login_cgi.c:292]--get_user_info:user:vyUyGIUPr84M7jSX+NqX3Q==,pwd:deOEhTMUQpuayNy9TgSU3g==
[2020-02-29 14:15:38]--[login_cgi.c:102]--mysql_user=root,mysql_pwd=lp86282176,mysql_db=cloud_disk[2020-02-29 14:15:38]--[login_cgi.c:146]--redis:ip:127.0.0.1,port:6379[2020-02-29 14:15:38]--[login_cgi.c:170]--tmpchar:vyUyGIUPr84M7jSX+NqX3Q==311947450344[2020-02-29 14:15:38]--[login_cgi.c:187]--char_base64=spCuV+DfwYUNFpGj2BaXZ2I7JztaBHRLQRNSVFv1P5OjvVVqfCNuuA==
[2020-02-29 14:43:01]--[login_cgi.c:279]--buf={
    "pwd": "lp86282176",
    "user": "lp13773477582"
}
，len = 57
[2020-02-29 14:43:01]--[login_cgi.c:292]--get_user_info:user:vyUyGIUPr84M7jSX+NqX3Q==,pwd:deOEhTMUQpuayNy9TgSU3g==
[2020-02-29 14:43:01]--[login_cgi.c:102]--mysql_user=root,mysql_pwd=lp86282176,mysql_db=cloud_disk[2020-02-29 14:43:01]--[login_cgi.c:146]--redis:ip:127.0.0.1,port:6379[2020-02-29 14:43:01]--[login_cgi.c:170]--tmpchar:vyUyGIUPr84M7jSX+NqX3Q==105430424224[2020-02-29 14:43:01]--[login_cgi.c:187]--char_base64=spCuV+DfwYUNFpGj2BaXZ2I7JztaBHRL3xvgIMB22ACMpZLcrHqv3Q==
[2020-02-29 15:14:49]--[login_cgi.c:279]--buf={
    "pwd": "lp86282176",
    "user": "lp13773477582"
}
，len = 57
[2020-02-29 15:14:49]--[login_cgi.c:292]--get_user_info:user:vyUyGIUPr84M7jSX+NqX3Q==,pwd:deOEhTMUQpuayNy9TgSU3g==
[2020-02-29 15:14:49]--[login_cgi.c:102]--mysql_user=root,mysql_pwd=lp86282176,mysql_db=cloud_disk[2020-02-29 15:14:49]--[login_cgi.c:146]--redis:ip:127.0.0.1,port:6379[2020-02-29 15:14:49]--[login_cgi.c:170]--tmpchar:vyUyGIUPr84M7jSX+NqX3Q==90411762193[2020-02-29 15:14:49]--[login_cgi.c:187]--char_base64=spCuV+DfwYUNFpGj2BaXZ2I7JztaBHRLPn9rsSqIlA5q4Kazt6umEQ==
[2020-02-29 15:23:47]--[login_cgi.c:279]--buf={
    "pwd": "lp86282176",
    "user": "lp13773477582"
}
，len = 57
[2020-02-29 15:23:47]--[login_cgi.c:292]--get_user_info:user:vyUyGIUPr84M7jSX+NqX3Q==,pwd:deOEhTMUQpuayNy9TgSU3g==
[2020-02-29 15:23:47]--[login_cgi.c:102]--mysql_user=root,mysql_pwd=lp86282176,mysql_db=cloud_disk[2020-02-29 15:23:47]--[login_cgi.c:146]--redis:ip:127.0.0.1,port:6379[2020-02-29 15:23:47]--[login_cgi.c:170]--tmpchar:vyUyGIUPr84M7jSX+NqX3Q==35122470134[2020-02-29 15:23:47]--[login_cgi.c:187]--char_base64=spCuV+DfwYUNFpGj2BaXZ2I7JztaBHRLlR4R7TIfI5gOHqPuVE2AqA==
[2020-02-29 15:26:08]--[login_cgi.c:279]--buf={
    "pwd": "lp86282176",
    "user": "lp13773477582"
}
，len = 57
[2020-02-29 15:26:08]--[login_cgi.c:292]--get_user_info:user:vyUyGIUPr84M7jSX+NqX3Q==,pwd:deOEhTMUQpuayNy9TgSU3g==
[2020-02-29 15:26:08]--[login_cgi.c:102]--mysql_user=root,mysql_pwd=lp86282176,mysql_db=cloud_disk[2020-02-29 15:26:08]--[login_cgi.c:146]--redis:ip:127.0.0.1,port:6379[2020-02-29 15:26:08]--[login_cgi.c:170]--tmpchar:vyUyGIUPr84M7jSX+NqX3Q==755894883885[2020-02-29 15:26:08]--[login_cgi.c:187]--char_base64=spCuV+DfwYUNFpGj2BaXZ2I7JztaBHRLmyXPNHfciNg+SdT4VEdGIw==
[2020-02-29 15:32:16]--[login_cgi.c:279]--buf={
    "pwd": "lp86282176",
    "user": "lp13773477582"
}
，len = 57
[2020-02-29 15:32:16]--[login_cgi.c:292]--get_user_info:user:vyUyGIUPr84M7jSX+NqX3Q==,pwd:deOEhTMUQpuayNy9TgSU3g==
[2020-02-29 15:32:16]--[login_cgi.c:102]--mysql_user=root,mysql_pwd=lp86282176,mysql_db=cloud_disk[2020-02-29 15:32:16]--[login_cgi.c:146]--redis:ip:127.0.0.1,port:6379[2020-02-29 15:32:16]--[login_cgi.c:170]--tmpchar:vyUyGIUPr84M7jSX+NqX3Q==968749285599[2020-02-29 15:32:16]--[login_cgi.c:187]--char_base64=spCuV+DfwYUNFpGj2BaXZ2I7JztaBHRLl9ST8LRkgkrD6+Zni5B7xw==
[2020-02-29 15:40:56]--[login_cgi.c:279]--buf={
    "pwd": "lp86282176",
    "user": "lp13773477582"
}
，len = 57
[2020-02-29 15:40:56]--[login_cgi.c:292]--get_user_info:user:vyUyGIUPr84M7jSX+NqX3Q==,pwd:deOEhTMUQpuayNy9TgSU3g==
[2020-02-29 15:40:56]--[login_cgi.c:102]--mysql_user=root,mysql_pwd=lp86282176,mysql_db=cloud_disk[2020-02-29 15:40:56]--[login_cgi.c:146]--redis:ip:127.0.0.1,port:6379[2020-02-29 15:40:56]--[login_cgi.c:170]--tmpchar:vyUyGIUPr84M7jSX+NqX3Q==816582962878[2020-02-29 15:40:56]--[login_cgi.c:187]--char_base64=spCuV+DfwYUNFpGj2BaXZ2I7JztaBHRLvyQRX8nRwYBsifRWVAn2vw==
[2020-02-29 15:47:19]--[login_cgi.c:279]--buf={
    "pwd": "lp86282176",
    "user": "lp13773477582"
}
，len = 57
[2020-02-29 15:47:19]--[login_cgi.c:292]--get_user_info:user:vyUyGIUPr84M7jSX+NqX3Q==,pwd:deOEhTMUQpuayNy9TgSU3g==
[2020-02-29 15:47:19]--[login_cgi.c:102]--mysql_user=root,mysql_pwd=lp86282176,mysql_db=cloud_disk[2020-02-29 15:47:19]--[login_cgi.c:146]--redis:ip:127.0.0.1,port:6379[2020-02-29 15:47:19]--[login_cgi.c:170]--tmpchar:vyUyGIUPr84M7jSX+NqX3Q==320576425699[2020-02-29 15:47:19]--[login_cgi.c:187]--char_base64=spCuV+DfwYUNFpGj2BaXZ2I7JztaBHRLOw6ye9QcKIgPMHzEOaQP8g==
[2020-02-29 16:41:41]--[login_cgi.c:279]--buf={
    "pwd": "lp86282176",
    "user": "lp13773477582"
}
，len = 57
[2020-02-29 16:41:41]--[login_cgi.c:292]--get_user_info:user:vyUyGIUPr84M7jSX+NqX3Q==,pwd:deOEhTMUQpuayNy9TgSU3g==
[2020-02-29 16:41:41]--[login_cgi.c:102]--mysql_user=root,mysql_pwd=lp86282176,mysql_db=cloud_disk[2020-02-29 16:41:41]--[login_cgi.c:146]--redis:ip:127.0.0.1,port:6379[2020-02-29 16:41:41]--[login_cgi.c:170]--tmpchar:vyUyGIUPr84M7jSX+NqX3Q==801944685657[2020-02-29 16:41:41]--[login_cgi.c:187]--char_base64=spCuV+DfwYUNFpGj2BaXZ2I7JztaBHRLQqTImdZCYEo6ZusujqitzA==
[2020-02-29 16:49:48]--[login_cgi.c:279]--buf={
    "pwd": "lp86282176",
    "user": "lp13773477582"
}
，len = 57
[2020-02-29 16:49:48]--[login_cgi.c:292]--get_user_info:user:vyUyGIUPr84M7jSX+NqX3Q==,pwd:deOEhTMUQpuayNy9TgSU3g==
[2020-02-29 16:49:48]--[login_cgi.c:102]--mysql_user=root,mysql_pwd=lp86282176,mysql_db=cloud_disk[2020-02-29 16:49:48]--[login_cgi.c:146]--redis:ip:127.0.0.1,port:6379[2020-02-29 16:49:48]--[login_cgi.c:170]--tmpchar:vyUyGIUPr84M7jSX+NqX3Q==939239106584[2020-02-29 16:49:48]--[login_cgi.c:187]--char_base64=spCuV+DfwYUNFpGj2BaXZ2I7JztaBHRLtojD0p1PwZdPUQSxIbNYIw==
[2020-02-29 16:53:05]--[login_cgi.c:279]--buf={
    "pwd": "lp86282176",
    "user": "lp13773477582"
}
，len = 57
[2020-02-29 16:53:05]--[login_cgi.c:292]--get_user_info:user:vyUyGIUPr84M7jSX+NqX3Q==,pwd:deOEhTMUQpuayNy9TgSU3g==
[2020-02-29 16:53:05]--[login_cgi.c:102]--mysql_user=root,mysql_pwd=lp86282176,mysql_db=cloud_disk[2020-02-29 16:53:05]--[login_cgi.c:146]--redis:ip:127.0.0.1,port:6379[2020-02-29 16:53:05]--[login_cgi.c:170]--tmpchar:vyUyGIUPr84M7jSX+NqX3Q==332406947422[2020-02-29 16:53:05]--[login_cgi.c:187]--char_base64=spCuV+DfwYUNFpGj2BaXZ2I7JztaBHRLStZwuqQY/Km8FfydXjpexg==
[2020-02-29 17:13:13]--[login_cgi.c:279]--buf={
    "pwd": "lp86282176",
    "user": "lp13773477582"
}
，len = 57
[2020-02-29 17:13:13]--[login_cgi.c:292]--get_user_info:user:vyUyGIUPr84M7jSX+NqX3Q==,pwd:deOEhTMUQpuayNy9TgSU3g==
[2020-02-29 17:13:13]--[login_cgi.c:102]--mysql_user=root,mysql_pwd=lp86282176,mysql_db=cloud_disk[2020-02-29 17:13:13]--[login_cgi.c:146]--redis:ip:127.0.0.1,port:6379[2020-02-29 17:13:13]--[login_cgi.c:170]--tmpchar:vyUyGIUPr84M7jSX+NqX3Q==726541389675[2020-02-29 17:13:13]--[login_cgi.c:187]--char_base64=spCuV+DfwYUNFpGj2BaXZ2I7JztaBHRLMTSy5Qrpd5menN/VuyHZrQ==
[2020-02-29 17:18:12]--[login_cgi.c:279]--buf={
    "pwd": "lp86282176",
    "user": "lp13773477582"
}
，len = 57
[2020-02-29 17:18:12]--[login_cgi.c:292]--get_user_info:user:vyUyGIUPr84M7jSX+NqX3Q==,pwd:deOEhTMUQpuayNy9TgSU3g==
[2020-02-29 17:18:12]--[login_cgi.c:102]--mysql_user=root,mysql_pwd=lp86282176,mysql_db=cloud_disk[2020-02-29 17:18:12]--[login_cgi.c:146]--redis:ip:127.0.0.1,port:6379[2020-02-29 17:18:12]--[login_cgi.c:170]--tmpchar:vyUyGIUPr84M7jSX+NqX3Q==680459826741[2020-02-29 17:18:12]--[login_cgi.c:187]--char_base64=spCuV+DfwYUNFpGj2BaXZ2I7JztaBHRLOQ/3wWnfv4kAhIIJUeEiLA==
[2020-02-29 17:26:07]--[login_cgi.c:279]--buf={
    "pwd": "lp86282176",
    "user": "lp13773477582"
}
，len = 57
[2020-02-29 17:26:07]--[login_cgi.c:292]--get_user_info:user:vyUyGIUPr84M7jSX+NqX3Q==,pwd:deOEhTMUQpuayNy9TgSU3g==
[2020-02-29 17:26:07]--[login_cgi.c:102]--mysql_user=root,mysql_pwd=lp86282176,mysql_db=cloud_disk[2020-02-29 17:26:07]--[login_cgi.c:146]--redis:ip:127.0.0.1,port:6379[2020-02-29 17:26:07]--[login_cgi.c:170]--tmpchar:vyUyGIUPr84M7jSX+NqX3Q==802647490134[2020-02-29 17:26:07]--[login_cgi.c:187]--char_base64=spCuV+DfwYUNFpGj2BaXZ2I7JztaBHRLIgZonSxhnVAhYMJFU3EY8Q==
[2020-02-29 18:28:28]--[login_cgi.c:279]--buf={
    "pwd": "lp86282176",
    "user": "lp13773477582"
}
，len = 57
[2020-02-29 18:28:28]--[login_cgi.c:292]--get_user_info:user:vyUyGIUPr84M7jSX+NqX3Q==,pwd:deOEhTMUQpuayNy9TgSU3g==
[2020-02-29 18:28:28]--[login_cgi.c:102]--mysql_user=root,mysql_pwd=lp86282176,mysql_db=cloud_disk[2020-02-29 18:28:28]--[login_cgi.c:146]--redis:ip:127.0.0.1,port:6379[2020-02-29 18:28:28]--[login_cgi.c:170]--tmpchar:vyUyGIUPr84M7jSX+NqX3Q==421691582203[2020-02-29 18:28:28]--[login_cgi.c:187]--char_base64=spCuV+DfwYUNFpGj2BaXZ2I7JztaBHRLd9uh9skTL4b1xyKsZ+PhKA==
