[2020-02-27 14:41:57]--[login_cgi.c:279]--buf={
    "pwd": "lp86282176",
    "user": "lp13773477582"
}
，len = 57
[2020-02-27 14:41:57]--[login_cgi.c:292]--get_user_info:user:vyUyGIUPr84M7jSX+NqX3Q==,pwd:deOEhTMUQpuayNy9TgSU3g==
[2020-02-27 14:41:57]--[login_cgi.c:102]--mysql_user=root,mysql_pwd=lp86282176,mysql_db=cloud_disk[2020-02-27 14:41:57]--[login_cgi.c:146]--redis:ip:127.0.0.1,port:6379[2020-02-27 14:41:57]--[login_cgi.c:170]--tmpchar:vyUyGIUPr84M7jSX+NqX3Q==614299549237[2020-02-27 14:41:57]--[login_cgi.c:187]--char_base64=spCuV+DfwYUNFpGj2BaXZ2I7JztaBHRL9tGnQUjaaGKPTnRTcUthZA==
[2020-02-27 14:44:11]--[login_cgi.c:279]--buf={
    "pwd": "lp86282176",
    "user": "lp13773477582"
}
，len = 57
[2020-02-27 14:44:11]--[login_cgi.c:292]--get_user_info:user:vyUyGIUPr84M7jSX+NqX3Q==,pwd:deOEhTMUQpuayNy9TgSU3g==
[2020-02-27 14:44:11]--[login_cgi.c:102]--mysql_user=root,mysql_pwd=lp86282176,mysql_db=cloud_disk[2020-02-27 14:44:11]--[login_cgi.c:146]--redis:ip:127.0.0.1,port:6379[2020-02-27 14:44:11]--[login_cgi.c:170]--tmpchar:vyUyGIUPr84M7jSX+NqX3Q==76363718989[2020-02-27 14:44:11]--[login_cgi.c:187]--char_base64=spCuV+DfwYUNFpGj2BaXZ2I7JztaBHRLq/XRMIyoAlK4qA3rzXUayg==
[2020-02-27 14:49:15]--[login_cgi.c:279]--buf={
    "pwd": "lp86282176",
    "user": "lp13773477582"
}
，len = 57
[2020-02-27 14:49:15]--[login_cgi.c:292]--get_user_info:user:vyUyGIUPr84M7jSX+NqX3Q==,pwd:deOEhTMUQpuayNy9TgSU3g==
[2020-02-27 14:49:15]--[login_cgi.c:102]--mysql_user=root,mysql_pwd=lp86282176,mysql_db=cloud_disk[2020-02-27 14:49:15]--[login_cgi.c:146]--redis:ip:127.0.0.1,port:6379[2020-02-27 14:49:15]--[login_cgi.c:170]--tmpchar:vyUyGIUPr84M7jSX+NqX3Q==470628522364[2020-02-27 14:49:15]--[login_cgi.c:187]--char_base64=spCuV+DfwYUNFpGj2BaXZ2I7JztaBHRL5FG7xqaHRRXH1kqstKHsLw==
[2020-02-27 14:50:33]--[login_cgi.c:279]--buf={
    "pwd": "lp86282176",
    "user": "lp13773477582"
}
，len = 57
[2020-02-27 14:50:33]--[login_cgi.c:292]--get_user_info:user:vyUyGIUPr84M7jSX+NqX3Q==,pwd:deOEhTMUQpuayNy9TgSU3g==
[2020-02-27 14:50:33]--[login_cgi.c:102]--mysql_user=root,mysql_pwd=lp86282176,mysql_db=cloud_disk[2020-02-27 14:50:33]--[login_cgi.c:146]--redis:ip:127.0.0.1,port:6379[2020-02-27 14:50:33]--[login_cgi.c:170]--tmpchar:vyUyGIUPr84M7jSX+NqX3Q==536561555780[2020-02-27 14:50:33]--[login_cgi.c:187]--char_base64=spCuV+DfwYUNFpGj2BaXZ2I7JztaBHRLFziT4yNu8ptkI9kDLD35PQ==
[2020-02-27 15:01:02]--[login_cgi.c:279]--buf={
    "pwd": "lp86282176",
    "user": "lp13773477582"
}
，len = 57
[2020-02-27 15:01:02]--[login_cgi.c:292]--get_user_info:user:vyUyGIUPr84M7jSX+NqX3Q==,pwd:deOEhTMUQpuayNy9TgSU3g==
[2020-02-27 15:01:02]--[login_cgi.c:102]--mysql_user=root,mysql_pwd=lp86282176,mysql_db=cloud_disk[2020-02-27 15:01:02]--[login_cgi.c:146]--redis:ip:127.0.0.1,port:6379[2020-02-27 15:01:02]--[login_cgi.c:170]--tmpchar:vyUyGIUPr84M7jSX+NqX3Q==145475380452[2020-02-27 15:01:02]--[login_cgi.c:187]--char_base64=spCuV+DfwYUNFpGj2BaXZ2I7JztaBHRL1kiOFWW7lr8HAByiNOPxxg==
[2020-02-27 15:07:05]--[login_cgi.c:279]--buf={
    "pwd": "lp86282176",
    "user": "lp13773477582"
}
，len = 57
[2020-02-27 15:07:05]--[login_cgi.c:292]--get_user_info:user:vyUyGIUPr84M7jSX+NqX3Q==,pwd:deOEhTMUQpuayNy9TgSU3g==
[2020-02-27 15:07:05]--[login_cgi.c:102]--mysql_user=root,mysql_pwd=lp86282176,mysql_db=cloud_disk[2020-02-27 15:07:05]--[login_cgi.c:146]--redis:ip:127.0.0.1,port:6379[2020-02-27 15:07:05]--[login_cgi.c:170]--tmpchar:vyUyGIUPr84M7jSX+NqX3Q==797457706942[2020-02-27 15:07:05]--[login_cgi.c:187]--char_base64=spCuV+DfwYUNFpGj2BaXZ2I7JztaBHRLTKSukYSJRNIUm0YcyaPuLQ==
[2020-02-27 15:09:57]--[login_cgi.c:279]--buf={
    "pwd": "lp86282176",
    "user": "lp13773477582"
}
，len = 57
[2020-02-27 15:09:57]--[login_cgi.c:292]--get_user_info:user:vyUyGIUPr84M7jSX+NqX3Q==,pwd:deOEhTMUQpuayNy9TgSU3g==
[2020-02-27 15:09:57]--[login_cgi.c:102]--mysql_user=root,mysql_pwd=lp86282176,mysql_db=cloud_disk[2020-02-27 15:09:57]--[login_cgi.c:146]--redis:ip:127.0.0.1,port:6379[2020-02-27 15:09:57]--[login_cgi.c:170]--tmpchar:vyUyGIUPr84M7jSX+NqX3Q==873605670513[2020-02-27 15:09:57]--[login_cgi.c:187]--char_base64=spCuV+DfwYUNFpGj2BaXZ2I7JztaBHRLiA/jBSD5QoT1dqcGJ5W9dw==
[2020-02-27 15:30:51]--[login_cgi.c:279]--buf={
    "pwd": "lp86282176",
    "user": "lp13773477582"
}
，len = 57
[2020-02-27 15:30:51]--[login_cgi.c:292]--get_user_info:user:vyUyGIUPr84M7jSX+NqX3Q==,pwd:deOEhTMUQpuayNy9TgSU3g==
[2020-02-27 15:30:51]--[login_cgi.c:102]--mysql_user=root,mysql_pwd=lp86282176,mysql_db=cloud_disk[2020-02-27 15:30:51]--[login_cgi.c:146]--redis:ip:127.0.0.1,port:6379[2020-02-27 15:30:51]--[login_cgi.c:170]--tmpchar:vyUyGIUPr84M7jSX+NqX3Q==52346768379[2020-02-27 15:30:51]--[login_cgi.c:187]--char_base64=spCuV+DfwYUNFpGj2BaXZ2I7JztaBHRLHz5P/a6dEe2sV0wzCTYpyQ==
[2020-02-27 15:42:32]--[login_cgi.c:279]--buf={
    "pwd": "lp86282176",
    "user": "lp13773477582"
}
，len = 57
[2020-02-27 15:42:32]--[login_cgi.c:292]--get_user_info:user:vyUyGIUPr84M7jSX+NqX3Q==,pwd:deOEhTMUQpuayNy9TgSU3g==
[2020-02-27 15:42:32]--[login_cgi.c:102]--mysql_user=root,mysql_pwd=lp86282176,mysql_db=cloud_disk[2020-02-27 15:42:32]--[login_cgi.c:146]--redis:ip:127.0.0.1,port:6379[2020-02-27 15:42:32]--[login_cgi.c:170]--tmpchar:vyUyGIUPr84M7jSX+NqX3Q==834574970297[2020-02-27 15:42:32]--[login_cgi.c:187]--char_base64=spCuV+DfwYUNFpGj2BaXZ2I7JztaBHRLm/eoVQ2FSFunj+C1e39TXg==
[2020-02-27 15:44:42]--[login_cgi.c:279]--buf={
    "pwd": "lp86282176",
    "user": "lp13773477582"
}
，len = 57
[2020-02-27 15:44:42]--[login_cgi.c:292]--get_user_info:user:vyUyGIUPr84M7jSX+NqX3Q==,pwd:deOEhTMUQpuayNy9TgSU3g==
[2020-02-27 15:44:42]--[login_cgi.c:102]--mysql_user=root,mysql_pwd=lp86282176,mysql_db=cloud_disk[2020-02-27 15:44:42]--[login_cgi.c:146]--redis:ip:127.0.0.1,port:6379[2020-02-27 15:44:42]--[login_cgi.c:170]--tmpchar:vyUyGIUPr84M7jSX+NqX3Q==248496232920[2020-02-27 15:44:42]--[login_cgi.c:187]--char_base64=spCuV+DfwYUNFpGj2BaXZ2I7JztaBHRLo0peL3XLq6kVvDS6sjztmA==
[2020-02-27 15:46:19]--[login_cgi.c:279]--buf={
    "pwd": "lp86282176",
    "user": "lp13773477582"
}
，len = 57
[2020-02-27 15:46:19]--[login_cgi.c:292]--get_user_info:user:vyUyGIUPr84M7jSX+NqX3Q==,pwd:deOEhTMUQpuayNy9TgSU3g==
[2020-02-27 15:46:19]--[login_cgi.c:102]--mysql_user=root,mysql_pwd=lp86282176,mysql_db=cloud_disk[2020-02-27 15:46:19]--[login_cgi.c:146]--redis:ip:127.0.0.1,port:6379[2020-02-27 15:46:19]--[login_cgi.c:170]--tmpchar:vyUyGIUPr84M7jSX+NqX3Q==312608303607[2020-02-27 15:46:19]--[login_cgi.c:187]--char_base64=spCuV+DfwYUNFpGj2BaXZ2I7JztaBHRLFpfsu2VGRanCn4TGuE+WBg==
[2020-02-27 15:48:13]--[login_cgi.c:279]--buf={
    "pwd": "lp86282176",
    "user": "lp13773477582"
}
，len = 57
[2020-02-27 15:48:13]--[login_cgi.c:292]--get_user_info:user:vyUyGIUPr84M7jSX+NqX3Q==,pwd:deOEhTMUQpuayNy9TgSU3g==
[2020-02-27 15:48:13]--[login_cgi.c:102]--mysql_user=root,mysql_pwd=lp86282176,mysql_db=cloud_disk[2020-02-27 15:48:13]--[login_cgi.c:146]--redis:ip:127.0.0.1,port:6379[2020-02-27 15:48:13]--[login_cgi.c:170]--tmpchar:vyUyGIUPr84M7jSX+NqX3Q==966348260782[2020-02-27 15:48:13]--[login_cgi.c:187]--char_base64=spCuV+DfwYUNFpGj2BaXZ2I7JztaBHRLpsg+c6isI/2LZQ0kMP3gww==
[2020-02-27 15:52:35]--[login_cgi.c:279]--buf={
    "pwd": "lp86282176",
    "user": "lp13773477582"
}
，len = 57
[2020-02-27 15:52:35]--[login_cgi.c:292]--get_user_info:user:vyUyGIUPr84M7jSX+NqX3Q==,pwd:deOEhTMUQpuayNy9TgSU3g==
[2020-02-27 15:52:35]--[login_cgi.c:102]--mysql_user=root,mysql_pwd=lp86282176,mysql_db=cloud_disk[2020-02-27 15:52:35]--[login_cgi.c:146]--redis:ip:127.0.0.1,port:6379[2020-02-27 15:52:35]--[login_cgi.c:170]--tmpchar:vyUyGIUPr84M7jSX+NqX3Q==999874587431[2020-02-27 15:52:35]--[login_cgi.c:187]--char_base64=spCuV+DfwYUNFpGj2BaXZ2I7JztaBHRLQ85Z3cZr1yJqckNMWCymUQ==
[2020-02-27 15:54:25]--[login_cgi.c:279]--buf={
    "pwd": "lp86282176",
    "user": "lp13773477582"
}
，len = 57
[2020-02-27 15:54:25]--[login_cgi.c:292]--get_user_info:user:vyUyGIUPr84M7jSX+NqX3Q==,pwd:deOEhTMUQpuayNy9TgSU3g==
[2020-02-27 15:54:25]--[login_cgi.c:102]--mysql_user=root,mysql_pwd=lp86282176,mysql_db=cloud_disk[2020-02-27 15:54:25]--[login_cgi.c:146]--redis:ip:127.0.0.1,port:6379[2020-02-27 15:54:25]--[login_cgi.c:170]--tmpchar:vyUyGIUPr84M7jSX+NqX3Q==3197915904[2020-02-27 15:54:25]--[login_cgi.c:187]--char_base64=spCuV+DfwYUNFpGj2BaXZ2I7JztaBHRLo0vI3vTQdChDBXWSKEgFiQ==
[2020-02-27 16:10:24]--[login_cgi.c:279]--buf={
    "pwd": "lp86282176",
    "user": "lp13773477582"
}
，len = 57
[2020-02-27 16:10:24]--[login_cgi.c:292]--get_user_info:user:vyUyGIUPr84M7jSX+NqX3Q==,pwd:deOEhTMUQpuayNy9TgSU3g==
[2020-02-27 16:10:24]--[login_cgi.c:102]--mysql_user=root,mysql_pwd=lp86282176,mysql_db=cloud_disk[2020-02-27 16:10:24]--[login_cgi.c:146]--redis:ip:127.0.0.1,port:6379[2020-02-27 16:10:24]--[login_cgi.c:170]--tmpchar:vyUyGIUPr84M7jSX+NqX3Q==72276797671[2020-02-27 16:10:24]--[login_cgi.c:187]--char_base64=spCuV+DfwYUNFpGj2BaXZ2I7JztaBHRL0K6+P68xAW33BNxfLK9jSw==
[2020-02-27 16:12:06]--[login_cgi.c:279]--buf={
    "pwd": "lp86282176",
    "user": "lp13773477582"
}
，len = 57
[2020-02-27 16:12:06]--[login_cgi.c:292]--get_user_info:user:vyUyGIUPr84M7jSX+NqX3Q==,pwd:deOEhTMUQpuayNy9TgSU3g==
[2020-02-27 16:12:06]--[login_cgi.c:102]--mysql_user=root,mysql_pwd=lp86282176,mysql_db=cloud_disk[2020-02-27 16:12:06]--[login_cgi.c:146]--redis:ip:127.0.0.1,port:6379[2020-02-27 16:12:06]--[login_cgi.c:170]--tmpchar:vyUyGIUPr84M7jSX+NqX3Q==765952778257[2020-02-27 16:12:06]--[login_cgi.c:187]--char_base64=spCuV+DfwYUNFpGj2BaXZ2I7JztaBHRLpKaOHCmd/v3uwJfUUVjTNw==
[2020-02-27 16:43:58]--[login_cgi.c:279]--buf={
    "pwd": "lp86282176",
    "user": "lp13773477582"
}
，len = 57
[2020-02-27 16:43:58]--[login_cgi.c:292]--get_user_info:user:vyUyGIUPr84M7jSX+NqX3Q==,pwd:deOEhTMUQpuayNy9TgSU3g==
[2020-02-27 16:43:58]--[login_cgi.c:102]--mysql_user=root,mysql_pwd=lp86282176,mysql_db=cloud_disk[2020-02-27 16:43:58]--[login_cgi.c:146]--redis:ip:127.0.0.1,port:6379[2020-02-27 16:43:58]--[login_cgi.c:170]--tmpchar:vyUyGIUPr84M7jSX+NqX3Q==83626229895[2020-02-27 16:43:58]--[login_cgi.c:187]--char_base64=spCuV+DfwYUNFpGj2BaXZ2I7JztaBHRLCxFE8csDDrObVC4K2225GQ==
[2020-02-27 16:57:37]--[login_cgi.c:279]--buf={
    "pwd": "lp86282176",
    "user": "lp13773477582"
}
，len = 57
[2020-02-27 16:57:37]--[login_cgi.c:292]--get_user_info:user:vyUyGIUPr84M7jSX+NqX3Q==,pwd:deOEhTMUQpuayNy9TgSU3g==
[2020-02-27 16:57:37]--[login_cgi.c:102]--mysql_user=root,mysql_pwd=lp86282176,mysql_db=cloud_disk[2020-02-27 16:57:37]--[login_cgi.c:146]--redis:ip:127.0.0.1,port:6379[2020-02-27 16:57:37]--[login_cgi.c:170]--tmpchar:vyUyGIUPr84M7jSX+NqX3Q==6043566979[2020-02-27 16:57:37]--[login_cgi.c:187]--char_base64=spCuV+DfwYUNFpGj2BaXZ2I7JztaBHRLLVMAVsl03ax2cGORbaH8BA==
[2020-02-27 17:28:22]--[login_cgi.c:279]--buf={
    "pwd": "lp86282176",
    "user": "lp13773477582"
}
，len = 57
[2020-02-27 17:28:22]--[login_cgi.c:292]--get_user_info:user:vyUyGIUPr84M7jSX+NqX3Q==,pwd:deOEhTMUQpuayNy9TgSU3g==
[2020-02-27 17:28:22]--[login_cgi.c:102]--mysql_user=root,mysql_pwd=lp86282176,mysql_db=cloud_disk[2020-02-27 17:28:22]--[login_cgi.c:146]--redis:ip:127.0.0.1,port:6379[2020-02-27 17:28:22]--[login_cgi.c:170]--tmpchar:vyUyGIUPr84M7jSX+NqX3Q==715383927758[2020-02-27 17:28:22]--[login_cgi.c:187]--char_base64=spCuV+DfwYUNFpGj2BaXZ2I7JztaBHRLAs7/O1t004En5xf4js+ujw==
[2020-02-27 21:20:36]--[login_cgi.c:279]--buf={
    "pwd": "lp86282176",
    "user": "lp13773477582"
}
，len = 57
[2020-02-27 21:20:36]--[login_cgi.c:292]--get_user_info:user:vyUyGIUPr84M7jSX+NqX3Q==,pwd:deOEhTMUQpuayNy9TgSU3g==
[2020-02-27 21:20:36]--[login_cgi.c:102]--mysql_user=root,mysql_pwd=lp86282176,mysql_db=cloud_disk[2020-02-27 21:20:36]--[login_cgi.c:146]--redis:ip:127.0.0.1,port:6379[2020-02-27 21:20:36]--[login_cgi.c:170]--tmpchar:vyUyGIUPr84M7jSX+NqX3Q==720691967571[2020-02-27 21:20:36]--[login_cgi.c:187]--char_base64=spCuV+DfwYUNFpGj2BaXZ2I7JztaBHRLCk7peRKH7smAsvOwGxBXhQ==
[2020-02-27 21:54:09]--[login_cgi.c:279]--buf={
    "pwd": "lp86282176",
    "user": "lp13773477582"
}
，len = 57
[2020-02-27 21:54:09]--[login_cgi.c:292]--get_user_info:user:vyUyGIUPr84M7jSX+NqX3Q==,pwd:deOEhTMUQpuayNy9TgSU3g==
[2020-02-27 21:54:09]--[login_cgi.c:102]--mysql_user=root,mysql_pwd=lp86282176,mysql_db=cloud_disk[2020-02-27 21:54:09]--[login_cgi.c:146]--redis:ip:127.0.0.1,port:6379[2020-02-27 21:54:09]--[login_cgi.c:170]--tmpchar:vyUyGIUPr84M7jSX+NqX3Q==39321752622[2020-02-27 21:54:09]--[login_cgi.c:187]--char_base64=spCuV+DfwYUNFpGj2BaXZ2I7JztaBHRLiAD8+8hwZtkzeUtAHMCDJw==
[2020-02-27 22:12:55]--[login_cgi.c:279]--buf={
    "pwd": "lp86282176",
    "user": "lp13773477582"
}
，len = 57
[2020-02-27 22:12:55]--[login_cgi.c:292]--get_user_info:user:vyUyGIUPr84M7jSX+NqX3Q==,pwd:deOEhTMUQpuayNy9TgSU3g==
[2020-02-27 22:12:55]--[login_cgi.c:102]--mysql_user=root,mysql_pwd=lp86282176,mysql_db=cloud_disk[2020-02-27 22:12:55]--[login_cgi.c:146]--redis:ip:127.0.0.1,port:6379[2020-02-27 22:12:55]--[login_cgi.c:170]--tmpchar:vyUyGIUPr84M7jSX+NqX3Q==346489308754[2020-02-27 22:12:55]--[login_cgi.c:187]--char_base64=spCuV+DfwYUNFpGj2BaXZ2I7JztaBHRL468s/UgeDIEd0CclYpmKRg==
[2020-02-27 22:15:54]--[login_cgi.c:279]--buf={
    "pwd": "lp86282176",
    "user": "lp13773477582"
}
，len = 57
[2020-02-27 22:15:54]--[login_cgi.c:292]--get_user_info:user:vyUyGIUPr84M7jSX+NqX3Q==,pwd:deOEhTMUQpuayNy9TgSU3g==
[2020-02-27 22:15:54]--[login_cgi.c:102]--mysql_user=root,mysql_pwd=lp86282176,mysql_db=cloud_disk[2020-02-27 22:15:54]--[login_cgi.c:146]--redis:ip:127.0.0.1,port:6379[2020-02-27 22:15:54]--[login_cgi.c:170]--tmpchar:vyUyGIUPr84M7jSX+NqX3Q==407104800142[2020-02-27 22:15:54]--[login_cgi.c:187]--char_base64=spCuV+DfwYUNFpGj2BaXZ2I7JztaBHRLACFCcA5f/rxu5mFhCKyZtQ==
[2020-02-27 22:19:08]--[login_cgi.c:279]--buf={
    "pwd": "lp86282176",
    "user": "lp13773477582"
}
，len = 57
[2020-02-27 22:19:08]--[login_cgi.c:292]--get_user_info:user:vyUyGIUPr84M7jSX+NqX3Q==,pwd:deOEhTMUQpuayNy9TgSU3g==
[2020-02-27 22:19:08]--[login_cgi.c:102]--mysql_user=root,mysql_pwd=lp86282176,mysql_db=cloud_disk[2020-02-27 22:19:08]--[login_cgi.c:146]--redis:ip:127.0.0.1,port:6379[2020-02-27 22:19:08]--[login_cgi.c:170]--tmpchar:vyUyGIUPr84M7jSX+NqX3Q==828796443805[2020-02-27 22:19:08]--[login_cgi.c:187]--char_base64=spCuV+DfwYUNFpGj2BaXZ2I7JztaBHRLrzT2go9vtjhQceIwQLaKIg==
[2020-02-27 22:25:29]--[login_cgi.c:279]--buf={
    "pwd": "lp86282176",
    "user": "lp13773477582"
}
，len = 57
[2020-02-27 22:25:29]--[login_cgi.c:292]--get_user_info:user:vyUyGIUPr84M7jSX+NqX3Q==,pwd:deOEhTMUQpuayNy9TgSU3g==
[2020-02-27 22:25:29]--[login_cgi.c:102]--mysql_user=root,mysql_pwd=lp86282176,mysql_db=cloud_disk[2020-02-27 22:25:29]--[login_cgi.c:146]--redis:ip:127.0.0.1,port:6379[2020-02-27 22:25:29]--[login_cgi.c:170]--tmpchar:vyUyGIUPr84M7jSX+NqX3Q==120627977739[2020-02-27 22:25:29]--[login_cgi.c:187]--char_base64=spCuV+DfwYUNFpGj2BaXZ2I7JztaBHRLUylGKqI1JxcOvGeUpfMwMw==
[2020-02-27 22:26:24]--[login_cgi.c:279]--buf={
    "pwd": "lp86282176",
    "user": "lp13773477582"
}
，len = 57
[2020-02-27 22:26:24]--[login_cgi.c:292]--get_user_info:user:vyUyGIUPr84M7jSX+NqX3Q==,pwd:deOEhTMUQpuayNy9TgSU3g==
[2020-02-27 22:26:24]--[login_cgi.c:102]--mysql_user=root,mysql_pwd=lp86282176,mysql_db=cloud_disk[2020-02-27 22:26:24]--[login_cgi.c:146]--redis:ip:127.0.0.1,port:6379[2020-02-27 22:26:24]--[login_cgi.c:170]--tmpchar:vyUyGIUPr84M7jSX+NqX3Q==702431609994[2020-02-27 22:26:24]--[login_cgi.c:187]--char_base64=spCuV+DfwYUNFpGj2BaXZ2I7JztaBHRLQipe3YDmx0qsIxKsLUIrkQ==
[2020-02-27 22:35:51]--[login_cgi.c:279]--buf={
    "pwd": "lp86282176",
    "user": "lp13773477582"
}
，len = 57
[2020-02-27 22:35:51]--[login_cgi.c:292]--get_user_info:user:vyUyGIUPr84M7jSX+NqX3Q==,pwd:deOEhTMUQpuayNy9TgSU3g==
[2020-02-27 22:35:51]--[login_cgi.c:102]--mysql_user=root,mysql_pwd=lp86282176,mysql_db=cloud_disk[2020-02-27 22:35:51]--[login_cgi.c:146]--redis:ip:127.0.0.1,port:6379[2020-02-27 22:35:51]--[login_cgi.c:170]--tmpchar:vyUyGIUPr84M7jSX+NqX3Q==28440927939[2020-02-27 22:35:51]--[login_cgi.c:187]--char_base64=spCuV+DfwYUNFpGj2BaXZ2I7JztaBHRLydTtc8+U1SJhzVEowlyhzg==
[2020-02-27 22:39:56]--[login_cgi.c:279]--buf={
    "pwd": "lp86282176",
    "user": "lp13773477582"
}
，len = 57
[2020-02-27 22:39:56]--[login_cgi.c:292]--get_user_info:user:vyUyGIUPr84M7jSX+NqX3Q==,pwd:deOEhTMUQpuayNy9TgSU3g==
[2020-02-27 22:39:56]--[login_cgi.c:102]--mysql_user=root,mysql_pwd=lp86282176,mysql_db=cloud_disk[2020-02-27 22:39:56]--[login_cgi.c:146]--redis:ip:127.0.0.1,port:6379[2020-02-27 22:39:56]--[login_cgi.c:170]--tmpchar:vyUyGIUPr84M7jSX+NqX3Q==102490429278[2020-02-27 22:39:56]--[login_cgi.c:187]--char_base64=spCuV+DfwYUNFpGj2BaXZ2I7JztaBHRLV2r+aFakg6uQn9aaNW8C5w==
[2020-02-27 22:53:50]--[login_cgi.c:279]--buf={
    "pwd": "lp86282176",
    "user": "lp13773477582"
}
，len = 57
[2020-02-27 22:53:50]--[login_cgi.c:292]--get_user_info:user:vyUyGIUPr84M7jSX+NqX3Q==,pwd:deOEhTMUQpuayNy9TgSU3g==
[2020-02-27 22:53:50]--[login_cgi.c:102]--mysql_user=root,mysql_pwd=lp86282176,mysql_db=cloud_disk[2020-02-27 22:53:50]--[login_cgi.c:146]--redis:ip:127.0.0.1,port:6379[2020-02-27 22:53:50]--[login_cgi.c:170]--tmpchar:vyUyGIUPr84M7jSX+NqX3Q==133215379732[2020-02-27 22:53:50]--[login_cgi.c:187]--char_base64=spCuV+DfwYUNFpGj2BaXZ2I7JztaBHRLACiLLI0s7scBkB14pJkRxQ==
