[2020-03-25 14:16:33]--[src_cgi/dealsharefile_cgi.c:34]--mysql:[user=,pwd=,database=][2020-03-25 14:16:33]--[src_cgi/dealsharefile_cgi.c:39]--redis:[ip=,port=]
[2020-03-25 14:29:48]--[src_cgi/dealsharefile_cgi.c:34]--mysql:[user=,pwd=,database=][2020-03-25 14:29:48]--[src_cgi/dealsharefile_cgi.c:39]--redis:[ip=,port=]
[2020-03-25 16:09:32]--[src_cgi/dealsharefile_cgi.c:34]--mysql:[user=root,pwd=lp86282176,database=cloud_disk][2020-03-25 16:09:32]--[src_cgi/dealsharefile_cgi.c:39]--redis:[ip=127.0.0.1,port=6379]
[2020-03-25 16:09:32]--[src_cgi/dealsharefile_cgi.c:502]--cmd = pv
[2020-03-25 16:09:32]--[src_cgi/dealsharefile_cgi.c:534]--buf = {
    "filename": "123.png",
    "md5": "65e69a4b4bdfc9bf1fa6a694b8867b92",
    "user": "lp13773477582"
}

[2020-03-25 16:09:32]--[src_cgi/dealsharefile_cgi.c:537]--user = vyUyGIUPr84M7jSX+NqX3Q==, md5 = 65e69a4b4bdfc9bf1fa6a694b8867b92, filename = 123.png
[2020-03-25 16:09:32]--[src_cgi/dealsharefile_cgi.c:448]--rop_zset_increment error
[2020-03-25 16:12:21]--[src_cgi/dealsharefile_cgi.c:34]--mysql:[user=root,pwd=lp86282176,database=cloud_disk][2020-03-25 16:12:21]--[src_cgi/dealsharefile_cgi.c:39]--redis:[ip=127.0.0.1,port=6379]
[2020-03-25 16:12:21]--[src_cgi/dealsharefile_cgi.c:502]--cmd = save
[2020-03-25 16:12:21]--[src_cgi/dealsharefile_cgi.c:534]--buf = {
    "filename": "123.png",
    "md5": "65e69a4b4bdfc9bf1fa6a694b8867b92",
    "user": "lp13773477582"
}

[2020-03-25 16:12:21]--[src_cgi/dealsharefile_cgi.c:537]--user = vyUyGIUPr84M7jSX+NqX3Q==, md5 = 65e69a4b4bdfc9bf1fa6a694b8867b92, filename = 123.png
[2020-03-25 16:12:21]--[src_cgi/dealsharefile_cgi.c:288]--vyUyGIUPr84M7jSX+NqX3Q==[filename:123.png, md5:65e69a4b4bdfc9bf1fa6a694b8867b92]已存在
[2020-03-25 16:12:27]--[src_cgi/dealsharefile_cgi.c:34]--mysql:[user=root,pwd=lp86282176,database=cloud_disk][2020-03-25 16:12:27]--[src_cgi/dealsharefile_cgi.c:39]--redis:[ip=127.0.0.1,port=6379]
[2020-03-25 16:12:27]--[src_cgi/dealsharefile_cgi.c:502]--cmd = cancel
[2020-03-25 16:12:27]--[src_cgi/dealsharefile_cgi.c:534]--buf = {
    "filename": "123.png",
    "md5": "65e69a4b4bdfc9bf1fa6a694b8867b92",
    "user": "lp13773477582"
}

[2020-03-25 16:12:27]--[src_cgi/dealsharefile_cgi.c:537]--user = vyUyGIUPr84M7jSX+NqX3Q==, md5 = 65e69a4b4bdfc9bf1fa6a694b8867b92, filename = 123.png
[2020-03-25 16:12:51]--[src_cgi/dealsharefile_cgi.c:34]--mysql:[user=root,pwd=lp86282176,database=cloud_disk][2020-03-25 16:12:51]--[src_cgi/dealsharefile_cgi.c:39]--redis:[ip=127.0.0.1,port=6379]
[2020-03-25 16:12:51]--[src_cgi/dealsharefile_cgi.c:502]--cmd = pv
[2020-03-25 16:12:51]--[src_cgi/dealsharefile_cgi.c:534]--buf = {
    "filename": "123.png",
    "md5": "65e69a4b4bdfc9bf1fa6a694b8867b92",
    "user": "lp13773477582"
}

[2020-03-25 16:12:51]--[src_cgi/dealsharefile_cgi.c:537]--user = vyUyGIUPr84M7jSX+NqX3Q==, md5 = 65e69a4b4bdfc9bf1fa6a694b8867b92, filename = 123.png
[2020-03-25 16:12:51]--[src_cgi/dealsharefile_cgi.c:448]--rop_zset_increment error
[2020-03-25 16:13:59]--[src_cgi/dealsharefile_cgi.c:34]--mysql:[user=root,pwd=lp86282176,database=cloud_disk][2020-03-25 16:13:59]--[src_cgi/dealsharefile_cgi.c:39]--redis:[ip=127.0.0.1,port=6379]
[2020-03-25 16:13:59]--[src_cgi/dealsharefile_cgi.c:502]--cmd = pv
[2020-03-25 16:13:59]--[src_cgi/dealsharefile_cgi.c:534]--buf = {
    "filename": "123.png",
    "md5": "65e69a4b4bdfc9bf1fa6a694b8867b92",
    "user": "lp13773477582"
}

[2020-03-25 16:13:59]--[src_cgi/dealsharefile_cgi.c:537]--user = vyUyGIUPr84M7jSX+NqX3Q==, md5 = 65e69a4b4bdfc9bf1fa6a694b8867b92, filename = 123.png
