[2020-03-25 14:30:03]--[src_cgi/login_cgi.c:279]--buf={
    "pwd": "lp86282176",
    "user": "lp13773477582"
}
，len = 57
[2020-03-25 14:30:03]--[src_cgi/login_cgi.c:292]--get_user_info:user:vyUyGIUPr84M7jSX+NqX3Q==,pwd:deOEhTMUQpuayNy9TgSU3g==
[2020-03-25 14:30:03]--[src_cgi/login_cgi.c:102]--mysql_user=root,mysql_pwd=lp86282176,mysql_db=cloud_disk
[2020-03-25 14:30:03]--[src_cgi/login_cgi.c:146]--redis:ip:127.0.0.1,port:6379[2020-03-25 14:30:03]--[src_cgi/login_cgi.c:170]--tmpchar:vyUyGIUPr84M7jSX+NqX3Q==7666624149[2020-03-25 14:30:03]--[src_cgi/login_cgi.c:187]--char_base64=spCuV+DfwYUNFpGj2BaXZ2I7JztaBHRL8Onhj4U88wmrwLoo0TV8og==
[2020-03-25 14:36:34]--[src_cgi/login_cgi.c:279]--buf={
    "pwd": "lp86282176",
    "user": "lp13773477582"
}
，len = 57
[2020-03-25 14:36:34]--[src_cgi/login_cgi.c:292]--get_user_info:user:vyUyGIUPr84M7jSX+NqX3Q==,pwd:deOEhTMUQpuayNy9TgSU3g==
[2020-03-25 14:36:34]--[src_cgi/login_cgi.c:102]--mysql_user=root,mysql_pwd=lp86282176,mysql_db=cloud_disk
[2020-03-25 14:36:34]--[src_cgi/login_cgi.c:146]--redis:ip:127.0.0.1,port:6379[2020-03-25 14:36:34]--[src_cgi/login_cgi.c:170]--tmpchar:vyUyGIUPr84M7jSX+NqX3Q==601951838950[2020-03-25 14:36:34]--[src_cgi/login_cgi.c:187]--char_base64=spCuV+DfwYUNFpGj2BaXZ2I7JztaBHRLc1gw1fem3yLKqFF3REV57A==
[2020-03-25 15:03:57]--[src_cgi/login_cgi.c:279]--buf={
    "pwd": "lp86282176",
    "user": "lp13773477582"
}
，len = 57
[2020-03-25 15:03:57]--[src_cgi/login_cgi.c:292]--get_user_info:user:vyUyGIUPr84M7jSX+NqX3Q==,pwd:deOEhTMUQpuayNy9TgSU3g==
[2020-03-25 15:03:57]--[src_cgi/login_cgi.c:102]--mysql_user=root,mysql_pwd=lp86282176,mysql_db=cloud_disk
[2020-03-25 15:03:57]--[src_cgi/login_cgi.c:146]--redis:ip:127.0.0.1,port:6379[2020-03-25 15:03:57]--[src_cgi/login_cgi.c:170]--tmpchar:vyUyGIUPr84M7jSX+NqX3Q==97844816158[2020-03-25 15:03:57]--[src_cgi/login_cgi.c:187]--char_base64=spCuV+DfwYUNFpGj2BaXZ2I7JztaBHRLmgNr1tjB02oNOY/qILenrw==
[2020-03-25 15:06:43]--[src_cgi/login_cgi.c:279]--buf={
    "pwd": "lp86282176",
    "user": "lp13773477582"
}
，len = 57
[2020-03-25 15:06:43]--[src_cgi/login_cgi.c:292]--get_user_info:user:vyUyGIUPr84M7jSX+NqX3Q==,pwd:deOEhTMUQpuayNy9TgSU3g==
[2020-03-25 15:06:43]--[src_cgi/login_cgi.c:102]--mysql_user=root,mysql_pwd=lp86282176,mysql_db=cloud_disk
[2020-03-25 15:06:43]--[src_cgi/login_cgi.c:146]--redis:ip:127.0.0.1,port:6379[2020-03-25 15:06:43]--[src_cgi/login_cgi.c:170]--tmpchar:vyUyGIUPr84M7jSX+NqX3Q==154130813694[2020-03-25 15:06:43]--[src_cgi/login_cgi.c:187]--char_base64=spCuV+DfwYUNFpGj2BaXZ2I7JztaBHRLfKMkW0NHx4NZZenu5oooIg==
[2020-03-25 15:09:41]--[src_cgi/login_cgi.c:279]--buf={
    "pwd": "lp86282176",
    "user": "lp13773477582"
}
，len = 57
[2020-03-25 15:09:41]--[src_cgi/login_cgi.c:292]--get_user_info:user:vyUyGIUPr84M7jSX+NqX3Q==,pwd:deOEhTMUQpuayNy9TgSU3g==
[2020-03-25 15:09:41]--[src_cgi/login_cgi.c:102]--mysql_user=root,mysql_pwd=lp86282176,mysql_db=cloud_disk
[2020-03-25 15:09:41]--[src_cgi/login_cgi.c:146]--redis:ip:127.0.0.1,port:6379[2020-03-25 15:09:41]--[src_cgi/login_cgi.c:170]--tmpchar:vyUyGIUPr84M7jSX+NqX3Q==3128634969[2020-03-25 15:09:41]--[src_cgi/login_cgi.c:187]--char_base64=spCuV+DfwYUNFpGj2BaXZ2I7JztaBHRLA6w+asqwsPMZ05b5CJunzw==
[2020-03-25 15:10:39]--[src_cgi/login_cgi.c:279]--buf={
    "pwd": "lp86282176",
    "user": "lp13773477582"
}
，len = 57
[2020-03-25 15:10:39]--[src_cgi/login_cgi.c:292]--get_user_info:user:vyUyGIUPr84M7jSX+NqX3Q==,pwd:deOEhTMUQpuayNy9TgSU3g==
[2020-03-25 15:10:39]--[src_cgi/login_cgi.c:102]--mysql_user=root,mysql_pwd=lp86282176,mysql_db=cloud_disk
[2020-03-25 15:10:39]--[src_cgi/login_cgi.c:146]--redis:ip:127.0.0.1,port:6379[2020-03-25 15:10:39]--[src_cgi/login_cgi.c:170]--tmpchar:vyUyGIUPr84M7jSX+NqX3Q==89286644489[2020-03-25 15:10:39]--[src_cgi/login_cgi.c:187]--char_base64=spCuV+DfwYUNFpGj2BaXZ2I7JztaBHRL/4cD7R/SRxfhzyOfjZmdUA==
[2020-03-25 15:29:33]--[src_cgi/login_cgi.c:279]--buf={
    "pwd": "lp86282176",
    "user": "lp13773477582"
}
，len = 57
[2020-03-25 15:29:33]--[src_cgi/login_cgi.c:292]--get_user_info:user:vyUyGIUPr84M7jSX+NqX3Q==,pwd:deOEhTMUQpuayNy9TgSU3g==
[2020-03-25 15:29:33]--[src_cgi/login_cgi.c:102]--mysql_user=root,mysql_pwd=lp86282176,mysql_db=cloud_disk
[2020-03-25 15:29:33]--[src_cgi/login_cgi.c:146]--redis:ip:127.0.0.1,port:6379[2020-03-25 15:29:33]--[src_cgi/login_cgi.c:170]--tmpchar:vyUyGIUPr84M7jSX+NqX3Q==514449500626[2020-03-25 15:29:33]--[src_cgi/login_cgi.c:187]--char_base64=spCuV+DfwYUNFpGj2BaXZ2I7JztaBHRLKQuPBm38XRj+sOGS4h7aUQ==
[2020-03-25 15:31:23]--[src_cgi/login_cgi.c:279]--buf={
    "pwd": "lp86282176",
    "user": "lp13773477582"
}
，len = 57
[2020-03-25 15:31:23]--[src_cgi/login_cgi.c:292]--get_user_info:user:vyUyGIUPr84M7jSX+NqX3Q==,pwd:deOEhTMUQpuayNy9TgSU3g==
[2020-03-25 15:31:23]--[src_cgi/login_cgi.c:102]--mysql_user=root,mysql_pwd=lp86282176,mysql_db=cloud_disk
[2020-03-25 15:31:23]--[src_cgi/login_cgi.c:146]--redis:ip:127.0.0.1,port:6379[2020-03-25 15:31:23]--[src_cgi/login_cgi.c:170]--tmpchar:vyUyGIUPr84M7jSX+NqX3Q==767849957513[2020-03-25 15:31:23]--[src_cgi/login_cgi.c:187]--char_base64=spCuV+DfwYUNFpGj2BaXZ2I7JztaBHRLsYT/fv/8Nkh1xB9e/F3gAw==
[2020-03-25 15:34:29]--[src_cgi/login_cgi.c:279]--buf={
    "pwd": "lp86282176",
    "user": "lp13773477582"
}
，len = 57
[2020-03-25 15:34:29]--[src_cgi/login_cgi.c:292]--get_user_info:user:vyUyGIUPr84M7jSX+NqX3Q==,pwd:deOEhTMUQpuayNy9TgSU3g==
[2020-03-25 15:34:29]--[src_cgi/login_cgi.c:102]--mysql_user=root,mysql_pwd=lp86282176,mysql_db=cloud_disk
[2020-03-25 15:34:29]--[src_cgi/login_cgi.c:146]--redis:ip:127.0.0.1,port:6379[2020-03-25 15:34:29]--[src_cgi/login_cgi.c:170]--tmpchar:vyUyGIUPr84M7jSX+NqX3Q==745371939520[2020-03-25 15:34:29]--[src_cgi/login_cgi.c:187]--char_base64=spCuV+DfwYUNFpGj2BaXZ2I7JztaBHRL3PxUCEVMwOfqMcdaLWREVQ==
[2020-03-25 15:35:12]--[src_cgi/login_cgi.c:279]--buf={
    "pwd": "lp86282176",
    "user": "lp13773477582"
}
，len = 57
[2020-03-25 15:35:12]--[src_cgi/login_cgi.c:292]--get_user_info:user:vyUyGIUPr84M7jSX+NqX3Q==,pwd:deOEhTMUQpuayNy9TgSU3g==
[2020-03-25 15:35:12]--[src_cgi/login_cgi.c:102]--mysql_user=root,mysql_pwd=lp86282176,mysql_db=cloud_disk
[2020-03-25 15:35:12]--[src_cgi/login_cgi.c:146]--redis:ip:127.0.0.1,port:6379[2020-03-25 15:35:12]--[src_cgi/login_cgi.c:170]--tmpchar:vyUyGIUPr84M7jSX+NqX3Q==207478476990[2020-03-25 15:35:12]--[src_cgi/login_cgi.c:187]--char_base64=spCuV+DfwYUNFpGj2BaXZ2I7JztaBHRLyd6qTb817T2zOIqujO6z0Q==
[2020-03-25 15:36:09]--[src_cgi/login_cgi.c:279]--buf={
    "pwd": "lp86282176",
    "user": "lp13773477582"
}
，len = 57
[2020-03-25 15:36:09]--[src_cgi/login_cgi.c:292]--get_user_info:user:vyUyGIUPr84M7jSX+NqX3Q==,pwd:deOEhTMUQpuayNy9TgSU3g==
[2020-03-25 15:36:09]--[src_cgi/login_cgi.c:102]--mysql_user=root,mysql_pwd=lp86282176,mysql_db=cloud_disk
[2020-03-25 15:36:09]--[src_cgi/login_cgi.c:146]--redis:ip:127.0.0.1,port:6379[2020-03-25 15:36:09]--[src_cgi/login_cgi.c:170]--tmpchar:vyUyGIUPr84M7jSX+NqX3Q==592408686207[2020-03-25 15:36:09]--[src_cgi/login_cgi.c:187]--char_base64=spCuV+DfwYUNFpGj2BaXZ2I7JztaBHRLz2ZQcbGW6iq519IK0iBAkA==
[2020-03-25 15:38:37]--[src_cgi/login_cgi.c:279]--buf={
    "pwd": "lp86282176",
    "user": "lp13773477582"
}
，len = 57
[2020-03-25 15:38:37]--[src_cgi/login_cgi.c:292]--get_user_info:user:vyUyGIUPr84M7jSX+NqX3Q==,pwd:deOEhTMUQpuayNy9TgSU3g==
[2020-03-25 15:38:37]--[src_cgi/login_cgi.c:102]--mysql_user=root,mysql_pwd=lp86282176,mysql_db=cloud_disk
[2020-03-25 15:38:37]--[src_cgi/login_cgi.c:146]--redis:ip:127.0.0.1,port:6379[2020-03-25 15:38:37]--[src_cgi/login_cgi.c:170]--tmpchar:vyUyGIUPr84M7jSX+NqX3Q==66992134244[2020-03-25 15:38:37]--[src_cgi/login_cgi.c:187]--char_base64=spCuV+DfwYUNFpGj2BaXZ2I7JztaBHRLEU2VKF6bUADeG7l+krviKw==
[2020-03-25 15:43:23]--[src_cgi/login_cgi.c:279]--buf={
    "pwd": "lp86282176",
    "user": "lp13773477582"
}
，len = 57
[2020-03-25 15:43:23]--[src_cgi/login_cgi.c:292]--get_user_info:user:vyUyGIUPr84M7jSX+NqX3Q==,pwd:deOEhTMUQpuayNy9TgSU3g==
[2020-03-25 15:43:23]--[src_cgi/login_cgi.c:102]--mysql_user=root,mysql_pwd=lp86282176,mysql_db=cloud_disk
[2020-03-25 15:43:23]--[src_cgi/login_cgi.c:146]--redis:ip:127.0.0.1,port:6379[2020-03-25 15:43:23]--[src_cgi/login_cgi.c:170]--tmpchar:vyUyGIUPr84M7jSX+NqX3Q==511342498478[2020-03-25 15:43:23]--[src_cgi/login_cgi.c:187]--char_base64=spCuV+DfwYUNFpGj2BaXZ2I7JztaBHRLjrc7IIIFExcfvZYyfGEguw==
[2020-03-25 15:43:58]--[src_cgi/login_cgi.c:279]--buf={
    "pwd": "lp86282176",
    "user": "lp13773477582"
}
，len = 57
[2020-03-25 15:43:58]--[src_cgi/login_cgi.c:292]--get_user_info:user:vyUyGIUPr84M7jSX+NqX3Q==,pwd:deOEhTMUQpuayNy9TgSU3g==
[2020-03-25 15:43:58]--[src_cgi/login_cgi.c:102]--mysql_user=root,mysql_pwd=lp86282176,mysql_db=cloud_disk
[2020-03-25 15:43:58]--[src_cgi/login_cgi.c:146]--redis:ip:127.0.0.1,port:6379[2020-03-25 15:43:58]--[src_cgi/login_cgi.c:170]--tmpchar:vyUyGIUPr84M7jSX+NqX3Q==951692810669[2020-03-25 15:43:58]--[src_cgi/login_cgi.c:187]--char_base64=spCuV+DfwYUNFpGj2BaXZ2I7JztaBHRLOvrIbFfgdtQsYTH3TwyQyQ==
[2020-03-25 15:46:34]--[src_cgi/login_cgi.c:279]--buf={
    "pwd": "lp86282176",
    "user": "lp13773477582"
}
，len = 57
[2020-03-25 15:46:34]--[src_cgi/login_cgi.c:292]--get_user_info:user:vyUyGIUPr84M7jSX+NqX3Q==,pwd:deOEhTMUQpuayNy9TgSU3g==
[2020-03-25 15:46:34]--[src_cgi/login_cgi.c:102]--mysql_user=root,mysql_pwd=lp86282176,mysql_db=cloud_disk
[2020-03-25 15:46:34]--[src_cgi/login_cgi.c:146]--redis:ip:127.0.0.1,port:6379[2020-03-25 15:46:34]--[src_cgi/login_cgi.c:170]--tmpchar:vyUyGIUPr84M7jSX+NqX3Q==60819896752[2020-03-25 15:46:34]--[src_cgi/login_cgi.c:187]--char_base64=spCuV+DfwYUNFpGj2BaXZ2I7JztaBHRLLPk2Pcitpw9B+gIGyh5iMg==
[2020-03-25 15:55:45]--[src_cgi/login_cgi.c:279]--buf={
    "pwd": "lp86282176",
    "user": "lp13773477582"
}
，len = 57
[2020-03-25 15:55:45]--[src_cgi/login_cgi.c:292]--get_user_info:user:vyUyGIUPr84M7jSX+NqX3Q==,pwd:deOEhTMUQpuayNy9TgSU3g==
[2020-03-25 15:55:45]--[src_cgi/login_cgi.c:102]--mysql_user=root,mysql_pwd=lp86282176,mysql_db=cloud_disk
[2020-03-25 15:55:45]--[src_cgi/login_cgi.c:146]--redis:ip:127.0.0.1,port:6379[2020-03-25 15:55:45]--[src_cgi/login_cgi.c:170]--tmpchar:vyUyGIUPr84M7jSX+NqX3Q==536154203777[2020-03-25 15:55:45]--[src_cgi/login_cgi.c:187]--char_base64=spCuV+DfwYUNFpGj2BaXZ2I7JztaBHRLZfAVKQsgUxOBfq2drkErEg==
[2020-03-25 15:56:16]--[src_cgi/login_cgi.c:279]--buf={
    "pwd": "lp86282176",
    "user": "lp13773477582"
}
，len = 57
[2020-03-25 15:56:16]--[src_cgi/login_cgi.c:292]--get_user_info:user:vyUyGIUPr84M7jSX+NqX3Q==,pwd:deOEhTMUQpuayNy9TgSU3g==
[2020-03-25 15:56:16]--[src_cgi/login_cgi.c:102]--mysql_user=root,mysql_pwd=lp86282176,mysql_db=cloud_disk
[2020-03-25 15:56:16]--[src_cgi/login_cgi.c:146]--redis:ip:127.0.0.1,port:6379[2020-03-25 15:56:16]--[src_cgi/login_cgi.c:170]--tmpchar:vyUyGIUPr84M7jSX+NqX3Q==818950135596[2020-03-25 15:56:16]--[src_cgi/login_cgi.c:187]--char_base64=spCuV+DfwYUNFpGj2BaXZ2I7JztaBHRLnSBt2fq8BlxGvnKZgNnSNQ==
[2020-03-25 15:57:44]--[src_cgi/login_cgi.c:279]--buf={
    "pwd": "lp86282176",
    "user": "lp13773477582"
}
，len = 57
[2020-03-25 15:57:44]--[src_cgi/login_cgi.c:292]--get_user_info:user:vyUyGIUPr84M7jSX+NqX3Q==,pwd:deOEhTMUQpuayNy9TgSU3g==
[2020-03-25 15:57:44]--[src_cgi/login_cgi.c:102]--mysql_user=root,mysql_pwd=lp86282176,mysql_db=cloud_disk
[2020-03-25 15:57:44]--[src_cgi/login_cgi.c:146]--redis:ip:127.0.0.1,port:6379[2020-03-25 15:57:44]--[src_cgi/login_cgi.c:170]--tmpchar:vyUyGIUPr84M7jSX+NqX3Q==163306944404[2020-03-25 15:57:44]--[src_cgi/login_cgi.c:187]--char_base64=spCuV+DfwYUNFpGj2BaXZ2I7JztaBHRLuzctLj6URuGT+jgsr36Y8w==
[2020-03-25 15:59:04]--[src_cgi/login_cgi.c:279]--buf={
    "pwd": "lp86282176",
    "user": "lp13773477582"
}
，len = 57
[2020-03-25 15:59:04]--[src_cgi/login_cgi.c:292]--get_user_info:user:vyUyGIUPr84M7jSX+NqX3Q==,pwd:deOEhTMUQpuayNy9TgSU3g==
[2020-03-25 15:59:04]--[src_cgi/login_cgi.c:102]--mysql_user=root,mysql_pwd=lp86282176,mysql_db=cloud_disk
[2020-03-25 15:59:04]--[src_cgi/login_cgi.c:146]--redis:ip:127.0.0.1,port:6379[2020-03-25 15:59:04]--[src_cgi/login_cgi.c:170]--tmpchar:vyUyGIUPr84M7jSX+NqX3Q==2531763942[2020-03-25 15:59:04]--[src_cgi/login_cgi.c:187]--char_base64=spCuV+DfwYUNFpGj2BaXZ2I7JztaBHRLV6zLOM0WgdozxRrlO/pyTA==
[2020-03-25 15:59:36]--[src_cgi/login_cgi.c:279]--buf={
    "pwd": "lp86282176",
    "user": "lp13773477582"
}
，len = 57
[2020-03-25 15:59:36]--[src_cgi/login_cgi.c:292]--get_user_info:user:vyUyGIUPr84M7jSX+NqX3Q==,pwd:deOEhTMUQpuayNy9TgSU3g==
[2020-03-25 15:59:36]--[src_cgi/login_cgi.c:102]--mysql_user=root,mysql_pwd=lp86282176,mysql_db=cloud_disk
[2020-03-25 15:59:36]--[src_cgi/login_cgi.c:146]--redis:ip:127.0.0.1,port:6379[2020-03-25 15:59:36]--[src_cgi/login_cgi.c:170]--tmpchar:vyUyGIUPr84M7jSX+NqX3Q==243253259469[2020-03-25 15:59:36]--[src_cgi/login_cgi.c:187]--char_base64=spCuV+DfwYUNFpGj2BaXZ2I7JztaBHRLsLYGZjVXxYAjUDweZUZ0Mg==
[2020-03-25 16:03:23]--[src_cgi/login_cgi.c:279]--buf={
    "pwd": "lp86282176",
    "user": "lp13773477582"
}
，len = 57
[2020-03-25 16:03:23]--[src_cgi/login_cgi.c:292]--get_user_info:user:vyUyGIUPr84M7jSX+NqX3Q==,pwd:deOEhTMUQpuayNy9TgSU3g==
[2020-03-25 16:03:23]--[src_cgi/login_cgi.c:102]--mysql_user=root,mysql_pwd=lp86282176,mysql_db=cloud_disk
[2020-03-25 16:03:23]--[src_cgi/login_cgi.c:146]--redis:ip:127.0.0.1,port:6379[2020-03-25 16:03:23]--[src_cgi/login_cgi.c:170]--tmpchar:vyUyGIUPr84M7jSX+NqX3Q==26724148507[2020-03-25 16:03:23]--[src_cgi/login_cgi.c:187]--char_base64=spCuV+DfwYUNFpGj2BaXZ2I7JztaBHRL0abTO/sNAxuq1dP1mkz2ew==
[2020-03-25 16:05:01]--[src_cgi/login_cgi.c:279]--buf={
    "pwd": "lp86282176",
    "user": "lp13773477582"
}
，len = 57
[2020-03-25 16:05:01]--[src_cgi/login_cgi.c:292]--get_user_info:user:vyUyGIUPr84M7jSX+NqX3Q==,pwd:deOEhTMUQpuayNy9TgSU3g==
[2020-03-25 16:05:01]--[src_cgi/login_cgi.c:102]--mysql_user=root,mysql_pwd=lp86282176,mysql_db=cloud_disk
[2020-03-25 16:05:01]--[src_cgi/login_cgi.c:146]--redis:ip:127.0.0.1,port:6379[2020-03-25 16:05:01]--[src_cgi/login_cgi.c:170]--tmpchar:vyUyGIUPr84M7jSX+NqX3Q==64964531101[2020-03-25 16:05:01]--[src_cgi/login_cgi.c:187]--char_base64=spCuV+DfwYUNFpGj2BaXZ2I7JztaBHRL0AAkJtczqZHhO6rQPvrQxw==
[2020-03-25 16:05:53]--[src_cgi/login_cgi.c:279]--buf={
    "pwd": "lp86282176",
    "user": "lp13773477582"
}
，len = 57
[2020-03-25 16:05:53]--[src_cgi/login_cgi.c:292]--get_user_info:user:vyUyGIUPr84M7jSX+NqX3Q==,pwd:deOEhTMUQpuayNy9TgSU3g==
[2020-03-25 16:05:53]--[src_cgi/login_cgi.c:102]--mysql_user=root,mysql_pwd=lp86282176,mysql_db=cloud_disk
[2020-03-25 16:05:53]--[src_cgi/login_cgi.c:146]--redis:ip:127.0.0.1,port:6379[2020-03-25 16:05:53]--[src_cgi/login_cgi.c:170]--tmpchar:vyUyGIUPr84M7jSX+NqX3Q==515841221332[2020-03-25 16:05:53]--[src_cgi/login_cgi.c:187]--char_base64=spCuV+DfwYUNFpGj2BaXZ2I7JztaBHRLUPBSeZNPSNtzo/7lwKZTTA==
[2020-03-25 16:09:24]--[src_cgi/login_cgi.c:279]--buf={
    "pwd": "lp86282176",
    "user": "lp13773477582"
}
，len = 57
[2020-03-25 16:09:24]--[src_cgi/login_cgi.c:292]--get_user_info:user:vyUyGIUPr84M7jSX+NqX3Q==,pwd:deOEhTMUQpuayNy9TgSU3g==
[2020-03-25 16:09:24]--[src_cgi/login_cgi.c:102]--mysql_user=root,mysql_pwd=lp86282176,mysql_db=cloud_disk
[2020-03-25 16:09:24]--[src_cgi/login_cgi.c:146]--redis:ip:127.0.0.1,port:6379[2020-03-25 16:09:24]--[src_cgi/login_cgi.c:170]--tmpchar:vyUyGIUPr84M7jSX+NqX3Q==820436188922[2020-03-25 16:09:24]--[src_cgi/login_cgi.c:187]--char_base64=spCuV+DfwYUNFpGj2BaXZ2I7JztaBHRLwt7M0qzofosyPWcy2nhr2Q==
[2020-03-25 16:12:15]--[src_cgi/login_cgi.c:279]--buf={
    "pwd": "lp86282176",
    "user": "lp13773477582"
}
，len = 57
[2020-03-25 16:12:15]--[src_cgi/login_cgi.c:292]--get_user_info:user:vyUyGIUPr84M7jSX+NqX3Q==,pwd:deOEhTMUQpuayNy9TgSU3g==
[2020-03-25 16:12:15]--[src_cgi/login_cgi.c:102]--mysql_user=root,mysql_pwd=lp86282176,mysql_db=cloud_disk
[2020-03-25 16:12:15]--[src_cgi/login_cgi.c:146]--redis:ip:127.0.0.1,port:6379[2020-03-25 16:12:15]--[src_cgi/login_cgi.c:170]--tmpchar:vyUyGIUPr84M7jSX+NqX3Q==22184821717[2020-03-25 16:12:15]--[src_cgi/login_cgi.c:187]--char_base64=spCuV+DfwYUNFpGj2BaXZ2I7JztaBHRL7e0dpWDVD2Ei9bSYguiZLQ==
[2020-03-25 16:13:23]--[src_cgi/login_cgi.c:279]--buf={
    "pwd": "lp86282176",
    "user": "lp13773477582"
}
，len = 57
[2020-03-25 16:13:23]--[src_cgi/login_cgi.c:292]--get_user_info:user:vyUyGIUPr84M7jSX+NqX3Q==,pwd:deOEhTMUQpuayNy9TgSU3g==
[2020-03-25 16:13:23]--[src_cgi/login_cgi.c:102]--mysql_user=root,mysql_pwd=lp86282176,mysql_db=cloud_disk
[2020-03-25 16:13:23]--[src_cgi/login_cgi.c:146]--redis:ip:127.0.0.1,port:6379[2020-03-25 16:13:23]--[src_cgi/login_cgi.c:170]--tmpchar:vyUyGIUPr84M7jSX+NqX3Q==337369114207[2020-03-25 16:13:23]--[src_cgi/login_cgi.c:187]--char_base64=spCuV+DfwYUNFpGj2BaXZ2I7JztaBHRLda32yz4U9Fub2LR+kclOoA==
[2020-03-25 16:16:11]--[src_cgi/login_cgi.c:279]--buf={
    "pwd": "lp86282176",
    "user": "lp13773477582"
}
，len = 57
[2020-03-25 16:16:11]--[src_cgi/login_cgi.c:292]--get_user_info:user:vyUyGIUPr84M7jSX+NqX3Q==,pwd:deOEhTMUQpuayNy9TgSU3g==
[2020-03-25 16:16:11]--[src_cgi/login_cgi.c:102]--mysql_user=root,mysql_pwd=lp86282176,mysql_db=cloud_disk
[2020-03-25 16:16:11]--[src_cgi/login_cgi.c:146]--redis:ip:127.0.0.1,port:6379[2020-03-25 16:16:11]--[src_cgi/login_cgi.c:170]--tmpchar:vyUyGIUPr84M7jSX+NqX3Q==870266432932[2020-03-25 16:16:11]--[src_cgi/login_cgi.c:187]--char_base64=spCuV+DfwYUNFpGj2BaXZ2I7JztaBHRLM3JgLTvJF2vLrxdUGergNw==
[2020-03-25 16:17:52]--[src_cgi/login_cgi.c:279]--buf={
    "pwd": "lp86282176",
    "user": "lp13773477582"
}
，len = 57
[2020-03-25 16:17:52]--[src_cgi/login_cgi.c:292]--get_user_info:user:vyUyGIUPr84M7jSX+NqX3Q==,pwd:deOEhTMUQpuayNy9TgSU3g==
[2020-03-25 16:17:52]--[src_cgi/login_cgi.c:102]--mysql_user=root,mysql_pwd=lp86282176,mysql_db=cloud_disk
[2020-03-25 16:17:52]--[src_cgi/login_cgi.c:146]--redis:ip:127.0.0.1,port:6379[2020-03-25 16:17:52]--[src_cgi/login_cgi.c:170]--tmpchar:vyUyGIUPr84M7jSX+NqX3Q==761658889682[2020-03-25 16:17:52]--[src_cgi/login_cgi.c:187]--char_base64=spCuV+DfwYUNFpGj2BaXZ2I7JztaBHRLE+CfqEB/ITGCAeIMWj5YTA==
[2020-03-25 16:18:34]--[src_cgi/login_cgi.c:279]--buf={
    "pwd": "lp86282176",
    "user": "lp13773477582"
}
，len = 57
[2020-03-25 16:18:34]--[src_cgi/login_cgi.c:292]--get_user_info:user:vyUyGIUPr84M7jSX+NqX3Q==,pwd:deOEhTMUQpuayNy9TgSU3g==
[2020-03-25 16:18:34]--[src_cgi/login_cgi.c:102]--mysql_user=root,mysql_pwd=lp86282176,mysql_db=cloud_disk
[2020-03-25 16:18:34]--[src_cgi/login_cgi.c:146]--redis:ip:127.0.0.1,port:6379[2020-03-25 16:18:34]--[src_cgi/login_cgi.c:170]--tmpchar:vyUyGIUPr84M7jSX+NqX3Q==495708375560[2020-03-25 16:18:34]--[src_cgi/login_cgi.c:187]--char_base64=spCuV+DfwYUNFpGj2BaXZ2I7JztaBHRLqNm5/KfmMVLlFu4b9TztYQ==
[2020-03-25 16:20:32]--[src_cgi/login_cgi.c:279]--buf={
    "pwd": "lp86282176",
    "user": "lp13773477582"
}
，len = 57
[2020-03-25 16:20:32]--[src_cgi/login_cgi.c:292]--get_user_info:user:vyUyGIUPr84M7jSX+NqX3Q==,pwd:deOEhTMUQpuayNy9TgSU3g==
[2020-03-25 16:20:32]--[src_cgi/login_cgi.c:102]--mysql_user=root,mysql_pwd=lp86282176,mysql_db=cloud_disk
[2020-03-25 16:20:32]--[src_cgi/login_cgi.c:146]--redis:ip:127.0.0.1,port:6379[2020-03-25 16:20:32]--[src_cgi/login_cgi.c:170]--tmpchar:vyUyGIUPr84M7jSX+NqX3Q==942580636203[2020-03-25 16:20:32]--[src_cgi/login_cgi.c:187]--char_base64=spCuV+DfwYUNFpGj2BaXZ2I7JztaBHRLGs0Vc6QsdxLMzyAbUvWuhg==
[2020-03-25 16:24:01]--[src_cgi/login_cgi.c:279]--buf={
    "pwd": "lp86282176",
    "user": "lp13773477582"
}
，len = 57
[2020-03-25 16:24:01]--[src_cgi/login_cgi.c:292]--get_user_info:user:vyUyGIUPr84M7jSX+NqX3Q==,pwd:deOEhTMUQpuayNy9TgSU3g==
[2020-03-25 16:24:01]--[src_cgi/login_cgi.c:102]--mysql_user=root,mysql_pwd=lp86282176,mysql_db=cloud_disk
[2020-03-25 16:24:01]--[src_cgi/login_cgi.c:146]--redis:ip:127.0.0.1,port:6379[2020-03-25 16:24:01]--[src_cgi/login_cgi.c:170]--tmpchar:vyUyGIUPr84M7jSX+NqX3Q==602662337195[2020-03-25 16:24:01]--[src_cgi/login_cgi.c:187]--char_base64=spCuV+DfwYUNFpGj2BaXZ2I7JztaBHRLZM1py18itpurlnIP+8Z1ug==
[2020-03-25 16:26:34]--[src_cgi/login_cgi.c:279]--buf={
    "pwd": "lp86282176",
    "user": "lp13773477582"
}
，len = 57
[2020-03-25 16:26:34]--[src_cgi/login_cgi.c:292]--get_user_info:user:vyUyGIUPr84M7jSX+NqX3Q==,pwd:deOEhTMUQpuayNy9TgSU3g==
[2020-03-25 16:26:34]--[src_cgi/login_cgi.c:102]--mysql_user=root,mysql_pwd=lp86282176,mysql_db=cloud_disk
[2020-03-25 16:26:34]--[src_cgi/login_cgi.c:146]--redis:ip:127.0.0.1,port:6379[2020-03-25 16:26:34]--[src_cgi/login_cgi.c:170]--tmpchar:vyUyGIUPr84M7jSX+NqX3Q==419994458562[2020-03-25 16:26:34]--[src_cgi/login_cgi.c:187]--char_base64=spCuV+DfwYUNFpGj2BaXZ2I7JztaBHRLl+zfyL+Tka3kP7wsqzdApA==
