[2020-03-25 14:16:32]--[src_cgi/md5_cgi.c:30]--mysql:[user=,pwd=,database=][2020-03-25 14:29:48]--[src_cgi/md5_cgi.c:30]--mysql:[user=,pwd=,database=][2020-03-25 14:37:07]--[src_cgi/md5_cgi.c:30]--mysql:[user=root,pwd=lp86282176,database=cloud_disk][2020-03-25 14:37:07]--[src_cgi/md5_cgi.c:258]--buf = {
    "filename": "TIM图片20180628101043_LI.jpg",
    "md5": "64dd394afde992859273d38bfee66f9b",
    "token": "f8",
    "user": "lp13773477582"
}

[2020-03-25 14:37:07]--[src_cgi/md5_cgi.c:280]--user = vyUyGIUPr84M7jSX+NqX3Q==, token = f8, md5 = 64dd394afde992859273d38bfee66f9b, filename = TIM图片20180628101043_LI.jpg
[2020-03-25 15:06:05]--[src_cgi/md5_cgi.c:30]--mysql:[user=root,pwd=lp86282176,database=cloud_disk][2020-03-25 15:06:05]--[src_cgi/md5_cgi.c:258]--buf = {
    "filename": "123.png",
    "md5": "65e69a4b4bdfc9bf1fa6a694b8867b92",
    "token": "26",
    "user": "lp13773477582"
}

[2020-03-25 15:06:05]--[src_cgi/md5_cgi.c:280]--user = vyUyGIUPr84M7jSX+NqX3Q==, token = 26, md5 = 65e69a4b4bdfc9bf1fa6a694b8867b92, filename = 123.png
[2020-03-25 15:06:05]--[src_cgi/md5_cgi.c:143]--vyUyGIUPr84M7jSX+NqX3Q==[filename:123.png, md5:65e69a4b4bdfc9bf1fa6a694b8867b92]已存在
[2020-03-25 15:06:49]--[src_cgi/md5_cgi.c:30]--mysql:[user=root,pwd=lp86282176,database=cloud_disk][2020-03-25 15:06:49]--[src_cgi/md5_cgi.c:258]--buf = {
    "filename": "config.json",
    "md5": "f36cbe1ffe2771cf285512d485084186",
    "token": "35",
    "user": "lp13773477582"
}

[2020-03-25 15:06:49]--[src_cgi/md5_cgi.c:280]--user = vyUyGIUPr84M7jSX+NqX3Q==, token = 35, md5 = f36cbe1ffe2771cf285512d485084186, filename = config.json
[2020-03-25 15:34:45]--[src_cgi/md5_cgi.c:30]--mysql:[user=root,pwd=lp86282176,database=cloud_disk][2020-03-25 15:34:45]--[src_cgi/md5_cgi.c:258]--buf = {
    "filename": "123.png",
    "md5": "65e69a4b4bdfc9bf1fa6a694b8867b92",
    "token": "45",
    "user": "lp13773477582"
}

[2020-03-25 15:34:45]--[src_cgi/md5_cgi.c:280]--user = vyUyGIUPr84M7jSX+NqX3Q==, token = 45, md5 = 65e69a4b4bdfc9bf1fa6a694b8867b92, filename = 123.png
[2020-03-25 15:34:45]--[src_cgi/md5_cgi.c:30]--mysql:[user=root,pwd=lp86282176,database=cloud_disk][2020-03-25 15:34:45]--[src_cgi/md5_cgi.c:258]--buf = {
    "filename": "捕获.PNG",
    "md5": "adb1565ef8c89e070be0a8b43b8f4c7f",
    "token": "45",
    "user": "lp13773477582"
}

[2020-03-25 15:34:45]--[src_cgi/md5_cgi.c:280]--user = vyUyGIUPr84M7jSX+NqX3Q==, token = 45, md5 = adb1565ef8c89e070be0a8b43b8f4c7f, filename = 捕获.PNG
[2020-03-25 15:34:45]--[src_cgi/md5_cgi.c:30]--mysql:[user=root,pwd=lp86282176,database=cloud_disk][2020-03-25 15:34:45]--[src_cgi/md5_cgi.c:258]--buf = {
    "filename": "捕获1.PNG",
    "md5": "bd1e3b47ef1d6634a306c44695367af0",
    "token": "45",
    "user": "lp13773477582"
}

[2020-03-25 15:34:45]--[src_cgi/md5_cgi.c:280]--user = vyUyGIUPr84M7jSX+NqX3Q==, token = 45, md5 = bd1e3b47ef1d6634a306c44695367af0, filename = 捕获1.PNG
[2020-03-25 15:35:46]--[src_cgi/md5_cgi.c:30]--mysql:[user=root,pwd=lp86282176,database=cloud_disk][2020-03-25 15:35:46]--[src_cgi/md5_cgi.c:258]--buf = {
    "filename": "123.png",
    "md5": "65e69a4b4bdfc9bf1fa6a694b8867b92",
    "token": "66",
    "user": "lp13773477582"
}

[2020-03-25 15:35:46]--[src_cgi/md5_cgi.c:280]--user = vyUyGIUPr84M7jSX+NqX3Q==, token = 66, md5 = 65e69a4b4bdfc9bf1fa6a694b8867b92, filename = 123.png
[2020-03-25 15:43:30]--[src_cgi/md5_cgi.c:30]--mysql:[user=root,pwd=lp86282176,database=cloud_disk][2020-03-25 15:43:30]--[src_cgi/md5_cgi.c:258]--buf = {
    "filename": "config.json",
    "md5": "f36cbe1ffe2771cf285512d485084186",
    "token": "9e",
    "user": "lp13773477582"
}

[2020-03-25 15:43:30]--[src_cgi/md5_cgi.c:280]--user = vyUyGIUPr84M7jSX+NqX3Q==, token = 9e, md5 = f36cbe1ffe2771cf285512d485084186, filename = config.json
[2020-03-25 15:44:11]--[src_cgi/md5_cgi.c:30]--mysql:[user=root,pwd=lp86282176,database=cloud_disk][2020-03-25 15:44:11]--[src_cgi/md5_cgi.c:258]--buf = {
    "filename": "config.json",
    "md5": "f36cbe1ffe2771cf285512d485084186",
    "token": "30",
    "user": "lp13773477582"
}

[2020-03-25 15:44:11]--[src_cgi/md5_cgi.c:280]--user = vyUyGIUPr84M7jSX+NqX3Q==, token = 30, md5 = f36cbe1ffe2771cf285512d485084186, filename = config.json
[2020-03-25 15:44:11]--[src_cgi/md5_cgi.c:143]--vyUyGIUPr84M7jSX+NqX3Q==[filename:config.json, md5:f36cbe1ffe2771cf285512d485084186]已存在
[2020-03-25 15:56:01]--[src_cgi/md5_cgi.c:30]--mysql:[user=root,pwd=lp86282176,database=cloud_disk][2020-03-25 15:56:01]--[src_cgi/md5_cgi.c:258]--buf = {
    "filename": "123.png",
    "md5": "65e69a4b4bdfc9bf1fa6a694b8867b92",
    "token": "44",
    "user": "lp13773477582"
}

[2020-03-25 15:56:01]--[src_cgi/md5_cgi.c:280]--user = vyUyGIUPr84M7jSX+NqX3Q==, token = 44, md5 = 65e69a4b4bdfc9bf1fa6a694b8867b92, filename = 123.png
[2020-03-25 15:56:01]--[src_cgi/md5_cgi.c:30]--mysql:[user=root,pwd=lp86282176,database=cloud_disk][2020-03-25 15:56:01]--[src_cgi/md5_cgi.c:258]--buf = {
    "filename": "捕获.PNG",
    "md5": "adb1565ef8c89e070be0a8b43b8f4c7f",
    "token": "44",
    "user": "lp13773477582"
}

[2020-03-25 15:56:01]--[src_cgi/md5_cgi.c:280]--user = vyUyGIUPr84M7jSX+NqX3Q==, token = 44, md5 = adb1565ef8c89e070be0a8b43b8f4c7f, filename = 捕获.PNG
[2020-03-25 15:57:53]--[src_cgi/md5_cgi.c:30]--mysql:[user=root,pwd=lp86282176,database=cloud_disk][2020-03-25 15:57:53]--[src_cgi/md5_cgi.c:258]--buf = {
    "filename": "实验结果.png",
    "md5": "ca2bf7f8f010757f807a360944357eed",
    "token": "c1",
    "user": "lp13773477582"
}

[2020-03-25 15:57:53]--[src_cgi/md5_cgi.c:280]--user = vyUyGIUPr84M7jSX+NqX3Q==, token = c1, md5 = ca2bf7f8f010757f807a360944357eed, filename = 实验结果.png
[2020-03-25 16:17:03]--[src_cgi/md5_cgi.c:30]--mysql:[user=root,pwd=lp86282176,database=cloud_disk][2020-03-25 16:17:03]--[src_cgi/md5_cgi.c:258]--buf = {
    "filename": "script.sql",
    "md5": "9a7db2b2cd45ee65bf7b576f97bdb6a4",
    "token": "22",
    "user": "lp13773477582"
}

[2020-03-25 16:17:03]--[src_cgi/md5_cgi.c:280]--user = vyUyGIUPr84M7jSX+NqX3Q==, token = 22, md5 = 9a7db2b2cd45ee65bf7b576f97bdb6a4, filename = script.sql
[2020-03-25 16:18:04]--[src_cgi/md5_cgi.c:30]--mysql:[user=root,pwd=lp86282176,database=cloud_disk][2020-03-25 16:18:04]--[src_cgi/md5_cgi.c:258]--buf = {
    "filename": "DEAMN - Sign.mp3",
    "md5": "23088514ba8b64139295d258f7df6d80",
    "token": "83",
    "user": "lp13773477582"
}

[2020-03-25 16:18:04]--[src_cgi/md5_cgi.c:280]--user = vyUyGIUPr84M7jSX+NqX3Q==, token = 83, md5 = 23088514ba8b64139295d258f7df6d80, filename = DEAMN - Sign.mp3
[2020-03-25 16:19:43]--[src_cgi/md5_cgi.c:30]--mysql:[user=root,pwd=lp86282176,database=cloud_disk][2020-03-25 16:19:43]--[src_cgi/md5_cgi.c:258]--buf = {
    "filename": "01-学习目标__recv.mkv",
    "md5": "4d20d709e83aecbd9d97d5979aae47b9",
    "token": "5e",
    "user": "lp13773477582"
}

[2020-03-25 16:19:43]--[src_cgi/md5_cgi.c:280]--user = vyUyGIUPr84M7jSX+NqX3Q==, token = 5e, md5 = 4d20d709e83aecbd9d97d5979aae47b9, filename = 01-学习目标__recv.mkv
[2020-03-25 16:20:47]--[src_cgi/md5_cgi.c:30]--mysql:[user=root,pwd=lp86282176,database=cloud_disk][2020-03-25 16:20:47]--[src_cgi/md5_cgi.c:258]--buf = {
    "filename": "11-awk的使用_上_.avi",
    "md5": "ed5af2cee100b04300b939ed838c6a1e",
    "token": "7b",
    "user": "lp13773477582"
}

[2020-03-25 16:20:47]--[src_cgi/md5_cgi.c:280]--user = vyUyGIUPr84M7jSX+NqX3Q==, token = 7b, md5 = ed5af2cee100b04300b939ed838c6a1e, filename = 11-awk的使用_上_.avi
[2020-03-25 16:24:32]--[src_cgi/md5_cgi.c:30]--mysql:[user=root,pwd=lp86282176,database=cloud_disk][2020-03-25 16:24:32]--[src_cgi/md5_cgi.c:258]--buf = {
    "filename": "03-条件判断语句_.mp4",
    "md5": "6afc4ce0319594bdac86008b2532a6c7",
    "token": "06",
    "user": "lp13773477582"
}

[2020-03-25 16:24:32]--[src_cgi/md5_cgi.c:280]--user = vyUyGIUPr84M7jSX+NqX3Q==, token = 06, md5 = 6afc4ce0319594bdac86008b2532a6c7, filename = 03-条件判断语句_.mp4
[2020-03-25 16:26:45]--[src_cgi/md5_cgi.c:30]--mysql:[user=root,pwd=lp86282176,database=cloud_disk][2020-03-25 16:26:45]--[src_cgi/md5_cgi.c:258]--buf = {
    "filename": "03-条件判断语句_.mp4",
    "md5": "6afc4ce0319594bdac86008b2532a6c7",
    "token": "36",
    "user": "lp13773477582"
}

[2020-03-25 16:26:45]--[src_cgi/md5_cgi.c:280]--user = vyUyGIUPr84M7jSX+NqX3Q==, token = 36, md5 = 6afc4ce0319594bdac86008b2532a6c7, filename = 03-条件判断语句_.mp4
