[2020-03-25 14:16:32]--[src_cgi/mydisk_cgi.c:34]--mysql:[user=,pwd=,database=][2020-03-25 14:30:04]--[src_cgi/mydisk_cgi.c:34]--mysql:[user=root,pwd=lp86282176,database=cloud_disk][2020-03-25 14:30:04]--[src_cgi/mydisk_cgi.c:439]--query cmd=count
[2020-03-25 14:30:04]--[src_cgi/mydisk_cgi.c:472]--buf = {
    "token": "b4",
    "user": "lp13773477582"
}

[2020-03-25 14:30:04]--[src_cgi/mydisk_cgi.c:34]--mysql:[user=root,pwd=lp86282176,database=cloud_disk][2020-03-25 14:30:04]--[src_cgi/mydisk_cgi.c:439]--query cmd=normal
[2020-03-25 14:30:04]--[src_cgi/mydisk_cgi.c:472]--buf = {
    "count": 10,
    "start": 0,
    "token": "b4",
    "user": "lp13773477582"
}

[2020-03-25 14:30:04]--[src_cgi/mydisk_cgi.c:507]--user = vyUyGIUPr84M7jSX+NqX3Q==, token = b4, start = 0, count = 10
[2020-03-25 14:30:04]--[src_cgi/mydisk_cgi.c:286]--select user_file_list.*,file_info.url,file_info.size,file_info.type from file_info,user_file_list where user='vyUyGIUPr84M7jSX+NqX3Q==' and file_info.md5=user_file_list.md5 limit 0,10 在操作
[2020-03-25 14:30:04]--[src_cgi/mydisk_cgi.c:34]--mysql:[user=root,pwd=lp86282176,database=cloud_disk][2020-03-25 14:30:04]--[src_cgi/mydisk_cgi.c:439]--query cmd=normal
[2020-03-25 14:30:04]--[src_cgi/mydisk_cgi.c:472]--buf = {
    "count": 5,
    "start": 10,
    "token": "b4",
    "user": "lp13773477582"
}

[2020-03-25 14:30:04]--[src_cgi/mydisk_cgi.c:507]--user = vyUyGIUPr84M7jSX+NqX3Q==, token = b4, start = 10, count = 5
[2020-03-25 14:30:04]--[src_cgi/mydisk_cgi.c:286]--select user_file_list.*,file_info.url,file_info.size,file_info.type from file_info,user_file_list where user='vyUyGIUPr84M7jSX+NqX3Q==' and file_info.md5=user_file_list.md5 limit 10,5 在操作
[2020-03-25 14:36:34]--[src_cgi/mydisk_cgi.c:34]--mysql:[user=root,pwd=lp86282176,database=cloud_disk][2020-03-25 14:36:34]--[src_cgi/mydisk_cgi.c:439]--query cmd=count
[2020-03-25 14:36:34]--[src_cgi/mydisk_cgi.c:472]--buf = {
    "token": "f8",
    "user": "lp13773477582"
}

[2020-03-25 14:36:34]--[src_cgi/mydisk_cgi.c:34]--mysql:[user=root,pwd=lp86282176,database=cloud_disk][2020-03-25 14:36:34]--[src_cgi/mydisk_cgi.c:439]--query cmd=normal
[2020-03-25 14:36:34]--[src_cgi/mydisk_cgi.c:472]--buf = {
    "count": 10,
    "start": 0,
    "token": "f8",
    "user": "lp13773477582"
}

[2020-03-25 14:36:34]--[src_cgi/mydisk_cgi.c:507]--user = vyUyGIUPr84M7jSX+NqX3Q==, token = f8, start = 0, count = 10
[2020-03-25 14:36:34]--[src_cgi/mydisk_cgi.c:286]--select user_file_list.*,file_info.url,file_info.size,file_info.type from file_info,user_file_list where user='vyUyGIUPr84M7jSX+NqX3Q==' and file_info.md5=user_file_list.md5 limit 0,10 在操作
[2020-03-25 14:36:34]--[src_cgi/mydisk_cgi.c:34]--mysql:[user=root,pwd=lp86282176,database=cloud_disk][2020-03-25 14:36:34]--[src_cgi/mydisk_cgi.c:439]--query cmd=normal
[2020-03-25 14:36:34]--[src_cgi/mydisk_cgi.c:472]--buf = {
    "count": 5,
    "start": 10,
    "token": "f8",
    "user": "lp13773477582"
}

[2020-03-25 14:36:34]--[src_cgi/mydisk_cgi.c:507]--user = vyUyGIUPr84M7jSX+NqX3Q==, token = f8, start = 10, count = 5
[2020-03-25 14:36:34]--[src_cgi/mydisk_cgi.c:286]--select user_file_list.*,file_info.url,file_info.size,file_info.type from file_info,user_file_list where user='vyUyGIUPr84M7jSX+NqX3Q==' and file_info.md5=user_file_list.md5 limit 10,5 在操作
[2020-03-25 14:37:22]--[src_cgi/mydisk_cgi.c:34]--mysql:[user=root,pwd=lp86282176,database=cloud_disk][2020-03-25 14:37:22]--[src_cgi/mydisk_cgi.c:439]--query cmd=count
[2020-03-25 14:37:22]--[src_cgi/mydisk_cgi.c:472]--buf = {
    "token": "f8",
    "user": "lp13773477582"
}

[2020-03-25 14:37:22]--[src_cgi/mydisk_cgi.c:34]--mysql:[user=root,pwd=lp86282176,database=cloud_disk][2020-03-25 14:37:22]--[src_cgi/mydisk_cgi.c:439]--query cmd=normal
[2020-03-25 14:37:22]--[src_cgi/mydisk_cgi.c:472]--buf = {
    "count": 10,
    "start": 0,
    "token": "f8",
    "user": "lp13773477582"
}

[2020-03-25 14:37:22]--[src_cgi/mydisk_cgi.c:507]--user = vyUyGIUPr84M7jSX+NqX3Q==, token = f8, start = 0, count = 10
[2020-03-25 14:37:22]--[src_cgi/mydisk_cgi.c:286]--select user_file_list.*,file_info.url,file_info.size,file_info.type from file_info,user_file_list where user='vyUyGIUPr84M7jSX+NqX3Q==' and file_info.md5=user_file_list.md5 limit 0,10 在操作
[2020-03-25 14:37:22]--[src_cgi/mydisk_cgi.c:34]--mysql:[user=root,pwd=lp86282176,database=cloud_disk][2020-03-25 14:37:22]--[src_cgi/mydisk_cgi.c:439]--query cmd=normal
[2020-03-25 14:37:22]--[src_cgi/mydisk_cgi.c:472]--buf = {
    "count": 5,
    "start": 10,
    "token": "f8",
    "user": "lp13773477582"
}

[2020-03-25 14:37:22]--[src_cgi/mydisk_cgi.c:507]--user = vyUyGIUPr84M7jSX+NqX3Q==, token = f8, start = 10, count = 5
[2020-03-25 14:37:22]--[src_cgi/mydisk_cgi.c:286]--select user_file_list.*,file_info.url,file_info.size,file_info.type from file_info,user_file_list where user='vyUyGIUPr84M7jSX+NqX3Q==' and file_info.md5=user_file_list.md5 limit 10,5 在操作
[2020-03-25 14:37:55]--[src_cgi/mydisk_cgi.c:34]--mysql:[user=root,pwd=lp86282176,database=cloud_disk][2020-03-25 14:37:55]--[src_cgi/mydisk_cgi.c:439]--query cmd=count
[2020-03-25 14:37:55]--[src_cgi/mydisk_cgi.c:472]--buf = {
    "token": "f8",
    "user": "lp13773477582"
}

[2020-03-25 14:37:55]--[src_cgi/mydisk_cgi.c:34]--mysql:[user=root,pwd=lp86282176,database=cloud_disk][2020-03-25 14:37:55]--[src_cgi/mydisk_cgi.c:439]--query cmd=normal
[2020-03-25 14:37:55]--[src_cgi/mydisk_cgi.c:472]--buf = {
    "count": 10,
    "start": 0,
    "token": "f8",
    "user": "lp13773477582"
}

[2020-03-25 14:37:55]--[src_cgi/mydisk_cgi.c:507]--user = vyUyGIUPr84M7jSX+NqX3Q==, token = f8, start = 0, count = 10
[2020-03-25 14:37:55]--[src_cgi/mydisk_cgi.c:286]--select user_file_list.*,file_info.url,file_info.size,file_info.type from file_info,user_file_list where user='vyUyGIUPr84M7jSX+NqX3Q==' and file_info.md5=user_file_list.md5 limit 0,10 在操作
[2020-03-25 14:37:55]--[src_cgi/mydisk_cgi.c:34]--mysql:[user=root,pwd=lp86282176,database=cloud_disk][2020-03-25 14:37:55]--[src_cgi/mydisk_cgi.c:439]--query cmd=normal
[2020-03-25 14:37:55]--[src_cgi/mydisk_cgi.c:472]--buf = {
    "count": 5,
    "start": 10,
    "token": "f8",
    "user": "lp13773477582"
}

[2020-03-25 14:37:55]--[src_cgi/mydisk_cgi.c:507]--user = vyUyGIUPr84M7jSX+NqX3Q==, token = f8, start = 10, count = 5
[2020-03-25 14:37:55]--[src_cgi/mydisk_cgi.c:286]--select user_file_list.*,file_info.url,file_info.size,file_info.type from file_info,user_file_list where user='vyUyGIUPr84M7jSX+NqX3Q==' and file_info.md5=user_file_list.md5 limit 10,5 在操作
[2020-03-25 15:03:57]--[src_cgi/mydisk_cgi.c:34]--mysql:[user=root,pwd=lp86282176,database=cloud_disk][2020-03-25 15:03:57]--[src_cgi/mydisk_cgi.c:439]--query cmd=count
[2020-03-25 15:03:57]--[src_cgi/mydisk_cgi.c:472]--buf = {
    "token": "26",
    "user": "lp13773477582"
}

[2020-03-25 15:03:57]--[src_cgi/mydisk_cgi.c:34]--mysql:[user=root,pwd=lp86282176,database=cloud_disk][2020-03-25 15:03:57]--[src_cgi/mydisk_cgi.c:439]--query cmd=normal
[2020-03-25 15:03:57]--[src_cgi/mydisk_cgi.c:472]--buf = {
    "count": 10,
    "start": 0,
    "token": "26",
    "user": "lp13773477582"
}

[2020-03-25 15:03:57]--[src_cgi/mydisk_cgi.c:507]--user = vyUyGIUPr84M7jSX+NqX3Q==, token = 26, start = 0, count = 10
[2020-03-25 15:03:57]--[src_cgi/mydisk_cgi.c:286]--select user_file_list.*,file_info.url,file_info.size,file_info.type from file_info,user_file_list where user='vyUyGIUPr84M7jSX+NqX3Q==' and file_info.md5=user_file_list.md5 limit 0,10 在操作
[2020-03-25 15:03:57]--[src_cgi/mydisk_cgi.c:34]--mysql:[user=root,pwd=lp86282176,database=cloud_disk][2020-03-25 15:03:57]--[src_cgi/mydisk_cgi.c:439]--query cmd=normal
[2020-03-25 15:03:57]--[src_cgi/mydisk_cgi.c:472]--buf = {
    "count": 4,
    "start": 10,
    "token": "26",
    "user": "lp13773477582"
}

[2020-03-25 15:03:57]--[src_cgi/mydisk_cgi.c:507]--user = vyUyGIUPr84M7jSX+NqX3Q==, token = 26, start = 10, count = 4
[2020-03-25 15:03:57]--[src_cgi/mydisk_cgi.c:286]--select user_file_list.*,file_info.url,file_info.size,file_info.type from file_info,user_file_list where user='vyUyGIUPr84M7jSX+NqX3Q==' and file_info.md5=user_file_list.md5 limit 10,4 在操作
[2020-03-25 15:04:00]--[src_cgi/mydisk_cgi.c:34]--mysql:[user=root,pwd=lp86282176,database=cloud_disk][2020-03-25 15:04:00]--[src_cgi/mydisk_cgi.c:439]--query cmd=count
[2020-03-25 15:04:00]--[src_cgi/mydisk_cgi.c:472]--buf = {
    "token": "26",
    "user": "lp13773477582"
}

[2020-03-25 15:04:00]--[src_cgi/mydisk_cgi.c:34]--mysql:[user=root,pwd=lp86282176,database=cloud_disk][2020-03-25 15:04:00]--[src_cgi/mydisk_cgi.c:439]--query cmd=normal
[2020-03-25 15:04:00]--[src_cgi/mydisk_cgi.c:472]--buf = {
    "count": 10,
    "start": 0,
    "token": "26",
    "user": "lp13773477582"
}

[2020-03-25 15:04:00]--[src_cgi/mydisk_cgi.c:507]--user = vyUyGIUPr84M7jSX+NqX3Q==, token = 26, start = 0, count = 10
[2020-03-25 15:04:00]--[src_cgi/mydisk_cgi.c:286]--select user_file_list.*,file_info.url,file_info.size,file_info.type from file_info,user_file_list where user='vyUyGIUPr84M7jSX+NqX3Q==' and file_info.md5=user_file_list.md5 limit 0,10 在操作
[2020-03-25 15:04:00]--[src_cgi/mydisk_cgi.c:34]--mysql:[user=root,pwd=lp86282176,database=cloud_disk][2020-03-25 15:04:00]--[src_cgi/mydisk_cgi.c:439]--query cmd=normal
[2020-03-25 15:04:00]--[src_cgi/mydisk_cgi.c:472]--buf = {
    "count": 4,
    "start": 10,
    "token": "26",
    "user": "lp13773477582"
}

[2020-03-25 15:04:00]--[src_cgi/mydisk_cgi.c:507]--user = vyUyGIUPr84M7jSX+NqX3Q==, token = 26, start = 10, count = 4
[2020-03-25 15:04:00]--[src_cgi/mydisk_cgi.c:286]--select user_file_list.*,file_info.url,file_info.size,file_info.type from file_info,user_file_list where user='vyUyGIUPr84M7jSX+NqX3Q==' and file_info.md5=user_file_list.md5 limit 10,4 在操作
[2020-03-25 15:05:37]--[src_cgi/mydisk_cgi.c:34]--mysql:[user=root,pwd=lp86282176,database=cloud_disk][2020-03-25 15:05:37]--[src_cgi/mydisk_cgi.c:439]--query cmd=count
[2020-03-25 15:05:37]--[src_cgi/mydisk_cgi.c:472]--buf = {
    "token": "26",
    "user": "lp13773477582"
}

[2020-03-25 15:05:37]--[src_cgi/mydisk_cgi.c:34]--mysql:[user=root,pwd=lp86282176,database=cloud_disk][2020-03-25 15:05:37]--[src_cgi/mydisk_cgi.c:439]--query cmd=normal
[2020-03-25 15:05:37]--[src_cgi/mydisk_cgi.c:472]--buf = {
    "count": 10,
    "start": 0,
    "token": "26",
    "user": "lp13773477582"
}

[2020-03-25 15:05:37]--[src_cgi/mydisk_cgi.c:507]--user = vyUyGIUPr84M7jSX+NqX3Q==, token = 26, start = 0, count = 10
[2020-03-25 15:05:37]--[src_cgi/mydisk_cgi.c:286]--select user_file_list.*,file_info.url,file_info.size,file_info.type from file_info,user_file_list where user='vyUyGIUPr84M7jSX+NqX3Q==' and file_info.md5=user_file_list.md5 limit 0,10 在操作
[2020-03-25 15:05:37]--[src_cgi/mydisk_cgi.c:34]--mysql:[user=root,pwd=lp86282176,database=cloud_disk][2020-03-25 15:05:37]--[src_cgi/mydisk_cgi.c:439]--query cmd=normal
[2020-03-25 15:05:37]--[src_cgi/mydisk_cgi.c:472]--buf = {
    "count": 2,
    "start": 10,
    "token": "26",
    "user": "lp13773477582"
}

[2020-03-25 15:05:37]--[src_cgi/mydisk_cgi.c:507]--user = vyUyGIUPr84M7jSX+NqX3Q==, token = 26, start = 10, count = 2
[2020-03-25 15:05:37]--[src_cgi/mydisk_cgi.c:286]--select user_file_list.*,file_info.url,file_info.size,file_info.type from file_info,user_file_list where user='vyUyGIUPr84M7jSX+NqX3Q==' and file_info.md5=user_file_list.md5 limit 10,2 在操作
[2020-03-25 15:05:43]--[src_cgi/mydisk_cgi.c:34]--mysql:[user=root,pwd=lp86282176,database=cloud_disk][2020-03-25 15:05:43]--[src_cgi/mydisk_cgi.c:439]--query cmd=count
[2020-03-25 15:05:43]--[src_cgi/mydisk_cgi.c:472]--buf = {
    "token": "26",
    "user": "lp13773477582"
}

[2020-03-25 15:05:43]--[src_cgi/mydisk_cgi.c:34]--mysql:[user=root,pwd=lp86282176,database=cloud_disk][2020-03-25 15:05:43]--[src_cgi/mydisk_cgi.c:439]--query cmd=normal
[2020-03-25 15:05:43]--[src_cgi/mydisk_cgi.c:472]--buf = {
    "count": 10,
    "start": 0,
    "token": "26",
    "user": "lp13773477582"
}

[2020-03-25 15:05:43]--[src_cgi/mydisk_cgi.c:507]--user = vyUyGIUPr84M7jSX+NqX3Q==, token = 26, start = 0, count = 10
[2020-03-25 15:05:43]--[src_cgi/mydisk_cgi.c:286]--select user_file_list.*,file_info.url,file_info.size,file_info.type from file_info,user_file_list where user='vyUyGIUPr84M7jSX+NqX3Q==' and file_info.md5=user_file_list.md5 limit 0,10 在操作
[2020-03-25 15:05:43]--[src_cgi/mydisk_cgi.c:34]--mysql:[user=root,pwd=lp86282176,database=cloud_disk][2020-03-25 15:05:43]--[src_cgi/mydisk_cgi.c:439]--query cmd=normal
[2020-03-25 15:05:43]--[src_cgi/mydisk_cgi.c:472]--buf = {
    "count": 2,
    "start": 10,
    "token": "26",
    "user": "lp13773477582"
}

[2020-03-25 15:05:43]--[src_cgi/mydisk_cgi.c:507]--user = vyUyGIUPr84M7jSX+NqX3Q==, token = 26, start = 10, count = 2
[2020-03-25 15:05:43]--[src_cgi/mydisk_cgi.c:286]--select user_file_list.*,file_info.url,file_info.size,file_info.type from file_info,user_file_list where user='vyUyGIUPr84M7jSX+NqX3Q==' and file_info.md5=user_file_list.md5 limit 10,2 在操作
[2020-03-25 15:05:44]--[src_cgi/mydisk_cgi.c:34]--mysql:[user=root,pwd=lp86282176,database=cloud_disk][2020-03-25 15:05:44]--[src_cgi/mydisk_cgi.c:439]--query cmd=count
[2020-03-25 15:05:44]--[src_cgi/mydisk_cgi.c:472]--buf = {
    "token": "26",
    "user": "lp13773477582"
}

[2020-03-25 15:05:44]--[src_cgi/mydisk_cgi.c:34]--mysql:[user=root,pwd=lp86282176,database=cloud_disk][2020-03-25 15:05:44]--[src_cgi/mydisk_cgi.c:439]--query cmd=normal
[2020-03-25 15:05:44]--[src_cgi/mydisk_cgi.c:472]--buf = {
    "count": 10,
    "start": 0,
    "token": "26",
    "user": "lp13773477582"
}

[2020-03-25 15:05:44]--[src_cgi/mydisk_cgi.c:507]--user = vyUyGIUPr84M7jSX+NqX3Q==, token = 26, start = 0, count = 10
[2020-03-25 15:05:44]--[src_cgi/mydisk_cgi.c:286]--select user_file_list.*,file_info.url,file_info.size,file_info.type from file_info,user_file_list where user='vyUyGIUPr84M7jSX+NqX3Q==' and file_info.md5=user_file_list.md5 limit 0,10 在操作
[2020-03-25 15:05:44]--[src_cgi/mydisk_cgi.c:34]--mysql:[user=root,pwd=lp86282176,database=cloud_disk][2020-03-25 15:05:44]--[src_cgi/mydisk_cgi.c:439]--query cmd=normal
[2020-03-25 15:05:44]--[src_cgi/mydisk_cgi.c:472]--buf = {
    "count": 2,
    "start": 10,
    "token": "26",
    "user": "lp13773477582"
}

[2020-03-25 15:05:44]--[src_cgi/mydisk_cgi.c:507]--user = vyUyGIUPr84M7jSX+NqX3Q==, token = 26, start = 10, count = 2
[2020-03-25 15:05:44]--[src_cgi/mydisk_cgi.c:286]--select user_file_list.*,file_info.url,file_info.size,file_info.type from file_info,user_file_list where user='vyUyGIUPr84M7jSX+NqX3Q==' and file_info.md5=user_file_list.md5 limit 10,2 在操作
[2020-03-25 15:06:43]--[src_cgi/mydisk_cgi.c:34]--mysql:[user=root,pwd=lp86282176,database=cloud_disk][2020-03-25 15:06:43]--[src_cgi/mydisk_cgi.c:439]--query cmd=count
[2020-03-25 15:06:43]--[src_cgi/mydisk_cgi.c:472]--buf = {
    "token": "35",
    "user": "lp13773477582"
}

[2020-03-25 15:06:43]--[src_cgi/mydisk_cgi.c:34]--mysql:[user=root,pwd=lp86282176,database=cloud_disk][2020-03-25 15:06:43]--[src_cgi/mydisk_cgi.c:439]--query cmd=normal
[2020-03-25 15:06:43]--[src_cgi/mydisk_cgi.c:472]--buf = {
    "count": 10,
    "start": 0,
    "token": "35",
    "user": "lp13773477582"
}

[2020-03-25 15:06:43]--[src_cgi/mydisk_cgi.c:507]--user = vyUyGIUPr84M7jSX+NqX3Q==, token = 35, start = 0, count = 10
[2020-03-25 15:06:43]--[src_cgi/mydisk_cgi.c:286]--select user_file_list.*,file_info.url,file_info.size,file_info.type from file_info,user_file_list where user='vyUyGIUPr84M7jSX+NqX3Q==' and file_info.md5=user_file_list.md5 limit 0,10 在操作
[2020-03-25 15:06:43]--[src_cgi/mydisk_cgi.c:34]--mysql:[user=root,pwd=lp86282176,database=cloud_disk][2020-03-25 15:06:43]--[src_cgi/mydisk_cgi.c:439]--query cmd=normal
[2020-03-25 15:06:43]--[src_cgi/mydisk_cgi.c:472]--buf = {
    "count": 2,
    "start": 10,
    "token": "35",
    "user": "lp13773477582"
}

[2020-03-25 15:06:43]--[src_cgi/mydisk_cgi.c:507]--user = vyUyGIUPr84M7jSX+NqX3Q==, token = 35, start = 10, count = 2
[2020-03-25 15:06:43]--[src_cgi/mydisk_cgi.c:286]--select user_file_list.*,file_info.url,file_info.size,file_info.type from file_info,user_file_list where user='vyUyGIUPr84M7jSX+NqX3Q==' and file_info.md5=user_file_list.md5 limit 10,2 在操作
[2020-03-25 15:09:41]--[src_cgi/mydisk_cgi.c:34]--mysql:[user=root,pwd=lp86282176,database=cloud_disk][2020-03-25 15:09:41]--[src_cgi/mydisk_cgi.c:439]--query cmd=count
[2020-03-25 15:09:41]--[src_cgi/mydisk_cgi.c:472]--buf = {
    "token": "c3",
    "user": "lp13773477582"
}

[2020-03-25 15:09:41]--[src_cgi/mydisk_cgi.c:34]--mysql:[user=root,pwd=lp86282176,database=cloud_disk][2020-03-25 15:09:41]--[src_cgi/mydisk_cgi.c:439]--query cmd=normal
[2020-03-25 15:09:41]--[src_cgi/mydisk_cgi.c:472]--buf = {
    "count": 10,
    "start": 0,
    "token": "c3",
    "user": "lp13773477582"
}

[2020-03-25 15:09:41]--[src_cgi/mydisk_cgi.c:507]--user = vyUyGIUPr84M7jSX+NqX3Q==, token = c3, start = 0, count = 10
[2020-03-25 15:09:41]--[src_cgi/mydisk_cgi.c:286]--select user_file_list.*,file_info.url,file_info.size,file_info.type from file_info,user_file_list where user='vyUyGIUPr84M7jSX+NqX3Q==' and file_info.md5=user_file_list.md5 limit 0,10 在操作
[2020-03-25 15:09:42]--[src_cgi/mydisk_cgi.c:34]--mysql:[user=root,pwd=lp86282176,database=cloud_disk][2020-03-25 15:09:42]--[src_cgi/mydisk_cgi.c:439]--query cmd=normal
[2020-03-25 15:09:42]--[src_cgi/mydisk_cgi.c:472]--buf = {
    "count": 2,
    "start": 10,
    "token": "c3",
    "user": "lp13773477582"
}

[2020-03-25 15:09:42]--[src_cgi/mydisk_cgi.c:507]--user = vyUyGIUPr84M7jSX+NqX3Q==, token = c3, start = 10, count = 2
[2020-03-25 15:09:42]--[src_cgi/mydisk_cgi.c:286]--select user_file_list.*,file_info.url,file_info.size,file_info.type from file_info,user_file_list where user='vyUyGIUPr84M7jSX+NqX3Q==' and file_info.md5=user_file_list.md5 limit 10,2 在操作
[2020-03-25 15:10:39]--[src_cgi/mydisk_cgi.c:34]--mysql:[user=root,pwd=lp86282176,database=cloud_disk][2020-03-25 15:10:39]--[src_cgi/mydisk_cgi.c:439]--query cmd=count
[2020-03-25 15:10:39]--[src_cgi/mydisk_cgi.c:472]--buf = {
    "token": "be",
    "user": "lp13773477582"
}

[2020-03-25 15:10:39]--[src_cgi/mydisk_cgi.c:34]--mysql:[user=root,pwd=lp86282176,database=cloud_disk][2020-03-25 15:10:39]--[src_cgi/mydisk_cgi.c:439]--query cmd=normal
[2020-03-25 15:10:39]--[src_cgi/mydisk_cgi.c:472]--buf = {
    "count": 10,
    "start": 0,
    "token": "be",
    "user": "lp13773477582"
}

[2020-03-25 15:10:39]--[src_cgi/mydisk_cgi.c:507]--user = vyUyGIUPr84M7jSX+NqX3Q==, token = be, start = 0, count = 10
[2020-03-25 15:10:39]--[src_cgi/mydisk_cgi.c:286]--select user_file_list.*,file_info.url,file_info.size,file_info.type from file_info,user_file_list where user='vyUyGIUPr84M7jSX+NqX3Q==' and file_info.md5=user_file_list.md5 limit 0,10 在操作
[2020-03-25 15:10:40]--[src_cgi/mydisk_cgi.c:34]--mysql:[user=root,pwd=lp86282176,database=cloud_disk][2020-03-25 15:10:40]--[src_cgi/mydisk_cgi.c:439]--query cmd=normal
[2020-03-25 15:10:40]--[src_cgi/mydisk_cgi.c:472]--buf = {
    "count": 1,
    "start": 10,
    "token": "be",
    "user": "lp13773477582"
}

[2020-03-25 15:10:40]--[src_cgi/mydisk_cgi.c:507]--user = vyUyGIUPr84M7jSX+NqX3Q==, token = be, start = 10, count = 1
[2020-03-25 15:10:40]--[src_cgi/mydisk_cgi.c:286]--select user_file_list.*,file_info.url,file_info.size,file_info.type from file_info,user_file_list where user='vyUyGIUPr84M7jSX+NqX3Q==' and file_info.md5=user_file_list.md5 limit 10,1 在操作
[2020-03-25 15:29:33]--[src_cgi/mydisk_cgi.c:34]--mysql:[user=root,pwd=lp86282176,database=cloud_disk][2020-03-25 15:29:33]--[src_cgi/mydisk_cgi.c:439]--query cmd=count
[2020-03-25 15:29:33]--[src_cgi/mydisk_cgi.c:472]--buf = {
    "token": "d9",
    "user": "lp13773477582"
}

[2020-03-25 15:29:34]--[src_cgi/mydisk_cgi.c:34]--mysql:[user=root,pwd=lp86282176,database=cloud_disk][2020-03-25 15:29:34]--[src_cgi/mydisk_cgi.c:439]--query cmd=normal
[2020-03-25 15:29:34]--[src_cgi/mydisk_cgi.c:472]--buf = {
    "count": 10,
    "start": 0,
    "token": "d9",
    "user": "lp13773477582"
}

[2020-03-25 15:29:34]--[src_cgi/mydisk_cgi.c:507]--user = vyUyGIUPr84M7jSX+NqX3Q==, token = d9, start = 0, count = 10
[2020-03-25 15:29:34]--[src_cgi/mydisk_cgi.c:286]--select user_file_list.*,file_info.url,file_info.size,file_info.type from file_info,user_file_list where user='vyUyGIUPr84M7jSX+NqX3Q==' and file_info.md5=user_file_list.md5 limit 0,10 在操作
[2020-03-25 15:29:34]--[src_cgi/mydisk_cgi.c:34]--mysql:[user=root,pwd=lp86282176,database=cloud_disk][2020-03-25 15:29:34]--[src_cgi/mydisk_cgi.c:439]--query cmd=normal
[2020-03-25 15:29:34]--[src_cgi/mydisk_cgi.c:472]--buf = {
    "count": 1,
    "start": 10,
    "token": "d9",
    "user": "lp13773477582"
}

[2020-03-25 15:29:34]--[src_cgi/mydisk_cgi.c:507]--user = vyUyGIUPr84M7jSX+NqX3Q==, token = d9, start = 10, count = 1
[2020-03-25 15:29:34]--[src_cgi/mydisk_cgi.c:286]--select user_file_list.*,file_info.url,file_info.size,file_info.type from file_info,user_file_list where user='vyUyGIUPr84M7jSX+NqX3Q==' and file_info.md5=user_file_list.md5 limit 10,1 在操作
[2020-03-25 15:31:23]--[src_cgi/mydisk_cgi.c:34]--mysql:[user=root,pwd=lp86282176,database=cloud_disk][2020-03-25 15:31:23]--[src_cgi/mydisk_cgi.c:439]--query cmd=count
[2020-03-25 15:31:23]--[src_cgi/mydisk_cgi.c:472]--buf = {
    "token": "8b",
    "user": "lp13773477582"
}

[2020-03-25 15:31:23]--[src_cgi/mydisk_cgi.c:116]--select count from user_file_count where user = 'vyUyGIUPr84M7jSX+NqX3Q==' 操作失败
[2020-03-25 15:31:23]--[src_cgi/mydisk_cgi.c:491]--get_user_file_count error
[2020-03-25 15:31:25]--[src_cgi/mydisk_cgi.c:34]--mysql:[user=root,pwd=lp86282176,database=cloud_disk][2020-03-25 15:31:25]--[src_cgi/mydisk_cgi.c:439]--query cmd=count
[2020-03-25 15:31:25]--[src_cgi/mydisk_cgi.c:472]--buf = {
    "token": "8b",
    "user": "lp13773477582"
}

[2020-03-25 15:31:25]--[src_cgi/mydisk_cgi.c:116]--select count from user_file_count where user = 'vyUyGIUPr84M7jSX+NqX3Q==' 操作失败
[2020-03-25 15:31:25]--[src_cgi/mydisk_cgi.c:491]--get_user_file_count error
[2020-03-25 15:34:29]--[src_cgi/mydisk_cgi.c:34]--mysql:[user=root,pwd=lp86282176,database=cloud_disk][2020-03-25 15:34:29]--[src_cgi/mydisk_cgi.c:439]--query cmd=count
[2020-03-25 15:34:29]--[src_cgi/mydisk_cgi.c:472]--buf = {
    "token": "45",
    "user": "lp13773477582"
}

[2020-03-25 15:34:29]--[src_cgi/mydisk_cgi.c:116]--select count from user_file_count where user = 'vyUyGIUPr84M7jSX+NqX3Q==' 操作失败
[2020-03-25 15:34:29]--[src_cgi/mydisk_cgi.c:491]--get_user_file_count error
[2020-03-25 15:35:13]--[src_cgi/mydisk_cgi.c:34]--mysql:[user=root,pwd=lp86282176,database=cloud_disk][2020-03-25 15:35:13]--[src_cgi/mydisk_cgi.c:439]--query cmd=count
[2020-03-25 15:35:13]--[src_cgi/mydisk_cgi.c:472]--buf = {
    "token": "66",
    "user": "lp13773477582"
}

[2020-03-25 15:35:13]--[src_cgi/mydisk_cgi.c:116]--select count from user_file_count where user = 'vyUyGIUPr84M7jSX+NqX3Q==' 操作失败
[2020-03-25 15:35:13]--[src_cgi/mydisk_cgi.c:491]--get_user_file_count error
[2020-03-25 15:35:14]--[src_cgi/mydisk_cgi.c:34]--mysql:[user=root,pwd=lp86282176,database=cloud_disk][2020-03-25 15:35:14]--[src_cgi/mydisk_cgi.c:439]--query cmd=count
[2020-03-25 15:35:14]--[src_cgi/mydisk_cgi.c:472]--buf = {
    "token": "66",
    "user": "lp13773477582"
}

[2020-03-25 15:35:14]--[src_cgi/mydisk_cgi.c:116]--select count from user_file_count where user = 'vyUyGIUPr84M7jSX+NqX3Q==' 操作失败
[2020-03-25 15:35:14]--[src_cgi/mydisk_cgi.c:491]--get_user_file_count error
[2020-03-25 15:36:09]--[src_cgi/mydisk_cgi.c:34]--mysql:[user=root,pwd=lp86282176,database=cloud_disk][2020-03-25 15:36:09]--[src_cgi/mydisk_cgi.c:439]--query cmd=count
[2020-03-25 15:36:09]--[src_cgi/mydisk_cgi.c:472]--buf = {
    "token": "c9",
    "user": "lp13773477582"
}

[2020-03-25 15:36:09]--[src_cgi/mydisk_cgi.c:116]--select count from user_file_count where user = 'vyUyGIUPr84M7jSX+NqX3Q==' 操作失败
[2020-03-25 15:36:09]--[src_cgi/mydisk_cgi.c:491]--get_user_file_count error
[2020-03-25 15:36:17]--[src_cgi/mydisk_cgi.c:34]--mysql:[user=root,pwd=lp86282176,database=cloud_disk][2020-03-25 15:36:17]--[src_cgi/mydisk_cgi.c:439]--query cmd=count
[2020-03-25 15:36:17]--[src_cgi/mydisk_cgi.c:472]--buf = {
    "token": "c9",
    "user": "lp13773477582"
}

[2020-03-25 15:36:17]--[src_cgi/mydisk_cgi.c:116]--select count from user_file_count where user = 'vyUyGIUPr84M7jSX+NqX3Q==' 操作失败
[2020-03-25 15:36:17]--[src_cgi/mydisk_cgi.c:491]--get_user_file_count error
[2020-03-25 15:38:37]--[src_cgi/mydisk_cgi.c:34]--mysql:[user=root,pwd=lp86282176,database=cloud_disk][2020-03-25 15:38:37]--[src_cgi/mydisk_cgi.c:439]--query cmd=count
[2020-03-25 15:38:37]--[src_cgi/mydisk_cgi.c:472]--buf = {
    "token": "32",
    "user": "lp13773477582"
}

[2020-03-25 15:38:37]--[src_cgi/mydisk_cgi.c:116]--select count from user_file_count where user = 'vyUyGIUPr84M7jSX+NqX3Q==' 操作失败
[2020-03-25 15:38:37]--[src_cgi/mydisk_cgi.c:491]--get_user_file_count error
[2020-03-25 15:43:24]--[src_cgi/mydisk_cgi.c:34]--mysql:[user=root,pwd=lp86282176,database=cloud_disk][2020-03-25 15:43:24]--[src_cgi/mydisk_cgi.c:439]--query cmd=count
[2020-03-25 15:43:24]--[src_cgi/mydisk_cgi.c:472]--buf = {
    "token": "9e",
    "user": "lp13773477582"
}

[2020-03-25 15:43:24]--[src_cgi/mydisk_cgi.c:116]--select count from user_file_count where user = 'vyUyGIUPr84M7jSX+NqX3Q==' 操作失败
[2020-03-25 15:43:24]--[src_cgi/mydisk_cgi.c:491]--get_user_file_count error
[2020-03-25 15:43:37]--[src_cgi/mydisk_cgi.c:34]--mysql:[user=root,pwd=lp86282176,database=cloud_disk][2020-03-25 15:43:37]--[src_cgi/mydisk_cgi.c:439]--query cmd=count
[2020-03-25 15:43:37]--[src_cgi/mydisk_cgi.c:472]--buf = {
    "token": "9e",
    "user": "lp13773477582"
}

[2020-03-25 15:43:37]--[src_cgi/mydisk_cgi.c:34]--mysql:[user=root,pwd=lp86282176,database=cloud_disk][2020-03-25 15:43:37]--[src_cgi/mydisk_cgi.c:439]--query cmd=normal
[2020-03-25 15:43:37]--[src_cgi/mydisk_cgi.c:472]--buf = {
    "count": 1,
    "start": 0,
    "token": "9e",
    "user": "lp13773477582"
}

[2020-03-25 15:43:37]--[src_cgi/mydisk_cgi.c:507]--user = vyUyGIUPr84M7jSX+NqX3Q==, token = 9e, start = 0, count = 1
[2020-03-25 15:43:37]--[src_cgi/mydisk_cgi.c:286]--select user_file_list.*,file_info.url,file_info.size,file_info.type from file_info,user_file_list where user='vyUyGIUPr84M7jSX+NqX3Q==' and file_info.md5=user_file_list.md5 limit 0,1 在操作
[2020-03-25 15:43:50]--[src_cgi/mydisk_cgi.c:34]--mysql:[user=root,pwd=lp86282176,database=cloud_disk][2020-03-25 15:43:50]--[src_cgi/mydisk_cgi.c:439]--query cmd=count
[2020-03-25 15:43:50]--[src_cgi/mydisk_cgi.c:472]--buf = {
    "token": "9e",
    "user": "lp13773477582"
}

[2020-03-25 15:43:50]--[src_cgi/mydisk_cgi.c:34]--mysql:[user=root,pwd=lp86282176,database=cloud_disk][2020-03-25 15:43:50]--[src_cgi/mydisk_cgi.c:439]--query cmd=normal
[2020-03-25 15:43:50]--[src_cgi/mydisk_cgi.c:472]--buf = {
    "count": 1,
    "start": 0,
    "token": "9e",
    "user": "lp13773477582"
}

[2020-03-25 15:43:50]--[src_cgi/mydisk_cgi.c:507]--user = vyUyGIUPr84M7jSX+NqX3Q==, token = 9e, start = 0, count = 1
[2020-03-25 15:43:50]--[src_cgi/mydisk_cgi.c:286]--select user_file_list.*,file_info.url,file_info.size,file_info.type from file_info,user_file_list where user='vyUyGIUPr84M7jSX+NqX3Q==' and file_info.md5=user_file_list.md5 limit 0,1 在操作
[2020-03-25 15:43:51]--[src_cgi/mydisk_cgi.c:34]--mysql:[user=root,pwd=lp86282176,database=cloud_disk][2020-03-25 15:43:51]--[src_cgi/mydisk_cgi.c:439]--query cmd=count
[2020-03-25 15:43:51]--[src_cgi/mydisk_cgi.c:472]--buf = {
    "token": "9e",
    "user": "lp13773477582"
}

[2020-03-25 15:43:51]--[src_cgi/mydisk_cgi.c:34]--mysql:[user=root,pwd=lp86282176,database=cloud_disk][2020-03-25 15:43:51]--[src_cgi/mydisk_cgi.c:439]--query cmd=normal
[2020-03-25 15:43:51]--[src_cgi/mydisk_cgi.c:472]--buf = {
    "count": 1,
    "start": 0,
    "token": "9e",
    "user": "lp13773477582"
}

[2020-03-25 15:43:51]--[src_cgi/mydisk_cgi.c:507]--user = vyUyGIUPr84M7jSX+NqX3Q==, token = 9e, start = 0, count = 1
[2020-03-25 15:43:51]--[src_cgi/mydisk_cgi.c:286]--select user_file_list.*,file_info.url,file_info.size,file_info.type from file_info,user_file_list where user='vyUyGIUPr84M7jSX+NqX3Q==' and file_info.md5=user_file_list.md5 limit 0,1 在操作
[2020-03-25 15:43:58]--[src_cgi/mydisk_cgi.c:34]--mysql:[user=root,pwd=lp86282176,database=cloud_disk][2020-03-25 15:43:58]--[src_cgi/mydisk_cgi.c:439]--query cmd=count
[2020-03-25 15:43:58]--[src_cgi/mydisk_cgi.c:472]--buf = {
    "token": "30",
    "user": "lp13773477582"
}

[2020-03-25 15:43:58]--[src_cgi/mydisk_cgi.c:34]--mysql:[user=root,pwd=lp86282176,database=cloud_disk][2020-03-25 15:43:58]--[src_cgi/mydisk_cgi.c:439]--query cmd=normal
[2020-03-25 15:43:58]--[src_cgi/mydisk_cgi.c:472]--buf = {
    "count": 1,
    "start": 0,
    "token": "30",
    "user": "lp13773477582"
}

[2020-03-25 15:43:58]--[src_cgi/mydisk_cgi.c:507]--user = vyUyGIUPr84M7jSX+NqX3Q==, token = 30, start = 0, count = 1
[2020-03-25 15:43:58]--[src_cgi/mydisk_cgi.c:286]--select user_file_list.*,file_info.url,file_info.size,file_info.type from file_info,user_file_list where user='vyUyGIUPr84M7jSX+NqX3Q==' and file_info.md5=user_file_list.md5 limit 0,1 在操作
[2020-03-25 15:44:00]--[src_cgi/mydisk_cgi.c:34]--mysql:[user=root,pwd=lp86282176,database=cloud_disk][2020-03-25 15:44:00]--[src_cgi/mydisk_cgi.c:439]--query cmd=count
[2020-03-25 15:44:00]--[src_cgi/mydisk_cgi.c:472]--buf = {
    "token": "30",
    "user": "lp13773477582"
}

[2020-03-25 15:44:00]--[src_cgi/mydisk_cgi.c:34]--mysql:[user=root,pwd=lp86282176,database=cloud_disk][2020-03-25 15:44:00]--[src_cgi/mydisk_cgi.c:439]--query cmd=normal
[2020-03-25 15:44:00]--[src_cgi/mydisk_cgi.c:472]--buf = {
    "count": 1,
    "start": 0,
    "token": "30",
    "user": "lp13773477582"
}

[2020-03-25 15:44:00]--[src_cgi/mydisk_cgi.c:507]--user = vyUyGIUPr84M7jSX+NqX3Q==, token = 30, start = 0, count = 1
[2020-03-25 15:44:00]--[src_cgi/mydisk_cgi.c:286]--select user_file_list.*,file_info.url,file_info.size,file_info.type from file_info,user_file_list where user='vyUyGIUPr84M7jSX+NqX3Q==' and file_info.md5=user_file_list.md5 limit 0,1 在操作
[2020-03-25 15:46:34]--[src_cgi/mydisk_cgi.c:34]--mysql:[user=root,pwd=lp86282176,database=cloud_disk][2020-03-25 15:46:34]--[src_cgi/mydisk_cgi.c:439]--query cmd=count
[2020-03-25 15:46:34]--[src_cgi/mydisk_cgi.c:472]--buf = {
    "token": "5e",
    "user": "lp13773477582"
}

[2020-03-25 15:46:34]--[src_cgi/mydisk_cgi.c:34]--mysql:[user=root,pwd=lp86282176,database=cloud_disk][2020-03-25 15:46:34]--[src_cgi/mydisk_cgi.c:439]--query cmd=normal
[2020-03-25 15:46:34]--[src_cgi/mydisk_cgi.c:472]--buf = {
    "count": 1,
    "start": 0,
    "token": "5e",
    "user": "lp13773477582"
}

[2020-03-25 15:46:34]--[src_cgi/mydisk_cgi.c:507]--user = vyUyGIUPr84M7jSX+NqX3Q==, token = 5e, start = 0, count = 1
[2020-03-25 15:46:34]--[src_cgi/mydisk_cgi.c:286]--select user_file_list.*,file_info.url,file_info.size,file_info.type from file_info,user_file_list where user='vyUyGIUPr84M7jSX+NqX3Q==' and file_info.md5=user_file_list.md5 limit 0,1 在操作
[2020-03-25 15:55:45]--[src_cgi/mydisk_cgi.c:34]--mysql:[user=root,pwd=lp86282176,database=cloud_disk][2020-03-25 15:55:45]--[src_cgi/mydisk_cgi.c:439]--query cmd=count
[2020-03-25 15:55:45]--[src_cgi/mydisk_cgi.c:472]--buf = {
    "token": "44",
    "user": "lp13773477582"
}

[2020-03-25 15:55:46]--[src_cgi/mydisk_cgi.c:34]--mysql:[user=root,pwd=lp86282176,database=cloud_disk][2020-03-25 15:55:46]--[src_cgi/mydisk_cgi.c:439]--query cmd=normal
[2020-03-25 15:55:46]--[src_cgi/mydisk_cgi.c:472]--buf = {
    "count": 1,
    "start": 0,
    "token": "44",
    "user": "lp13773477582"
}

[2020-03-25 15:55:46]--[src_cgi/mydisk_cgi.c:507]--user = vyUyGIUPr84M7jSX+NqX3Q==, token = 44, start = 0, count = 1
[2020-03-25 15:55:46]--[src_cgi/mydisk_cgi.c:286]--select user_file_list.*,file_info.url,file_info.size,file_info.type from file_info,user_file_list where user='vyUyGIUPr84M7jSX+NqX3Q==' and file_info.md5=user_file_list.md5 limit 0,1 在操作
[2020-03-25 15:56:16]--[src_cgi/mydisk_cgi.c:34]--mysql:[user=root,pwd=lp86282176,database=cloud_disk][2020-03-25 15:56:16]--[src_cgi/mydisk_cgi.c:439]--query cmd=count
[2020-03-25 15:56:16]--[src_cgi/mydisk_cgi.c:472]--buf = {
    "token": "87",
    "user": "lp13773477582"
}

[2020-03-25 15:56:16]--[src_cgi/mydisk_cgi.c:34]--mysql:[user=root,pwd=lp86282176,database=cloud_disk][2020-03-25 15:56:16]--[src_cgi/mydisk_cgi.c:439]--query cmd=normal
[2020-03-25 15:56:16]--[src_cgi/mydisk_cgi.c:472]--buf = {
    "count": 3,
    "start": 0,
    "token": "87",
    "user": "lp13773477582"
}

[2020-03-25 15:56:16]--[src_cgi/mydisk_cgi.c:507]--user = vyUyGIUPr84M7jSX+NqX3Q==, token = 87, start = 0, count = 3
[2020-03-25 15:56:16]--[src_cgi/mydisk_cgi.c:286]--select user_file_list.*,file_info.url,file_info.size,file_info.type from file_info,user_file_list where user='vyUyGIUPr84M7jSX+NqX3Q==' and file_info.md5=user_file_list.md5 limit 0,3 在操作
[2020-03-25 15:56:26]--[src_cgi/mydisk_cgi.c:34]--mysql:[user=root,pwd=lp86282176,database=cloud_disk][2020-03-25 15:56:26]--[src_cgi/mydisk_cgi.c:439]--query cmd=count
[2020-03-25 15:56:26]--[src_cgi/mydisk_cgi.c:472]--buf = {
    "token": "87",
    "user": "lp13773477582"
}

[2020-03-25 15:56:26]--[src_cgi/mydisk_cgi.c:34]--mysql:[user=root,pwd=lp86282176,database=cloud_disk][2020-03-25 15:56:26]--[src_cgi/mydisk_cgi.c:439]--query cmd=normal
[2020-03-25 15:56:26]--[src_cgi/mydisk_cgi.c:472]--buf = {
    "count": 3,
    "start": 0,
    "token": "87",
    "user": "lp13773477582"
}

[2020-03-25 15:56:26]--[src_cgi/mydisk_cgi.c:507]--user = vyUyGIUPr84M7jSX+NqX3Q==, token = 87, start = 0, count = 3
[2020-03-25 15:56:26]--[src_cgi/mydisk_cgi.c:286]--select user_file_list.*,file_info.url,file_info.size,file_info.type from file_info,user_file_list where user='vyUyGIUPr84M7jSX+NqX3Q==' and file_info.md5=user_file_list.md5 limit 0,3 在操作
[2020-03-25 15:57:44]--[src_cgi/mydisk_cgi.c:34]--mysql:[user=root,pwd=lp86282176,database=cloud_disk][2020-03-25 15:57:44]--[src_cgi/mydisk_cgi.c:439]--query cmd=count
[2020-03-25 15:57:44]--[src_cgi/mydisk_cgi.c:472]--buf = {
    "token": "c1",
    "user": "lp13773477582"
}

[2020-03-25 15:57:44]--[src_cgi/mydisk_cgi.c:34]--mysql:[user=root,pwd=lp86282176,database=cloud_disk][2020-03-25 15:57:44]--[src_cgi/mydisk_cgi.c:439]--query cmd=normal
[2020-03-25 15:57:44]--[src_cgi/mydisk_cgi.c:472]--buf = {
    "count": 3,
    "start": 0,
    "token": "c1",
    "user": "lp13773477582"
}

[2020-03-25 15:57:44]--[src_cgi/mydisk_cgi.c:507]--user = vyUyGIUPr84M7jSX+NqX3Q==, token = c1, start = 0, count = 3
[2020-03-25 15:57:44]--[src_cgi/mydisk_cgi.c:286]--select user_file_list.*,file_info.url,file_info.size,file_info.type from file_info,user_file_list where user='vyUyGIUPr84M7jSX+NqX3Q==' and file_info.md5=user_file_list.md5 limit 0,3 在操作
[2020-03-25 15:57:57]--[src_cgi/mydisk_cgi.c:34]--mysql:[user=root,pwd=lp86282176,database=cloud_disk][2020-03-25 15:57:57]--[src_cgi/mydisk_cgi.c:439]--query cmd=count
[2020-03-25 15:57:57]--[src_cgi/mydisk_cgi.c:472]--buf = {
    "token": "c1",
    "user": "lp13773477582"
}

[2020-03-25 15:57:57]--[src_cgi/mydisk_cgi.c:34]--mysql:[user=root,pwd=lp86282176,database=cloud_disk][2020-03-25 15:57:57]--[src_cgi/mydisk_cgi.c:439]--query cmd=normal
[2020-03-25 15:57:57]--[src_cgi/mydisk_cgi.c:472]--buf = {
    "count": 4,
    "start": 0,
    "token": "c1",
    "user": "lp13773477582"
}

[2020-03-25 15:57:57]--[src_cgi/mydisk_cgi.c:507]--user = vyUyGIUPr84M7jSX+NqX3Q==, token = c1, start = 0, count = 4
[2020-03-25 15:57:57]--[src_cgi/mydisk_cgi.c:286]--select user_file_list.*,file_info.url,file_info.size,file_info.type from file_info,user_file_list where user='vyUyGIUPr84M7jSX+NqX3Q==' and file_info.md5=user_file_list.md5 limit 0,4 在操作
[2020-03-25 15:59:04]--[src_cgi/mydisk_cgi.c:34]--mysql:[user=root,pwd=lp86282176,database=cloud_disk][2020-03-25 15:59:04]--[src_cgi/mydisk_cgi.c:439]--query cmd=count
[2020-03-25 15:59:04]--[src_cgi/mydisk_cgi.c:472]--buf = {
    "token": "09",
    "user": "lp13773477582"
}

[2020-03-25 15:59:04]--[src_cgi/mydisk_cgi.c:34]--mysql:[user=root,pwd=lp86282176,database=cloud_disk][2020-03-25 15:59:04]--[src_cgi/mydisk_cgi.c:439]--query cmd=normal
[2020-03-25 15:59:04]--[src_cgi/mydisk_cgi.c:472]--buf = {
    "count": 4,
    "start": 0,
    "token": "09",
    "user": "lp13773477582"
}

[2020-03-25 15:59:04]--[src_cgi/mydisk_cgi.c:507]--user = vyUyGIUPr84M7jSX+NqX3Q==, token = 09, start = 0, count = 4
[2020-03-25 15:59:04]--[src_cgi/mydisk_cgi.c:286]--select user_file_list.*,file_info.url,file_info.size,file_info.type from file_info,user_file_list where user='vyUyGIUPr84M7jSX+NqX3Q==' and file_info.md5=user_file_list.md5 limit 0,4 在操作
[2020-03-25 15:59:06]--[src_cgi/mydisk_cgi.c:34]--mysql:[user=root,pwd=lp86282176,database=cloud_disk][2020-03-25 15:59:06]--[src_cgi/mydisk_cgi.c:439]--query cmd=count
[2020-03-25 15:59:06]--[src_cgi/mydisk_cgi.c:472]--buf = {
    "token": "09",
    "user": "lp13773477582"
}

[2020-03-25 15:59:06]--[src_cgi/mydisk_cgi.c:34]--mysql:[user=root,pwd=lp86282176,database=cloud_disk][2020-03-25 15:59:06]--[src_cgi/mydisk_cgi.c:439]--query cmd=normal
[2020-03-25 15:59:06]--[src_cgi/mydisk_cgi.c:472]--buf = {
    "count": 4,
    "start": 0,
    "token": "09",
    "user": "lp13773477582"
}

[2020-03-25 15:59:06]--[src_cgi/mydisk_cgi.c:507]--user = vyUyGIUPr84M7jSX+NqX3Q==, token = 09, start = 0, count = 4
[2020-03-25 15:59:06]--[src_cgi/mydisk_cgi.c:286]--select user_file_list.*,file_info.url,file_info.size,file_info.type from file_info,user_file_list where user='vyUyGIUPr84M7jSX+NqX3Q==' and file_info.md5=user_file_list.md5 limit 0,4 在操作
[2020-03-25 15:59:36]--[src_cgi/mydisk_cgi.c:34]--mysql:[user=root,pwd=lp86282176,database=cloud_disk][2020-03-25 15:59:36]--[src_cgi/mydisk_cgi.c:439]--query cmd=count
[2020-03-25 15:59:36]--[src_cgi/mydisk_cgi.c:472]--buf = {
    "token": "5d",
    "user": "lp13773477582"
}

[2020-03-25 15:59:36]--[src_cgi/mydisk_cgi.c:34]--mysql:[user=root,pwd=lp86282176,database=cloud_disk][2020-03-25 15:59:36]--[src_cgi/mydisk_cgi.c:439]--query cmd=normal
[2020-03-25 15:59:36]--[src_cgi/mydisk_cgi.c:472]--buf = {
    "count": 4,
    "start": 0,
    "token": "5d",
    "user": "lp13773477582"
}

[2020-03-25 15:59:36]--[src_cgi/mydisk_cgi.c:507]--user = vyUyGIUPr84M7jSX+NqX3Q==, token = 5d, start = 0, count = 4
[2020-03-25 15:59:36]--[src_cgi/mydisk_cgi.c:286]--select user_file_list.*,file_info.url,file_info.size,file_info.type from file_info,user_file_list where user='vyUyGIUPr84M7jSX+NqX3Q==' and file_info.md5=user_file_list.md5 limit 0,4 在操作
[2020-03-25 16:03:24]--[src_cgi/mydisk_cgi.c:34]--mysql:[user=root,pwd=lp86282176,database=cloud_disk][2020-03-25 16:03:24]--[src_cgi/mydisk_cgi.c:439]--query cmd=count
[2020-03-25 16:03:24]--[src_cgi/mydisk_cgi.c:472]--buf = {
    "token": "51",
    "user": "lp13773477582"
}

[2020-03-25 16:03:24]--[src_cgi/mydisk_cgi.c:34]--mysql:[user=root,pwd=lp86282176,database=cloud_disk][2020-03-25 16:03:24]--[src_cgi/mydisk_cgi.c:439]--query cmd=normal
[2020-03-25 16:03:24]--[src_cgi/mydisk_cgi.c:472]--buf = {
    "count": 4,
    "start": 0,
    "token": "51",
    "user": "lp13773477582"
}

[2020-03-25 16:03:24]--[src_cgi/mydisk_cgi.c:507]--user = vyUyGIUPr84M7jSX+NqX3Q==, token = 51, start = 0, count = 4
[2020-03-25 16:03:24]--[src_cgi/mydisk_cgi.c:286]--select user_file_list.*,file_info.url,file_info.size,file_info.type from file_info,user_file_list where user='vyUyGIUPr84M7jSX+NqX3Q==' and file_info.md5=user_file_list.md5 limit 0,4 在操作
[2020-03-25 16:05:01]--[src_cgi/mydisk_cgi.c:34]--mysql:[user=root,pwd=lp86282176,database=cloud_disk][2020-03-25 16:05:01]--[src_cgi/mydisk_cgi.c:439]--query cmd=count
[2020-03-25 16:05:01]--[src_cgi/mydisk_cgi.c:472]--buf = {
    "token": "37",
    "user": "lp13773477582"
}

[2020-03-25 16:05:01]--[src_cgi/mydisk_cgi.c:34]--mysql:[user=root,pwd=lp86282176,database=cloud_disk][2020-03-25 16:05:01]--[src_cgi/mydisk_cgi.c:439]--query cmd=normal
[2020-03-25 16:05:01]--[src_cgi/mydisk_cgi.c:472]--buf = {
    "count": 4,
    "start": 0,
    "token": "37",
    "user": "lp13773477582"
}

[2020-03-25 16:05:01]--[src_cgi/mydisk_cgi.c:507]--user = vyUyGIUPr84M7jSX+NqX3Q==, token = 37, start = 0, count = 4
[2020-03-25 16:05:01]--[src_cgi/mydisk_cgi.c:286]--select user_file_list.*,file_info.url,file_info.size,file_info.type from file_info,user_file_list where user='vyUyGIUPr84M7jSX+NqX3Q==' and file_info.md5=user_file_list.md5 limit 0,4 在操作
[2020-03-25 16:05:53]--[src_cgi/mydisk_cgi.c:34]--mysql:[user=root,pwd=lp86282176,database=cloud_disk][2020-03-25 16:05:53]--[src_cgi/mydisk_cgi.c:439]--query cmd=count
[2020-03-25 16:05:53]--[src_cgi/mydisk_cgi.c:472]--buf = {
    "token": "d2",
    "user": "lp13773477582"
}

[2020-03-25 16:05:53]--[src_cgi/mydisk_cgi.c:34]--mysql:[user=root,pwd=lp86282176,database=cloud_disk][2020-03-25 16:05:53]--[src_cgi/mydisk_cgi.c:439]--query cmd=normal
[2020-03-25 16:05:53]--[src_cgi/mydisk_cgi.c:472]--buf = {
    "count": 4,
    "start": 0,
    "token": "d2",
    "user": "lp13773477582"
}

[2020-03-25 16:05:53]--[src_cgi/mydisk_cgi.c:507]--user = vyUyGIUPr84M7jSX+NqX3Q==, token = d2, start = 0, count = 4
[2020-03-25 16:05:53]--[src_cgi/mydisk_cgi.c:286]--select user_file_list.*,file_info.url,file_info.size,file_info.type from file_info,user_file_list where user='vyUyGIUPr84M7jSX+NqX3Q==' and file_info.md5=user_file_list.md5 limit 0,4 在操作
[2020-03-25 16:09:24]--[src_cgi/mydisk_cgi.c:34]--mysql:[user=root,pwd=lp86282176,database=cloud_disk][2020-03-25 16:09:24]--[src_cgi/mydisk_cgi.c:439]--query cmd=count
[2020-03-25 16:09:24]--[src_cgi/mydisk_cgi.c:472]--buf = {
    "token": "84",
    "user": "lp13773477582"
}

[2020-03-25 16:09:24]--[src_cgi/mydisk_cgi.c:34]--mysql:[user=root,pwd=lp86282176,database=cloud_disk][2020-03-25 16:09:24]--[src_cgi/mydisk_cgi.c:439]--query cmd=normal
[2020-03-25 16:09:24]--[src_cgi/mydisk_cgi.c:472]--buf = {
    "count": 4,
    "start": 0,
    "token": "84",
    "user": "lp13773477582"
}

[2020-03-25 16:09:24]--[src_cgi/mydisk_cgi.c:507]--user = vyUyGIUPr84M7jSX+NqX3Q==, token = 84, start = 0, count = 4
[2020-03-25 16:09:24]--[src_cgi/mydisk_cgi.c:286]--select user_file_list.*,file_info.url,file_info.size,file_info.type from file_info,user_file_list where user='vyUyGIUPr84M7jSX+NqX3Q==' and file_info.md5=user_file_list.md5 limit 0,4 在操作
[2020-03-25 16:12:16]--[src_cgi/mydisk_cgi.c:34]--mysql:[user=root,pwd=lp86282176,database=cloud_disk][2020-03-25 16:12:16]--[src_cgi/mydisk_cgi.c:439]--query cmd=count
[2020-03-25 16:12:16]--[src_cgi/mydisk_cgi.c:472]--buf = {
    "token": "55",
    "user": "lp13773477582"
}

[2020-03-25 16:12:16]--[src_cgi/mydisk_cgi.c:34]--mysql:[user=root,pwd=lp86282176,database=cloud_disk][2020-03-25 16:12:16]--[src_cgi/mydisk_cgi.c:439]--query cmd=normal
[2020-03-25 16:12:16]--[src_cgi/mydisk_cgi.c:472]--buf = {
    "count": 4,
    "start": 0,
    "token": "55",
    "user": "lp13773477582"
}

[2020-03-25 16:12:16]--[src_cgi/mydisk_cgi.c:507]--user = vyUyGIUPr84M7jSX+NqX3Q==, token = 55, start = 0, count = 4
[2020-03-25 16:12:16]--[src_cgi/mydisk_cgi.c:286]--select user_file_list.*,file_info.url,file_info.size,file_info.type from file_info,user_file_list where user='vyUyGIUPr84M7jSX+NqX3Q==' and file_info.md5=user_file_list.md5 limit 0,4 在操作
[2020-03-25 16:12:32]--[src_cgi/mydisk_cgi.c:34]--mysql:[user=root,pwd=lp86282176,database=cloud_disk][2020-03-25 16:12:32]--[src_cgi/mydisk_cgi.c:439]--query cmd=count
[2020-03-25 16:12:32]--[src_cgi/mydisk_cgi.c:472]--buf = {
    "token": "55",
    "user": "lp13773477582"
}

[2020-03-25 16:12:32]--[src_cgi/mydisk_cgi.c:34]--mysql:[user=root,pwd=lp86282176,database=cloud_disk][2020-03-25 16:12:32]--[src_cgi/mydisk_cgi.c:439]--query cmd=normal
[2020-03-25 16:12:32]--[src_cgi/mydisk_cgi.c:472]--buf = {
    "count": 4,
    "start": 0,
    "token": "55",
    "user": "lp13773477582"
}

[2020-03-25 16:12:32]--[src_cgi/mydisk_cgi.c:507]--user = vyUyGIUPr84M7jSX+NqX3Q==, token = 55, start = 0, count = 4
[2020-03-25 16:12:32]--[src_cgi/mydisk_cgi.c:286]--select user_file_list.*,file_info.url,file_info.size,file_info.type from file_info,user_file_list where user='vyUyGIUPr84M7jSX+NqX3Q==' and file_info.md5=user_file_list.md5 limit 0,4 在操作
[2020-03-25 16:13:23]--[src_cgi/mydisk_cgi.c:34]--mysql:[user=root,pwd=lp86282176,database=cloud_disk][2020-03-25 16:13:23]--[src_cgi/mydisk_cgi.c:439]--query cmd=count
[2020-03-25 16:13:23]--[src_cgi/mydisk_cgi.c:472]--buf = {
    "token": "c4",
    "user": "lp13773477582"
}

[2020-03-25 16:13:23]--[src_cgi/mydisk_cgi.c:34]--mysql:[user=root,pwd=lp86282176,database=cloud_disk][2020-03-25 16:13:23]--[src_cgi/mydisk_cgi.c:439]--query cmd=normal
[2020-03-25 16:13:23]--[src_cgi/mydisk_cgi.c:472]--buf = {
    "count": 4,
    "start": 0,
    "token": "c4",
    "user": "lp13773477582"
}

[2020-03-25 16:13:23]--[src_cgi/mydisk_cgi.c:507]--user = vyUyGIUPr84M7jSX+NqX3Q==, token = c4, start = 0, count = 4
[2020-03-25 16:13:23]--[src_cgi/mydisk_cgi.c:286]--select user_file_list.*,file_info.url,file_info.size,file_info.type from file_info,user_file_list where user='vyUyGIUPr84M7jSX+NqX3Q==' and file_info.md5=user_file_list.md5 limit 0,4 在操作
[2020-03-25 16:16:12]--[src_cgi/mydisk_cgi.c:34]--mysql:[user=root,pwd=lp86282176,database=cloud_disk][2020-03-25 16:16:12]--[src_cgi/mydisk_cgi.c:439]--query cmd=count
[2020-03-25 16:16:12]--[src_cgi/mydisk_cgi.c:472]--buf = {
    "token": "22",
    "user": "lp13773477582"
}

[2020-03-25 16:16:12]--[src_cgi/mydisk_cgi.c:34]--mysql:[user=root,pwd=lp86282176,database=cloud_disk][2020-03-25 16:16:12]--[src_cgi/mydisk_cgi.c:439]--query cmd=normal
[2020-03-25 16:16:12]--[src_cgi/mydisk_cgi.c:472]--buf = {
    "count": 4,
    "start": 0,
    "token": "22",
    "user": "lp13773477582"
}

[2020-03-25 16:16:12]--[src_cgi/mydisk_cgi.c:507]--user = vyUyGIUPr84M7jSX+NqX3Q==, token = 22, start = 0, count = 4
[2020-03-25 16:16:12]--[src_cgi/mydisk_cgi.c:286]--select user_file_list.*,file_info.url,file_info.size,file_info.type from file_info,user_file_list where user='vyUyGIUPr84M7jSX+NqX3Q==' and file_info.md5=user_file_list.md5 limit 0,4 在操作
[2020-03-25 16:17:08]--[src_cgi/mydisk_cgi.c:34]--mysql:[user=root,pwd=lp86282176,database=cloud_disk][2020-03-25 16:17:08]--[src_cgi/mydisk_cgi.c:439]--query cmd=count
[2020-03-25 16:17:08]--[src_cgi/mydisk_cgi.c:472]--buf = {
    "token": "22",
    "user": "lp13773477582"
}

[2020-03-25 16:17:08]--[src_cgi/mydisk_cgi.c:34]--mysql:[user=root,pwd=lp86282176,database=cloud_disk][2020-03-25 16:17:08]--[src_cgi/mydisk_cgi.c:439]--query cmd=normal
[2020-03-25 16:17:08]--[src_cgi/mydisk_cgi.c:472]--buf = {
    "count": 5,
    "start": 0,
    "token": "22",
    "user": "lp13773477582"
}

[2020-03-25 16:17:08]--[src_cgi/mydisk_cgi.c:507]--user = vyUyGIUPr84M7jSX+NqX3Q==, token = 22, start = 0, count = 5
[2020-03-25 16:17:08]--[src_cgi/mydisk_cgi.c:286]--select user_file_list.*,file_info.url,file_info.size,file_info.type from file_info,user_file_list where user='vyUyGIUPr84M7jSX+NqX3Q==' and file_info.md5=user_file_list.md5 limit 0,5 在操作
[2020-03-25 16:17:53]--[src_cgi/mydisk_cgi.c:34]--mysql:[user=root,pwd=lp86282176,database=cloud_disk][2020-03-25 16:17:53]--[src_cgi/mydisk_cgi.c:439]--query cmd=count
[2020-03-25 16:17:53]--[src_cgi/mydisk_cgi.c:472]--buf = {
    "token": "83",
    "user": "lp13773477582"
}

[2020-03-25 16:17:53]--[src_cgi/mydisk_cgi.c:34]--mysql:[user=root,pwd=lp86282176,database=cloud_disk][2020-03-25 16:17:53]--[src_cgi/mydisk_cgi.c:439]--query cmd=normal
[2020-03-25 16:17:53]--[src_cgi/mydisk_cgi.c:472]--buf = {
    "count": 5,
    "start": 0,
    "token": "83",
    "user": "lp13773477582"
}

[2020-03-25 16:17:53]--[src_cgi/mydisk_cgi.c:507]--user = vyUyGIUPr84M7jSX+NqX3Q==, token = 83, start = 0, count = 5
[2020-03-25 16:17:53]--[src_cgi/mydisk_cgi.c:286]--select user_file_list.*,file_info.url,file_info.size,file_info.type from file_info,user_file_list where user='vyUyGIUPr84M7jSX+NqX3Q==' and file_info.md5=user_file_list.md5 limit 0,5 在操作
[2020-03-25 16:18:09]--[src_cgi/mydisk_cgi.c:34]--mysql:[user=root,pwd=lp86282176,database=cloud_disk][2020-03-25 16:18:09]--[src_cgi/mydisk_cgi.c:439]--query cmd=count
[2020-03-25 16:18:09]--[src_cgi/mydisk_cgi.c:472]--buf = {
    "token": "83",
    "user": "lp13773477582"
}

[2020-03-25 16:18:09]--[src_cgi/mydisk_cgi.c:34]--mysql:[user=root,pwd=lp86282176,database=cloud_disk][2020-03-25 16:18:09]--[src_cgi/mydisk_cgi.c:439]--query cmd=normal
[2020-03-25 16:18:09]--[src_cgi/mydisk_cgi.c:472]--buf = {
    "count": 6,
    "start": 0,
    "token": "83",
    "user": "lp13773477582"
}

[2020-03-25 16:18:09]--[src_cgi/mydisk_cgi.c:507]--user = vyUyGIUPr84M7jSX+NqX3Q==, token = 83, start = 0, count = 6
[2020-03-25 16:18:09]--[src_cgi/mydisk_cgi.c:286]--select user_file_list.*,file_info.url,file_info.size,file_info.type from file_info,user_file_list where user='vyUyGIUPr84M7jSX+NqX3Q==' and file_info.md5=user_file_list.md5 limit 0,6 在操作
[2020-03-25 16:18:34]--[src_cgi/mydisk_cgi.c:34]--mysql:[user=root,pwd=lp86282176,database=cloud_disk][2020-03-25 16:18:34]--[src_cgi/mydisk_cgi.c:439]--query cmd=count
[2020-03-25 16:18:34]--[src_cgi/mydisk_cgi.c:472]--buf = {
    "token": "5e",
    "user": "lp13773477582"
}

[2020-03-25 16:18:34]--[src_cgi/mydisk_cgi.c:34]--mysql:[user=root,pwd=lp86282176,database=cloud_disk][2020-03-25 16:18:34]--[src_cgi/mydisk_cgi.c:439]--query cmd=normal
[2020-03-25 16:18:34]--[src_cgi/mydisk_cgi.c:472]--buf = {
    "count": 6,
    "start": 0,
    "token": "5e",
    "user": "lp13773477582"
}

[2020-03-25 16:18:34]--[src_cgi/mydisk_cgi.c:507]--user = vyUyGIUPr84M7jSX+NqX3Q==, token = 5e, start = 0, count = 6
[2020-03-25 16:18:34]--[src_cgi/mydisk_cgi.c:286]--select user_file_list.*,file_info.url,file_info.size,file_info.type from file_info,user_file_list where user='vyUyGIUPr84M7jSX+NqX3Q==' and file_info.md5=user_file_list.md5 limit 0,6 在操作
[2020-03-25 16:19:51]--[src_cgi/mydisk_cgi.c:34]--mysql:[user=root,pwd=lp86282176,database=cloud_disk][2020-03-25 16:19:51]--[src_cgi/mydisk_cgi.c:439]--query cmd=count
[2020-03-25 16:19:51]--[src_cgi/mydisk_cgi.c:472]--buf = {
    "token": "5e",
    "user": "lp13773477582"
}

[2020-03-25 16:19:51]--[src_cgi/mydisk_cgi.c:34]--mysql:[user=root,pwd=lp86282176,database=cloud_disk][2020-03-25 16:19:51]--[src_cgi/mydisk_cgi.c:439]--query cmd=normal
[2020-03-25 16:19:51]--[src_cgi/mydisk_cgi.c:472]--buf = {
    "count": 7,
    "start": 0,
    "token": "5e",
    "user": "lp13773477582"
}

[2020-03-25 16:19:51]--[src_cgi/mydisk_cgi.c:507]--user = vyUyGIUPr84M7jSX+NqX3Q==, token = 5e, start = 0, count = 7
[2020-03-25 16:19:51]--[src_cgi/mydisk_cgi.c:286]--select user_file_list.*,file_info.url,file_info.size,file_info.type from file_info,user_file_list where user='vyUyGIUPr84M7jSX+NqX3Q==' and file_info.md5=user_file_list.md5 limit 0,7 在操作
[2020-03-25 16:20:32]--[src_cgi/mydisk_cgi.c:34]--mysql:[user=root,pwd=lp86282176,database=cloud_disk][2020-03-25 16:20:32]--[src_cgi/mydisk_cgi.c:439]--query cmd=count
[2020-03-25 16:20:32]--[src_cgi/mydisk_cgi.c:472]--buf = {
    "token": "7b",
    "user": "lp13773477582"
}

[2020-03-25 16:20:32]--[src_cgi/mydisk_cgi.c:34]--mysql:[user=root,pwd=lp86282176,database=cloud_disk][2020-03-25 16:20:32]--[src_cgi/mydisk_cgi.c:439]--query cmd=normal
[2020-03-25 16:20:32]--[src_cgi/mydisk_cgi.c:472]--buf = {
    "count": 7,
    "start": 0,
    "token": "7b",
    "user": "lp13773477582"
}

[2020-03-25 16:20:32]--[src_cgi/mydisk_cgi.c:507]--user = vyUyGIUPr84M7jSX+NqX3Q==, token = 7b, start = 0, count = 7
[2020-03-25 16:20:32]--[src_cgi/mydisk_cgi.c:286]--select user_file_list.*,file_info.url,file_info.size,file_info.type from file_info,user_file_list where user='vyUyGIUPr84M7jSX+NqX3Q==' and file_info.md5=user_file_list.md5 limit 0,7 在操作
[2020-03-25 16:21:02]--[src_cgi/mydisk_cgi.c:34]--mysql:[user=root,pwd=lp86282176,database=cloud_disk][2020-03-25 16:21:02]--[src_cgi/mydisk_cgi.c:439]--query cmd=count
[2020-03-25 16:21:02]--[src_cgi/mydisk_cgi.c:472]--buf = {
    "token": "7b",
    "user": "lp13773477582"
}

[2020-03-25 16:21:02]--[src_cgi/mydisk_cgi.c:34]--mysql:[user=root,pwd=lp86282176,database=cloud_disk][2020-03-25 16:21:02]--[src_cgi/mydisk_cgi.c:439]--query cmd=normal
[2020-03-25 16:21:02]--[src_cgi/mydisk_cgi.c:472]--buf = {
    "count": 7,
    "start": 0,
    "token": "7b",
    "user": "lp13773477582"
}

[2020-03-25 16:21:02]--[src_cgi/mydisk_cgi.c:507]--user = vyUyGIUPr84M7jSX+NqX3Q==, token = 7b, start = 0, count = 7
[2020-03-25 16:21:02]--[src_cgi/mydisk_cgi.c:286]--select user_file_list.*,file_info.url,file_info.size,file_info.type from file_info,user_file_list where user='vyUyGIUPr84M7jSX+NqX3Q==' and file_info.md5=user_file_list.md5 limit 0,7 在操作
[2020-03-25 16:21:04]--[src_cgi/mydisk_cgi.c:34]--mysql:[user=root,pwd=lp86282176,database=cloud_disk][2020-03-25 16:21:04]--[src_cgi/mydisk_cgi.c:439]--query cmd=count
[2020-03-25 16:21:04]--[src_cgi/mydisk_cgi.c:472]--buf = {
    "token": "7b",
    "user": "lp13773477582"
}

[2020-03-25 16:21:04]--[src_cgi/mydisk_cgi.c:34]--mysql:[user=root,pwd=lp86282176,database=cloud_disk][2020-03-25 16:21:04]--[src_cgi/mydisk_cgi.c:439]--query cmd=normal
[2020-03-25 16:21:04]--[src_cgi/mydisk_cgi.c:472]--buf = {
    "count": 7,
    "start": 0,
    "token": "7b",
    "user": "lp13773477582"
}

[2020-03-25 16:21:04]--[src_cgi/mydisk_cgi.c:507]--user = vyUyGIUPr84M7jSX+NqX3Q==, token = 7b, start = 0, count = 7
[2020-03-25 16:21:04]--[src_cgi/mydisk_cgi.c:286]--select user_file_list.*,file_info.url,file_info.size,file_info.type from file_info,user_file_list where user='vyUyGIUPr84M7jSX+NqX3Q==' and file_info.md5=user_file_list.md5 limit 0,7 在操作
[2020-03-25 16:24:04]--[src_cgi/mydisk_cgi.c:34]--mysql:[user=root,pwd=lp86282176,database=cloud_disk][2020-03-25 16:24:04]--[src_cgi/mydisk_cgi.c:439]--query cmd=count
[2020-03-25 16:24:04]--[src_cgi/mydisk_cgi.c:472]--buf = {
    "token": "06",
    "user": "lp13773477582"
}

[2020-03-25 16:24:04]--[src_cgi/mydisk_cgi.c:34]--mysql:[user=root,pwd=lp86282176,database=cloud_disk][2020-03-25 16:24:04]--[src_cgi/mydisk_cgi.c:439]--query cmd=normal
[2020-03-25 16:24:04]--[src_cgi/mydisk_cgi.c:472]--buf = {
    "count": 7,
    "start": 0,
    "token": "06",
    "user": "lp13773477582"
}

[2020-03-25 16:24:04]--[src_cgi/mydisk_cgi.c:507]--user = vyUyGIUPr84M7jSX+NqX3Q==, token = 06, start = 0, count = 7
[2020-03-25 16:24:04]--[src_cgi/mydisk_cgi.c:286]--select user_file_list.*,file_info.url,file_info.size,file_info.type from file_info,user_file_list where user='vyUyGIUPr84M7jSX+NqX3Q==' and file_info.md5=user_file_list.md5 limit 0,7 在操作
[2020-03-25 16:24:43]--[src_cgi/mydisk_cgi.c:34]--mysql:[user=root,pwd=lp86282176,database=cloud_disk][2020-03-25 16:24:43]--[src_cgi/mydisk_cgi.c:439]--query cmd=count
[2020-03-25 16:24:43]--[src_cgi/mydisk_cgi.c:472]--buf = {
    "token": "06",
    "user": "lp13773477582"
}

[2020-03-25 16:24:43]--[src_cgi/mydisk_cgi.c:34]--mysql:[user=root,pwd=lp86282176,database=cloud_disk][2020-03-25 16:24:43]--[src_cgi/mydisk_cgi.c:439]--query cmd=normal
[2020-03-25 16:24:43]--[src_cgi/mydisk_cgi.c:472]--buf = {
    "count": 7,
    "start": 0,
    "token": "06",
    "user": "lp13773477582"
}

[2020-03-25 16:24:43]--[src_cgi/mydisk_cgi.c:507]--user = vyUyGIUPr84M7jSX+NqX3Q==, token = 06, start = 0, count = 7
[2020-03-25 16:24:43]--[src_cgi/mydisk_cgi.c:286]--select user_file_list.*,file_info.url,file_info.size,file_info.type from file_info,user_file_list where user='vyUyGIUPr84M7jSX+NqX3Q==' and file_info.md5=user_file_list.md5 limit 0,7 在操作
[2020-03-25 16:26:34]--[src_cgi/mydisk_cgi.c:34]--mysql:[user=root,pwd=lp86282176,database=cloud_disk][2020-03-25 16:26:34]--[src_cgi/mydisk_cgi.c:439]--query cmd=count
[2020-03-25 16:26:34]--[src_cgi/mydisk_cgi.c:472]--buf = {
    "token": "36",
    "user": "lp13773477582"
}

[2020-03-25 16:26:34]--[src_cgi/mydisk_cgi.c:34]--mysql:[user=root,pwd=lp86282176,database=cloud_disk][2020-03-25 16:26:34]--[src_cgi/mydisk_cgi.c:439]--query cmd=normal
[2020-03-25 16:26:34]--[src_cgi/mydisk_cgi.c:472]--buf = {
    "count": 7,
    "start": 0,
    "token": "36",
    "user": "lp13773477582"
}

[2020-03-25 16:26:34]--[src_cgi/mydisk_cgi.c:507]--user = vyUyGIUPr84M7jSX+NqX3Q==, token = 36, start = 0, count = 7
[2020-03-25 16:26:34]--[src_cgi/mydisk_cgi.c:286]--select user_file_list.*,file_info.url,file_info.size,file_info.type from file_info,user_file_list where user='vyUyGIUPr84M7jSX+NqX3Q==' and file_info.md5=user_file_list.md5 limit 0,7 在操作
[2020-03-25 16:26:54]--[src_cgi/mydisk_cgi.c:34]--mysql:[user=root,pwd=lp86282176,database=cloud_disk][2020-03-25 16:26:54]--[src_cgi/mydisk_cgi.c:439]--query cmd=count
[2020-03-25 16:26:54]--[src_cgi/mydisk_cgi.c:472]--buf = {
    "token": "36",
    "user": "lp13773477582"
}

[2020-03-25 16:26:54]--[src_cgi/mydisk_cgi.c:34]--mysql:[user=root,pwd=lp86282176,database=cloud_disk][2020-03-25 16:26:54]--[src_cgi/mydisk_cgi.c:439]--query cmd=normal
[2020-03-25 16:26:54]--[src_cgi/mydisk_cgi.c:472]--buf = {
    "count": 7,
    "start": 0,
    "token": "36",
    "user": "lp13773477582"
}

[2020-03-25 16:26:54]--[src_cgi/mydisk_cgi.c:507]--user = vyUyGIUPr84M7jSX+NqX3Q==, token = 36, start = 0, count = 7
[2020-03-25 16:26:54]--[src_cgi/mydisk_cgi.c:286]--select user_file_list.*,file_info.url,file_info.size,file_info.type from file_info,user_file_list where user='vyUyGIUPr84M7jSX+NqX3Q==' and file_info.md5=user_file_list.md5 limit 0,7 在操作
