[2020-03-27 15:22:04]--[src_cgi/mydisk_cgi.c:34]--mysql:[user=root,pwd=lp86282176,database=cloud_disk][2020-03-27 15:22:04]--[src_cgi/mydisk_cgi.c:439]--query cmd=count
[2020-03-27 15:22:04]--[src_cgi/mydisk_cgi.c:472]--buf = {
    "token": "10",
    "user": "lp13773477582"
}

[2020-03-27 15:22:04]--[src_cgi/mydisk_cgi.c:34]--mysql:[user=root,pwd=lp86282176,database=cloud_disk][2020-03-27 15:22:04]--[src_cgi/mydisk_cgi.c:439]--query cmd=normal
[2020-03-27 15:22:04]--[src_cgi/mydisk_cgi.c:472]--buf = {
    "count": 7,
    "start": 0,
    "token": "10",
    "user": "lp13773477582"
}

[2020-03-27 15:22:04]--[src_cgi/mydisk_cgi.c:507]--user = vyUyGIUPr84M7jSX+NqX3Q==, token = 10, start = 0, count = 7
[2020-03-27 15:22:04]--[src_cgi/mydisk_cgi.c:286]--select user_file_list.*,file_info.url,file_info.size,file_info.type from file_info,user_file_list where user='vyUyGIUPr84M7jSX+NqX3Q==' and file_info.md5=user_file_list.md5 limit 0,7 在操作
[2020-03-27 15:22:27]--[src_cgi/mydisk_cgi.c:34]--mysql:[user=root,pwd=lp86282176,database=cloud_disk][2020-03-27 15:22:27]--[src_cgi/mydisk_cgi.c:439]--query cmd=count
[2020-03-27 15:22:27]--[src_cgi/mydisk_cgi.c:472]--buf = {
    "token": "10",
    "user": "lp13773477582"
}

[2020-03-27 15:22:27]--[src_cgi/mydisk_cgi.c:34]--mysql:[user=root,pwd=lp86282176,database=cloud_disk][2020-03-27 15:22:27]--[src_cgi/mydisk_cgi.c:439]--query cmd=normal
[2020-03-27 15:22:27]--[src_cgi/mydisk_cgi.c:472]--buf = {
    "count": 7,
    "start": 0,
    "token": "10",
    "user": "lp13773477582"
}

[2020-03-27 15:22:27]--[src_cgi/mydisk_cgi.c:507]--user = vyUyGIUPr84M7jSX+NqX3Q==, token = 10, start = 0, count = 7
[2020-03-27 15:22:27]--[src_cgi/mydisk_cgi.c:286]--select user_file_list.*,file_info.url,file_info.size,file_info.type from file_info,user_file_list where user='vyUyGIUPr84M7jSX+NqX3Q==' and file_info.md5=user_file_list.md5 limit 0,7 在操作
