[2020-03-25 14:16:32]--[src_cgi/sharefile_cgi.c:36]--mysql:[user=,pwd=,database=][2020-03-25 14:16:32]--[src_cgi/sharefile_cgi.c:41]--redis:[ip=,port=]
[2020-03-25 14:29:48]--[src_cgi/sharefile_cgi.c:36]--mysql:[user=,pwd=,database=][2020-03-25 14:29:48]--[src_cgi/sharefile_cgi.c:41]--redis:[ip=,port=]
[2020-03-25 14:30:11]--[src_cgi/sharefile_cgi.c:535]--cmd = count
[2020-03-25 14:30:11]--[src_cgi/sharefile_cgi.c:54]--msql_conn err
[2020-03-25 14:30:11]--[src_cgi/sharefile_cgi.c:77]--line = 0
[2020-03-25 14:30:12]--[src_cgi/sharefile_cgi.c:535]--cmd = count
[2020-03-25 14:30:12]--[src_cgi/sharefile_cgi.c:54]--msql_conn err
[2020-03-25 14:30:12]--[src_cgi/sharefile_cgi.c:77]--line = 0
[2020-03-25 14:36:40]--[src_cgi/sharefile_cgi.c:36]--mysql:[user=root,pwd=lp86282176,database=cloud_disk][2020-03-25 14:36:40]--[src_cgi/sharefile_cgi.c:41]--redis:[ip=127.0.0.1,port=6379]
[2020-03-25 14:36:40]--[src_cgi/sharefile_cgi.c:536]--cmd = count
[2020-03-25 14:36:40]--[src_cgi/sharefile_cgi.c:77]--line = 4
[2020-03-25 14:36:40]--[src_cgi/sharefile_cgi.c:36]--mysql:[user=root,pwd=lp86282176,database=cloud_disk][2020-03-25 14:36:40]--[src_cgi/sharefile_cgi.c:41]--redis:[ip=127.0.0.1,port=6379]
[2020-03-25 14:36:40]--[src_cgi/sharefile_cgi.c:536]--cmd = normal
[2020-03-25 14:36:40]--[src_cgi/sharefile_cgi.c:572]--buf = {
    "count": 4,
    "start": 0
}

[2020-03-25 14:36:40]--[src_cgi/sharefile_cgi.c:578]--start = 0, count = 4
[2020-03-25 14:36:40]--[src_cgi/sharefile_cgi.c:157]--select share_file_list.*,file_info.url,file_info.size,file_info.type  from file_info,share_file_list where file_info.md5 = share_file_list.md5 limit 0,4 在操作
[2020-03-25 14:36:40]--[src_cgi/sharefile_cgi.c:254]--{
	"files":	[{
			"user":	"vyUyGIUPr84M7jSX+NqX3Q==",
			"md5":	"ca7410cbdbf4ff5c31932ba985daeaba",
			"time":	"2020-03-14 20:59:12",
			"filename":	"bmp.png",
			"sharestatus":	1,
			"pv":	0,
			"url":	"http:// 192.168.43.34:80/group1/M00/00/00/wKgrIl5eJ-eAQcN-AABf_Rg9GcI147.png",
			"size":	24573,
			"type":	"png"
		}, {
			"user":	"vyUyGIUPr84M7jSX+NqX3Q==",
			"md5":	"68998a52de5e0dd4f081329b0d6bf736",
			"time":	"2020-03-14 20:59:18",
			"filename":	"jsf.png",
			"sharestatus":	1,
			"pv":	1,
			"url":	"http:// 192.168.43.34:80/group1/M00/00/00/wKgrIl5eLvGAc8qzAABQHUoyPCU339.png",
			"size":	20509,
			"type":	"png"
		}, {
			"user":	"vyUyGIUPr84M7jSX+NqX3Q==",
			"md5":	"59381fec7e122866f2232188b924a829",
			"time":	"2020-03-16 16:26:53",
			"filename":	"截图.png",
			"sharestatus":	1,
			"pv":	1,
			"url":	"http:// 192.168.43.34:80/group1/M00/00/00/wKgrIl5eDjGAccHOAAQdtbK6eBw635.png",
			"size":	269749,
			"type":	"png"
		}, {
			"user":	"vyUyGIUPr84M7jSX+NqX3Q==",
			"md5":	"bd1e3b47ef1d6634a306c44695367af0",
			"time":	"2020-03-16 16:26:58",
			"filename":	"捕获1.PNG",
			"sharestatus":	1,
			"pv":	0,
			"url":	"http:// 192.168.43.34:80/group1/M00/00/00/wKgrIl5eBsaAPtGOAAKLTlXJHu4165.PNG",
			"size":	166734,
			"type":	"PNG"
		}]
}
[2020-03-25 14:36:41]--[src_cgi/sharefile_cgi.c:36]--mysql:[user=root,pwd=lp86282176,database=cloud_disk][2020-03-25 14:36:41]--[src_cgi/sharefile_cgi.c:41]--redis:[ip=127.0.0.1,port=6379]
[2020-03-25 14:36:41]--[src_cgi/sharefile_cgi.c:536]--cmd = count
[2020-03-25 14:36:41]--[src_cgi/sharefile_cgi.c:77]--line = 4
[2020-03-25 14:36:41]--[src_cgi/sharefile_cgi.c:36]--mysql:[user=root,pwd=lp86282176,database=cloud_disk][2020-03-25 14:36:41]--[src_cgi/sharefile_cgi.c:41]--redis:[ip=127.0.0.1,port=6379]
[2020-03-25 14:36:41]--[src_cgi/sharefile_cgi.c:536]--cmd = pvdesc
[2020-03-25 14:36:41]--[src_cgi/sharefile_cgi.c:572]--buf = {
    "count": 4,
    "start": 0
}

[2020-03-25 14:36:41]--[src_cgi/sharefile_cgi.c:578]--start = 0, count = 4
[2020-03-25 14:36:41]--[src_cgi/sharefile_cgi.c:358]--sql_num=4,redis_num=4
[2020-03-25 14:36:41]--[src_cgi/sharefile_cgi.c:474]--out:{
	"files":	[{
			"filename":	"jsf.png",
			"pv":	1
		}, {
			"filename":	"截图.png",
			"pv":	1
		}, {
			"filename":	"bmp.png",
			"pv":	0
		}, {
			"filename":	"捕获1.PNG",
			"pv":	0
		}]
}
[2020-03-25 14:36:44]--[src_cgi/sharefile_cgi.c:36]--mysql:[user=root,pwd=lp86282176,database=cloud_disk][2020-03-25 14:36:44]--[src_cgi/sharefile_cgi.c:41]--redis:[ip=127.0.0.1,port=6379]
[2020-03-25 14:36:44]--[src_cgi/sharefile_cgi.c:536]--cmd = count
[2020-03-25 14:36:44]--[src_cgi/sharefile_cgi.c:77]--line = 4
[2020-03-25 14:36:44]--[src_cgi/sharefile_cgi.c:36]--mysql:[user=root,pwd=lp86282176,database=cloud_disk][2020-03-25 14:36:44]--[src_cgi/sharefile_cgi.c:41]--redis:[ip=127.0.0.1,port=6379]
[2020-03-25 14:36:44]--[src_cgi/sharefile_cgi.c:536]--cmd = normal
[2020-03-25 14:36:44]--[src_cgi/sharefile_cgi.c:572]--buf = {
    "count": 4,
    "start": 0
}

[2020-03-25 14:36:44]--[src_cgi/sharefile_cgi.c:578]--start = 0, count = 4
[2020-03-25 14:36:44]--[src_cgi/sharefile_cgi.c:157]--select share_file_list.*,file_info.url,file_info.size,file_info.type  from file_info,share_file_list where file_info.md5 = share_file_list.md5 limit 0,4 在操作
[2020-03-25 14:36:44]--[src_cgi/sharefile_cgi.c:254]--{
	"files":	[{
			"user":	"vyUyGIUPr84M7jSX+NqX3Q==",
			"md5":	"ca7410cbdbf4ff5c31932ba985daeaba",
			"time":	"2020-03-14 20:59:12",
			"filename":	"bmp.png",
			"sharestatus":	1,
			"pv":	0,
			"url":	"http:// 192.168.43.34:80/group1/M00/00/00/wKgrIl5eJ-eAQcN-AABf_Rg9GcI147.png",
			"size":	24573,
			"type":	"png"
		}, {
			"user":	"vyUyGIUPr84M7jSX+NqX3Q==",
			"md5":	"68998a52de5e0dd4f081329b0d6bf736",
			"time":	"2020-03-14 20:59:18",
			"filename":	"jsf.png",
			"sharestatus":	1,
			"pv":	1,
			"url":	"http:// 192.168.43.34:80/group1/M00/00/00/wKgrIl5eLvGAc8qzAABQHUoyPCU339.png",
			"size":	20509,
			"type":	"png"
		}, {
			"user":	"vyUyGIUPr84M7jSX+NqX3Q==",
			"md5":	"59381fec7e122866f2232188b924a829",
			"time":	"2020-03-16 16:26:53",
			"filename":	"截图.png",
			"sharestatus":	1,
			"pv":	1,
			"url":	"http:// 192.168.43.34:80/group1/M00/00/00/wKgrIl5eDjGAccHOAAQdtbK6eBw635.png",
			"size":	269749,
			"type":	"png"
		}, {
			"user":	"vyUyGIUPr84M7jSX+NqX3Q==",
			"md5":	"bd1e3b47ef1d6634a306c44695367af0",
			"time":	"2020-03-16 16:26:58",
			"filename":	"捕获1.PNG",
			"sharestatus":	1,
			"pv":	0,
			"url":	"http:// 192.168.43.34:80/group1/M00/00/00/wKgrIl5eBsaAPtGOAAKLTlXJHu4165.PNG",
			"size":	166734,
			"type":	"PNG"
		}]
}
[2020-03-25 15:31:32]--[src_cgi/sharefile_cgi.c:36]--mysql:[user=root,pwd=lp86282176,database=cloud_disk][2020-03-25 15:31:32]--[src_cgi/sharefile_cgi.c:41]--redis:[ip=127.0.0.1,port=6379]
[2020-03-25 15:31:32]--[src_cgi/sharefile_cgi.c:536]--cmd = count
[2020-03-25 15:31:32]--[src_cgi/sharefile_cgi.c:77]--line = 0
[2020-03-25 15:31:33]--[src_cgi/sharefile_cgi.c:36]--mysql:[user=root,pwd=lp86282176,database=cloud_disk][2020-03-25 15:31:33]--[src_cgi/sharefile_cgi.c:41]--redis:[ip=127.0.0.1,port=6379]
[2020-03-25 15:31:33]--[src_cgi/sharefile_cgi.c:536]--cmd = count
[2020-03-25 15:31:33]--[src_cgi/sharefile_cgi.c:77]--line = 0
[2020-03-25 15:59:12]--[src_cgi/sharefile_cgi.c:36]--mysql:[user=root,pwd=lp86282176,database=cloud_disk][2020-03-25 15:59:12]--[src_cgi/sharefile_cgi.c:41]--redis:[ip=127.0.0.1,port=6379]
[2020-03-25 15:59:12]--[src_cgi/sharefile_cgi.c:536]--cmd = count
[2020-03-25 15:59:12]--[src_cgi/sharefile_cgi.c:77]--line = 1
[2020-03-25 15:59:12]--[src_cgi/sharefile_cgi.c:36]--mysql:[user=root,pwd=lp86282176,database=cloud_disk][2020-03-25 15:59:12]--[src_cgi/sharefile_cgi.c:41]--redis:[ip=127.0.0.1,port=6379]
[2020-03-25 15:59:12]--[src_cgi/sharefile_cgi.c:536]--cmd = normal
[2020-03-25 15:59:12]--[src_cgi/sharefile_cgi.c:572]--buf = {
    "count": 1,
    "start": 0
}

[2020-03-25 15:59:12]--[src_cgi/sharefile_cgi.c:578]--start = 0, count = 1
[2020-03-25 15:59:12]--[src_cgi/sharefile_cgi.c:157]--select share_file_list.*,file_info.url,file_info.size,file_info.type  from file_info,share_file_list where file_info.md5 = share_file_list.md5 limit 0,1 在操作
[2020-03-25 15:59:12]--[src_cgi/sharefile_cgi.c:254]--{
	"files":	[{
			"user":	"vyUyGIUPr84M7jSX+NqX3Q==",
			"md5":	"ca2bf7f8f010757f807a360944357eed",
			"time":	"2020-03-25 15:59:10",
			"filename":	"实验结果.png",
			"sharestatus":	1,
			"pv":	0,
			"url":	"http:// 192.168.43.34:80/group1/M00/00/00/wKgrIl57DwGAS1ByAAYZh6KE_bU830.png",
			"size":	399751,
			"type":	"png"
		}]
}
[2020-03-25 15:59:16]--[src_cgi/sharefile_cgi.c:36]--mysql:[user=root,pwd=lp86282176,database=cloud_disk][2020-03-25 15:59:16]--[src_cgi/sharefile_cgi.c:41]--redis:[ip=127.0.0.1,port=6379]
[2020-03-25 15:59:16]--[src_cgi/sharefile_cgi.c:536]--cmd = count
[2020-03-25 15:59:16]--[src_cgi/sharefile_cgi.c:77]--line = 1
[2020-03-25 15:59:17]--[src_cgi/sharefile_cgi.c:36]--mysql:[user=root,pwd=lp86282176,database=cloud_disk][2020-03-25 15:59:17]--[src_cgi/sharefile_cgi.c:41]--redis:[ip=127.0.0.1,port=6379]
[2020-03-25 15:59:17]--[src_cgi/sharefile_cgi.c:536]--cmd = normal
[2020-03-25 15:59:17]--[src_cgi/sharefile_cgi.c:572]--buf = {
    "count": 1,
    "start": 0
}

[2020-03-25 15:59:17]--[src_cgi/sharefile_cgi.c:578]--start = 0, count = 1
[2020-03-25 15:59:17]--[src_cgi/sharefile_cgi.c:157]--select share_file_list.*,file_info.url,file_info.size,file_info.type  from file_info,share_file_list where file_info.md5 = share_file_list.md5 limit 0,1 在操作
[2020-03-25 15:59:17]--[src_cgi/sharefile_cgi.c:254]--{
	"files":	[{
			"user":	"vyUyGIUPr84M7jSX+NqX3Q==",
			"md5":	"ca2bf7f8f010757f807a360944357eed",
			"time":	"2020-03-25 15:59:10",
			"filename":	"实验结果.png",
			"sharestatus":	1,
			"pv":	0,
			"url":	"http:// 192.168.43.34:80/group1/M00/00/00/wKgrIl57DwGAS1ByAAYZh6KE_bU830.png",
			"size":	399751,
			"type":	"png"
		}]
}
[2020-03-25 15:59:20]--[src_cgi/sharefile_cgi.c:36]--mysql:[user=root,pwd=lp86282176,database=cloud_disk][2020-03-25 15:59:20]--[src_cgi/sharefile_cgi.c:41]--redis:[ip=127.0.0.1,port=6379]
[2020-03-25 15:59:20]--[src_cgi/sharefile_cgi.c:536]--cmd = count
[2020-03-25 15:59:20]--[src_cgi/sharefile_cgi.c:77]--line = 1
[2020-03-25 15:59:20]--[src_cgi/sharefile_cgi.c:36]--mysql:[user=root,pwd=lp86282176,database=cloud_disk][2020-03-25 15:59:20]--[src_cgi/sharefile_cgi.c:41]--redis:[ip=127.0.0.1,port=6379]
[2020-03-25 15:59:20]--[src_cgi/sharefile_cgi.c:536]--cmd = normal
[2020-03-25 15:59:20]--[src_cgi/sharefile_cgi.c:572]--buf = {
    "count": 1,
    "start": 0
}

[2020-03-25 15:59:20]--[src_cgi/sharefile_cgi.c:578]--start = 0, count = 1
[2020-03-25 15:59:20]--[src_cgi/sharefile_cgi.c:157]--select share_file_list.*,file_info.url,file_info.size,file_info.type  from file_info,share_file_list where file_info.md5 = share_file_list.md5 limit 0,1 在操作
[2020-03-25 15:59:20]--[src_cgi/sharefile_cgi.c:254]--{
	"files":	[{
			"user":	"vyUyGIUPr84M7jSX+NqX3Q==",
			"md5":	"ca2bf7f8f010757f807a360944357eed",
			"time":	"2020-03-25 15:59:10",
			"filename":	"实验结果.png",
			"sharestatus":	1,
			"pv":	0,
			"url":	"http:// 192.168.43.34:80/group1/M00/00/00/wKgrIl57DwGAS1ByAAYZh6KE_bU830.png",
			"size":	399751,
			"type":	"png"
		}]
}
[2020-03-25 15:59:20]--[src_cgi/sharefile_cgi.c:36]--mysql:[user=root,pwd=lp86282176,database=cloud_disk][2020-03-25 15:59:20]--[src_cgi/sharefile_cgi.c:41]--redis:[ip=127.0.0.1,port=6379]
[2020-03-25 15:59:20]--[src_cgi/sharefile_cgi.c:536]--cmd = count
[2020-03-25 15:59:20]--[src_cgi/sharefile_cgi.c:77]--line = 1
[2020-03-25 15:59:20]--[src_cgi/sharefile_cgi.c:36]--mysql:[user=root,pwd=lp86282176,database=cloud_disk][2020-03-25 15:59:20]--[src_cgi/sharefile_cgi.c:41]--redis:[ip=127.0.0.1,port=6379]
[2020-03-25 15:59:20]--[src_cgi/sharefile_cgi.c:536]--cmd = pvdesc
[2020-03-25 15:59:20]--[src_cgi/sharefile_cgi.c:572]--buf = {
    "count": 1,
    "start": 0
}

[2020-03-25 15:59:20]--[src_cgi/sharefile_cgi.c:578]--start = 0, count = 1
[2020-03-25 15:59:20]--[src_cgi/sharefile_cgi.c:358]--sql_num=1,redis_num=5
[2020-03-25 15:59:20]--[src_cgi/sharefile_cgi.c:371]--select md5,filename,pv from share_file_list order by pv desc在操作
[2020-03-25 16:05:04]--[src_cgi/sharefile_cgi.c:36]--mysql:[user=root,pwd=lp86282176,database=cloud_disk][2020-03-25 16:05:04]--[src_cgi/sharefile_cgi.c:41]--redis:[ip=127.0.0.1,port=6379]
[2020-03-25 16:05:04]--[src_cgi/sharefile_cgi.c:536]--cmd = count
[2020-03-25 16:05:04]--[src_cgi/sharefile_cgi.c:77]--line = 0
[2020-03-25 16:05:08]--[src_cgi/sharefile_cgi.c:36]--mysql:[user=root,pwd=lp86282176,database=cloud_disk][2020-03-25 16:05:08]--[src_cgi/sharefile_cgi.c:41]--redis:[ip=127.0.0.1,port=6379]
[2020-03-25 16:05:08]--[src_cgi/sharefile_cgi.c:536]--cmd = count
[2020-03-25 16:05:08]--[src_cgi/sharefile_cgi.c:77]--line = 1
[2020-03-25 16:05:08]--[src_cgi/sharefile_cgi.c:36]--mysql:[user=root,pwd=lp86282176,database=cloud_disk][2020-03-25 16:05:08]--[src_cgi/sharefile_cgi.c:41]--redis:[ip=127.0.0.1,port=6379]
[2020-03-25 16:05:08]--[src_cgi/sharefile_cgi.c:536]--cmd = normal
[2020-03-25 16:05:08]--[src_cgi/sharefile_cgi.c:572]--buf = {
    "count": 1,
    "start": 0
}

[2020-03-25 16:05:08]--[src_cgi/sharefile_cgi.c:578]--start = 0, count = 1
[2020-03-25 16:05:08]--[src_cgi/sharefile_cgi.c:157]--select share_file_list.*,file_info.url,file_info.size,file_info.type  from file_info,share_file_list where file_info.md5 = share_file_list.md5 limit 0,1 在操作
[2020-03-25 16:05:08]--[src_cgi/sharefile_cgi.c:254]--{
	"files":	[{
			"user":	"vyUyGIUPr84M7jSX+NqX3Q==",
			"md5":	"ca2bf7f8f010757f807a360944357eed",
			"time":	"2020-03-25 16:05:07",
			"filename":	"实验结果.png",
			"sharestatus":	1,
			"pv":	0,
			"url":	"http:// 192.168.43.34:80/group1/M00/00/00/wKgrIl57DwGAS1ByAAYZh6KE_bU830.png",
			"size":	399751,
			"type":	"png"
		}]
}
[2020-03-25 16:05:13]--[src_cgi/sharefile_cgi.c:36]--mysql:[user=root,pwd=lp86282176,database=cloud_disk][2020-03-25 16:05:13]--[src_cgi/sharefile_cgi.c:41]--redis:[ip=127.0.0.1,port=6379]
[2020-03-25 16:05:13]--[src_cgi/sharefile_cgi.c:536]--cmd = count
[2020-03-25 16:05:13]--[src_cgi/sharefile_cgi.c:77]--line = 1
[2020-03-25 16:05:13]--[src_cgi/sharefile_cgi.c:36]--mysql:[user=root,pwd=lp86282176,database=cloud_disk][2020-03-25 16:05:13]--[src_cgi/sharefile_cgi.c:41]--redis:[ip=127.0.0.1,port=6379]
[2020-03-25 16:05:13]--[src_cgi/sharefile_cgi.c:536]--cmd = pvdesc
[2020-03-25 16:05:13]--[src_cgi/sharefile_cgi.c:572]--buf = {
    "count": 1,
    "start": 0
}

[2020-03-25 16:05:13]--[src_cgi/sharefile_cgi.c:578]--start = 0, count = 1
[2020-03-25 16:05:13]--[src_cgi/sharefile_cgi.c:358]--sql_num=1,redis_num=1
[2020-03-25 16:05:13]--[src_cgi/sharefile_cgi.c:474]--out:{
	"files":	[{
			"filename":	"实验结果.png",
			"pv":	0
		}]
}
[2020-03-25 16:05:20]--[src_cgi/sharefile_cgi.c:36]--mysql:[user=root,pwd=lp86282176,database=cloud_disk][2020-03-25 16:05:20]--[src_cgi/sharefile_cgi.c:41]--redis:[ip=127.0.0.1,port=6379]
[2020-03-25 16:05:20]--[src_cgi/sharefile_cgi.c:536]--cmd = count
[2020-03-25 16:05:20]--[src_cgi/sharefile_cgi.c:77]--line = 2
[2020-03-25 16:05:20]--[src_cgi/sharefile_cgi.c:36]--mysql:[user=root,pwd=lp86282176,database=cloud_disk][2020-03-25 16:05:20]--[src_cgi/sharefile_cgi.c:41]--redis:[ip=127.0.0.1,port=6379]
[2020-03-25 16:05:20]--[src_cgi/sharefile_cgi.c:536]--cmd = normal
[2020-03-25 16:05:20]--[src_cgi/sharefile_cgi.c:572]--buf = {
    "count": 2,
    "start": 0
}

[2020-03-25 16:05:20]--[src_cgi/sharefile_cgi.c:578]--start = 0, count = 2
[2020-03-25 16:05:20]--[src_cgi/sharefile_cgi.c:157]--select share_file_list.*,file_info.url,file_info.size,file_info.type  from file_info,share_file_list where file_info.md5 = share_file_list.md5 limit 0,2 在操作
[2020-03-25 16:05:20]--[src_cgi/sharefile_cgi.c:254]--{
	"files":	[{
			"user":	"vyUyGIUPr84M7jSX+NqX3Q==",
			"md5":	"ca2bf7f8f010757f807a360944357eed",
			"time":	"2020-03-25 16:05:07",
			"filename":	"实验结果.png",
			"sharestatus":	1,
			"pv":	0,
			"url":	"http:// 192.168.43.34:80/group1/M00/00/00/wKgrIl57DwGAS1ByAAYZh6KE_bU830.png",
			"size":	399751,
			"type":	"png"
		}, {
			"user":	"vyUyGIUPr84M7jSX+NqX3Q==",
			"md5":	"f36cbe1ffe2771cf285512d485084186",
			"time":	"2020-03-25 16:05:19",
			"filename":	"config.json",
			"sharestatus":	1,
			"pv":	0,
			"url":	"http:// 192.168.43.34:80/group1/M00/00/00/wKgrIl57C6KAFVPzAAABGaEthyE83.json",
			"size":	281,
			"type":	"json"
		}]
}
[2020-03-25 16:05:25]--[src_cgi/sharefile_cgi.c:36]--mysql:[user=root,pwd=lp86282176,database=cloud_disk][2020-03-25 16:05:25]--[src_cgi/sharefile_cgi.c:41]--redis:[ip=127.0.0.1,port=6379]
[2020-03-25 16:05:25]--[src_cgi/sharefile_cgi.c:536]--cmd = count
[2020-03-25 16:05:25]--[src_cgi/sharefile_cgi.c:77]--line = 3
[2020-03-25 16:05:25]--[src_cgi/sharefile_cgi.c:36]--mysql:[user=root,pwd=lp86282176,database=cloud_disk][2020-03-25 16:05:25]--[src_cgi/sharefile_cgi.c:41]--redis:[ip=127.0.0.1,port=6379]
[2020-03-25 16:05:25]--[src_cgi/sharefile_cgi.c:536]--cmd = normal
[2020-03-25 16:05:25]--[src_cgi/sharefile_cgi.c:572]--buf = {
    "count": 3,
    "start": 0
}

[2020-03-25 16:05:25]--[src_cgi/sharefile_cgi.c:578]--start = 0, count = 3
[2020-03-25 16:05:25]--[src_cgi/sharefile_cgi.c:157]--select share_file_list.*,file_info.url,file_info.size,file_info.type  from file_info,share_file_list where file_info.md5 = share_file_list.md5 limit 0,3 在操作
[2020-03-25 16:05:25]--[src_cgi/sharefile_cgi.c:254]--{
	"files":	[{
			"user":	"vyUyGIUPr84M7jSX+NqX3Q==",
			"md5":	"ca2bf7f8f010757f807a360944357eed",
			"time":	"2020-03-25 16:05:07",
			"filename":	"实验结果.png",
			"sharestatus":	1,
			"pv":	0,
			"url":	"http:// 192.168.43.34:80/group1/M00/00/00/wKgrIl57DwGAS1ByAAYZh6KE_bU830.png",
			"size":	399751,
			"type":	"png"
		}, {
			"user":	"vyUyGIUPr84M7jSX+NqX3Q==",
			"md5":	"f36cbe1ffe2771cf285512d485084186",
			"time":	"2020-03-25 16:05:19",
			"filename":	"config.json",
			"sharestatus":	1,
			"pv":	0,
			"url":	"http:// 192.168.43.34:80/group1/M00/00/00/wKgrIl57C6KAFVPzAAABGaEthyE83.json",
			"size":	281,
			"type":	"json"
		}, {
			"user":	"vyUyGIUPr84M7jSX+NqX3Q==",
			"md5":	"65e69a4b4bdfc9bf1fa6a694b8867b92",
			"time":	"2020-03-25 16:05:24",
			"filename":	"123.png",
			"sharestatus":	1,
			"pv":	0,
			"url":	"http:// 192.168.43.34:80/group1/M00/00/00/wKgrIl57DpGADdIVAAEF6BNQWIM746.png",
			"size":	67048,
			"type":	"png"
		}]
}
[2020-03-25 16:05:26]--[src_cgi/sharefile_cgi.c:36]--mysql:[user=root,pwd=lp86282176,database=cloud_disk][2020-03-25 16:05:26]--[src_cgi/sharefile_cgi.c:41]--redis:[ip=127.0.0.1,port=6379]
[2020-03-25 16:05:26]--[src_cgi/sharefile_cgi.c:536]--cmd = count
[2020-03-25 16:05:26]--[src_cgi/sharefile_cgi.c:77]--line = 3
[2020-03-25 16:05:26]--[src_cgi/sharefile_cgi.c:36]--mysql:[user=root,pwd=lp86282176,database=cloud_disk][2020-03-25 16:05:26]--[src_cgi/sharefile_cgi.c:41]--redis:[ip=127.0.0.1,port=6379]
[2020-03-25 16:05:26]--[src_cgi/sharefile_cgi.c:536]--cmd = pvdesc
[2020-03-25 16:05:26]--[src_cgi/sharefile_cgi.c:572]--buf = {
    "count": 3,
    "start": 0
}

[2020-03-25 16:05:26]--[src_cgi/sharefile_cgi.c:578]--start = 0, count = 3
[2020-03-25 16:05:26]--[src_cgi/sharefile_cgi.c:358]--sql_num=3,redis_num=3
[2020-03-25 16:05:26]--[src_cgi/sharefile_cgi.c:474]--out:{
	"files":	[{
			"filename":	"config.json",
			"pv":	0
		}, {
			"filename":	"实验结果.png",
			"pv":	0
		}, {
			"filename":	"123.png",
			"pv":	0
		}]
}
[2020-03-25 16:05:39]--[src_cgi/sharefile_cgi.c:36]--mysql:[user=root,pwd=lp86282176,database=cloud_disk][2020-03-25 16:05:39]--[src_cgi/sharefile_cgi.c:41]--redis:[ip=127.0.0.1,port=6379]
[2020-03-25 16:05:39]--[src_cgi/sharefile_cgi.c:536]--cmd = count
[2020-03-25 16:05:39]--[src_cgi/sharefile_cgi.c:77]--line = 3
[2020-03-25 16:05:39]--[src_cgi/sharefile_cgi.c:36]--mysql:[user=root,pwd=lp86282176,database=cloud_disk][2020-03-25 16:05:39]--[src_cgi/sharefile_cgi.c:41]--redis:[ip=127.0.0.1,port=6379]
[2020-03-25 16:05:39]--[src_cgi/sharefile_cgi.c:536]--cmd = pvdesc
[2020-03-25 16:05:39]--[src_cgi/sharefile_cgi.c:572]--buf = {
    "count": 3,
    "start": 0
}

[2020-03-25 16:05:39]--[src_cgi/sharefile_cgi.c:578]--start = 0, count = 3
[2020-03-25 16:05:39]--[src_cgi/sharefile_cgi.c:358]--sql_num=3,redis_num=3
[2020-03-25 16:05:39]--[src_cgi/sharefile_cgi.c:474]--out:{
	"files":	[{
			"filename":	"config.json",
			"pv":	0
		}, {
			"filename":	"实验结果.png",
			"pv":	0
		}, {
			"filename":	"123.png",
			"pv":	0
		}]
}
[2020-03-25 16:05:43]--[src_cgi/sharefile_cgi.c:36]--mysql:[user=root,pwd=lp86282176,database=cloud_disk][2020-03-25 16:05:43]--[src_cgi/sharefile_cgi.c:41]--redis:[ip=127.0.0.1,port=6379]
[2020-03-25 16:05:43]--[src_cgi/sharefile_cgi.c:536]--cmd = count
[2020-03-25 16:05:43]--[src_cgi/sharefile_cgi.c:77]--line = 3
[2020-03-25 16:05:43]--[src_cgi/sharefile_cgi.c:36]--mysql:[user=root,pwd=lp86282176,database=cloud_disk][2020-03-25 16:05:43]--[src_cgi/sharefile_cgi.c:41]--redis:[ip=127.0.0.1,port=6379]
[2020-03-25 16:05:43]--[src_cgi/sharefile_cgi.c:536]--cmd = pvdesc
[2020-03-25 16:05:43]--[src_cgi/sharefile_cgi.c:572]--buf = {
    "count": 3,
    "start": 0
}

[2020-03-25 16:05:43]--[src_cgi/sharefile_cgi.c:578]--start = 0, count = 3
[2020-03-25 16:05:43]--[src_cgi/sharefile_cgi.c:358]--sql_num=3,redis_num=3
[2020-03-25 16:05:43]--[src_cgi/sharefile_cgi.c:474]--out:{
	"files":	[{
			"filename":	"config.json",
			"pv":	0
		}, {
			"filename":	"实验结果.png",
			"pv":	0
		}, {
			"filename":	"123.png",
			"pv":	0
		}]
}
[2020-03-25 16:05:54]--[src_cgi/sharefile_cgi.c:36]--mysql:[user=root,pwd=lp86282176,database=cloud_disk][2020-03-25 16:05:54]--[src_cgi/sharefile_cgi.c:41]--redis:[ip=127.0.0.1,port=6379]
[2020-03-25 16:05:54]--[src_cgi/sharefile_cgi.c:536]--cmd = count
[2020-03-25 16:05:54]--[src_cgi/sharefile_cgi.c:77]--line = 3
[2020-03-25 16:05:54]--[src_cgi/sharefile_cgi.c:36]--mysql:[user=root,pwd=lp86282176,database=cloud_disk][2020-03-25 16:05:54]--[src_cgi/sharefile_cgi.c:41]--redis:[ip=127.0.0.1,port=6379]
[2020-03-25 16:05:54]--[src_cgi/sharefile_cgi.c:536]--cmd = pvdesc
[2020-03-25 16:05:54]--[src_cgi/sharefile_cgi.c:572]--buf = {
    "count": 3,
    "start": 0
}

[2020-03-25 16:05:54]--[src_cgi/sharefile_cgi.c:578]--start = 0, count = 3
[2020-03-25 16:05:54]--[src_cgi/sharefile_cgi.c:358]--sql_num=3,redis_num=3
[2020-03-25 16:05:54]--[src_cgi/sharefile_cgi.c:474]--out:{
	"files":	[{
			"filename":	"config.json",
			"pv":	0
		}, {
			"filename":	"实验结果.png",
			"pv":	0
		}, {
			"filename":	"123.png",
			"pv":	0
		}]
}
[2020-03-25 16:06:03]--[src_cgi/sharefile_cgi.c:36]--mysql:[user=root,pwd=lp86282176,database=cloud_disk][2020-03-25 16:06:03]--[src_cgi/sharefile_cgi.c:41]--redis:[ip=127.0.0.1,port=6379]
[2020-03-25 16:06:03]--[src_cgi/sharefile_cgi.c:536]--cmd = count
[2020-03-25 16:06:03]--[src_cgi/sharefile_cgi.c:77]--line = 3
[2020-03-25 16:06:03]--[src_cgi/sharefile_cgi.c:36]--mysql:[user=root,pwd=lp86282176,database=cloud_disk][2020-03-25 16:06:03]--[src_cgi/sharefile_cgi.c:41]--redis:[ip=127.0.0.1,port=6379]
[2020-03-25 16:06:03]--[src_cgi/sharefile_cgi.c:536]--cmd = pvdesc
[2020-03-25 16:06:03]--[src_cgi/sharefile_cgi.c:572]--buf = {
    "count": 3,
    "start": 0
}

[2020-03-25 16:06:03]--[src_cgi/sharefile_cgi.c:578]--start = 0, count = 3
[2020-03-25 16:06:03]--[src_cgi/sharefile_cgi.c:358]--sql_num=3,redis_num=3
[2020-03-25 16:06:03]--[src_cgi/sharefile_cgi.c:474]--out:{
	"files":	[{
			"filename":	"config.json",
			"pv":	0
		}, {
			"filename":	"实验结果.png",
			"pv":	0
		}, {
			"filename":	"123.png",
			"pv":	0
		}]
}
[2020-03-25 16:06:06]--[src_cgi/sharefile_cgi.c:36]--mysql:[user=root,pwd=lp86282176,database=cloud_disk][2020-03-25 16:06:06]--[src_cgi/sharefile_cgi.c:41]--redis:[ip=127.0.0.1,port=6379]
[2020-03-25 16:06:06]--[src_cgi/sharefile_cgi.c:536]--cmd = count
[2020-03-25 16:06:06]--[src_cgi/sharefile_cgi.c:77]--line = 3
[2020-03-25 16:06:06]--[src_cgi/sharefile_cgi.c:36]--mysql:[user=root,pwd=lp86282176,database=cloud_disk][2020-03-25 16:06:06]--[src_cgi/sharefile_cgi.c:41]--redis:[ip=127.0.0.1,port=6379]
[2020-03-25 16:06:06]--[src_cgi/sharefile_cgi.c:536]--cmd = normal
[2020-03-25 16:06:06]--[src_cgi/sharefile_cgi.c:572]--buf = {
    "count": 3,
    "start": 0
}

[2020-03-25 16:06:06]--[src_cgi/sharefile_cgi.c:578]--start = 0, count = 3
[2020-03-25 16:06:06]--[src_cgi/sharefile_cgi.c:157]--select share_file_list.*,file_info.url,file_info.size,file_info.type  from file_info,share_file_list where file_info.md5 = share_file_list.md5 limit 0,3 在操作
[2020-03-25 16:06:06]--[src_cgi/sharefile_cgi.c:254]--{
	"files":	[{
			"user":	"vyUyGIUPr84M7jSX+NqX3Q==",
			"md5":	"ca2bf7f8f010757f807a360944357eed",
			"time":	"2020-03-25 16:05:07",
			"filename":	"实验结果.png",
			"sharestatus":	1,
			"pv":	0,
			"url":	"http:// 192.168.43.34:80/group1/M00/00/00/wKgrIl57DwGAS1ByAAYZh6KE_bU830.png",
			"size":	399751,
			"type":	"png"
		}, {
			"user":	"vyUyGIUPr84M7jSX+NqX3Q==",
			"md5":	"f36cbe1ffe2771cf285512d485084186",
			"time":	"2020-03-25 16:05:19",
			"filename":	"config.json",
			"sharestatus":	1,
			"pv":	0,
			"url":	"http:// 192.168.43.34:80/group1/M00/00/00/wKgrIl57C6KAFVPzAAABGaEthyE83.json",
			"size":	281,
			"type":	"json"
		}, {
			"user":	"vyUyGIUPr84M7jSX+NqX3Q==",
			"md5":	"65e69a4b4bdfc9bf1fa6a694b8867b92",
			"time":	"2020-03-25 16:05:24",
			"filename":	"123.png",
			"sharestatus":	1,
			"pv":	0,
			"url":	"http:// 192.168.43.34:80/group1/M00/00/00/wKgrIl57DpGADdIVAAEF6BNQWIM746.png",
			"size":	67048,
			"type":	"png"
		}]
}
[2020-03-25 16:09:26]--[src_cgi/sharefile_cgi.c:36]--mysql:[user=root,pwd=lp86282176,database=cloud_disk][2020-03-25 16:09:26]--[src_cgi/sharefile_cgi.c:41]--redis:[ip=127.0.0.1,port=6379]
[2020-03-25 16:09:26]--[src_cgi/sharefile_cgi.c:536]--cmd = count
[2020-03-25 16:09:26]--[src_cgi/sharefile_cgi.c:77]--line = 3
[2020-03-25 16:09:26]--[src_cgi/sharefile_cgi.c:36]--mysql:[user=root,pwd=lp86282176,database=cloud_disk][2020-03-25 16:09:26]--[src_cgi/sharefile_cgi.c:41]--redis:[ip=127.0.0.1,port=6379]
[2020-03-25 16:09:26]--[src_cgi/sharefile_cgi.c:536]--cmd = normal
[2020-03-25 16:09:26]--[src_cgi/sharefile_cgi.c:572]--buf = {
    "count": 3,
    "start": 0
}

[2020-03-25 16:09:26]--[src_cgi/sharefile_cgi.c:578]--start = 0, count = 3
[2020-03-25 16:09:26]--[src_cgi/sharefile_cgi.c:157]--select share_file_list.*,file_info.url,file_info.size,file_info.type  from file_info,share_file_list where file_info.md5 = share_file_list.md5 limit 0,3 在操作
[2020-03-25 16:09:26]--[src_cgi/sharefile_cgi.c:254]--{
	"files":	[{
			"user":	"vyUyGIUPr84M7jSX+NqX3Q==",
			"md5":	"ca2bf7f8f010757f807a360944357eed",
			"time":	"2020-03-25 16:05:07",
			"filename":	"实验结果.png",
			"sharestatus":	1,
			"pv":	0,
			"url":	"http:// 192.168.43.34:80/group1/M00/00/00/wKgrIl57DwGAS1ByAAYZh6KE_bU830.png",
			"size":	399751,
			"type":	"png"
		}, {
			"user":	"vyUyGIUPr84M7jSX+NqX3Q==",
			"md5":	"f36cbe1ffe2771cf285512d485084186",
			"time":	"2020-03-25 16:05:19",
			"filename":	"config.json",
			"sharestatus":	1,
			"pv":	0,
			"url":	"http:// 192.168.43.34:80/group1/M00/00/00/wKgrIl57C6KAFVPzAAABGaEthyE83.json",
			"size":	281,
			"type":	"json"
		}, {
			"user":	"vyUyGIUPr84M7jSX+NqX3Q==",
			"md5":	"65e69a4b4bdfc9bf1fa6a694b8867b92",
			"time":	"2020-03-25 16:05:24",
			"filename":	"123.png",
			"sharestatus":	1,
			"pv":	0,
			"url":	"http:// 192.168.43.34:80/group1/M00/00/00/wKgrIl57DpGADdIVAAEF6BNQWIM746.png",
			"size":	67048,
			"type":	"png"
		}]
}
[2020-03-25 16:12:17]--[src_cgi/sharefile_cgi.c:36]--mysql:[user=root,pwd=lp86282176,database=cloud_disk][2020-03-25 16:12:17]--[src_cgi/sharefile_cgi.c:41]--redis:[ip=127.0.0.1,port=6379]
[2020-03-25 16:12:17]--[src_cgi/sharefile_cgi.c:536]--cmd = count
[2020-03-25 16:12:17]--[src_cgi/sharefile_cgi.c:77]--line = 3
[2020-03-25 16:12:17]--[src_cgi/sharefile_cgi.c:36]--mysql:[user=root,pwd=lp86282176,database=cloud_disk][2020-03-25 16:12:17]--[src_cgi/sharefile_cgi.c:41]--redis:[ip=127.0.0.1,port=6379]
[2020-03-25 16:12:17]--[src_cgi/sharefile_cgi.c:536]--cmd = normal
[2020-03-25 16:12:17]--[src_cgi/sharefile_cgi.c:572]--buf = {
    "count": 3,
    "start": 0
}

[2020-03-25 16:12:17]--[src_cgi/sharefile_cgi.c:578]--start = 0, count = 3
[2020-03-25 16:12:17]--[src_cgi/sharefile_cgi.c:157]--select share_file_list.*,file_info.url,file_info.size,file_info.type  from file_info,share_file_list where file_info.md5 = share_file_list.md5 limit 0,3 在操作
[2020-03-25 16:12:17]--[src_cgi/sharefile_cgi.c:254]--{
	"files":	[{
			"user":	"vyUyGIUPr84M7jSX+NqX3Q==",
			"md5":	"ca2bf7f8f010757f807a360944357eed",
			"time":	"2020-03-25 16:05:07",
			"filename":	"实验结果.png",
			"sharestatus":	1,
			"pv":	0,
			"url":	"http:// 192.168.43.34:80/group1/M00/00/00/wKgrIl57DwGAS1ByAAYZh6KE_bU830.png",
			"size":	399751,
			"type":	"png"
		}, {
			"user":	"vyUyGIUPr84M7jSX+NqX3Q==",
			"md5":	"f36cbe1ffe2771cf285512d485084186",
			"time":	"2020-03-25 16:05:19",
			"filename":	"config.json",
			"sharestatus":	1,
			"pv":	0,
			"url":	"http:// 192.168.43.34:80/group1/M00/00/00/wKgrIl57C6KAFVPzAAABGaEthyE83.json",
			"size":	281,
			"type":	"json"
		}, {
			"user":	"vyUyGIUPr84M7jSX+NqX3Q==",
			"md5":	"65e69a4b4bdfc9bf1fa6a694b8867b92",
			"time":	"2020-03-25 16:05:24",
			"filename":	"123.png",
			"sharestatus":	1,
			"pv":	1,
			"url":	"http:// 192.168.43.34:80/group1/M00/00/00/wKgrIl57DpGADdIVAAEF6BNQWIM746.png",
			"size":	67048,
			"type":	"png"
		}]
}
[2020-03-25 16:12:34]--[src_cgi/sharefile_cgi.c:36]--mysql:[user=root,pwd=lp86282176,database=cloud_disk][2020-03-25 16:12:34]--[src_cgi/sharefile_cgi.c:41]--redis:[ip=127.0.0.1,port=6379]
[2020-03-25 16:12:34]--[src_cgi/sharefile_cgi.c:536]--cmd = count
[2020-03-25 16:12:34]--[src_cgi/sharefile_cgi.c:77]--line = 2
[2020-03-25 16:12:34]--[src_cgi/sharefile_cgi.c:36]--mysql:[user=root,pwd=lp86282176,database=cloud_disk][2020-03-25 16:12:34]--[src_cgi/sharefile_cgi.c:41]--redis:[ip=127.0.0.1,port=6379]
[2020-03-25 16:12:34]--[src_cgi/sharefile_cgi.c:536]--cmd = normal
[2020-03-25 16:12:34]--[src_cgi/sharefile_cgi.c:572]--buf = {
    "count": 2,
    "start": 0
}

[2020-03-25 16:12:34]--[src_cgi/sharefile_cgi.c:578]--start = 0, count = 2
[2020-03-25 16:12:34]--[src_cgi/sharefile_cgi.c:157]--select share_file_list.*,file_info.url,file_info.size,file_info.type  from file_info,share_file_list where file_info.md5 = share_file_list.md5 limit 0,2 在操作
[2020-03-25 16:12:34]--[src_cgi/sharefile_cgi.c:254]--{
	"files":	[{
			"user":	"vyUyGIUPr84M7jSX+NqX3Q==",
			"md5":	"ca2bf7f8f010757f807a360944357eed",
			"time":	"2020-03-25 16:05:07",
			"filename":	"实验结果.png",
			"sharestatus":	1,
			"pv":	0,
			"url":	"http:// 192.168.43.34:80/group1/M00/00/00/wKgrIl57DwGAS1ByAAYZh6KE_bU830.png",
			"size":	399751,
			"type":	"png"
		}, {
			"user":	"vyUyGIUPr84M7jSX+NqX3Q==",
			"md5":	"f36cbe1ffe2771cf285512d485084186",
			"time":	"2020-03-25 16:05:19",
			"filename":	"config.json",
			"sharestatus":	1,
			"pv":	0,
			"url":	"http:// 192.168.43.34:80/group1/M00/00/00/wKgrIl57C6KAFVPzAAABGaEthyE83.json",
			"size":	281,
			"type":	"json"
		}]
}
[2020-03-25 16:12:36]--[src_cgi/sharefile_cgi.c:36]--mysql:[user=root,pwd=lp86282176,database=cloud_disk][2020-03-25 16:12:36]--[src_cgi/sharefile_cgi.c:41]--redis:[ip=127.0.0.1,port=6379]
[2020-03-25 16:12:36]--[src_cgi/sharefile_cgi.c:536]--cmd = count
[2020-03-25 16:12:36]--[src_cgi/sharefile_cgi.c:77]--line = 2
[2020-03-25 16:12:36]--[src_cgi/sharefile_cgi.c:36]--mysql:[user=root,pwd=lp86282176,database=cloud_disk][2020-03-25 16:12:36]--[src_cgi/sharefile_cgi.c:41]--redis:[ip=127.0.0.1,port=6379]
[2020-03-25 16:12:36]--[src_cgi/sharefile_cgi.c:536]--cmd = pvdesc
[2020-03-25 16:12:36]--[src_cgi/sharefile_cgi.c:572]--buf = {
    "count": 2,
    "start": 0
}

[2020-03-25 16:12:36]--[src_cgi/sharefile_cgi.c:578]--start = 0, count = 2
[2020-03-25 16:12:36]--[src_cgi/sharefile_cgi.c:358]--sql_num=2,redis_num=2
[2020-03-25 16:12:36]--[src_cgi/sharefile_cgi.c:474]--out:{
	"files":	[{
			"filename":	"config.json",
			"pv":	0
		}, {
			"filename":	"实验结果.png",
			"pv":	0
		}]
}
[2020-03-25 16:12:41]--[src_cgi/sharefile_cgi.c:36]--mysql:[user=root,pwd=lp86282176,database=cloud_disk][2020-03-25 16:12:41]--[src_cgi/sharefile_cgi.c:41]--redis:[ip=127.0.0.1,port=6379]
[2020-03-25 16:12:41]--[src_cgi/sharefile_cgi.c:536]--cmd = count
[2020-03-25 16:12:41]--[src_cgi/sharefile_cgi.c:77]--line = 3
[2020-03-25 16:12:41]--[src_cgi/sharefile_cgi.c:36]--mysql:[user=root,pwd=lp86282176,database=cloud_disk][2020-03-25 16:12:41]--[src_cgi/sharefile_cgi.c:41]--redis:[ip=127.0.0.1,port=6379]
[2020-03-25 16:12:41]--[src_cgi/sharefile_cgi.c:536]--cmd = normal
[2020-03-25 16:12:41]--[src_cgi/sharefile_cgi.c:572]--buf = {
    "count": 3,
    "start": 0
}

[2020-03-25 16:12:41]--[src_cgi/sharefile_cgi.c:578]--start = 0, count = 3
[2020-03-25 16:12:41]--[src_cgi/sharefile_cgi.c:157]--select share_file_list.*,file_info.url,file_info.size,file_info.type  from file_info,share_file_list where file_info.md5 = share_file_list.md5 limit 0,3 在操作
[2020-03-25 16:12:41]--[src_cgi/sharefile_cgi.c:254]--{
	"files":	[{
			"user":	"vyUyGIUPr84M7jSX+NqX3Q==",
			"md5":	"ca2bf7f8f010757f807a360944357eed",
			"time":	"2020-03-25 16:05:07",
			"filename":	"实验结果.png",
			"sharestatus":	1,
			"pv":	0,
			"url":	"http:// 192.168.43.34:80/group1/M00/00/00/wKgrIl57DwGAS1ByAAYZh6KE_bU830.png",
			"size":	399751,
			"type":	"png"
		}, {
			"user":	"vyUyGIUPr84M7jSX+NqX3Q==",
			"md5":	"f36cbe1ffe2771cf285512d485084186",
			"time":	"2020-03-25 16:05:19",
			"filename":	"config.json",
			"sharestatus":	1,
			"pv":	0,
			"url":	"http:// 192.168.43.34:80/group1/M00/00/00/wKgrIl57C6KAFVPzAAABGaEthyE83.json",
			"size":	281,
			"type":	"json"
		}, {
			"user":	"vyUyGIUPr84M7jSX+NqX3Q==",
			"md5":	"65e69a4b4bdfc9bf1fa6a694b8867b92",
			"time":	"2020-03-25 16:12:40",
			"filename":	"123.png",
			"sharestatus":	1,
			"pv":	0,
			"url":	"http:// 192.168.43.34:80/group1/M00/00/00/wKgrIl57DpGADdIVAAEF6BNQWIM746.png",
			"size":	67048,
			"type":	"png"
		}]
}
[2020-03-25 16:12:57]--[src_cgi/sharefile_cgi.c:36]--mysql:[user=root,pwd=lp86282176,database=cloud_disk][2020-03-25 16:12:57]--[src_cgi/sharefile_cgi.c:41]--redis:[ip=127.0.0.1,port=6379]
[2020-03-25 16:12:57]--[src_cgi/sharefile_cgi.c:536]--cmd = count
[2020-03-25 16:12:57]--[src_cgi/sharefile_cgi.c:77]--line = 3
[2020-03-25 16:12:57]--[src_cgi/sharefile_cgi.c:36]--mysql:[user=root,pwd=lp86282176,database=cloud_disk][2020-03-25 16:12:57]--[src_cgi/sharefile_cgi.c:41]--redis:[ip=127.0.0.1,port=6379]
[2020-03-25 16:12:57]--[src_cgi/sharefile_cgi.c:536]--cmd = pvdesc
[2020-03-25 16:12:57]--[src_cgi/sharefile_cgi.c:572]--buf = {
    "count": 3,
    "start": 0
}

[2020-03-25 16:12:57]--[src_cgi/sharefile_cgi.c:578]--start = 0, count = 3
[2020-03-25 16:12:57]--[src_cgi/sharefile_cgi.c:358]--sql_num=3,redis_num=3
[2020-03-25 16:12:57]--[src_cgi/sharefile_cgi.c:474]--out:{
	"files":	[{
			"filename":	"123.png",
			"pv":	1
		}, {
			"filename":	"config.json",
			"pv":	0
		}, {
			"filename":	"实验结果.png",
			"pv":	0
		}]
}
[2020-03-25 16:13:03]--[src_cgi/sharefile_cgi.c:36]--mysql:[user=root,pwd=lp86282176,database=cloud_disk][2020-03-25 16:13:03]--[src_cgi/sharefile_cgi.c:41]--redis:[ip=127.0.0.1,port=6379]
[2020-03-25 16:13:03]--[src_cgi/sharefile_cgi.c:536]--cmd = count
[2020-03-25 16:13:03]--[src_cgi/sharefile_cgi.c:77]--line = 3
[2020-03-25 16:13:03]--[src_cgi/sharefile_cgi.c:36]--mysql:[user=root,pwd=lp86282176,database=cloud_disk][2020-03-25 16:13:03]--[src_cgi/sharefile_cgi.c:41]--redis:[ip=127.0.0.1,port=6379]
[2020-03-25 16:13:03]--[src_cgi/sharefile_cgi.c:536]--cmd = normal
[2020-03-25 16:13:03]--[src_cgi/sharefile_cgi.c:572]--buf = {
    "count": 3,
    "start": 0
}

[2020-03-25 16:13:03]--[src_cgi/sharefile_cgi.c:578]--start = 0, count = 3
[2020-03-25 16:13:03]--[src_cgi/sharefile_cgi.c:157]--select share_file_list.*,file_info.url,file_info.size,file_info.type  from file_info,share_file_list where file_info.md5 = share_file_list.md5 limit 0,3 在操作
[2020-03-25 16:13:03]--[src_cgi/sharefile_cgi.c:254]--{
	"files":	[{
			"user":	"vyUyGIUPr84M7jSX+NqX3Q==",
			"md5":	"ca2bf7f8f010757f807a360944357eed",
			"time":	"2020-03-25 16:05:07",
			"filename":	"实验结果.png",
			"sharestatus":	1,
			"pv":	0,
			"url":	"http:// 192.168.43.34:80/group1/M00/00/00/wKgrIl57DwGAS1ByAAYZh6KE_bU830.png",
			"size":	399751,
			"type":	"png"
		}, {
			"user":	"vyUyGIUPr84M7jSX+NqX3Q==",
			"md5":	"f36cbe1ffe2771cf285512d485084186",
			"time":	"2020-03-25 16:05:19",
			"filename":	"config.json",
			"sharestatus":	1,
			"pv":	0,
			"url":	"http:// 192.168.43.34:80/group1/M00/00/00/wKgrIl57C6KAFVPzAAABGaEthyE83.json",
			"size":	281,
			"type":	"json"
		}, {
			"user":	"vyUyGIUPr84M7jSX+NqX3Q==",
			"md5":	"65e69a4b4bdfc9bf1fa6a694b8867b92",
			"time":	"2020-03-25 16:12:40",
			"filename":	"123.png",
			"sharestatus":	1,
			"pv":	1,
			"url":	"http:// 192.168.43.34:80/group1/M00/00/00/wKgrIl57DpGADdIVAAEF6BNQWIM746.png",
			"size":	67048,
			"type":	"png"
		}]
}
[2020-03-25 16:13:09]--[src_cgi/sharefile_cgi.c:36]--mysql:[user=root,pwd=lp86282176,database=cloud_disk][2020-03-25 16:13:09]--[src_cgi/sharefile_cgi.c:41]--redis:[ip=127.0.0.1,port=6379]
[2020-03-25 16:13:09]--[src_cgi/sharefile_cgi.c:536]--cmd = count
[2020-03-25 16:13:09]--[src_cgi/sharefile_cgi.c:77]--line = 3
[2020-03-25 16:13:09]--[src_cgi/sharefile_cgi.c:36]--mysql:[user=root,pwd=lp86282176,database=cloud_disk][2020-03-25 16:13:09]--[src_cgi/sharefile_cgi.c:41]--redis:[ip=127.0.0.1,port=6379]
[2020-03-25 16:13:09]--[src_cgi/sharefile_cgi.c:536]--cmd = normal
[2020-03-25 16:13:09]--[src_cgi/sharefile_cgi.c:572]--buf = {
    "count": 3,
    "start": 0
}

[2020-03-25 16:13:09]--[src_cgi/sharefile_cgi.c:578]--start = 0, count = 3
[2020-03-25 16:13:09]--[src_cgi/sharefile_cgi.c:157]--select share_file_list.*,file_info.url,file_info.size,file_info.type  from file_info,share_file_list where file_info.md5 = share_file_list.md5 limit 0,3 在操作
[2020-03-25 16:13:09]--[src_cgi/sharefile_cgi.c:254]--{
	"files":	[{
			"user":	"vyUyGIUPr84M7jSX+NqX3Q==",
			"md5":	"ca2bf7f8f010757f807a360944357eed",
			"time":	"2020-03-25 16:05:07",
			"filename":	"实验结果.png",
			"sharestatus":	1,
			"pv":	0,
			"url":	"http:// 192.168.43.34:80/group1/M00/00/00/wKgrIl57DwGAS1ByAAYZh6KE_bU830.png",
			"size":	399751,
			"type":	"png"
		}, {
			"user":	"vyUyGIUPr84M7jSX+NqX3Q==",
			"md5":	"f36cbe1ffe2771cf285512d485084186",
			"time":	"2020-03-25 16:05:19",
			"filename":	"config.json",
			"sharestatus":	1,
			"pv":	0,
			"url":	"http:// 192.168.43.34:80/group1/M00/00/00/wKgrIl57C6KAFVPzAAABGaEthyE83.json",
			"size":	281,
			"type":	"json"
		}, {
			"user":	"vyUyGIUPr84M7jSX+NqX3Q==",
			"md5":	"65e69a4b4bdfc9bf1fa6a694b8867b92",
			"time":	"2020-03-25 16:12:40",
			"filename":	"123.png",
			"sharestatus":	1,
			"pv":	1,
			"url":	"http:// 192.168.43.34:80/group1/M00/00/00/wKgrIl57DpGADdIVAAEF6BNQWIM746.png",
			"size":	67048,
			"type":	"png"
		}]
}
[2020-03-25 16:13:14]--[src_cgi/sharefile_cgi.c:36]--mysql:[user=root,pwd=lp86282176,database=cloud_disk][2020-03-25 16:13:14]--[src_cgi/sharefile_cgi.c:41]--redis:[ip=127.0.0.1,port=6379]
[2020-03-25 16:13:14]--[src_cgi/sharefile_cgi.c:536]--cmd = count
[2020-03-25 16:13:14]--[src_cgi/sharefile_cgi.c:77]--line = 3
[2020-03-25 16:13:14]--[src_cgi/sharefile_cgi.c:36]--mysql:[user=root,pwd=lp86282176,database=cloud_disk][2020-03-25 16:13:14]--[src_cgi/sharefile_cgi.c:41]--redis:[ip=127.0.0.1,port=6379]
[2020-03-25 16:13:14]--[src_cgi/sharefile_cgi.c:536]--cmd = normal
[2020-03-25 16:13:14]--[src_cgi/sharefile_cgi.c:572]--buf = {
    "count": 3,
    "start": 0
}

[2020-03-25 16:13:14]--[src_cgi/sharefile_cgi.c:578]--start = 0, count = 3
[2020-03-25 16:13:14]--[src_cgi/sharefile_cgi.c:157]--select share_file_list.*,file_info.url,file_info.size,file_info.type  from file_info,share_file_list where file_info.md5 = share_file_list.md5 limit 0,3 在操作
[2020-03-25 16:13:14]--[src_cgi/sharefile_cgi.c:254]--{
	"files":	[{
			"user":	"vyUyGIUPr84M7jSX+NqX3Q==",
			"md5":	"ca2bf7f8f010757f807a360944357eed",
			"time":	"2020-03-25 16:05:07",
			"filename":	"实验结果.png",
			"sharestatus":	1,
			"pv":	0,
			"url":	"http:// 192.168.43.34:80/group1/M00/00/00/wKgrIl57DwGAS1ByAAYZh6KE_bU830.png",
			"size":	399751,
			"type":	"png"
		}, {
			"user":	"vyUyGIUPr84M7jSX+NqX3Q==",
			"md5":	"f36cbe1ffe2771cf285512d485084186",
			"time":	"2020-03-25 16:05:19",
			"filename":	"config.json",
			"sharestatus":	1,
			"pv":	0,
			"url":	"http:// 192.168.43.34:80/group1/M00/00/00/wKgrIl57C6KAFVPzAAABGaEthyE83.json",
			"size":	281,
			"type":	"json"
		}, {
			"user":	"vyUyGIUPr84M7jSX+NqX3Q==",
			"md5":	"65e69a4b4bdfc9bf1fa6a694b8867b92",
			"time":	"2020-03-25 16:12:40",
			"filename":	"123.png",
			"sharestatus":	1,
			"pv":	1,
			"url":	"http:// 192.168.43.34:80/group1/M00/00/00/wKgrIl57DpGADdIVAAEF6BNQWIM746.png",
			"size":	67048,
			"type":	"png"
		}]
}
[2020-03-25 16:13:15]--[src_cgi/sharefile_cgi.c:36]--mysql:[user=root,pwd=lp86282176,database=cloud_disk][2020-03-25 16:13:15]--[src_cgi/sharefile_cgi.c:41]--redis:[ip=127.0.0.1,port=6379]
[2020-03-25 16:13:15]--[src_cgi/sharefile_cgi.c:536]--cmd = count
[2020-03-25 16:13:15]--[src_cgi/sharefile_cgi.c:77]--line = 3
[2020-03-25 16:13:15]--[src_cgi/sharefile_cgi.c:36]--mysql:[user=root,pwd=lp86282176,database=cloud_disk][2020-03-25 16:13:15]--[src_cgi/sharefile_cgi.c:41]--redis:[ip=127.0.0.1,port=6379]
[2020-03-25 16:13:15]--[src_cgi/sharefile_cgi.c:536]--cmd = pvdesc
[2020-03-25 16:13:15]--[src_cgi/sharefile_cgi.c:572]--buf = {
    "count": 3,
    "start": 0
}

[2020-03-25 16:13:15]--[src_cgi/sharefile_cgi.c:578]--start = 0, count = 3
[2020-03-25 16:13:15]--[src_cgi/sharefile_cgi.c:358]--sql_num=3,redis_num=3
[2020-03-25 16:13:15]--[src_cgi/sharefile_cgi.c:474]--out:{
	"files":	[{
			"filename":	"123.png",
			"pv":	1
		}, {
			"filename":	"config.json",
			"pv":	0
		}, {
			"filename":	"实验结果.png",
			"pv":	0
		}]
}
[2020-03-25 16:13:24]--[src_cgi/sharefile_cgi.c:36]--mysql:[user=root,pwd=lp86282176,database=cloud_disk][2020-03-25 16:13:24]--[src_cgi/sharefile_cgi.c:41]--redis:[ip=127.0.0.1,port=6379]
[2020-03-25 16:13:24]--[src_cgi/sharefile_cgi.c:536]--cmd = count
[2020-03-25 16:13:24]--[src_cgi/sharefile_cgi.c:77]--line = 3
[2020-03-25 16:13:25]--[src_cgi/sharefile_cgi.c:36]--mysql:[user=root,pwd=lp86282176,database=cloud_disk][2020-03-25 16:13:25]--[src_cgi/sharefile_cgi.c:41]--redis:[ip=127.0.0.1,port=6379]
[2020-03-25 16:13:25]--[src_cgi/sharefile_cgi.c:536]--cmd = pvdesc
[2020-03-25 16:13:25]--[src_cgi/sharefile_cgi.c:572]--buf = {
    "count": 3,
    "start": 0
}

[2020-03-25 16:13:25]--[src_cgi/sharefile_cgi.c:578]--start = 0, count = 3
[2020-03-25 16:13:25]--[src_cgi/sharefile_cgi.c:358]--sql_num=3,redis_num=3
[2020-03-25 16:13:25]--[src_cgi/sharefile_cgi.c:474]--out:{
	"files":	[{
			"filename":	"123.png",
			"pv":	1
		}, {
			"filename":	"config.json",
			"pv":	0
		}, {
			"filename":	"实验结果.png",
			"pv":	0
		}]
}
[2020-03-25 16:13:31]--[src_cgi/sharefile_cgi.c:36]--mysql:[user=root,pwd=lp86282176,database=cloud_disk][2020-03-25 16:13:31]--[src_cgi/sharefile_cgi.c:41]--redis:[ip=127.0.0.1,port=6379]
[2020-03-25 16:13:31]--[src_cgi/sharefile_cgi.c:536]--cmd = count
[2020-03-25 16:13:31]--[src_cgi/sharefile_cgi.c:77]--line = 3
[2020-03-25 16:13:31]--[src_cgi/sharefile_cgi.c:36]--mysql:[user=root,pwd=lp86282176,database=cloud_disk][2020-03-25 16:13:31]--[src_cgi/sharefile_cgi.c:41]--redis:[ip=127.0.0.1,port=6379]
[2020-03-25 16:13:31]--[src_cgi/sharefile_cgi.c:536]--cmd = normal
[2020-03-25 16:13:31]--[src_cgi/sharefile_cgi.c:572]--buf = {
    "count": 3,
    "start": 0
}

[2020-03-25 16:13:31]--[src_cgi/sharefile_cgi.c:578]--start = 0, count = 3
[2020-03-25 16:13:31]--[src_cgi/sharefile_cgi.c:157]--select share_file_list.*,file_info.url,file_info.size,file_info.type  from file_info,share_file_list where file_info.md5 = share_file_list.md5 limit 0,3 在操作
[2020-03-25 16:13:31]--[src_cgi/sharefile_cgi.c:254]--{
	"files":	[{
			"user":	"vyUyGIUPr84M7jSX+NqX3Q==",
			"md5":	"ca2bf7f8f010757f807a360944357eed",
			"time":	"2020-03-25 16:05:07",
			"filename":	"实验结果.png",
			"sharestatus":	1,
			"pv":	0,
			"url":	"http:// 192.168.43.34:80/group1/M00/00/00/wKgrIl57DwGAS1ByAAYZh6KE_bU830.png",
			"size":	399751,
			"type":	"png"
		}, {
			"user":	"vyUyGIUPr84M7jSX+NqX3Q==",
			"md5":	"f36cbe1ffe2771cf285512d485084186",
			"time":	"2020-03-25 16:05:19",
			"filename":	"config.json",
			"sharestatus":	1,
			"pv":	0,
			"url":	"http:// 192.168.43.34:80/group1/M00/00/00/wKgrIl57C6KAFVPzAAABGaEthyE83.json",
			"size":	281,
			"type":	"json"
		}, {
			"user":	"vyUyGIUPr84M7jSX+NqX3Q==",
			"md5":	"65e69a4b4bdfc9bf1fa6a694b8867b92",
			"time":	"2020-03-25 16:12:40",
			"filename":	"123.png",
			"sharestatus":	1,
			"pv":	1,
			"url":	"http:// 192.168.43.34:80/group1/M00/00/00/wKgrIl57DpGADdIVAAEF6BNQWIM746.png",
			"size":	67048,
			"type":	"png"
		}]
}
[2020-03-25 16:14:07]--[src_cgi/sharefile_cgi.c:36]--mysql:[user=root,pwd=lp86282176,database=cloud_disk][2020-03-25 16:14:07]--[src_cgi/sharefile_cgi.c:41]--redis:[ip=127.0.0.1,port=6379]
[2020-03-25 16:14:07]--[src_cgi/sharefile_cgi.c:536]--cmd = count
[2020-03-25 16:14:07]--[src_cgi/sharefile_cgi.c:77]--line = 3
[2020-03-25 16:14:07]--[src_cgi/sharefile_cgi.c:36]--mysql:[user=root,pwd=lp86282176,database=cloud_disk][2020-03-25 16:14:07]--[src_cgi/sharefile_cgi.c:41]--redis:[ip=127.0.0.1,port=6379]
[2020-03-25 16:14:07]--[src_cgi/sharefile_cgi.c:536]--cmd = pvdesc
[2020-03-25 16:14:07]--[src_cgi/sharefile_cgi.c:572]--buf = {
    "count": 3,
    "start": 0
}

[2020-03-25 16:14:07]--[src_cgi/sharefile_cgi.c:578]--start = 0, count = 3
[2020-03-25 16:14:07]--[src_cgi/sharefile_cgi.c:358]--sql_num=3,redis_num=3
[2020-03-25 16:14:07]--[src_cgi/sharefile_cgi.c:474]--out:{
	"files":	[{
			"filename":	"123.png",
			"pv":	2
		}, {
			"filename":	"config.json",
			"pv":	0
		}, {
			"filename":	"实验结果.png",
			"pv":	0
		}]
}
[2020-03-25 16:14:10]--[src_cgi/sharefile_cgi.c:36]--mysql:[user=root,pwd=lp86282176,database=cloud_disk][2020-03-25 16:14:10]--[src_cgi/sharefile_cgi.c:41]--redis:[ip=127.0.0.1,port=6379]
[2020-03-25 16:14:10]--[src_cgi/sharefile_cgi.c:536]--cmd = count
[2020-03-25 16:14:10]--[src_cgi/sharefile_cgi.c:77]--line = 3
[2020-03-25 16:14:10]--[src_cgi/sharefile_cgi.c:36]--mysql:[user=root,pwd=lp86282176,database=cloud_disk][2020-03-25 16:14:10]--[src_cgi/sharefile_cgi.c:41]--redis:[ip=127.0.0.1,port=6379]
[2020-03-25 16:14:10]--[src_cgi/sharefile_cgi.c:536]--cmd = normal
[2020-03-25 16:14:10]--[src_cgi/sharefile_cgi.c:572]--buf = {
    "count": 3,
    "start": 0
}

[2020-03-25 16:14:10]--[src_cgi/sharefile_cgi.c:578]--start = 0, count = 3
[2020-03-25 16:14:10]--[src_cgi/sharefile_cgi.c:157]--select share_file_list.*,file_info.url,file_info.size,file_info.type  from file_info,share_file_list where file_info.md5 = share_file_list.md5 limit 0,3 在操作
[2020-03-25 16:14:10]--[src_cgi/sharefile_cgi.c:254]--{
	"files":	[{
			"user":	"vyUyGIUPr84M7jSX+NqX3Q==",
			"md5":	"ca2bf7f8f010757f807a360944357eed",
			"time":	"2020-03-25 16:05:07",
			"filename":	"实验结果.png",
			"sharestatus":	1,
			"pv":	0,
			"url":	"http:// 192.168.43.34:80/group1/M00/00/00/wKgrIl57DwGAS1ByAAYZh6KE_bU830.png",
			"size":	399751,
			"type":	"png"
		}, {
			"user":	"vyUyGIUPr84M7jSX+NqX3Q==",
			"md5":	"f36cbe1ffe2771cf285512d485084186",
			"time":	"2020-03-25 16:05:19",
			"filename":	"config.json",
			"sharestatus":	1,
			"pv":	0,
			"url":	"http:// 192.168.43.34:80/group1/M00/00/00/wKgrIl57C6KAFVPzAAABGaEthyE83.json",
			"size":	281,
			"type":	"json"
		}, {
			"user":	"vyUyGIUPr84M7jSX+NqX3Q==",
			"md5":	"65e69a4b4bdfc9bf1fa6a694b8867b92",
			"time":	"2020-03-25 16:12:40",
			"filename":	"123.png",
			"sharestatus":	1,
			"pv":	2,
			"url":	"http:// 192.168.43.34:80/group1/M00/00/00/wKgrIl57DpGADdIVAAEF6BNQWIM746.png",
			"size":	67048,
			"type":	"png"
		}]
}
[2020-03-25 16:14:10]--[src_cgi/sharefile_cgi.c:36]--mysql:[user=root,pwd=lp86282176,database=cloud_disk][2020-03-25 16:14:10]--[src_cgi/sharefile_cgi.c:41]--redis:[ip=127.0.0.1,port=6379]
[2020-03-25 16:14:10]--[src_cgi/sharefile_cgi.c:536]--cmd = count
[2020-03-25 16:14:10]--[src_cgi/sharefile_cgi.c:77]--line = 3
[2020-03-25 16:14:10]--[src_cgi/sharefile_cgi.c:36]--mysql:[user=root,pwd=lp86282176,database=cloud_disk][2020-03-25 16:14:10]--[src_cgi/sharefile_cgi.c:41]--redis:[ip=127.0.0.1,port=6379]
[2020-03-25 16:14:10]--[src_cgi/sharefile_cgi.c:536]--cmd = pvdesc
[2020-03-25 16:14:10]--[src_cgi/sharefile_cgi.c:572]--buf = {
    "count": 3,
    "start": 0
}

[2020-03-25 16:14:10]--[src_cgi/sharefile_cgi.c:578]--start = 0, count = 3
[2020-03-25 16:14:10]--[src_cgi/sharefile_cgi.c:358]--sql_num=3,redis_num=3
[2020-03-25 16:14:10]--[src_cgi/sharefile_cgi.c:474]--out:{
	"files":	[{
			"filename":	"123.png",
			"pv":	2
		}, {
			"filename":	"config.json",
			"pv":	0
		}, {
			"filename":	"实验结果.png",
			"pv":	0
		}]
}
[2020-03-25 16:16:15]--[src_cgi/sharefile_cgi.c:36]--mysql:[user=root,pwd=lp86282176,database=cloud_disk][2020-03-25 16:16:15]--[src_cgi/sharefile_cgi.c:41]--redis:[ip=127.0.0.1,port=6379]
[2020-03-25 16:16:15]--[src_cgi/sharefile_cgi.c:536]--cmd = count
[2020-03-25 16:16:15]--[src_cgi/sharefile_cgi.c:77]--line = 3
[2020-03-25 16:16:15]--[src_cgi/sharefile_cgi.c:36]--mysql:[user=root,pwd=lp86282176,database=cloud_disk][2020-03-25 16:16:15]--[src_cgi/sharefile_cgi.c:41]--redis:[ip=127.0.0.1,port=6379]
[2020-03-25 16:16:15]--[src_cgi/sharefile_cgi.c:536]--cmd = normal
[2020-03-25 16:16:15]--[src_cgi/sharefile_cgi.c:572]--buf = {
    "count": 3,
    "start": 0
}

[2020-03-25 16:16:15]--[src_cgi/sharefile_cgi.c:578]--start = 0, count = 3
[2020-03-25 16:16:15]--[src_cgi/sharefile_cgi.c:157]--select share_file_list.*,file_info.url,file_info.size,file_info.type  from file_info,share_file_list where file_info.md5 = share_file_list.md5 limit 0,3 在操作
[2020-03-25 16:16:15]--[src_cgi/sharefile_cgi.c:254]--{
	"files":	[{
			"user":	"vyUyGIUPr84M7jSX+NqX3Q==",
			"md5":	"ca2bf7f8f010757f807a360944357eed",
			"time":	"2020-03-25 16:05:07",
			"filename":	"实验结果.png",
			"sharestatus":	1,
			"pv":	0,
			"url":	"http:// 192.168.43.34:80/group1/M00/00/00/wKgrIl57DwGAS1ByAAYZh6KE_bU830.png",
			"size":	399751,
			"type":	"png"
		}, {
			"user":	"vyUyGIUPr84M7jSX+NqX3Q==",
			"md5":	"f36cbe1ffe2771cf285512d485084186",
			"time":	"2020-03-25 16:05:19",
			"filename":	"config.json",
			"sharestatus":	1,
			"pv":	0,
			"url":	"http:// 192.168.43.34:80/group1/M00/00/00/wKgrIl57C6KAFVPzAAABGaEthyE83.json",
			"size":	281,
			"type":	"json"
		}, {
			"user":	"vyUyGIUPr84M7jSX+NqX3Q==",
			"md5":	"65e69a4b4bdfc9bf1fa6a694b8867b92",
			"time":	"2020-03-25 16:12:40",
			"filename":	"123.png",
			"sharestatus":	1,
			"pv":	2,
			"url":	"http:// 192.168.43.34:80/group1/M00/00/00/wKgrIl57DpGADdIVAAEF6BNQWIM746.png",
			"size":	67048,
			"type":	"png"
		}]
}
[2020-03-25 16:16:18]--[src_cgi/sharefile_cgi.c:36]--mysql:[user=root,pwd=lp86282176,database=cloud_disk][2020-03-25 16:16:18]--[src_cgi/sharefile_cgi.c:41]--redis:[ip=127.0.0.1,port=6379]
[2020-03-25 16:16:18]--[src_cgi/sharefile_cgi.c:536]--cmd = count
[2020-03-25 16:16:18]--[src_cgi/sharefile_cgi.c:77]--line = 3
[2020-03-25 16:16:18]--[src_cgi/sharefile_cgi.c:36]--mysql:[user=root,pwd=lp86282176,database=cloud_disk][2020-03-25 16:16:18]--[src_cgi/sharefile_cgi.c:41]--redis:[ip=127.0.0.1,port=6379]
[2020-03-25 16:16:18]--[src_cgi/sharefile_cgi.c:536]--cmd = normal
[2020-03-25 16:16:18]--[src_cgi/sharefile_cgi.c:572]--buf = {
    "count": 3,
    "start": 0
}

[2020-03-25 16:16:18]--[src_cgi/sharefile_cgi.c:578]--start = 0, count = 3
[2020-03-25 16:16:18]--[src_cgi/sharefile_cgi.c:157]--select share_file_list.*,file_info.url,file_info.size,file_info.type  from file_info,share_file_list where file_info.md5 = share_file_list.md5 limit 0,3 在操作
[2020-03-25 16:16:18]--[src_cgi/sharefile_cgi.c:254]--{
	"files":	[{
			"user":	"vyUyGIUPr84M7jSX+NqX3Q==",
			"md5":	"ca2bf7f8f010757f807a360944357eed",
			"time":	"2020-03-25 16:05:07",
			"filename":	"实验结果.png",
			"sharestatus":	1,
			"pv":	0,
			"url":	"http:// 192.168.43.34:80/group1/M00/00/00/wKgrIl57DwGAS1ByAAYZh6KE_bU830.png",
			"size":	399751,
			"type":	"png"
		}, {
			"user":	"vyUyGIUPr84M7jSX+NqX3Q==",
			"md5":	"f36cbe1ffe2771cf285512d485084186",
			"time":	"2020-03-25 16:05:19",
			"filename":	"config.json",
			"sharestatus":	1,
			"pv":	0,
			"url":	"http:// 192.168.43.34:80/group1/M00/00/00/wKgrIl57C6KAFVPzAAABGaEthyE83.json",
			"size":	281,
			"type":	"json"
		}, {
			"user":	"vyUyGIUPr84M7jSX+NqX3Q==",
			"md5":	"65e69a4b4bdfc9bf1fa6a694b8867b92",
			"time":	"2020-03-25 16:12:40",
			"filename":	"123.png",
			"sharestatus":	1,
			"pv":	2,
			"url":	"http:// 192.168.43.34:80/group1/M00/00/00/wKgrIl57DpGADdIVAAEF6BNQWIM746.png",
			"size":	67048,
			"type":	"png"
		}]
}
[2020-03-25 16:16:19]--[src_cgi/sharefile_cgi.c:36]--mysql:[user=root,pwd=lp86282176,database=cloud_disk][2020-03-25 16:16:19]--[src_cgi/sharefile_cgi.c:41]--redis:[ip=127.0.0.1,port=6379]
[2020-03-25 16:16:19]--[src_cgi/sharefile_cgi.c:536]--cmd = count
[2020-03-25 16:16:19]--[src_cgi/sharefile_cgi.c:77]--line = 3
[2020-03-25 16:16:19]--[src_cgi/sharefile_cgi.c:36]--mysql:[user=root,pwd=lp86282176,database=cloud_disk][2020-03-25 16:16:19]--[src_cgi/sharefile_cgi.c:41]--redis:[ip=127.0.0.1,port=6379]
[2020-03-25 16:16:19]--[src_cgi/sharefile_cgi.c:536]--cmd = pvdesc
[2020-03-25 16:16:19]--[src_cgi/sharefile_cgi.c:572]--buf = {
    "count": 3,
    "start": 0
}

[2020-03-25 16:16:19]--[src_cgi/sharefile_cgi.c:578]--start = 0, count = 3
[2020-03-25 16:16:19]--[src_cgi/sharefile_cgi.c:358]--sql_num=3,redis_num=3
[2020-03-25 16:16:19]--[src_cgi/sharefile_cgi.c:474]--out:{
	"files":	[{
			"filename":	"123.png",
			"pv":	2
		}, {
			"filename":	"config.json",
			"pv":	0
		}, {
			"filename":	"实验结果.png",
			"pv":	0
		}]
}
[2020-03-25 16:16:38]--[src_cgi/sharefile_cgi.c:36]--mysql:[user=root,pwd=lp86282176,database=cloud_disk][2020-03-25 16:16:38]--[src_cgi/sharefile_cgi.c:41]--redis:[ip=127.0.0.1,port=6379]
[2020-03-25 16:16:38]--[src_cgi/sharefile_cgi.c:536]--cmd = count
[2020-03-25 16:16:38]--[src_cgi/sharefile_cgi.c:77]--line = 3
[2020-03-25 16:16:38]--[src_cgi/sharefile_cgi.c:36]--mysql:[user=root,pwd=lp86282176,database=cloud_disk][2020-03-25 16:16:38]--[src_cgi/sharefile_cgi.c:41]--redis:[ip=127.0.0.1,port=6379]
[2020-03-25 16:16:38]--[src_cgi/sharefile_cgi.c:536]--cmd = normal
[2020-03-25 16:16:38]--[src_cgi/sharefile_cgi.c:572]--buf = {
    "count": 3,
    "start": 0
}

[2020-03-25 16:16:38]--[src_cgi/sharefile_cgi.c:578]--start = 0, count = 3
[2020-03-25 16:16:38]--[src_cgi/sharefile_cgi.c:157]--select share_file_list.*,file_info.url,file_info.size,file_info.type  from file_info,share_file_list where file_info.md5 = share_file_list.md5 limit 0,3 在操作
[2020-03-25 16:16:38]--[src_cgi/sharefile_cgi.c:254]--{
	"files":	[{
			"user":	"vyUyGIUPr84M7jSX+NqX3Q==",
			"md5":	"ca2bf7f8f010757f807a360944357eed",
			"time":	"2020-03-25 16:05:07",
			"filename":	"实验结果.png",
			"sharestatus":	1,
			"pv":	0,
			"url":	"http:// 192.168.43.34:80/group1/M00/00/00/wKgrIl57DwGAS1ByAAYZh6KE_bU830.png",
			"size":	399751,
			"type":	"png"
		}, {
			"user":	"vyUyGIUPr84M7jSX+NqX3Q==",
			"md5":	"f36cbe1ffe2771cf285512d485084186",
			"time":	"2020-03-25 16:05:19",
			"filename":	"config.json",
			"sharestatus":	1,
			"pv":	0,
			"url":	"http:// 192.168.43.34:80/group1/M00/00/00/wKgrIl57C6KAFVPzAAABGaEthyE83.json",
			"size":	281,
			"type":	"json"
		}, {
			"user":	"vyUyGIUPr84M7jSX+NqX3Q==",
			"md5":	"65e69a4b4bdfc9bf1fa6a694b8867b92",
			"time":	"2020-03-25 16:12:40",
			"filename":	"123.png",
			"sharestatus":	1,
			"pv":	2,
			"url":	"http:// 192.168.43.34:80/group1/M00/00/00/wKgrIl57DpGADdIVAAEF6BNQWIM746.png",
			"size":	67048,
			"type":	"png"
		}]
}
[2020-03-25 16:16:38]--[src_cgi/sharefile_cgi.c:36]--mysql:[user=root,pwd=lp86282176,database=cloud_disk][2020-03-25 16:16:38]--[src_cgi/sharefile_cgi.c:41]--redis:[ip=127.0.0.1,port=6379]
[2020-03-25 16:16:38]--[src_cgi/sharefile_cgi.c:536]--cmd = count
[2020-03-25 16:16:38]--[src_cgi/sharefile_cgi.c:77]--line = 3
[2020-03-25 16:16:39]--[src_cgi/sharefile_cgi.c:36]--mysql:[user=root,pwd=lp86282176,database=cloud_disk][2020-03-25 16:16:39]--[src_cgi/sharefile_cgi.c:41]--redis:[ip=127.0.0.1,port=6379]
[2020-03-25 16:16:39]--[src_cgi/sharefile_cgi.c:536]--cmd = pvdesc
[2020-03-25 16:16:39]--[src_cgi/sharefile_cgi.c:572]--buf = {
    "count": 3,
    "start": 0
}

[2020-03-25 16:16:39]--[src_cgi/sharefile_cgi.c:578]--start = 0, count = 3
[2020-03-25 16:16:39]--[src_cgi/sharefile_cgi.c:358]--sql_num=3,redis_num=3
[2020-03-25 16:16:39]--[src_cgi/sharefile_cgi.c:474]--out:{
	"files":	[{
			"filename":	"123.png",
			"pv":	2
		}, {
			"filename":	"config.json",
			"pv":	0
		}, {
			"filename":	"实验结果.png",
			"pv":	0
		}]
}
