[2020-03-10 17:17:46]--[dealfile_cgi.c:35]--mysql:[user=root,pwd=lp86282176,database=cloud_disk][2020-03-10 17:17:46]--[dealfile_cgi.c:40]--redis:[ip=127.0.0.1,port=6379]
[2020-03-10 17:41:19]--[dealfile_cgi.c:35]--mysql:[user=root,pwd=lp86282176,database=cloud_disk][2020-03-10 17:41:19]--[dealfile_cgi.c:40]--redis:[ip=127.0.0.1,port=6379]
[2020-03-10 18:07:57]--[dealfile_cgi.c:298]--cmd = share
[2020-03-10 18:07:57]--[dealfile_cgi.c:327]--buf = {
    "filename": "截图.png",
    "md5": "59381fec7e122866f2232188b924a829",
    "token": "2b",
    "user": "lp13773477582"
}

[2020-03-10 18:07:57]--[dealfile_cgi.c:82]--user='vyUyGIUPr84M7jSX+NqX3Q=='
[2020-03-10 18:07:57]--[dealfile_cgi.c:93]--token='2b'
[2020-03-10 18:07:57]--[dealfile_cgi.c:331]--user = vyUyGIUPr84M7jSX+NqX3Q==, token = 2b, md5 = 59381fec7e122866f2232188b924a829, filename = 截图.png
[2020-03-10 18:16:19]--[dealfile_cgi.c:298]--cmd = share
[2020-03-10 18:16:19]--[dealfile_cgi.c:327]--buf = {
    "filename": "截图.png",
    "md5": "59381fec7e122866f2232188b924a829",
    "token": "91",
    "user": "lp13773477582"
}

[2020-03-10 18:16:19]--[dealfile_cgi.c:82]--user='vyUyGIUPr84M7jSX+NqX3Q=='
[2020-03-10 18:16:19]--[dealfile_cgi.c:93]--token='91'
[2020-03-10 18:16:19]--[dealfile_cgi.c:331]--user = vyUyGIUPr84M7jSX+NqX3Q==, token = 91, md5 = 59381fec7e122866f2232188b924a829, filename = 截图.png
[2020-03-10 18:39:19]--[dealfile_cgi.c:298]--cmd = share
[2020-03-10 18:39:19]--[dealfile_cgi.c:327]--buf = {
    "filename": "截图.png",
    "md5": "59381fec7e122866f2232188b924a829",
    "token": "91",
    "user": "lp13773477582"
}

[2020-03-10 18:39:19]--[dealfile_cgi.c:82]--user='vyUyGIUPr84M7jSX+NqX3Q=='
[2020-03-10 18:39:19]--[dealfile_cgi.c:93]--token='91'
[2020-03-10 18:39:19]--[dealfile_cgi.c:331]--user = vyUyGIUPr84M7jSX+NqX3Q==, token = 91, md5 = 59381fec7e122866f2232188b924a829, filename = 截图.png
