[2020-03-14 17:09:22]--[dealsharefile_cgi.c:34]--mysql:[user=root,pwd=lp86282176,database=cloud_disk][2020-03-14 17:09:22]--[dealsharefile_cgi.c:39]--redis:[ip=127.0.0.1,port=6379]
[2020-03-14 17:28:37]--[dealsharefile_cgi.c:378]--cmd = save
[2020-03-14 17:28:37]--[dealsharefile_cgi.c:410]--buf = {
    "filename": "avi.png",
    "md5": "2869fd80cf88d03946a1d8b74ffabbac",
    "user": "lp13773477582"
}

[2020-03-14 17:28:37]--[dealsharefile_cgi.c:413]--user = vyUyGIUPr84M7jSX+NqX3Q==, md5 = 2869fd80cf88d03946a1d8b74ffabbac, filename = avi.png
[2020-03-14 17:28:37]--[dealsharefile_cgi.c:266]--vyUyGIUPr84M7jSX+NqX3Q==[filename:avi.png, md5:2869fd80cf88d03946a1d8b74ffabbac]已存在
[2020-03-14 18:28:47]--[dealsharefile_cgi.c:34]--mysql:[user=root,pwd=lp86282176,database=cloud_disk][2020-03-14 18:28:47]--[dealsharefile_cgi.c:39]--redis:[ip=127.0.0.1,port=6379]
[2020-03-14 18:29:10]--[dealsharefile_cgi.c:400]--cmd = cancel
[2020-03-14 18:29:10]--[dealsharefile_cgi.c:432]--buf = {
    "filename": "avi.png",
    "md5": "2869fd80cf88d03946a1d8b74ffabbac",
    "user": "lp13773477582"
}

[2020-03-14 18:29:10]--[dealsharefile_cgi.c:435]--user = vyUyGIUPr84M7jSX+NqX3Q==, md5 = 2869fd80cf88d03946a1d8b74ffabbac, filename = avi.png
[2020-03-14 18:29:10]--[dealsharefile_cgi.c:218]--rop_zset_zrem 操作失败
[2020-03-14 18:46:23]--[dealsharefile_cgi.c:400]--cmd = cancel
[2020-03-14 18:46:23]--[dealsharefile_cgi.c:432]--buf = {
    "filename": "avi.png",
    "md5": "2869fd80cf88d03946a1d8b74ffabbac",
    "user": "lp13773477582"
}

[2020-03-14 18:46:23]--[dealsharefile_cgi.c:435]--user = vyUyGIUPr84M7jSX+NqX3Q==, md5 = 2869fd80cf88d03946a1d8b74ffabbac, filename = avi.png
[2020-03-14 18:46:23]--[dealsharefile_cgi.c:218]--rop_zset_zrem 操作失败
[2020-03-14 18:56:53]--[dealsharefile_cgi.c:400]--cmd = cancel
[2020-03-14 18:56:53]--[dealsharefile_cgi.c:432]--buf = {
    "filename": "avi.png",
    "md5": "2869fd80cf88d03946a1d8b74ffabbac",
    "user": "lp13773477582"
}

[2020-03-14 18:56:53]--[dealsharefile_cgi.c:435]--user = vyUyGIUPr84M7jSX+NqX3Q==, md5 = 2869fd80cf88d03946a1d8b74ffabbac, filename = avi.png
[2020-03-14 19:04:06]--[dealsharefile_cgi.c:400]--cmd = cancel
[2020-03-14 19:04:06]--[dealsharefile_cgi.c:432]--buf = {
    "filename": "jsf.png",
    "md5": "68998a52de5e0dd4f081329b0d6bf736",
    "user": "lp13773477582"
}

[2020-03-14 19:04:06]--[dealsharefile_cgi.c:435]--user = vyUyGIUPr84M7jSX+NqX3Q==, md5 = 68998a52de5e0dd4f081329b0d6bf736, filename = jsf.png
[2020-03-14 19:04:06]--[dealsharefile_cgi.c:218]--rop_zset_zrem 操作失败
[2020-03-14 19:04:11]--[dealsharefile_cgi.c:400]--cmd = cancel
[2020-03-14 19:04:11]--[dealsharefile_cgi.c:432]--buf = {
    "filename": "zip.png",
    "md5": "0c39d13254dd1621bba565dc85ab16f3",
    "user": "lp13773477582"
}

[2020-03-14 19:04:11]--[dealsharefile_cgi.c:435]--user = vyUyGIUPr84M7jSX+NqX3Q==, md5 = 0c39d13254dd1621bba565dc85ab16f3, filename = zip.png
[2020-03-14 19:04:11]--[dealsharefile_cgi.c:218]--rop_zset_zrem 操作失败
[2020-03-14 19:05:19]--[dealsharefile_cgi.c:400]--cmd = cancel
[2020-03-14 19:05:19]--[dealsharefile_cgi.c:432]--buf = {
    "filename": "xlsx.png",
    "md5": "381176119defd395cf61c1343af79e26",
    "user": "lp13773477582"
}

[2020-03-14 19:05:19]--[dealsharefile_cgi.c:435]--user = vyUyGIUPr84M7jSX+NqX3Q==, md5 = 381176119defd395cf61c1343af79e26, filename = xlsx.png
[2020-03-14 19:05:19]--[dealsharefile_cgi.c:218]--rop_zset_zrem 操作失败
[2020-03-14 19:15:16]--[dealsharefile_cgi.c:34]--mysql:[user=root,pwd=lp86282176,database=cloud_disk][2020-03-14 19:15:16]--[dealsharefile_cgi.c:39]--redis:[ip=127.0.0.1,port=6379]
[2020-03-14 19:15:38]--[dealsharefile_cgi.c:400]--cmd = cancel
[2020-03-14 19:15:38]--[dealsharefile_cgi.c:432]--buf = {
    "filename": "捕获.PNG",
    "md5": "adb1565ef8c89e070be0a8b43b8f4c7f",
    "user": "lp13773477582"
}

[2020-03-14 19:15:38]--[dealsharefile_cgi.c:435]--user = vyUyGIUPr84M7jSX+NqX3Q==, md5 = adb1565ef8c89e070be0a8b43b8f4c7f, filename = 捕获.PNG
[2020-03-14 19:17:50]--[dealsharefile_cgi.c:400]--cmd = cancel
[2020-03-14 19:17:50]--[dealsharefile_cgi.c:432]--buf = {
    "filename": "avi.png",
    "md5": "2869fd80cf88d03946a1d8b74ffabbac",
    "user": "lp13773477582"
}

[2020-03-14 19:17:50]--[dealsharefile_cgi.c:435]--user = vyUyGIUPr84M7jSX+NqX3Q==, md5 = 2869fd80cf88d03946a1d8b74ffabbac, filename = avi.png
[2020-03-14 19:17:51]--[dealsharefile_cgi.c:218]--rop_zset_zrem 操作失败
[2020-03-14 19:17:54]--[dealsharefile_cgi.c:400]--cmd = cancel
[2020-03-14 19:17:54]--[dealsharefile_cgi.c:432]--buf = {
    "filename": "截图.png",
    "md5": "59381fec7e122866f2232188b924a829",
    "user": "lp13773477582"
}

[2020-03-14 19:17:54]--[dealsharefile_cgi.c:435]--user = vyUyGIUPr84M7jSX+NqX3Q==, md5 = 59381fec7e122866f2232188b924a829, filename = 截图.png
[2020-03-14 19:17:54]--[dealsharefile_cgi.c:218]--rop_zset_zrem 操作失败
[2020-03-14 19:28:48]--[dealsharefile_cgi.c:34]--mysql:[user=root,pwd=lp86282176,database=cloud_disk][2020-03-14 19:28:48]--[dealsharefile_cgi.c:39]--redis:[ip=127.0.0.1,port=6379]
[2020-03-14 19:29:24]--[dealsharefile_cgi.c:400]--cmd = save
[2020-03-14 19:29:24]--[dealsharefile_cgi.c:432]--buf = {
    "filename": "截图.png",
    "md5": "59381fec7e122866f2232188b924a829",
    "user": "lp13773477582"
}

[2020-03-14 19:29:24]--[dealsharefile_cgi.c:435]--user = vyUyGIUPr84M7jSX+NqX3Q==, md5 = 59381fec7e122866f2232188b924a829, filename = 截图.png
[2020-03-14 19:29:24]--[dealsharefile_cgi.c:288]--vyUyGIUPr84M7jSX+NqX3Q==[filename:截图.png, md5:59381fec7e122866f2232188b924a829]已存在
[2020-03-14 19:29:31]--[dealsharefile_cgi.c:400]--cmd = cancel
[2020-03-14 19:29:31]--[dealsharefile_cgi.c:432]--buf = {
    "filename": "截图.png",
    "md5": "59381fec7e122866f2232188b924a829",
    "user": "lp13773477582"
}

[2020-03-14 19:29:31]--[dealsharefile_cgi.c:435]--user = vyUyGIUPr84M7jSX+NqX3Q==, md5 = 59381fec7e122866f2232188b924a829, filename = 截图.png
[2020-03-14 19:29:31]--[dealsharefile_cgi.c:218]--rop_zset_zrem 操作失败
[2020-03-14 19:54:05]--[dealsharefile_cgi.c:34]--mysql:[user=root,pwd=lp86282176,database=cloud_disk][2020-03-14 19:54:05]--[dealsharefile_cgi.c:39]--redis:[ip=127.0.0.1,port=6379]
[2020-03-14 20:57:47]--[dealsharefile_cgi.c:400]--cmd = cancel
[2020-03-14 20:57:47]--[dealsharefile_cgi.c:432]--buf = {
    "filename": "截图.png",
    "md5": "59381fec7e122866f2232188b924a829",
    "user": "lp13773477582"
}

[2020-03-14 20:57:47]--[dealsharefile_cgi.c:435]--user = vyUyGIUPr84M7jSX+NqX3Q==, md5 = 59381fec7e122866f2232188b924a829, filename = 截图.png
[2020-03-14 21:03:15]--[dealsharefile_cgi.c:400]--cmd = cancel
[2020-03-14 21:03:15]--[dealsharefile_cgi.c:432]--buf = {
    "filename": "config.json",
    "md5": "f36cbe1ffe2771cf285512d485084186",
    "user": "lp13773477582"
}

[2020-03-14 21:03:15]--[dealsharefile_cgi.c:435]--user = vyUyGIUPr84M7jSX+NqX3Q==, md5 = f36cbe1ffe2771cf285512d485084186, filename = config.json
