[2020-03-14 16:36:38]--[dealfile_cgi.c:35]--mysql:[user=root,pwd=lp86282176,database=cloud_disk][2020-03-14 16:36:38]--[dealfile_cgi.c:40]--redis:[ip=127.0.0.1,port=6379]
[2020-03-14 17:01:22]--[dealfile_cgi.c:35]--mysql:[user=root,pwd=lp86282176,database=cloud_disk][2020-03-14 17:01:22]--[dealfile_cgi.c:40]--redis:[ip=127.0.0.1,port=6379]
[2020-03-14 18:46:18]--[dealfile_cgi.c:556]--cmd = share
[2020-03-14 18:46:18]--[dealfile_cgi.c:585]--buf = {
    "filename": "avi.png",
    "md5": "2869fd80cf88d03946a1d8b74ffabbac",
    "token": "80",
    "user": "lp13773477582"
}

[2020-03-14 18:46:18]--[dealfile_cgi.c:82]--user='vyUyGIUPr84M7jSX+NqX3Q=='
[2020-03-14 18:46:18]--[dealfile_cgi.c:93]--token='80'
[2020-03-14 18:46:18]--[dealfile_cgi.c:589]--user = vyUyGIUPr84M7jSX+NqX3Q==, token = 80, md5 = 2869fd80cf88d03946a1d8b74ffabbac, filename = avi.png
[2020-03-14 18:56:48]--[dealfile_cgi.c:556]--cmd = share
[2020-03-14 18:56:48]--[dealfile_cgi.c:585]--buf = {
    "filename": "avi.png",
    "md5": "2869fd80cf88d03946a1d8b74ffabbac",
    "token": "3a",
    "user": "lp13773477582"
}

[2020-03-14 18:56:48]--[dealfile_cgi.c:82]--user='vyUyGIUPr84M7jSX+NqX3Q=='
[2020-03-14 18:56:48]--[dealfile_cgi.c:93]--token='3a'
[2020-03-14 18:56:48]--[dealfile_cgi.c:589]--user = vyUyGIUPr84M7jSX+NqX3Q==, token = 3a, md5 = 2869fd80cf88d03946a1d8b74ffabbac, filename = avi.png
[2020-03-14 19:05:06]--[dealfile_cgi.c:556]--cmd = share
[2020-03-14 19:05:06]--[dealfile_cgi.c:585]--buf = {
    "filename": "截图.png",
    "md5": "59381fec7e122866f2232188b924a829",
    "token": "96",
    "user": "lp13773477582"
}

[2020-03-14 19:05:06]--[dealfile_cgi.c:82]--user='vyUyGIUPr84M7jSX+NqX3Q=='
[2020-03-14 19:05:06]--[dealfile_cgi.c:93]--token='96'
[2020-03-14 19:05:06]--[dealfile_cgi.c:589]--user = vyUyGIUPr84M7jSX+NqX3Q==, token = 96, md5 = 59381fec7e122866f2232188b924a829, filename = 截图.png
[2020-03-14 19:05:11]--[dealfile_cgi.c:556]--cmd = share
[2020-03-14 19:05:11]--[dealfile_cgi.c:585]--buf = {
    "filename": "avi.png",
    "md5": "2869fd80cf88d03946a1d8b74ffabbac",
    "token": "96",
    "user": "lp13773477582"
}

[2020-03-14 19:05:11]--[dealfile_cgi.c:82]--user='vyUyGIUPr84M7jSX+NqX3Q=='
[2020-03-14 19:05:11]--[dealfile_cgi.c:93]--token='96'
[2020-03-14 19:05:11]--[dealfile_cgi.c:589]--user = vyUyGIUPr84M7jSX+NqX3Q==, token = 96, md5 = 2869fd80cf88d03946a1d8b74ffabbac, filename = avi.png
[2020-03-14 19:05:16]--[dealfile_cgi.c:556]--cmd = share
[2020-03-14 19:05:16]--[dealfile_cgi.c:585]--buf = {
    "filename": "xlsx.png",
    "md5": "381176119defd395cf61c1343af79e26",
    "token": "96",
    "user": "lp13773477582"
}

[2020-03-14 19:05:16]--[dealfile_cgi.c:82]--user='vyUyGIUPr84M7jSX+NqX3Q=='
[2020-03-14 19:05:16]--[dealfile_cgi.c:93]--token='96'
[2020-03-14 19:05:16]--[dealfile_cgi.c:589]--user = vyUyGIUPr84M7jSX+NqX3Q==, token = 96, md5 = 381176119defd395cf61c1343af79e26, filename = xlsx.png
[2020-03-14 19:14:28]--[dealfile_cgi.c:35]--mysql:[user=root,pwd=lp86282176,database=cloud_disk][2020-03-14 19:14:28]--[dealfile_cgi.c:40]--redis:[ip=127.0.0.1,port=6379]
[2020-03-14 19:15:34]--[dealfile_cgi.c:556]--cmd = share
[2020-03-14 19:15:34]--[dealfile_cgi.c:585]--buf = {
    "filename": "捕获.PNG",
    "md5": "adb1565ef8c89e070be0a8b43b8f4c7f",
    "token": "b7",
    "user": "lp13773477582"
}

[2020-03-14 19:15:34]--[dealfile_cgi.c:82]--user='vyUyGIUPr84M7jSX+NqX3Q=='
[2020-03-14 19:15:34]--[dealfile_cgi.c:93]--token='b7'
[2020-03-14 19:15:34]--[dealfile_cgi.c:589]--user = vyUyGIUPr84M7jSX+NqX3Q==, token = b7, md5 = adb1565ef8c89e070be0a8b43b8f4c7f, filename = 捕获.PNG
[2020-03-14 19:29:03]--[dealfile_cgi.c:35]--mysql:[user=root,pwd=lp86282176,database=cloud_disk][2020-03-14 19:29:03]--[dealfile_cgi.c:40]--redis:[ip=127.0.0.1,port=6379]
[2020-03-14 19:29:19]--[dealfile_cgi.c:556]--cmd = share
[2020-03-14 19:29:19]--[dealfile_cgi.c:585]--buf = {
    "filename": "截图.png",
    "md5": "59381fec7e122866f2232188b924a829",
    "token": "dc",
    "user": "lp13773477582"
}

[2020-03-14 19:29:19]--[dealfile_cgi.c:82]--user='vyUyGIUPr84M7jSX+NqX3Q=='
[2020-03-14 19:29:19]--[dealfile_cgi.c:93]--token='dc'
[2020-03-14 19:29:19]--[dealfile_cgi.c:589]--user = vyUyGIUPr84M7jSX+NqX3Q==, token = dc, md5 = 59381fec7e122866f2232188b924a829, filename = 截图.png
[2020-03-14 19:53:50]--[dealfile_cgi.c:35]--mysql:[user=root,pwd=lp86282176,database=cloud_disk][2020-03-14 19:53:50]--[dealfile_cgi.c:40]--redis:[ip=127.0.0.1,port=6379]
[2020-03-14 19:54:22]--[dealfile_cgi.c:556]--cmd = share
[2020-03-14 19:54:22]--[dealfile_cgi.c:585]--buf = {
    "filename": "bmp.png",
    "md5": "ca7410cbdbf4ff5c31932ba985daeaba",
    "token": "bd",
    "user": "lp13773477582"
}

[2020-03-14 19:54:22]--[dealfile_cgi.c:82]--user='vyUyGIUPr84M7jSX+NqX3Q=='
[2020-03-14 19:54:22]--[dealfile_cgi.c:93]--token='bd'
[2020-03-14 19:54:22]--[dealfile_cgi.c:589]--user = vyUyGIUPr84M7jSX+NqX3Q==, token = bd, md5 = ca7410cbdbf4ff5c31932ba985daeaba, filename = bmp.png
[2020-03-14 19:55:54]--[dealfile_cgi.c:556]--cmd = share
[2020-03-14 19:55:54]--[dealfile_cgi.c:585]--buf = {
    "filename": "bmp.png",
    "md5": "ca7410cbdbf4ff5c31932ba985daeaba",
    "token": "19",
    "user": "lp13773477582"
}

[2020-03-14 19:55:54]--[dealfile_cgi.c:82]--user='vyUyGIUPr84M7jSX+NqX3Q=='
[2020-03-14 19:55:54]--[dealfile_cgi.c:93]--token='19'
[2020-03-14 19:55:54]--[dealfile_cgi.c:589]--user = vyUyGIUPr84M7jSX+NqX3Q==, token = 19, md5 = ca7410cbdbf4ff5c31932ba985daeaba, filename = bmp.png
[2020-03-14 20:57:42]--[dealfile_cgi.c:556]--cmd = share
[2020-03-14 20:57:42]--[dealfile_cgi.c:585]--buf = {
    "filename": "截图.png",
    "md5": "59381fec7e122866f2232188b924a829",
    "token": "32",
    "user": "lp13773477582"
}

[2020-03-14 20:57:42]--[dealfile_cgi.c:82]--user='vyUyGIUPr84M7jSX+NqX3Q=='
[2020-03-14 20:57:42]--[dealfile_cgi.c:93]--token='32'
[2020-03-14 20:57:42]--[dealfile_cgi.c:589]--user = vyUyGIUPr84M7jSX+NqX3Q==, token = 32, md5 = 59381fec7e122866f2232188b924a829, filename = 截图.png
[2020-03-14 20:59:12]--[dealfile_cgi.c:556]--cmd = share
[2020-03-14 20:59:12]--[dealfile_cgi.c:585]--buf = {
    "filename": "bmp.png",
    "md5": "ca7410cbdbf4ff5c31932ba985daeaba",
    "token": "32",
    "user": "lp13773477582"
}

[2020-03-14 20:59:12]--[dealfile_cgi.c:82]--user='vyUyGIUPr84M7jSX+NqX3Q=='
[2020-03-14 20:59:12]--[dealfile_cgi.c:93]--token='32'
[2020-03-14 20:59:12]--[dealfile_cgi.c:589]--user = vyUyGIUPr84M7jSX+NqX3Q==, token = 32, md5 = ca7410cbdbf4ff5c31932ba985daeaba, filename = bmp.png
[2020-03-14 20:59:18]--[dealfile_cgi.c:556]--cmd = share
[2020-03-14 20:59:18]--[dealfile_cgi.c:585]--buf = {
    "filename": "jsf.png",
    "md5": "68998a52de5e0dd4f081329b0d6bf736",
    "token": "32",
    "user": "lp13773477582"
}

[2020-03-14 20:59:18]--[dealfile_cgi.c:82]--user='vyUyGIUPr84M7jSX+NqX3Q=='
[2020-03-14 20:59:18]--[dealfile_cgi.c:93]--token='32'
[2020-03-14 20:59:18]--[dealfile_cgi.c:589]--user = vyUyGIUPr84M7jSX+NqX3Q==, token = 32, md5 = 68998a52de5e0dd4f081329b0d6bf736, filename = jsf.png
[2020-03-14 20:59:24]--[dealfile_cgi.c:556]--cmd = share
[2020-03-14 20:59:24]--[dealfile_cgi.c:585]--buf = {
    "filename": "config.json",
    "md5": "f36cbe1ffe2771cf285512d485084186",
    "token": "32",
    "user": "lp13773477582"
}

[2020-03-14 20:59:24]--[dealfile_cgi.c:82]--user='vyUyGIUPr84M7jSX+NqX3Q=='
[2020-03-14 20:59:24]--[dealfile_cgi.c:93]--token='32'
[2020-03-14 20:59:24]--[dealfile_cgi.c:589]--user = vyUyGIUPr84M7jSX+NqX3Q==, token = 32, md5 = f36cbe1ffe2771cf285512d485084186, filename = config.json
