[2020-03-01 14:02:39]--[login_cgi.c:279]--buf={
    "pwd": "lp86282176",
    "user": "lp13773477582"
}
，len = 57
[2020-03-01 14:02:39]--[login_cgi.c:292]--get_user_info:user:vyUyGIUPr84M7jSX+NqX3Q==,pwd:deOEhTMUQpuayNy9TgSU3g==
[2020-03-01 14:02:39]--[login_cgi.c:102]--mysql_user=root,mysql_pwd=lp86282176,mysql_db=cloud_disk[2020-03-01 14:02:39]--[login_cgi.c:146]--redis:ip:127.0.0.1,port:6379[2020-03-01 14:02:39]--[login_cgi.c:170]--tmpchar:vyUyGIUPr84M7jSX+NqX3Q==379670883434[2020-03-01 14:02:39]--[login_cgi.c:187]--char_base64=spCuV+DfwYUNFpGj2BaXZ2I7JztaBHRLpnim3XOQu9NhsNjpMyKfRg==
[2020-03-01 14:04:51]--[login_cgi.c:279]--buf={
    "pwd": "lp86282176",
    "user": "lp13773477582"
}
，len = 57
[2020-03-01 14:04:51]--[login_cgi.c:292]--get_user_info:user:vyUyGIUPr84M7jSX+NqX3Q==,pwd:deOEhTMUQpuayNy9TgSU3g==
[2020-03-01 14:04:51]--[login_cgi.c:102]--mysql_user=root,mysql_pwd=lp86282176,mysql_db=cloud_disk[2020-03-01 14:04:51]--[login_cgi.c:146]--redis:ip:127.0.0.1,port:6379[2020-03-01 14:04:51]--[login_cgi.c:170]--tmpchar:vyUyGIUPr84M7jSX+NqX3Q==323160338570[2020-03-01 14:04:51]--[login_cgi.c:187]--char_base64=spCuV+DfwYUNFpGj2BaXZ2I7JztaBHRLn04zOuHdOWF7t+Rpb3y4EQ==
[2020-03-01 14:19:31]--[login_cgi.c:279]--buf={
    "pwd": "lp86282176",
    "user": "lp13773477582"
}
，len = 57
[2020-03-01 14:19:31]--[login_cgi.c:292]--get_user_info:user:vyUyGIUPr84M7jSX+NqX3Q==,pwd:deOEhTMUQpuayNy9TgSU3g==
[2020-03-01 14:19:31]--[login_cgi.c:102]--mysql_user=root,mysql_pwd=lp86282176,mysql_db=cloud_disk[2020-03-01 14:19:31]--[login_cgi.c:146]--redis:ip:127.0.0.1,port:6379[2020-03-01 14:19:31]--[login_cgi.c:170]--tmpchar:vyUyGIUPr84M7jSX+NqX3Q==425695452259[2020-03-01 14:19:31]--[login_cgi.c:187]--char_base64=spCuV+DfwYUNFpGj2BaXZ2I7JztaBHRL7Qt9jCuym1Uzl1Qd3evJ3Q==
[2020-03-01 14:40:54]--[login_cgi.c:279]--buf={
    "pwd": "lp86282176",
    "user": "lp13773477582"
}
，len = 57
[2020-03-01 14:40:54]--[login_cgi.c:292]--get_user_info:user:vyUyGIUPr84M7jSX+NqX3Q==,pwd:deOEhTMUQpuayNy9TgSU3g==
[2020-03-01 14:40:54]--[login_cgi.c:102]--mysql_user=root,mysql_pwd=lp86282176,mysql_db=cloud_disk[2020-03-01 14:40:54]--[login_cgi.c:146]--redis:ip:127.0.0.1,port:6379[2020-03-01 14:40:54]--[login_cgi.c:170]--tmpchar:vyUyGIUPr84M7jSX+NqX3Q==4152324024[2020-03-01 14:40:54]--[login_cgi.c:187]--char_base64=spCuV+DfwYUNFpGj2BaXZ2I7JztaBHRLQmMOBTtA8+pXtqA04rYs5w==
[2020-03-01 14:48:47]--[login_cgi.c:279]--buf={
    "pwd": "lp86282176",
    "user": "lp13773477582"
}
，len = 57
[2020-03-01 14:48:47]--[login_cgi.c:292]--get_user_info:user:vyUyGIUPr84M7jSX+NqX3Q==,pwd:deOEhTMUQpuayNy9TgSU3g==
[2020-03-01 14:48:47]--[login_cgi.c:102]--mysql_user=root,mysql_pwd=lp86282176,mysql_db=cloud_disk[2020-03-01 14:48:47]--[login_cgi.c:146]--redis:ip:127.0.0.1,port:6379[2020-03-01 14:48:47]--[login_cgi.c:170]--tmpchar:vyUyGIUPr84M7jSX+NqX3Q==32460333345[2020-03-01 14:48:47]--[login_cgi.c:187]--char_base64=spCuV+DfwYUNFpGj2BaXZ2I7JztaBHRL6g2gQXgIbdL3mDvYxU78Xg==
[2020-03-01 14:57:32]--[login_cgi.c:279]--buf={
    "pwd": "lp86282176",
    "user": "lp13773477582"
}
，len = 57
[2020-03-01 14:57:32]--[login_cgi.c:292]--get_user_info:user:vyUyGIUPr84M7jSX+NqX3Q==,pwd:deOEhTMUQpuayNy9TgSU3g==
[2020-03-01 14:57:32]--[login_cgi.c:102]--mysql_user=root,mysql_pwd=lp86282176,mysql_db=cloud_disk[2020-03-01 14:57:32]--[login_cgi.c:146]--redis:ip:127.0.0.1,port:6379[2020-03-01 14:57:32]--[login_cgi.c:170]--tmpchar:vyUyGIUPr84M7jSX+NqX3Q==402527605358[2020-03-01 14:57:32]--[login_cgi.c:187]--char_base64=spCuV+DfwYUNFpGj2BaXZ2I7JztaBHRLxWYnysQNmAtHr6KCJmhYcQ==
[2020-03-01 15:01:16]--[login_cgi.c:279]--buf={
    "pwd": "lp86282176",
    "user": "lp13773477582"
}
，len = 57
[2020-03-01 15:01:16]--[login_cgi.c:292]--get_user_info:user:vyUyGIUPr84M7jSX+NqX3Q==,pwd:deOEhTMUQpuayNy9TgSU3g==
[2020-03-01 15:01:16]--[login_cgi.c:102]--mysql_user=root,mysql_pwd=lp86282176,mysql_db=cloud_disk[2020-03-01 15:01:16]--[login_cgi.c:146]--redis:ip:127.0.0.1,port:6379[2020-03-01 15:01:16]--[login_cgi.c:170]--tmpchar:vyUyGIUPr84M7jSX+NqX3Q==24794204754[2020-03-01 15:01:16]--[login_cgi.c:187]--char_base64=spCuV+DfwYUNFpGj2BaXZ2I7JztaBHRLWeOKAu9W7OosEaGMTXJ/fA==
[2020-03-01 15:06:33]--[login_cgi.c:279]--buf={
    "pwd": "lp86282176",
    "user": "lp13773477582"
}
，len = 57
[2020-03-01 15:06:33]--[login_cgi.c:292]--get_user_info:user:vyUyGIUPr84M7jSX+NqX3Q==,pwd:deOEhTMUQpuayNy9TgSU3g==
[2020-03-01 15:06:33]--[login_cgi.c:102]--mysql_user=root,mysql_pwd=lp86282176,mysql_db=cloud_disk[2020-03-01 15:06:33]--[login_cgi.c:146]--redis:ip:127.0.0.1,port:6379[2020-03-01 15:06:33]--[login_cgi.c:170]--tmpchar:vyUyGIUPr84M7jSX+NqX3Q==9273389938[2020-03-01 15:06:33]--[login_cgi.c:187]--char_base64=spCuV+DfwYUNFpGj2BaXZ2I7JztaBHRLXRjaZ+GE2AKYVNgeWDA7TQ==
[2020-03-01 15:14:42]--[login_cgi.c:279]--buf={
    "pwd": "lp86282176",
    "user": "lp13773477582"
}
，len = 57
[2020-03-01 15:14:42]--[login_cgi.c:292]--get_user_info:user:vyUyGIUPr84M7jSX+NqX3Q==,pwd:deOEhTMUQpuayNy9TgSU3g==
[2020-03-01 15:14:42]--[login_cgi.c:102]--mysql_user=root,mysql_pwd=lp86282176,mysql_db=cloud_disk[2020-03-01 15:14:42]--[login_cgi.c:146]--redis:ip:127.0.0.1,port:6379[2020-03-01 15:14:42]--[login_cgi.c:170]--tmpchar:vyUyGIUPr84M7jSX+NqX3Q==388950661509[2020-03-01 15:14:42]--[login_cgi.c:187]--char_base64=spCuV+DfwYUNFpGj2BaXZ2I7JztaBHRLPkYZAX1rEbExaKSFpZaW9g==
[2020-03-01 15:34:12]--[login_cgi.c:279]--buf={
    "pwd": "lp86282176",
    "user": "lp13773477582"
}
，len = 57
[2020-03-01 15:34:12]--[login_cgi.c:292]--get_user_info:user:vyUyGIUPr84M7jSX+NqX3Q==,pwd:deOEhTMUQpuayNy9TgSU3g==
[2020-03-01 15:34:12]--[login_cgi.c:102]--mysql_user=root,mysql_pwd=lp86282176,mysql_db=cloud_disk[2020-03-01 15:34:12]--[login_cgi.c:146]--redis:ip:127.0.0.1,port:6379[2020-03-01 15:34:12]--[login_cgi.c:170]--tmpchar:vyUyGIUPr84M7jSX+NqX3Q==903903982761[2020-03-01 15:34:12]--[login_cgi.c:187]--char_base64=spCuV+DfwYUNFpGj2BaXZ2I7JztaBHRLtqCLTgUDyacncDi6jLJtfg==
[2020-03-01 15:48:10]--[login_cgi.c:279]--buf={
    "pwd": "lp86282176",
    "user": "lp13773477582"
}
，len = 57
[2020-03-01 15:48:10]--[login_cgi.c:292]--get_user_info:user:vyUyGIUPr84M7jSX+NqX3Q==,pwd:deOEhTMUQpuayNy9TgSU3g==
[2020-03-01 15:48:10]--[login_cgi.c:102]--mysql_user=root,mysql_pwd=lp86282176,mysql_db=cloud_disk[2020-03-01 15:48:10]--[login_cgi.c:146]--redis:ip:127.0.0.1,port:6379[2020-03-01 15:48:10]--[login_cgi.c:170]--tmpchar:vyUyGIUPr84M7jSX+NqX3Q==885391718611[2020-03-01 15:48:10]--[login_cgi.c:187]--char_base64=spCuV+DfwYUNFpGj2BaXZ2I7JztaBHRLXuktvospy6cKsOdK+Js1ZA==
[2020-03-01 15:48:58]--[login_cgi.c:279]--buf={
    "pwd": "lp86282176",
    "user": "lp13773477582"
}
，len = 57
[2020-03-01 15:48:58]--[login_cgi.c:292]--get_user_info:user:vyUyGIUPr84M7jSX+NqX3Q==,pwd:deOEhTMUQpuayNy9TgSU3g==
[2020-03-01 15:48:58]--[login_cgi.c:102]--mysql_user=root,mysql_pwd=lp86282176,mysql_db=cloud_disk[2020-03-01 15:48:58]--[login_cgi.c:146]--redis:ip:127.0.0.1,port:6379[2020-03-01 15:48:58]--[login_cgi.c:170]--tmpchar:vyUyGIUPr84M7jSX+NqX3Q==639790889581[2020-03-01 15:48:58]--[login_cgi.c:187]--char_base64=spCuV+DfwYUNFpGj2BaXZ2I7JztaBHRLCCJY/OA35ql1dAZA9uLEaQ==
[2020-03-01 15:49:55]--[login_cgi.c:279]--buf={
    "pwd": "lp86282176",
    "user": "lp13773477582"
}
，len = 57
[2020-03-01 15:49:55]--[login_cgi.c:292]--get_user_info:user:vyUyGIUPr84M7jSX+NqX3Q==,pwd:deOEhTMUQpuayNy9TgSU3g==
[2020-03-01 15:49:55]--[login_cgi.c:102]--mysql_user=root,mysql_pwd=lp86282176,mysql_db=cloud_disk[2020-03-01 15:49:55]--[login_cgi.c:146]--redis:ip:127.0.0.1,port:6379[2020-03-01 15:49:55]--[login_cgi.c:170]--tmpchar:vyUyGIUPr84M7jSX+NqX3Q==4556662887[2020-03-01 15:49:55]--[login_cgi.c:187]--char_base64=spCuV+DfwYUNFpGj2BaXZ2I7JztaBHRL4QWllR2yAN9LI57fS3aC/w==
[2020-03-01 15:51:51]--[login_cgi.c:279]--buf={
    "pwd": "lp86282176",
    "user": "lp13773477582"
}
，len = 57
[2020-03-01 15:51:51]--[login_cgi.c:292]--get_user_info:user:vyUyGIUPr84M7jSX+NqX3Q==,pwd:deOEhTMUQpuayNy9TgSU3g==
[2020-03-01 15:51:51]--[login_cgi.c:102]--mysql_user=root,mysql_pwd=lp86282176,mysql_db=cloud_disk[2020-03-01 15:51:51]--[login_cgi.c:146]--redis:ip:127.0.0.1,port:6379[2020-03-01 15:51:51]--[login_cgi.c:170]--tmpchar:vyUyGIUPr84M7jSX+NqX3Q==72209703849[2020-03-01 15:51:51]--[login_cgi.c:187]--char_base64=spCuV+DfwYUNFpGj2BaXZ2I7JztaBHRL/jPvei036kheTqwxeKoZ/w==
[2020-03-01 16:32:49]--[login_cgi.c:279]--buf={
    "pwd": "lp86282176",
    "user": "lp13773477582"
}
，len = 57
[2020-03-01 16:32:49]--[login_cgi.c:292]--get_user_info:user:vyUyGIUPr84M7jSX+NqX3Q==,pwd:deOEhTMUQpuayNy9TgSU3g==
[2020-03-01 16:32:49]--[login_cgi.c:102]--mysql_user=root,mysql_pwd=lp86282176,mysql_db=cloud_disk[2020-03-01 16:32:49]--[login_cgi.c:146]--redis:ip:127.0.0.1,port:6379[2020-03-01 16:32:49]--[login_cgi.c:170]--tmpchar:vyUyGIUPr84M7jSX+NqX3Q==104318355892[2020-03-01 16:32:49]--[login_cgi.c:187]--char_base64=spCuV+DfwYUNFpGj2BaXZ2I7JztaBHRLgGkQDCH5Tox4mv5gm90/7A==
[2020-03-01 18:03:40]--[login_cgi.c:279]--buf={
    "pwd": "lp86282176",
    "user": "lp13773477582"
}
，len = 57
[2020-03-01 18:03:40]--[login_cgi.c:292]--get_user_info:user:vyUyGIUPr84M7jSX+NqX3Q==,pwd:deOEhTMUQpuayNy9TgSU3g==
[2020-03-01 18:03:40]--[login_cgi.c:102]--mysql_user=root,mysql_pwd=lp86282176,mysql_db=cloud_disk[2020-03-01 18:03:40]--[login_cgi.c:146]--redis:ip:127.0.0.1,port:6379[2020-03-01 18:03:40]--[login_cgi.c:170]--tmpchar:vyUyGIUPr84M7jSX+NqX3Q==350198633126[2020-03-01 18:03:40]--[login_cgi.c:187]--char_base64=spCuV+DfwYUNFpGj2BaXZ2I7JztaBHRL6nGCsua8WW7ojSfcp5w+8w==
[2020-03-01 18:11:00]--[login_cgi.c:279]--buf={
    "pwd": "lp86282176",
    "user": "lp13773477582"
}
，len = 57
[2020-03-01 18:11:00]--[login_cgi.c:292]--get_user_info:user:vyUyGIUPr84M7jSX+NqX3Q==,pwd:deOEhTMUQpuayNy9TgSU3g==
[2020-03-01 18:11:00]--[login_cgi.c:102]--mysql_user=root,mysql_pwd=lp86282176,mysql_db=cloud_disk[2020-03-01 18:11:00]--[login_cgi.c:146]--redis:ip:127.0.0.1,port:6379[2020-03-01 18:11:00]--[login_cgi.c:170]--tmpchar:vyUyGIUPr84M7jSX+NqX3Q==3842636077[2020-03-01 18:11:00]--[login_cgi.c:187]--char_base64=spCuV+DfwYUNFpGj2BaXZ2I7JztaBHRLEdfetIZ4PQwQm6kkVipUZQ==
[2020-03-01 18:17:31]--[login_cgi.c:279]--buf={
    "pwd": "lp86282176",
    "user": "lp13773477582"
}
，len = 57
[2020-03-01 18:17:31]--[login_cgi.c:292]--get_user_info:user:vyUyGIUPr84M7jSX+NqX3Q==,pwd:deOEhTMUQpuayNy9TgSU3g==
[2020-03-01 18:17:31]--[login_cgi.c:102]--mysql_user=root,mysql_pwd=lp86282176,mysql_db=cloud_disk[2020-03-01 18:17:31]--[login_cgi.c:146]--redis:ip:127.0.0.1,port:6379[2020-03-01 18:17:31]--[login_cgi.c:170]--tmpchar:vyUyGIUPr84M7jSX+NqX3Q==806220731967[2020-03-01 18:17:31]--[login_cgi.c:187]--char_base64=spCuV+DfwYUNFpGj2BaXZ2I7JztaBHRLU6cPqhNr0x26ACjY8IpFBQ==
[2020-03-01 18:24:55]--[login_cgi.c:279]--buf={
    "pwd": "lp86282176",
    "user": "lp13773477582"
}
，len = 57
[2020-03-01 18:24:55]--[login_cgi.c:292]--get_user_info:user:vyUyGIUPr84M7jSX+NqX3Q==,pwd:deOEhTMUQpuayNy9TgSU3g==
[2020-03-01 18:24:55]--[login_cgi.c:102]--mysql_user=root,mysql_pwd=lp86282176,mysql_db=cloud_disk[2020-03-01 18:24:55]--[login_cgi.c:146]--redis:ip:127.0.0.1,port:6379[2020-03-01 18:24:55]--[login_cgi.c:170]--tmpchar:vyUyGIUPr84M7jSX+NqX3Q==983742891417[2020-03-01 18:24:55]--[login_cgi.c:187]--char_base64=spCuV+DfwYUNFpGj2BaXZ2I7JztaBHRLjIVNKE5MGWDnbqmfM95CbQ==
[2020-03-01 18:44:18]--[login_cgi.c:279]--buf={
    "pwd": "lp86282176",
    "user": "lp13773477582"
}
，len = 57
[2020-03-01 18:44:18]--[login_cgi.c:292]--get_user_info:user:vyUyGIUPr84M7jSX+NqX3Q==,pwd:deOEhTMUQpuayNy9TgSU3g==
[2020-03-01 18:44:18]--[login_cgi.c:102]--mysql_user=root,mysql_pwd=lp86282176,mysql_db=cloud_disk[2020-03-01 18:44:18]--[login_cgi.c:146]--redis:ip:127.0.0.1,port:6379[2020-03-01 18:44:18]--[login_cgi.c:170]--tmpchar:vyUyGIUPr84M7jSX+NqX3Q==282641945207[2020-03-01 18:44:18]--[login_cgi.c:187]--char_base64=spCuV+DfwYUNFpGj2BaXZ2I7JztaBHRLiyCenlivtorYJfIpLPZVYw==
[2020-03-01 18:51:38]--[login_cgi.c:279]--buf={
    "pwd": "lp86282176",
    "user": "lp13773477582"
}
，len = 57
[2020-03-01 18:51:38]--[login_cgi.c:292]--get_user_info:user:vyUyGIUPr84M7jSX+NqX3Q==,pwd:deOEhTMUQpuayNy9TgSU3g==
[2020-03-01 18:51:38]--[login_cgi.c:102]--mysql_user=root,mysql_pwd=lp86282176,mysql_db=cloud_disk[2020-03-01 18:51:38]--[login_cgi.c:146]--redis:ip:127.0.0.1,port:6379[2020-03-01 18:51:38]--[login_cgi.c:170]--tmpchar:vyUyGIUPr84M7jSX+NqX3Q==68387216379[2020-03-01 18:51:38]--[login_cgi.c:187]--char_base64=spCuV+DfwYUNFpGj2BaXZ2I7JztaBHRLjpFytvly7p+sV0wzCTYpyQ==
