[2020-03-16 15:44:49]--[login_cgi.c:279]--buf={
    "pwd": "lp86282176",
    "user": "lp13773477582"
}
，len = 57
[2020-03-16 15:44:49]--[login_cgi.c:292]--get_user_info:user:vyUyGIUPr84M7jSX+NqX3Q==,pwd:deOEhTMUQpuayNy9TgSU3g==
[2020-03-16 15:44:49]--[login_cgi.c:102]--mysql_user=root,mysql_pwd=lp86282176,mysql_db=cloud_disk[2020-03-16 15:44:49]--[login_cgi.c:146]--redis:ip:127.0.0.1,port:6379[2020-03-16 15:44:49]--[login_cgi.c:170]--tmpchar:vyUyGIUPr84M7jSX+NqX3Q==26994874770[2020-03-16 15:44:49]--[login_cgi.c:187]--char_base64=spCuV+DfwYUNFpGj2BaXZ2I7JztaBHRLExzzjCqf4X9NhuyhZwQadA==
[2020-03-16 15:46:18]--[login_cgi.c:279]--buf={
    "pwd": "lp86282176",
    "user": "lp13773477582"
}
，len = 57
[2020-03-16 15:46:18]--[login_cgi.c:292]--get_user_info:user:vyUyGIUPr84M7jSX+NqX3Q==,pwd:deOEhTMUQpuayNy9TgSU3g==
[2020-03-16 15:46:18]--[login_cgi.c:102]--mysql_user=root,mysql_pwd=lp86282176,mysql_db=cloud_disk[2020-03-16 15:46:18]--[login_cgi.c:146]--redis:ip:127.0.0.1,port:6379[2020-03-16 15:46:18]--[login_cgi.c:170]--tmpchar:vyUyGIUPr84M7jSX+NqX3Q==789876601284[2020-03-16 15:46:18]--[login_cgi.c:187]--char_base64=spCuV+DfwYUNFpGj2BaXZ2I7JztaBHRLL/zphfI1QNPWiUdhD00aWg==
[2020-03-16 15:47:13]--[login_cgi.c:279]--buf={
    "pwd": "lp86282176",
    "user": "lp13773477582"
}
，len = 57
[2020-03-16 15:47:13]--[login_cgi.c:292]--get_user_info:user:vyUyGIUPr84M7jSX+NqX3Q==,pwd:deOEhTMUQpuayNy9TgSU3g==
[2020-03-16 15:47:13]--[login_cgi.c:102]--mysql_user=root,mysql_pwd=lp86282176,mysql_db=cloud_disk[2020-03-16 15:47:13]--[login_cgi.c:146]--redis:ip:127.0.0.1,port:6379[2020-03-16 15:47:13]--[login_cgi.c:170]--tmpchar:vyUyGIUPr84M7jSX+NqX3Q==740749312336[2020-03-16 15:47:13]--[login_cgi.c:187]--char_base64=spCuV+DfwYUNFpGj2BaXZ2I7JztaBHRLZrrMla2lup779Mrp0um1Kg==
[2020-03-16 15:50:09]--[login_cgi.c:279]--buf={
    "pwd": "lp86282176",
    "user": "lp13773477582"
}
，len = 57
[2020-03-16 15:50:09]--[login_cgi.c:292]--get_user_info:user:vyUyGIUPr84M7jSX+NqX3Q==,pwd:deOEhTMUQpuayNy9TgSU3g==
[2020-03-16 15:50:09]--[login_cgi.c:102]--mysql_user=root,mysql_pwd=lp86282176,mysql_db=cloud_disk[2020-03-16 15:50:09]--[login_cgi.c:146]--redis:ip:127.0.0.1,port:6379[2020-03-16 15:50:09]--[login_cgi.c:170]--tmpchar:vyUyGIUPr84M7jSX+NqX3Q==38711587601[2020-03-16 15:50:09]--[login_cgi.c:187]--char_base64=spCuV+DfwYUNFpGj2BaXZ2I7JztaBHRLE4x07gj66DfD2iBNqe7esg==
[2020-03-16 15:52:21]--[login_cgi.c:279]--buf={
    "pwd": "lp86282176",
    "user": "lp13773477582"
}
，len = 57
[2020-03-16 15:52:21]--[login_cgi.c:292]--get_user_info:user:vyUyGIUPr84M7jSX+NqX3Q==,pwd:deOEhTMUQpuayNy9TgSU3g==
[2020-03-16 15:52:21]--[login_cgi.c:102]--mysql_user=root,mysql_pwd=lp86282176,mysql_db=cloud_disk[2020-03-16 15:52:21]--[login_cgi.c:146]--redis:ip:127.0.0.1,port:6379[2020-03-16 15:52:21]--[login_cgi.c:170]--tmpchar:vyUyGIUPr84M7jSX+NqX3Q==354721497161[2020-03-16 15:52:21]--[login_cgi.c:187]--char_base64=spCuV+DfwYUNFpGj2BaXZ2I7JztaBHRLFvJI7jExf+jYe08BIFsz8Q==
[2020-03-16 15:53:34]--[login_cgi.c:279]--buf={
    "pwd": "lp86282176",
    "user": "lp13773477582"
}
，len = 57
[2020-03-16 15:53:34]--[login_cgi.c:292]--get_user_info:user:vyUyGIUPr84M7jSX+NqX3Q==,pwd:deOEhTMUQpuayNy9TgSU3g==
[2020-03-16 15:53:34]--[login_cgi.c:102]--mysql_user=root,mysql_pwd=lp86282176,mysql_db=cloud_disk[2020-03-16 15:53:34]--[login_cgi.c:146]--redis:ip:127.0.0.1,port:6379[2020-03-16 15:53:34]--[login_cgi.c:170]--tmpchar:vyUyGIUPr84M7jSX+NqX3Q==974902437697[2020-03-16 15:53:34]--[login_cgi.c:187]--char_base64=spCuV+DfwYUNFpGj2BaXZ2I7JztaBHRL1LqDaHV55j+o31sqCW9yIQ==
[2020-03-16 15:54:18]--[login_cgi.c:279]--buf={
    "pwd": "lp86282176",
    "user": "lp13773477582"
}
，len = 57
[2020-03-16 15:54:18]--[login_cgi.c:292]--get_user_info:user:vyUyGIUPr84M7jSX+NqX3Q==,pwd:deOEhTMUQpuayNy9TgSU3g==
[2020-03-16 15:54:18]--[login_cgi.c:102]--mysql_user=root,mysql_pwd=lp86282176,mysql_db=cloud_disk[2020-03-16 15:54:18]--[login_cgi.c:146]--redis:ip:127.0.0.1,port:6379[2020-03-16 15:54:18]--[login_cgi.c:170]--tmpchar:vyUyGIUPr84M7jSX+NqX3Q==155814210695[2020-03-16 15:54:18]--[login_cgi.c:187]--char_base64=spCuV+DfwYUNFpGj2BaXZ2I7JztaBHRLfHuyY8zcRivA9roImm0BVA==
[2020-03-16 16:19:56]--[login_cgi.c:279]--buf={
    "pwd": "lp86282176",
    "user": "lp13773477582"
}
，len = 57
[2020-03-16 16:19:56]--[login_cgi.c:292]--get_user_info:user:vyUyGIUPr84M7jSX+NqX3Q==,pwd:deOEhTMUQpuayNy9TgSU3g==
[2020-03-16 16:19:56]--[login_cgi.c:102]--mysql_user=root,mysql_pwd=lp86282176,mysql_db=cloud_disk[2020-03-16 16:19:56]--[login_cgi.c:146]--redis:ip:127.0.0.1,port:6379[2020-03-16 16:19:56]--[login_cgi.c:170]--tmpchar:vyUyGIUPr84M7jSX+NqX3Q==347355566455[2020-03-16 16:19:56]--[login_cgi.c:187]--char_base64=spCuV+DfwYUNFpGj2BaXZ2I7JztaBHRLotTlXyR/rfxkc/q3JFcGWw==
[2020-03-16 16:26:50]--[login_cgi.c:279]--buf={
    "pwd": "lp86282176",
    "user": "lp13773477582"
}
，len = 57
[2020-03-16 16:26:50]--[login_cgi.c:292]--get_user_info:user:vyUyGIUPr84M7jSX+NqX3Q==,pwd:deOEhTMUQpuayNy9TgSU3g==
[2020-03-16 16:26:50]--[login_cgi.c:102]--mysql_user=root,mysql_pwd=lp86282176,mysql_db=cloud_disk[2020-03-16 16:26:50]--[login_cgi.c:146]--redis:ip:127.0.0.1,port:6379[2020-03-16 16:26:50]--[login_cgi.c:170]--tmpchar:vyUyGIUPr84M7jSX+NqX3Q==663517195281[2020-03-16 16:26:50]--[login_cgi.c:187]--char_base64=spCuV+DfwYUNFpGj2BaXZ2I7JztaBHRL64ZnI7KYRfXIOQKQi0mz0Q==
[2020-03-16 16:33:58]--[login_cgi.c:279]--buf={
    "pwd": "lp86282176",
    "user": "lp13773477582"
}
，len = 57
[2020-03-16 16:33:58]--[login_cgi.c:292]--get_user_info:user:vyUyGIUPr84M7jSX+NqX3Q==,pwd:deOEhTMUQpuayNy9TgSU3g==
[2020-03-16 16:33:58]--[login_cgi.c:102]--mysql_user=root,mysql_pwd=lp86282176,mysql_db=cloud_disk[2020-03-16 16:33:58]--[login_cgi.c:146]--redis:ip:127.0.0.1,port:6379[2020-03-16 16:33:58]--[login_cgi.c:170]--tmpchar:vyUyGIUPr84M7jSX+NqX3Q==334135815745[2020-03-16 16:33:58]--[login_cgi.c:187]--char_base64=spCuV+DfwYUNFpGj2BaXZ2I7JztaBHRLmIh2Keu7Uf9qSlFhxxp+6A==
[2020-03-16 16:43:05]--[login_cgi.c:279]--buf={
    "pwd": "lp86282176",
    "user": "lp13773477582"
}
，len = 57
[2020-03-16 16:43:05]--[login_cgi.c:292]--get_user_info:user:vyUyGIUPr84M7jSX+NqX3Q==,pwd:deOEhTMUQpuayNy9TgSU3g==
[2020-03-16 16:43:05]--[login_cgi.c:102]--mysql_user=root,mysql_pwd=lp86282176,mysql_db=cloud_disk[2020-03-16 16:43:05]--[login_cgi.c:146]--redis:ip:127.0.0.1,port:6379[2020-03-16 16:43:05]--[login_cgi.c:170]--tmpchar:vyUyGIUPr84M7jSX+NqX3Q==765902891615[2020-03-16 16:43:05]--[login_cgi.c:187]--char_base64=spCuV+DfwYUNFpGj2BaXZ2I7JztaBHRLXNgFWASVgJiX/IIWXtTBTA==
[2020-03-16 16:43:20]--[login_cgi.c:279]--buf={
    "pwd": "lp86282176",
    "user": "lp13773477582"
}
，len = 57
[2020-03-16 16:43:20]--[login_cgi.c:292]--get_user_info:user:vyUyGIUPr84M7jSX+NqX3Q==,pwd:deOEhTMUQpuayNy9TgSU3g==
[2020-03-16 16:43:20]--[login_cgi.c:102]--mysql_user=root,mysql_pwd=lp86282176,mysql_db=cloud_disk[2020-03-16 16:43:20]--[login_cgi.c:146]--redis:ip:127.0.0.1,port:6379[2020-03-16 16:43:20]--[login_cgi.c:170]--tmpchar:vyUyGIUPr84M7jSX+NqX3Q==73061348821[2020-03-16 16:43:20]--[login_cgi.c:187]--char_base64=spCuV+DfwYUNFpGj2BaXZ2I7JztaBHRLS9su6EuOPc3KKPHkUALkEQ==
[2020-03-16 17:19:15]--[login_cgi.c:279]--buf={
    "pwd": "lp86282176",
    "user": "lp13773477582"
}
，len = 57
[2020-03-16 17:19:15]--[login_cgi.c:292]--get_user_info:user:vyUyGIUPr84M7jSX+NqX3Q==,pwd:deOEhTMUQpuayNy9TgSU3g==
[2020-03-16 17:19:15]--[login_cgi.c:102]--mysql_user=root,mysql_pwd=lp86282176,mysql_db=cloud_disk[2020-03-16 17:19:15]--[login_cgi.c:146]--redis:ip:127.0.0.1,port:6379[2020-03-16 17:19:15]--[login_cgi.c:170]--tmpchar:vyUyGIUPr84M7jSX+NqX3Q==237894265507[2020-03-16 17:19:15]--[login_cgi.c:187]--char_base64=spCuV+DfwYUNFpGj2BaXZ2I7JztaBHRLUEdrMkrkbEV6qW1zNh3o2w==
[2020-03-16 17:22:45]--[login_cgi.c:279]--buf={
    "pwd": "lp86282176",
    "user": "lp13773477582"
}
，len = 57
[2020-03-16 17:22:45]--[login_cgi.c:292]--get_user_info:user:vyUyGIUPr84M7jSX+NqX3Q==,pwd:deOEhTMUQpuayNy9TgSU3g==
[2020-03-16 17:22:45]--[login_cgi.c:102]--mysql_user=root,mysql_pwd=lp86282176,mysql_db=cloud_disk[2020-03-16 17:22:45]--[login_cgi.c:146]--redis:ip:127.0.0.1,port:6379[2020-03-16 17:22:45]--[login_cgi.c:170]--tmpchar:vyUyGIUPr84M7jSX+NqX3Q==455979299538[2020-03-16 17:22:45]--[login_cgi.c:187]--char_base64=spCuV+DfwYUNFpGj2BaXZ2I7JztaBHRLORz4THk0dZ2t+xRFZBO/EQ==
