[2020-03-14 17:10:26]--[login_cgi.c:279]--buf={
    "pwd": "lp86282176",
    "user": "lp13773477582"
}
，len = 57
[2020-03-14 17:10:26]--[login_cgi.c:292]--get_user_info:user:vyUyGIUPr84M7jSX+NqX3Q==,pwd:deOEhTMUQpuayNy9TgSU3g==
[2020-03-14 17:10:26]--[login_cgi.c:102]--mysql_user=root,mysql_pwd=lp86282176,mysql_db=cloud_disk[2020-03-14 17:10:26]--[login_cgi.c:146]--redis:ip:127.0.0.1,port:6379[2020-03-14 17:10:26]--[login_cgi.c:170]--tmpchar:vyUyGIUPr84M7jSX+NqX3Q==58091861133[2020-03-14 17:10:26]--[login_cgi.c:187]--char_base64=spCuV+DfwYUNFpGj2BaXZ2I7JztaBHRL7N5nuYA3TSftPmYnS+CsNw==
[2020-03-14 17:12:00]--[login_cgi.c:279]--buf={
    "pwd": "lp86282176",
    "user": "lp13773477582"
}
，len = 57
[2020-03-14 17:12:00]--[login_cgi.c:292]--get_user_info:user:vyUyGIUPr84M7jSX+NqX3Q==,pwd:deOEhTMUQpuayNy9TgSU3g==
[2020-03-14 17:12:00]--[login_cgi.c:102]--mysql_user=root,mysql_pwd=lp86282176,mysql_db=cloud_disk[2020-03-14 17:12:00]--[login_cgi.c:146]--redis:ip:127.0.0.1,port:6379[2020-03-14 17:12:00]--[login_cgi.c:170]--tmpchar:vyUyGIUPr84M7jSX+NqX3Q==111632431342[2020-03-14 17:12:00]--[login_cgi.c:187]--char_base64=spCuV+DfwYUNFpGj2BaXZ2I7JztaBHRLsFhySatryL3R05SkGnMu4Q==
[2020-03-14 17:23:53]--[login_cgi.c:279]--buf={
    "pwd": "lp86282176",
    "user": "lp13773477582"
}
，len = 57
[2020-03-14 17:23:53]--[login_cgi.c:292]--get_user_info:user:vyUyGIUPr84M7jSX+NqX3Q==,pwd:deOEhTMUQpuayNy9TgSU3g==
[2020-03-14 17:23:53]--[login_cgi.c:102]--mysql_user=root,mysql_pwd=lp86282176,mysql_db=cloud_disk[2020-03-14 17:23:53]--[login_cgi.c:146]--redis:ip:127.0.0.1,port:6379[2020-03-14 17:23:53]--[login_cgi.c:170]--tmpchar:vyUyGIUPr84M7jSX+NqX3Q==407403208528[2020-03-14 17:23:53]--[login_cgi.c:187]--char_base64=spCuV+DfwYUNFpGj2BaXZ2I7JztaBHRLSRUvq8god3tSJDfPkxn/xg==
[2020-03-14 17:24:34]--[login_cgi.c:279]--buf={
    "pwd": "lp86282176",
    "user": "lp13773477582"
}
，len = 57
[2020-03-14 17:24:34]--[login_cgi.c:292]--get_user_info:user:vyUyGIUPr84M7jSX+NqX3Q==,pwd:deOEhTMUQpuayNy9TgSU3g==
[2020-03-14 17:24:34]--[login_cgi.c:102]--mysql_user=root,mysql_pwd=lp86282176,mysql_db=cloud_disk[2020-03-14 17:24:34]--[login_cgi.c:146]--redis:ip:127.0.0.1,port:6379[2020-03-14 17:24:34]--[login_cgi.c:170]--tmpchar:vyUyGIUPr84M7jSX+NqX3Q==65939836348[2020-03-14 17:24:34]--[login_cgi.c:187]--char_base64=spCuV+DfwYUNFpGj2BaXZ2I7JztaBHRLjb9oLHv7++0CeaVAeUSBWg==
[2020-03-14 17:27:31]--[login_cgi.c:279]--buf={
    "pwd": "lp86282176",
    "user": "lp13773477582"
}
，len = 57
[2020-03-14 17:27:31]--[login_cgi.c:292]--get_user_info:user:vyUyGIUPr84M7jSX+NqX3Q==,pwd:deOEhTMUQpuayNy9TgSU3g==
[2020-03-14 17:27:31]--[login_cgi.c:102]--mysql_user=root,mysql_pwd=lp86282176,mysql_db=cloud_disk[2020-03-14 17:27:31]--[login_cgi.c:146]--redis:ip:127.0.0.1,port:6379[2020-03-14 17:27:31]--[login_cgi.c:170]--tmpchar:vyUyGIUPr84M7jSX+NqX3Q==311248189427[2020-03-14 17:27:31]--[login_cgi.c:187]--char_base64=spCuV+DfwYUNFpGj2BaXZ2I7JztaBHRLRDBUOz/w1BHlNtr3665Z6w==
[2020-03-14 17:28:34]--[login_cgi.c:279]--buf={
    "pwd": "lp86282176",
    "user": "lp13773477582"
}
，len = 57
[2020-03-14 17:28:34]--[login_cgi.c:292]--get_user_info:user:vyUyGIUPr84M7jSX+NqX3Q==,pwd:deOEhTMUQpuayNy9TgSU3g==
[2020-03-14 17:28:34]--[login_cgi.c:102]--mysql_user=root,mysql_pwd=lp86282176,mysql_db=cloud_disk[2020-03-14 17:28:34]--[login_cgi.c:146]--redis:ip:127.0.0.1,port:6379[2020-03-14 17:28:34]--[login_cgi.c:170]--tmpchar:vyUyGIUPr84M7jSX+NqX3Q==405616712527[2020-03-14 17:28:34]--[login_cgi.c:187]--char_base64=spCuV+DfwYUNFpGj2BaXZ2I7JztaBHRLFlAOjdJs+QljUY4Fl4PEEQ==
[2020-03-14 17:29:37]--[login_cgi.c:279]--buf={
    "pwd": "lp86282176",
    "user": "lp13773477582"
}
，len = 57
[2020-03-14 17:29:37]--[login_cgi.c:292]--get_user_info:user:vyUyGIUPr84M7jSX+NqX3Q==,pwd:deOEhTMUQpuayNy9TgSU3g==
[2020-03-14 17:29:37]--[login_cgi.c:102]--mysql_user=root,mysql_pwd=lp86282176,mysql_db=cloud_disk[2020-03-14 17:29:37]--[login_cgi.c:146]--redis:ip:127.0.0.1,port:6379[2020-03-14 17:29:37]--[login_cgi.c:170]--tmpchar:vyUyGIUPr84M7jSX+NqX3Q==596430253451[2020-03-14 17:29:37]--[login_cgi.c:187]--char_base64=spCuV+DfwYUNFpGj2BaXZ2I7JztaBHRL6IpGRRhkvQ/4K3QL5EzF5w==
[2020-03-14 17:31:49]--[login_cgi.c:279]--buf={
    "pwd": "lp86282176",
    "user": "lp13773477582"
}
，len = 57
[2020-03-14 17:31:49]--[login_cgi.c:292]--get_user_info:user:vyUyGIUPr84M7jSX+NqX3Q==,pwd:deOEhTMUQpuayNy9TgSU3g==
[2020-03-14 17:31:49]--[login_cgi.c:102]--mysql_user=root,mysql_pwd=lp86282176,mysql_db=cloud_disk[2020-03-14 17:31:49]--[login_cgi.c:146]--redis:ip:127.0.0.1,port:6379[2020-03-14 17:31:49]--[login_cgi.c:170]--tmpchar:vyUyGIUPr84M7jSX+NqX3Q==191774977878[2020-03-14 17:31:49]--[login_cgi.c:187]--char_base64=spCuV+DfwYUNFpGj2BaXZ2I7JztaBHRLIjUI71CEu6LJzQJ1ZUeC3g==
[2020-03-14 17:32:46]--[login_cgi.c:279]--buf={
    "pwd": "lp86282176",
    "user": "lp13773477582"
}
，len = 57
[2020-03-14 17:32:46]--[login_cgi.c:292]--get_user_info:user:vyUyGIUPr84M7jSX+NqX3Q==,pwd:deOEhTMUQpuayNy9TgSU3g==
[2020-03-14 17:32:46]--[login_cgi.c:102]--mysql_user=root,mysql_pwd=lp86282176,mysql_db=cloud_disk[2020-03-14 17:32:46]--[login_cgi.c:146]--redis:ip:127.0.0.1,port:6379[2020-03-14 17:32:46]--[login_cgi.c:170]--tmpchar:vyUyGIUPr84M7jSX+NqX3Q==928157372850[2020-03-14 17:32:46]--[login_cgi.c:187]--char_base64=spCuV+DfwYUNFpGj2BaXZ2I7JztaBHRL0s6xK+thxlJyut9ewDQ0yg==
[2020-03-14 17:33:31]--[login_cgi.c:279]--buf={
    "pwd": "lp86282176",
    "user": "lp13773477582"
}
，len = 57
[2020-03-14 17:33:31]--[login_cgi.c:292]--get_user_info:user:vyUyGIUPr84M7jSX+NqX3Q==,pwd:deOEhTMUQpuayNy9TgSU3g==
[2020-03-14 17:33:31]--[login_cgi.c:102]--mysql_user=root,mysql_pwd=lp86282176,mysql_db=cloud_disk[2020-03-14 17:33:31]--[login_cgi.c:146]--redis:ip:127.0.0.1,port:6379[2020-03-14 17:33:31]--[login_cgi.c:170]--tmpchar:vyUyGIUPr84M7jSX+NqX3Q==969809613446[2020-03-14 17:33:31]--[login_cgi.c:187]--char_base64=spCuV+DfwYUNFpGj2BaXZ2I7JztaBHRL5woanEFIwGacBVMP/zJfeQ==
[2020-03-14 17:34:15]--[login_cgi.c:279]--buf={
    "pwd": "lp86282176",
    "user": "lp13773477582"
}
，len = 57
[2020-03-14 17:34:15]--[login_cgi.c:292]--get_user_info:user:vyUyGIUPr84M7jSX+NqX3Q==,pwd:deOEhTMUQpuayNy9TgSU3g==
[2020-03-14 17:34:15]--[login_cgi.c:102]--mysql_user=root,mysql_pwd=lp86282176,mysql_db=cloud_disk[2020-03-14 17:34:15]--[login_cgi.c:146]--redis:ip:127.0.0.1,port:6379[2020-03-14 17:34:15]--[login_cgi.c:170]--tmpchar:vyUyGIUPr84M7jSX+NqX3Q==994377582202[2020-03-14 17:34:15]--[login_cgi.c:187]--char_base64=spCuV+DfwYUNFpGj2BaXZ2I7JztaBHRLYOceYIHLjo8i0K3Rmg4eug==
[2020-03-14 17:36:57]--[login_cgi.c:279]--buf={
    "pwd": "lp86282176",
    "user": "lp13773477582"
}
，len = 57
[2020-03-14 17:36:57]--[login_cgi.c:292]--get_user_info:user:vyUyGIUPr84M7jSX+NqX3Q==,pwd:deOEhTMUQpuayNy9TgSU3g==
[2020-03-14 17:36:57]--[login_cgi.c:102]--mysql_user=root,mysql_pwd=lp86282176,mysql_db=cloud_disk[2020-03-14 17:36:57]--[login_cgi.c:146]--redis:ip:127.0.0.1,port:6379[2020-03-14 17:36:57]--[login_cgi.c:170]--tmpchar:vyUyGIUPr84M7jSX+NqX3Q==450732179208[2020-03-14 17:36:57]--[login_cgi.c:187]--char_base64=spCuV+DfwYUNFpGj2BaXZ2I7JztaBHRLwmiewbpvrpQp7h9KG7lKZg==
[2020-03-14 17:37:30]--[login_cgi.c:279]--buf={
    "pwd": "lp86282176",
    "user": "lp13773477582"
}
，len = 57
[2020-03-14 17:37:30]--[login_cgi.c:292]--get_user_info:user:vyUyGIUPr84M7jSX+NqX3Q==,pwd:deOEhTMUQpuayNy9TgSU3g==
[2020-03-14 17:37:30]--[login_cgi.c:102]--mysql_user=root,mysql_pwd=lp86282176,mysql_db=cloud_disk[2020-03-14 17:37:30]--[login_cgi.c:146]--redis:ip:127.0.0.1,port:6379[2020-03-14 17:37:30]--[login_cgi.c:170]--tmpchar:vyUyGIUPr84M7jSX+NqX3Q==979892928845[2020-03-14 17:37:30]--[login_cgi.c:187]--char_base64=spCuV+DfwYUNFpGj2BaXZ2I7JztaBHRLvigxU26cGsTHSrEcoQrIZw==
[2020-03-14 17:40:19]--[login_cgi.c:279]--buf={
    "pwd": "lp86282176",
    "user": "lp13773477582"
}
，len = 57
[2020-03-14 17:40:19]--[login_cgi.c:292]--get_user_info:user:vyUyGIUPr84M7jSX+NqX3Q==,pwd:deOEhTMUQpuayNy9TgSU3g==
[2020-03-14 17:40:19]--[login_cgi.c:102]--mysql_user=root,mysql_pwd=lp86282176,mysql_db=cloud_disk[2020-03-14 17:40:19]--[login_cgi.c:146]--redis:ip:127.0.0.1,port:6379[2020-03-14 17:40:19]--[login_cgi.c:170]--tmpchar:vyUyGIUPr84M7jSX+NqX3Q==33287563840[2020-03-14 17:40:19]--[login_cgi.c:187]--char_base64=spCuV+DfwYUNFpGj2BaXZ2I7JztaBHRL9fg+rD3Afr1Ioo/P1fhMAQ==
[2020-03-14 17:40:49]--[login_cgi.c:279]--buf={
    "pwd": "lp86282176",
    "user": "lp13773477582"
}
，len = 57
[2020-03-14 17:40:49]--[login_cgi.c:292]--get_user_info:user:vyUyGIUPr84M7jSX+NqX3Q==,pwd:deOEhTMUQpuayNy9TgSU3g==
[2020-03-14 17:40:49]--[login_cgi.c:102]--mysql_user=root,mysql_pwd=lp86282176,mysql_db=cloud_disk[2020-03-14 17:40:50]--[login_cgi.c:146]--redis:ip:127.0.0.1,port:6379[2020-03-14 17:40:50]--[login_cgi.c:170]--tmpchar:vyUyGIUPr84M7jSX+NqX3Q==295279997587[2020-03-14 17:40:50]--[login_cgi.c:187]--char_base64=spCuV+DfwYUNFpGj2BaXZ2I7JztaBHRLJgE8M5YDF16gbgbVIeMKeg==
[2020-03-14 17:44:30]--[login_cgi.c:279]--buf={
    "pwd": "lp86282176",
    "user": "lp13773477582"
}
，len = 57
[2020-03-14 17:44:30]--[login_cgi.c:292]--get_user_info:user:vyUyGIUPr84M7jSX+NqX3Q==,pwd:deOEhTMUQpuayNy9TgSU3g==
[2020-03-14 17:44:30]--[login_cgi.c:102]--mysql_user=root,mysql_pwd=lp86282176,mysql_db=cloud_disk[2020-03-14 17:44:30]--[login_cgi.c:146]--redis:ip:127.0.0.1,port:6379[2020-03-14 17:44:30]--[login_cgi.c:170]--tmpchar:vyUyGIUPr84M7jSX+NqX3Q==202256391133[2020-03-14 17:44:30]--[login_cgi.c:187]--char_base64=spCuV+DfwYUNFpGj2BaXZ2I7JztaBHRLIM3yHeqfvY1hdfVjZEtqTg==
[2020-03-14 17:48:37]--[login_cgi.c:279]--buf={
    "pwd": "lp86282176",
    "user": "lp13773477582"
}
，len = 57
[2020-03-14 17:48:37]--[login_cgi.c:292]--get_user_info:user:vyUyGIUPr84M7jSX+NqX3Q==,pwd:deOEhTMUQpuayNy9TgSU3g==
[2020-03-14 17:48:37]--[login_cgi.c:102]--mysql_user=root,mysql_pwd=lp86282176,mysql_db=cloud_disk[2020-03-14 17:48:37]--[login_cgi.c:146]--redis:ip:127.0.0.1,port:6379[2020-03-14 17:48:37]--[login_cgi.c:170]--tmpchar:vyUyGIUPr84M7jSX+NqX3Q==512430844534[2020-03-14 17:48:37]--[login_cgi.c:187]--char_base64=spCuV+DfwYUNFpGj2BaXZ2I7JztaBHRLf7hNqYWb0TiBZkiVhMCBLg==
[2020-03-14 17:59:21]--[login_cgi.c:279]--buf={
    "pwd": "lp86282176",
    "user": "lp13773477582"
}
，len = 57
[2020-03-14 17:59:21]--[login_cgi.c:292]--get_user_info:user:vyUyGIUPr84M7jSX+NqX3Q==,pwd:deOEhTMUQpuayNy9TgSU3g==
[2020-03-14 17:59:21]--[login_cgi.c:102]--mysql_user=root,mysql_pwd=lp86282176,mysql_db=cloud_disk[2020-03-14 17:59:21]--[login_cgi.c:146]--redis:ip:127.0.0.1,port:6379[2020-03-14 17:59:21]--[login_cgi.c:170]--tmpchar:vyUyGIUPr84M7jSX+NqX3Q==1554638116[2020-03-14 17:59:21]--[login_cgi.c:187]--char_base64=spCuV+DfwYUNFpGj2BaXZ2I7JztaBHRLVgDkUnqD/nj+Rsi5qkYdSQ==
[2020-03-14 18:00:37]--[login_cgi.c:279]--buf={
    "pwd": "lp86282176",
    "user": "lp13773477582"
}
，len = 57
[2020-03-14 18:00:37]--[login_cgi.c:292]--get_user_info:user:vyUyGIUPr84M7jSX+NqX3Q==,pwd:deOEhTMUQpuayNy9TgSU3g==
[2020-03-14 18:00:37]--[login_cgi.c:102]--mysql_user=root,mysql_pwd=lp86282176,mysql_db=cloud_disk[2020-03-14 18:00:37]--[login_cgi.c:146]--redis:ip:127.0.0.1,port:6379[2020-03-14 18:00:37]--[login_cgi.c:170]--tmpchar:vyUyGIUPr84M7jSX+NqX3Q==8931094995[2020-03-14 18:00:37]--[login_cgi.c:187]--char_base64=spCuV+DfwYUNFpGj2BaXZ2I7JztaBHRL0A2FUd+T/1aefhXNmKtjTw==
[2020-03-14 18:05:16]--[login_cgi.c:279]--buf={
    "pwd": "lp86282176",
    "user": "lp13773477582"
}
，len = 57
[2020-03-14 18:05:16]--[login_cgi.c:292]--get_user_info:user:vyUyGIUPr84M7jSX+NqX3Q==,pwd:deOEhTMUQpuayNy9TgSU3g==
[2020-03-14 18:05:16]--[login_cgi.c:102]--mysql_user=root,mysql_pwd=lp86282176,mysql_db=cloud_disk[2020-03-14 18:05:16]--[login_cgi.c:146]--redis:ip:127.0.0.1,port:6379[2020-03-14 18:05:16]--[login_cgi.c:170]--tmpchar:vyUyGIUPr84M7jSX+NqX3Q==476539531777[2020-03-14 18:05:16]--[login_cgi.c:187]--char_base64=spCuV+DfwYUNFpGj2BaXZ2I7JztaBHRLwi7dfAhelAK3Wuz8w/94tg==
[2020-03-14 18:11:00]--[login_cgi.c:279]--buf={
    "pwd": "lp86282176",
    "user": "lp13773477582"
}
，len = 57
[2020-03-14 18:11:00]--[login_cgi.c:292]--get_user_info:user:vyUyGIUPr84M7jSX+NqX3Q==,pwd:deOEhTMUQpuayNy9TgSU3g==
[2020-03-14 18:11:00]--[login_cgi.c:102]--mysql_user=root,mysql_pwd=lp86282176,mysql_db=cloud_disk[2020-03-14 18:11:00]--[login_cgi.c:146]--redis:ip:127.0.0.1,port:6379[2020-03-14 18:11:00]--[login_cgi.c:170]--tmpchar:vyUyGIUPr84M7jSX+NqX3Q==30566942245[2020-03-14 18:11:00]--[login_cgi.c:187]--char_base64=spCuV+DfwYUNFpGj2BaXZ2I7JztaBHRLsnRLzADmA1CFpMCfM16cFA==
[2020-03-14 18:29:06]--[login_cgi.c:279]--buf={
    "pwd": "lp86282176",
    "user": "lp13773477582"
}
，len = 57
[2020-03-14 18:29:06]--[login_cgi.c:292]--get_user_info:user:vyUyGIUPr84M7jSX+NqX3Q==,pwd:deOEhTMUQpuayNy9TgSU3g==
[2020-03-14 18:29:06]--[login_cgi.c:102]--mysql_user=root,mysql_pwd=lp86282176,mysql_db=cloud_disk[2020-03-14 18:29:06]--[login_cgi.c:146]--redis:ip:127.0.0.1,port:6379[2020-03-14 18:29:06]--[login_cgi.c:170]--tmpchar:vyUyGIUPr84M7jSX+NqX3Q==941457790490[2020-03-14 18:29:06]--[login_cgi.c:187]--char_base64=spCuV+DfwYUNFpGj2BaXZ2I7JztaBHRLTFWBNh1v+YR8dKKda46dCA==
[2020-03-14 18:46:07]--[login_cgi.c:279]--buf={
    "pwd": "lp86282176",
    "user": "lp13773477582"
}
，len = 57
[2020-03-14 18:46:07]--[login_cgi.c:292]--get_user_info:user:vyUyGIUPr84M7jSX+NqX3Q==,pwd:deOEhTMUQpuayNy9TgSU3g==
[2020-03-14 18:46:07]--[login_cgi.c:102]--mysql_user=root,mysql_pwd=lp86282176,mysql_db=cloud_disk[2020-03-14 18:46:07]--[login_cgi.c:146]--redis:ip:127.0.0.1,port:6379[2020-03-14 18:46:07]--[login_cgi.c:170]--tmpchar:vyUyGIUPr84M7jSX+NqX3Q==74385957839[2020-03-14 18:46:07]--[login_cgi.c:187]--char_base64=spCuV+DfwYUNFpGj2BaXZ2I7JztaBHRLe+dxlJbqx/kEXXMziv9oaQ==
[2020-03-14 18:56:45]--[login_cgi.c:279]--buf={
    "pwd": "lp86282176",
    "user": "lp13773477582"
}
，len = 57
[2020-03-14 18:56:45]--[login_cgi.c:292]--get_user_info:user:vyUyGIUPr84M7jSX+NqX3Q==,pwd:deOEhTMUQpuayNy9TgSU3g==
[2020-03-14 18:56:45]--[login_cgi.c:102]--mysql_user=root,mysql_pwd=lp86282176,mysql_db=cloud_disk[2020-03-14 18:56:45]--[login_cgi.c:146]--redis:ip:127.0.0.1,port:6379[2020-03-14 18:56:45]--[login_cgi.c:170]--tmpchar:vyUyGIUPr84M7jSX+NqX3Q==7291275930[2020-03-14 18:56:45]--[login_cgi.c:187]--char_base64=spCuV+DfwYUNFpGj2BaXZ2I7JztaBHRL3wKJEal1eENfo+pAUFqXhA==
[2020-03-14 19:04:02]--[login_cgi.c:279]--buf={
    "pwd": "lp86282176",
    "user": "lp13773477582"
}
，len = 57
[2020-03-14 19:04:02]--[login_cgi.c:292]--get_user_info:user:vyUyGIUPr84M7jSX+NqX3Q==,pwd:deOEhTMUQpuayNy9TgSU3g==
[2020-03-14 19:04:02]--[login_cgi.c:102]--mysql_user=root,mysql_pwd=lp86282176,mysql_db=cloud_disk[2020-03-14 19:04:02]--[login_cgi.c:146]--redis:ip:127.0.0.1,port:6379[2020-03-14 19:04:02]--[login_cgi.c:170]--tmpchar:vyUyGIUPr84M7jSX+NqX3Q==262382311487[2020-03-14 19:04:02]--[login_cgi.c:187]--char_base64=spCuV+DfwYUNFpGj2BaXZ2I7JztaBHRLsDW4cK+a23WacdoWHsK3kg==
[2020-03-14 19:05:01]--[login_cgi.c:279]--buf={
    "pwd": "lp86282176",
    "user": "lp13773477582"
}
，len = 57
[2020-03-14 19:05:01]--[login_cgi.c:292]--get_user_info:user:vyUyGIUPr84M7jSX+NqX3Q==,pwd:deOEhTMUQpuayNy9TgSU3g==
[2020-03-14 19:05:01]--[login_cgi.c:102]--mysql_user=root,mysql_pwd=lp86282176,mysql_db=cloud_disk[2020-03-14 19:05:01]--[login_cgi.c:146]--redis:ip:127.0.0.1,port:6379[2020-03-14 19:05:01]--[login_cgi.c:170]--tmpchar:vyUyGIUPr84M7jSX+NqX3Q==702738204654[2020-03-14 19:05:01]--[login_cgi.c:187]--char_base64=spCuV+DfwYUNFpGj2BaXZ2I7JztaBHRLAsucwcb7RvzXgshYcM+LyQ==
[2020-03-14 19:15:27]--[login_cgi.c:279]--buf={
    "pwd": "lp86282176",
    "user": "lp13773477582"
}
，len = 57
[2020-03-14 19:15:27]--[login_cgi.c:292]--get_user_info:user:vyUyGIUPr84M7jSX+NqX3Q==,pwd:deOEhTMUQpuayNy9TgSU3g==
[2020-03-14 19:15:27]--[login_cgi.c:102]--mysql_user=root,mysql_pwd=lp86282176,mysql_db=cloud_disk[2020-03-14 19:15:27]--[login_cgi.c:146]--redis:ip:127.0.0.1,port:6379[2020-03-14 19:15:27]--[login_cgi.c:170]--tmpchar:vyUyGIUPr84M7jSX+NqX3Q==159748704585[2020-03-14 19:15:27]--[login_cgi.c:187]--char_base64=spCuV+DfwYUNFpGj2BaXZ2I7JztaBHRLNyg9vwBqe96sZWq1uPwg3w==
[2020-03-14 19:18:20]--[login_cgi.c:279]--buf={
    "pwd": "lp86282176",
    "user": "lp13773477582"
}
，len = 57
[2020-03-14 19:18:20]--[login_cgi.c:292]--get_user_info:user:vyUyGIUPr84M7jSX+NqX3Q==,pwd:deOEhTMUQpuayNy9TgSU3g==
[2020-03-14 19:18:20]--[login_cgi.c:102]--mysql_user=root,mysql_pwd=lp86282176,mysql_db=cloud_disk[2020-03-14 19:18:20]--[login_cgi.c:146]--redis:ip:127.0.0.1,port:6379[2020-03-14 19:18:20]--[login_cgi.c:170]--tmpchar:vyUyGIUPr84M7jSX+NqX3Q==463316401742[2020-03-14 19:18:20]--[login_cgi.c:187]--char_base64=spCuV+DfwYUNFpGj2BaXZ2I7JztaBHRLgzr+uX7sjbkZvzlYLe3bGA==
[2020-03-14 19:29:13]--[login_cgi.c:279]--buf={
    "pwd": "lp86282176",
    "user": "lp13773477582"
}
，len = 57
[2020-03-14 19:29:13]--[login_cgi.c:292]--get_user_info:user:vyUyGIUPr84M7jSX+NqX3Q==,pwd:deOEhTMUQpuayNy9TgSU3g==
[2020-03-14 19:29:13]--[login_cgi.c:102]--mysql_user=root,mysql_pwd=lp86282176,mysql_db=cloud_disk[2020-03-14 19:29:13]--[login_cgi.c:146]--redis:ip:127.0.0.1,port:6379[2020-03-14 19:29:13]--[login_cgi.c:170]--tmpchar:vyUyGIUPr84M7jSX+NqX3Q==39750154795[2020-03-14 19:29:13]--[login_cgi.c:187]--char_base64=spCuV+DfwYUNFpGj2BaXZ2I7JztaBHRLeaQDBIG9PEOq5LzaC3EyTQ==
[2020-03-14 19:54:19]--[login_cgi.c:279]--buf={
    "pwd": "lp86282176",
    "user": "lp13773477582"
}
，len = 57
[2020-03-14 19:54:19]--[login_cgi.c:292]--get_user_info:user:vyUyGIUPr84M7jSX+NqX3Q==,pwd:deOEhTMUQpuayNy9TgSU3g==
[2020-03-14 19:54:19]--[login_cgi.c:102]--mysql_user=root,mysql_pwd=lp86282176,mysql_db=cloud_disk[2020-03-14 19:54:19]--[login_cgi.c:146]--redis:ip:127.0.0.1,port:6379[2020-03-14 19:54:19]--[login_cgi.c:170]--tmpchar:vyUyGIUPr84M7jSX+NqX3Q==63158562167[2020-03-14 19:54:19]--[login_cgi.c:187]--char_base64=spCuV+DfwYUNFpGj2BaXZ2I7JztaBHRLpASCMPS3c5SdeOIXTjt1aw==
[2020-03-14 19:55:50]--[login_cgi.c:279]--buf={
    "pwd": "lp86282176",
    "user": "lp13773477582"
}
，len = 57
[2020-03-14 19:55:50]--[login_cgi.c:292]--get_user_info:user:vyUyGIUPr84M7jSX+NqX3Q==,pwd:deOEhTMUQpuayNy9TgSU3g==
[2020-03-14 19:55:50]--[login_cgi.c:102]--mysql_user=root,mysql_pwd=lp86282176,mysql_db=cloud_disk[2020-03-14 19:55:50]--[login_cgi.c:146]--redis:ip:127.0.0.1,port:6379[2020-03-14 19:55:50]--[login_cgi.c:170]--tmpchar:vyUyGIUPr84M7jSX+NqX3Q==494531954305[2020-03-14 19:55:50]--[login_cgi.c:187]--char_base64=spCuV+DfwYUNFpGj2BaXZ2I7JztaBHRLUvVmjQVI9RK2KTEbQPdE6g==
[2020-03-14 20:57:36]--[login_cgi.c:279]--buf={
    "pwd": "lp86282176",
    "user": "lp13773477582"
}
，len = 57
[2020-03-14 20:57:36]--[login_cgi.c:292]--get_user_info:user:vyUyGIUPr84M7jSX+NqX3Q==,pwd:deOEhTMUQpuayNy9TgSU3g==
[2020-03-14 20:57:36]--[login_cgi.c:102]--mysql_user=root,mysql_pwd=lp86282176,mysql_db=cloud_disk[2020-03-14 20:57:36]--[login_cgi.c:146]--redis:ip:127.0.0.1,port:6379[2020-03-14 20:57:36]--[login_cgi.c:170]--tmpchar:vyUyGIUPr84M7jSX+NqX3Q==267152598655[2020-03-14 20:57:36]--[login_cgi.c:187]--char_base64=spCuV+DfwYUNFpGj2BaXZ2I7JztaBHRLqIbnaAFX0PMH+moF3SiEGw==
[2020-03-14 20:59:46]--[login_cgi.c:279]--buf={
    "pwd": "lp86282176",
    "user": "lp13773477582"
}
，len = 57
[2020-03-14 20:59:46]--[login_cgi.c:292]--get_user_info:user:vyUyGIUPr84M7jSX+NqX3Q==,pwd:deOEhTMUQpuayNy9TgSU3g==
[2020-03-14 20:59:46]--[login_cgi.c:102]--mysql_user=root,mysql_pwd=lp86282176,mysql_db=cloud_disk[2020-03-14 20:59:46]--[login_cgi.c:146]--redis:ip:127.0.0.1,port:6379[2020-03-14 20:59:46]--[login_cgi.c:170]--tmpchar:vyUyGIUPr84M7jSX+NqX3Q==254356198523[2020-03-14 20:59:46]--[login_cgi.c:187]--char_base64=spCuV+DfwYUNFpGj2BaXZ2I7JztaBHRLg2fGLCntOdc6gfmy3fLRyA==
