[2020-03-02 15:43:49]--[login_cgi.c:279]--buf={
    "pwd": "lp86282176",
    "user": "lp13773477582"
}
，len = 57
[2020-03-02 15:43:49]--[login_cgi.c:292]--get_user_info:user:vyUyGIUPr84M7jSX+NqX3Q==,pwd:deOEhTMUQpuayNy9TgSU3g==
[2020-03-02 15:43:49]--[login_cgi.c:102]--mysql_user=root,mysql_pwd=lp86282176,mysql_db=cloud_disk[2020-03-02 15:43:49]--[login_cgi.c:146]--redis:ip:127.0.0.1,port:6379[2020-03-02 15:43:49]--[login_cgi.c:170]--tmpchar:vyUyGIUPr84M7jSX+NqX3Q==867760287517[2020-03-02 15:43:49]--[login_cgi.c:187]--char_base64=spCuV+DfwYUNFpGj2BaXZ2I7JztaBHRLsNsqob8qENoqW9er4ANGdg==
[2020-03-02 15:48:00]--[login_cgi.c:279]--buf={
    "pwd": "lp86282176",
    "user": "lp13773477582"
}
，len = 57
[2020-03-02 15:48:00]--[login_cgi.c:292]--get_user_info:user:vyUyGIUPr84M7jSX+NqX3Q==,pwd:deOEhTMUQpuayNy9TgSU3g==
[2020-03-02 15:48:00]--[login_cgi.c:102]--mysql_user=root,mysql_pwd=lp86282176,mysql_db=cloud_disk[2020-03-02 15:48:00]--[login_cgi.c:146]--redis:ip:127.0.0.1,port:6379[2020-03-02 15:48:00]--[login_cgi.c:170]--tmpchar:vyUyGIUPr84M7jSX+NqX3Q==626704740754[2020-03-02 15:48:00]--[login_cgi.c:187]--char_base64=spCuV+DfwYUNFpGj2BaXZ2I7JztaBHRLmul30DZsIkd2oomhDnAf6A==
[2020-03-02 15:52:46]--[login_cgi.c:279]--buf={
    "pwd": "lp86282176",
    "user": "lp13773477582"
}
，len = 57
[2020-03-02 15:52:46]--[login_cgi.c:292]--get_user_info:user:vyUyGIUPr84M7jSX+NqX3Q==,pwd:deOEhTMUQpuayNy9TgSU3g==
[2020-03-02 15:52:46]--[login_cgi.c:102]--mysql_user=root,mysql_pwd=lp86282176,mysql_db=cloud_disk[2020-03-02 15:52:46]--[login_cgi.c:146]--redis:ip:127.0.0.1,port:6379[2020-03-02 15:52:46]--[login_cgi.c:170]--tmpchar:vyUyGIUPr84M7jSX+NqX3Q==379339439528[2020-03-02 15:52:46]--[login_cgi.c:187]--char_base64=spCuV+DfwYUNFpGj2BaXZ2I7JztaBHRL+3H8OS7kSylVVC6bjeSVfA==
[2020-03-02 15:57:31]--[login_cgi.c:279]--buf={
    "pwd": "lp86282176",
    "user": "lp13773477582"
}
，len = 57
[2020-03-02 15:57:31]--[login_cgi.c:292]--get_user_info:user:vyUyGIUPr84M7jSX+NqX3Q==,pwd:deOEhTMUQpuayNy9TgSU3g==
[2020-03-02 15:57:31]--[login_cgi.c:102]--mysql_user=root,mysql_pwd=lp86282176,mysql_db=cloud_disk[2020-03-02 15:57:31]--[login_cgi.c:146]--redis:ip:127.0.0.1,port:6379[2020-03-02 15:57:31]--[login_cgi.c:170]--tmpchar:vyUyGIUPr84M7jSX+NqX3Q==992329582360[2020-03-02 15:57:31]--[login_cgi.c:187]--char_base64=spCuV+DfwYUNFpGj2BaXZ2I7JztaBHRL80x31Byr/PiTjj+SKCmVZQ==
[2020-03-02 16:00:16]--[login_cgi.c:279]--buf={
    "pwd": "lp86282176",
    "user": "lp13773477582"
}
，len = 57
[2020-03-02 16:00:16]--[login_cgi.c:292]--get_user_info:user:vyUyGIUPr84M7jSX+NqX3Q==,pwd:deOEhTMUQpuayNy9TgSU3g==
[2020-03-02 16:00:16]--[login_cgi.c:102]--mysql_user=root,mysql_pwd=lp86282176,mysql_db=cloud_disk[2020-03-02 16:00:16]--[login_cgi.c:146]--redis:ip:127.0.0.1,port:6379[2020-03-02 16:00:16]--[login_cgi.c:170]--tmpchar:vyUyGIUPr84M7jSX+NqX3Q==28369185429[2020-03-02 16:00:16]--[login_cgi.c:187]--char_base64=spCuV+DfwYUNFpGj2BaXZ2I7JztaBHRL/FnvmKXJ0C+b1ILNMz6gBA==
[2020-03-02 16:17:27]--[login_cgi.c:279]--buf={
    "pwd": "lp86282176",
    "user": "lp13773477582"
}
，len = 57
[2020-03-02 16:17:27]--[login_cgi.c:292]--get_user_info:user:vyUyGIUPr84M7jSX+NqX3Q==,pwd:deOEhTMUQpuayNy9TgSU3g==
[2020-03-02 16:17:27]--[login_cgi.c:102]--mysql_user=root,mysql_pwd=lp86282176,mysql_db=cloud_disk[2020-03-02 16:17:27]--[login_cgi.c:146]--redis:ip:127.0.0.1,port:6379[2020-03-02 16:17:27]--[login_cgi.c:170]--tmpchar:vyUyGIUPr84M7jSX+NqX3Q==284799826836[2020-03-02 16:17:27]--[login_cgi.c:187]--char_base64=spCuV+DfwYUNFpGj2BaXZ2I7JztaBHRLfWAjMnbe4vCJDGLztK4DBg==
[2020-03-02 16:27:09]--[login_cgi.c:279]--buf={
    "pwd": "lp86282176",
    "user": "lp13773477582"
}
，len = 57
[2020-03-02 16:27:09]--[login_cgi.c:292]--get_user_info:user:vyUyGIUPr84M7jSX+NqX3Q==,pwd:deOEhTMUQpuayNy9TgSU3g==
[2020-03-02 16:27:09]--[login_cgi.c:102]--mysql_user=root,mysql_pwd=lp86282176,mysql_db=cloud_disk[2020-03-02 16:27:09]--[login_cgi.c:146]--redis:ip:127.0.0.1,port:6379[2020-03-02 16:27:09]--[login_cgi.c:170]--tmpchar:vyUyGIUPr84M7jSX+NqX3Q==86719459761[2020-03-02 16:27:09]--[login_cgi.c:187]--char_base64=spCuV+DfwYUNFpGj2BaXZ2I7JztaBHRLjY65JCba49Sshg3I/WDsjQ==
[2020-03-02 16:39:27]--[login_cgi.c:279]--buf={
    "pwd": "lp86282176",
    "user": "lp13773477582"
}
，len = 57
[2020-03-02 16:39:27]--[login_cgi.c:292]--get_user_info:user:vyUyGIUPr84M7jSX+NqX3Q==,pwd:deOEhTMUQpuayNy9TgSU3g==
[2020-03-02 16:39:27]--[login_cgi.c:102]--mysql_user=root,mysql_pwd=lp86282176,mysql_db=cloud_disk[2020-03-02 16:39:27]--[login_cgi.c:146]--redis:ip:127.0.0.1,port:6379[2020-03-02 16:39:27]--[login_cgi.c:170]--tmpchar:vyUyGIUPr84M7jSX+NqX3Q==67194336238[2020-03-02 16:39:27]--[login_cgi.c:187]--char_base64=spCuV+DfwYUNFpGj2BaXZ2I7JztaBHRL2+v14Y9ETN13mKvxnEE3lw==
[2020-03-02 16:48:52]--[login_cgi.c:279]--buf={
    "pwd": "lp86282176",
    "user": "lp13773477582"
}
，len = 57
[2020-03-02 16:48:52]--[login_cgi.c:292]--get_user_info:user:vyUyGIUPr84M7jSX+NqX3Q==,pwd:deOEhTMUQpuayNy9TgSU3g==
[2020-03-02 16:48:52]--[login_cgi.c:102]--mysql_user=root,mysql_pwd=lp86282176,mysql_db=cloud_disk[2020-03-02 16:48:52]--[login_cgi.c:146]--redis:ip:127.0.0.1,port:6379[2020-03-02 16:48:52]--[login_cgi.c:170]--tmpchar:vyUyGIUPr84M7jSX+NqX3Q==761398140675[2020-03-02 16:48:52]--[login_cgi.c:187]--char_base64=spCuV+DfwYUNFpGj2BaXZ2I7JztaBHRLa3Vu8teqEMEa/DGXXKKAjw==
[2020-03-02 16:55:46]--[login_cgi.c:279]--buf={
    "pwd": "lp86282176",
    "user": "lp13773477582"
}
，len = 57
[2020-03-02 16:55:46]--[login_cgi.c:292]--get_user_info:user:vyUyGIUPr84M7jSX+NqX3Q==,pwd:deOEhTMUQpuayNy9TgSU3g==
[2020-03-02 16:55:46]--[login_cgi.c:102]--mysql_user=root,mysql_pwd=lp86282176,mysql_db=cloud_disk[2020-03-02 16:55:46]--[login_cgi.c:146]--redis:ip:127.0.0.1,port:6379[2020-03-02 16:55:46]--[login_cgi.c:170]--tmpchar:vyUyGIUPr84M7jSX+NqX3Q==616599901742[2020-03-02 16:55:46]--[login_cgi.c:187]--char_base64=spCuV+DfwYUNFpGj2BaXZ2I7JztaBHRLq/KABMVZR64ZvzlYLe3bGA==
[2020-03-02 17:08:42]--[login_cgi.c:279]--buf={
    "pwd": "lp86282176",
    "user": "lp13773477582"
}
，len = 57
[2020-03-02 17:08:42]--[login_cgi.c:292]--get_user_info:user:vyUyGIUPr84M7jSX+NqX3Q==,pwd:deOEhTMUQpuayNy9TgSU3g==
[2020-03-02 17:08:42]--[login_cgi.c:102]--mysql_user=root,mysql_pwd=lp86282176,mysql_db=cloud_disk[2020-03-02 17:08:42]--[login_cgi.c:146]--redis:ip:127.0.0.1,port:6379[2020-03-02 17:08:42]--[login_cgi.c:170]--tmpchar:vyUyGIUPr84M7jSX+NqX3Q==898122628933[2020-03-02 17:08:42]--[login_cgi.c:187]--char_base64=spCuV+DfwYUNFpGj2BaXZ2I7JztaBHRLOKRgWXgSoa+osRAcQG+nAQ==
[2020-03-02 17:10:15]--[login_cgi.c:279]--buf={
    "pwd": "lp86282176",
    "user": "lp13773477582"
}
，len = 57
[2020-03-02 17:10:15]--[login_cgi.c:292]--get_user_info:user:vyUyGIUPr84M7jSX+NqX3Q==,pwd:deOEhTMUQpuayNy9TgSU3g==
[2020-03-02 17:10:15]--[login_cgi.c:102]--mysql_user=root,mysql_pwd=lp86282176,mysql_db=cloud_disk[2020-03-02 17:10:15]--[login_cgi.c:146]--redis:ip:127.0.0.1,port:6379[2020-03-02 17:10:15]--[login_cgi.c:170]--tmpchar:vyUyGIUPr84M7jSX+NqX3Q==568663363410[2020-03-02 17:10:15]--[login_cgi.c:187]--char_base64=spCuV+DfwYUNFpGj2BaXZ2I7JztaBHRLCtuG1RQH3wUZbZpHj88V/w==
[2020-03-02 17:11:09]--[login_cgi.c:279]--buf={
    "pwd": "lp86282176",
    "user": "lp13773477582"
}
，len = 57
[2020-03-02 17:11:09]--[login_cgi.c:292]--get_user_info:user:vyUyGIUPr84M7jSX+NqX3Q==,pwd:deOEhTMUQpuayNy9TgSU3g==
[2020-03-02 17:11:09]--[login_cgi.c:102]--mysql_user=root,mysql_pwd=lp86282176,mysql_db=cloud_disk[2020-03-02 17:11:09]--[login_cgi.c:146]--redis:ip:127.0.0.1,port:6379[2020-03-02 17:11:09]--[login_cgi.c:170]--tmpchar:vyUyGIUPr84M7jSX+NqX3Q==269455647551[2020-03-02 17:11:09]--[login_cgi.c:187]--char_base64=spCuV+DfwYUNFpGj2BaXZ2I7JztaBHRLKbgcFc4TxQ7wC0MF1x38pg==
[2020-03-02 17:50:26]--[login_cgi.c:279]--buf={
    "pwd": "lp86282176",
    "user": "lp13773477582"
}
，len = 57
[2020-03-02 17:50:26]--[login_cgi.c:292]--get_user_info:user:vyUyGIUPr84M7jSX+NqX3Q==,pwd:deOEhTMUQpuayNy9TgSU3g==
[2020-03-02 17:50:26]--[login_cgi.c:102]--mysql_user=root,mysql_pwd=lp86282176,mysql_db=cloud_disk[2020-03-02 17:50:26]--[login_cgi.c:146]--redis:ip:127.0.0.1,port:6379[2020-03-02 17:50:26]--[login_cgi.c:170]--tmpchar:vyUyGIUPr84M7jSX+NqX3Q==421572547576[2020-03-02 17:50:26]--[login_cgi.c:187]--char_base64=spCuV+DfwYUNFpGj2BaXZ2I7JztaBHRLqeoCmoBU1H1TKYN2zf1RGg==
[2020-03-02 18:01:41]--[login_cgi.c:279]--buf={
    "pwd": "lp86282176",
    "user": "lp13773477582"
}
，len = 57
[2020-03-02 18:01:41]--[login_cgi.c:292]--get_user_info:user:vyUyGIUPr84M7jSX+NqX3Q==,pwd:deOEhTMUQpuayNy9TgSU3g==
[2020-03-02 18:01:41]--[login_cgi.c:102]--mysql_user=root,mysql_pwd=lp86282176,mysql_db=cloud_disk[2020-03-02 18:01:41]--[login_cgi.c:146]--redis:ip:127.0.0.1,port:6379[2020-03-02 18:01:41]--[login_cgi.c:170]--tmpchar:vyUyGIUPr84M7jSX+NqX3Q==97611493608[2020-03-02 18:01:41]--[login_cgi.c:187]--char_base64=spCuV+DfwYUNFpGj2BaXZ2I7JztaBHRLAAj8Cdikgef6O7Wwdo1Uiw==
[2020-03-02 18:28:11]--[login_cgi.c:279]--buf={
    "pwd": "lp86282176",
    "user": "lp13773477582"
}
，len = 57
[2020-03-02 18:28:11]--[login_cgi.c:292]--get_user_info:user:vyUyGIUPr84M7jSX+NqX3Q==,pwd:deOEhTMUQpuayNy9TgSU3g==
[2020-03-02 18:28:11]--[login_cgi.c:102]--mysql_user=root,mysql_pwd=lp86282176,mysql_db=cloud_disk[2020-03-02 18:28:11]--[login_cgi.c:146]--redis:ip:127.0.0.1,port:6379[2020-03-02 18:28:11]--[login_cgi.c:170]--tmpchar:vyUyGIUPr84M7jSX+NqX3Q==93624640203[2020-03-02 18:28:11]--[login_cgi.c:187]--char_base64=spCuV+DfwYUNFpGj2BaXZ2I7JztaBHRLZmWSmj/IMAtPaab9451dBA==
[2020-03-02 18:29:53]--[login_cgi.c:279]--buf={
    "pwd": "lp86282176",
    "user": "lp13773477582"
}
，len = 57
[2020-03-02 18:29:53]--[login_cgi.c:292]--get_user_info:user:vyUyGIUPr84M7jSX+NqX3Q==,pwd:deOEhTMUQpuayNy9TgSU3g==
[2020-03-02 18:29:53]--[login_cgi.c:102]--mysql_user=root,mysql_pwd=lp86282176,mysql_db=cloud_disk[2020-03-02 18:29:53]--[login_cgi.c:146]--redis:ip:127.0.0.1,port:6379[2020-03-02 18:29:53]--[login_cgi.c:170]--tmpchar:vyUyGIUPr84M7jSX+NqX3Q==93848597306[2020-03-02 18:29:53]--[login_cgi.c:187]--char_base64=spCuV+DfwYUNFpGj2BaXZ2I7JztaBHRLybAqW2MkKSb+7pRiL/jJ7Q==
[2020-03-02 18:31:25]--[login_cgi.c:279]--buf={
    "pwd": "lp86282176",
    "user": "lp13773477582"
}
，len = 57
[2020-03-02 18:31:25]--[login_cgi.c:292]--get_user_info:user:vyUyGIUPr84M7jSX+NqX3Q==,pwd:deOEhTMUQpuayNy9TgSU3g==
[2020-03-02 18:31:25]--[login_cgi.c:102]--mysql_user=root,mysql_pwd=lp86282176,mysql_db=cloud_disk[2020-03-02 18:31:25]--[login_cgi.c:146]--redis:ip:127.0.0.1,port:6379[2020-03-02 18:31:25]--[login_cgi.c:170]--tmpchar:vyUyGIUPr84M7jSX+NqX3Q==173889235473[2020-03-02 18:31:25]--[login_cgi.c:187]--char_base64=spCuV+DfwYUNFpGj2BaXZ2I7JztaBHRLnZr4a8sa/er8DKPuNCIJXw==
[2020-03-02 18:32:44]--[login_cgi.c:279]--buf={
    "pwd": "lp86282176",
    "user": "lp13773477582"
}
，len = 57
[2020-03-02 18:32:44]--[login_cgi.c:292]--get_user_info:user:vyUyGIUPr84M7jSX+NqX3Q==,pwd:deOEhTMUQpuayNy9TgSU3g==
[2020-03-02 18:32:44]--[login_cgi.c:102]--mysql_user=root,mysql_pwd=lp86282176,mysql_db=cloud_disk[2020-03-02 18:32:44]--[login_cgi.c:146]--redis:ip:127.0.0.1,port:6379[2020-03-02 18:32:44]--[login_cgi.c:170]--tmpchar:vyUyGIUPr84M7jSX+NqX3Q==717522869168[2020-03-02 18:32:44]--[login_cgi.c:187]--char_base64=spCuV+DfwYUNFpGj2BaXZ2I7JztaBHRLbATh3XbqLZTRi8XLFASPpA==
[2020-03-02 18:34:19]--[login_cgi.c:279]--buf={
    "pwd": "lp86282176",
    "user": "lp13773477582"
}
，len = 57
[2020-03-02 18:34:19]--[login_cgi.c:292]--get_user_info:user:vyUyGIUPr84M7jSX+NqX3Q==,pwd:deOEhTMUQpuayNy9TgSU3g==
[2020-03-02 18:34:19]--[login_cgi.c:102]--mysql_user=root,mysql_pwd=lp86282176,mysql_db=cloud_disk[2020-03-02 18:34:19]--[login_cgi.c:146]--redis:ip:127.0.0.1,port:6379[2020-03-02 18:34:19]--[login_cgi.c:170]--tmpchar:vyUyGIUPr84M7jSX+NqX3Q==346326486829[2020-03-02 18:34:19]--[login_cgi.c:187]--char_base64=spCuV+DfwYUNFpGj2BaXZ2I7JztaBHRLZDPzDJM3ZaIF/HaTwSTfvg==
[2020-03-02 18:56:01]--[login_cgi.c:279]--buf={
    "pwd": "lp86282176",
    "user": "lp13773477582"
}
，len = 57
[2020-03-02 18:56:01]--[login_cgi.c:292]--get_user_info:user:vyUyGIUPr84M7jSX+NqX3Q==,pwd:deOEhTMUQpuayNy9TgSU3g==
[2020-03-02 18:56:01]--[login_cgi.c:102]--mysql_user=root,mysql_pwd=lp86282176,mysql_db=cloud_disk[2020-03-02 18:56:01]--[login_cgi.c:146]--redis:ip:127.0.0.1,port:6379[2020-03-02 18:56:01]--[login_cgi.c:170]--tmpchar:vyUyGIUPr84M7jSX+NqX3Q==650781735798[2020-03-02 18:56:01]--[login_cgi.c:187]--char_base64=spCuV+DfwYUNFpGj2BaXZ2I7JztaBHRLyvTYsxt0E9/0l5J47SnCZw==
[2020-03-02 20:12:04]--[login_cgi.c:279]--buf={
    "pwd": "lp86282176",
    "user": "lp13773477582"
}
，len = 57
[2020-03-02 20:12:04]--[login_cgi.c:292]--get_user_info:user:vyUyGIUPr84M7jSX+NqX3Q==,pwd:deOEhTMUQpuayNy9TgSU3g==
[2020-03-02 20:12:04]--[login_cgi.c:102]--mysql_user=root,mysql_pwd=lp86282176,mysql_db=cloud_disk[2020-03-02 20:12:04]--[login_cgi.c:146]--redis:ip:127.0.0.1,port:6379[2020-03-02 20:12:04]--[login_cgi.c:170]--tmpchar:vyUyGIUPr84M7jSX+NqX3Q==465769205507[2020-03-02 20:12:04]--[login_cgi.c:187]--char_base64=spCuV+DfwYUNFpGj2BaXZ2I7JztaBHRL9UxUtJVJoSF6qW1zNh3o2w==
[2020-03-02 20:26:52]--[login_cgi.c:279]--buf={
    "pwd": "lp86282176",
    "user": "lp13773477582"
}
，len = 57
[2020-03-02 20:26:52]--[login_cgi.c:292]--get_user_info:user:vyUyGIUPr84M7jSX+NqX3Q==,pwd:deOEhTMUQpuayNy9TgSU3g==
[2020-03-02 20:26:52]--[login_cgi.c:102]--mysql_user=root,mysql_pwd=lp86282176,mysql_db=cloud_disk[2020-03-02 20:26:52]--[login_cgi.c:146]--redis:ip:127.0.0.1,port:6379[2020-03-02 20:26:52]--[login_cgi.c:170]--tmpchar:vyUyGIUPr84M7jSX+NqX3Q==8138461710[2020-03-02 20:26:52]--[login_cgi.c:187]--char_base64=spCuV+DfwYUNFpGj2BaXZ2I7JztaBHRLuMA714dmzIeRGWCwq1e92w==
