[2020-03-10 17:21:35]--[login_cgi.c:279]--buf={
    "pwd": "lp86282176",
    "user": "lp13773477582"
}
，len = 57
[2020-03-10 17:21:35]--[login_cgi.c:292]--get_user_info:user:vyUyGIUPr84M7jSX+NqX3Q==,pwd:deOEhTMUQpuayNy9TgSU3g==
[2020-03-10 17:21:35]--[login_cgi.c:102]--mysql_user=root,mysql_pwd=lp86282176,mysql_db=cloud_disk[2020-03-10 17:21:35]--[login_cgi.c:146]--redis:ip:127.0.0.1,port:6379[2020-03-10 17:21:35]--[login_cgi.c:170]--tmpchar:vyUyGIUPr84M7jSX+NqX3Q==368799977983[2020-03-10 17:21:35]--[login_cgi.c:187]--char_base64=spCuV+DfwYUNFpGj2BaXZ2I7JztaBHRLNH0excmMSunRZG+vWm0itA==
[2020-03-10 17:21:53]--[login_cgi.c:279]--buf={
    "pwd": "lp86282176",
    "user": "lp13773477582"
}
，len = 57
[2020-03-10 17:21:53]--[login_cgi.c:292]--get_user_info:user:vyUyGIUPr84M7jSX+NqX3Q==,pwd:deOEhTMUQpuayNy9TgSU3g==
[2020-03-10 17:21:53]--[login_cgi.c:102]--mysql_user=root,mysql_pwd=lp86282176,mysql_db=cloud_disk[2020-03-10 17:21:53]--[login_cgi.c:146]--redis:ip:127.0.0.1,port:6379[2020-03-10 17:21:53]--[login_cgi.c:170]--tmpchar:vyUyGIUPr84M7jSX+NqX3Q==939608948661[2020-03-10 17:21:53]--[login_cgi.c:187]--char_base64=spCuV+DfwYUNFpGj2BaXZ2I7JztaBHRLNIsgNY5F7ESA7dinTcn+sQ==
[2020-03-10 17:43:55]--[login_cgi.c:279]--buf={
    "pwd": "lp86282176",
    "user": "lp13773477582"
}
，len = 57
[2020-03-10 17:43:55]--[login_cgi.c:292]--get_user_info:user:vyUyGIUPr84M7jSX+NqX3Q==,pwd:deOEhTMUQpuayNy9TgSU3g==
[2020-03-10 17:43:55]--[login_cgi.c:102]--mysql_user=root,mysql_pwd=lp86282176,mysql_db=cloud_disk[2020-03-10 17:43:55]--[login_cgi.c:146]--redis:ip:127.0.0.1,port:6379[2020-03-10 17:43:55]--[login_cgi.c:170]--tmpchar:vyUyGIUPr84M7jSX+NqX3Q==468891498292[2020-03-10 17:43:55]--[login_cgi.c:187]--char_base64=spCuV+DfwYUNFpGj2BaXZ2I7JztaBHRLPYEiUWj2/jQGXz4UaM53sg==
[2020-03-10 18:01:34]--[login_cgi.c:279]--buf={
    "pwd": "lp86282176",
    "user": "lp13773477582"
}
，len = 57
[2020-03-10 18:01:34]--[login_cgi.c:292]--get_user_info:user:vyUyGIUPr84M7jSX+NqX3Q==,pwd:deOEhTMUQpuayNy9TgSU3g==
[2020-03-10 18:01:34]--[login_cgi.c:102]--mysql_user=root,mysql_pwd=lp86282176,mysql_db=cloud_disk[2020-03-10 18:01:34]--[login_cgi.c:146]--redis:ip:127.0.0.1,port:6379[2020-03-10 18:01:34]--[login_cgi.c:170]--tmpchar:vyUyGIUPr84M7jSX+NqX3Q==738326508186[2020-03-10 18:01:34]--[login_cgi.c:187]--char_base64=spCuV+DfwYUNFpGj2BaXZ2I7JztaBHRL5V6Y9MKfiTokmKkEN/ZnoA==
[2020-03-10 18:07:53]--[login_cgi.c:279]--buf={
    "pwd": "lp86282176",
    "user": "lp13773477582"
}
，len = 57
[2020-03-10 18:07:53]--[login_cgi.c:292]--get_user_info:user:vyUyGIUPr84M7jSX+NqX3Q==,pwd:deOEhTMUQpuayNy9TgSU3g==
[2020-03-10 18:07:53]--[login_cgi.c:102]--mysql_user=root,mysql_pwd=lp86282176,mysql_db=cloud_disk[2020-03-10 18:07:53]--[login_cgi.c:146]--redis:ip:127.0.0.1,port:6379[2020-03-10 18:07:53]--[login_cgi.c:170]--tmpchar:vyUyGIUPr84M7jSX+NqX3Q==626937853481[2020-03-10 18:07:53]--[login_cgi.c:187]--char_base64=spCuV+DfwYUNFpGj2BaXZ2I7JztaBHRLyNTuz5BB4bCh8aNXHgwlTA==
[2020-03-10 18:16:15]--[login_cgi.c:279]--buf={
    "pwd": "lp86282176",
    "user": "lp13773477582"
}
，len = 57
[2020-03-10 18:16:15]--[login_cgi.c:292]--get_user_info:user:vyUyGIUPr84M7jSX+NqX3Q==,pwd:deOEhTMUQpuayNy9TgSU3g==
[2020-03-10 18:16:15]--[login_cgi.c:102]--mysql_user=root,mysql_pwd=lp86282176,mysql_db=cloud_disk[2020-03-10 18:16:15]--[login_cgi.c:146]--redis:ip:127.0.0.1,port:6379[2020-03-10 18:16:15]--[login_cgi.c:170]--tmpchar:vyUyGIUPr84M7jSX+NqX3Q==13173272867[2020-03-10 18:16:15]--[login_cgi.c:187]--char_base64=spCuV+DfwYUNFpGj2BaXZ2I7JztaBHRLi/6y5OxG9cGo+zIdmQPSDw==
