[2020-03-03 14:29:29]--[login_cgi.c:279]--buf={
    "pwd": "lp86282176",
    "user": "lp13773477582"
}
，len = 57
[2020-03-03 14:29:29]--[login_cgi.c:292]--get_user_info:user:vyUyGIUPr84M7jSX+NqX3Q==,pwd:deOEhTMUQpuayNy9TgSU3g==
[2020-03-03 14:29:29]--[login_cgi.c:102]--mysql_user=root,mysql_pwd=lp86282176,mysql_db=cloud_disk[2020-03-03 14:29:29]--[login_cgi.c:146]--redis:ip:127.0.0.1,port:6379[2020-03-03 14:29:29]--[login_cgi.c:170]--tmpchar:vyUyGIUPr84M7jSX+NqX3Q==835698224296[2020-03-03 14:29:29]--[login_cgi.c:187]--char_base64=spCuV+DfwYUNFpGj2BaXZ2I7JztaBHRLslRfHzJyraHarqe7/owGWA==
[2020-03-03 14:34:24]--[login_cgi.c:279]--buf={
    "pwd": "lp86282176",
    "user": "lp13773477582"
}
，len = 57
[2020-03-03 14:34:24]--[login_cgi.c:292]--get_user_info:user:vyUyGIUPr84M7jSX+NqX3Q==,pwd:deOEhTMUQpuayNy9TgSU3g==
[2020-03-03 14:34:24]--[login_cgi.c:102]--mysql_user=root,mysql_pwd=lp86282176,mysql_db=cloud_disk[2020-03-03 14:34:24]--[login_cgi.c:146]--redis:ip:127.0.0.1,port:6379[2020-03-03 14:34:24]--[login_cgi.c:170]--tmpchar:vyUyGIUPr84M7jSX+NqX3Q==296755609569[2020-03-03 14:34:24]--[login_cgi.c:187]--char_base64=spCuV+DfwYUNFpGj2BaXZ2I7JztaBHRL2THJ2k1XjL5XF/qAQxVy0g==
[2020-03-03 14:40:12]--[login_cgi.c:279]--buf={
    "pwd": "lp86282176",
    "user": "lp13773477582"
}
，len = 57
[2020-03-03 14:40:12]--[login_cgi.c:292]--get_user_info:user:vyUyGIUPr84M7jSX+NqX3Q==,pwd:deOEhTMUQpuayNy9TgSU3g==
[2020-03-03 14:40:12]--[login_cgi.c:102]--mysql_user=root,mysql_pwd=lp86282176,mysql_db=cloud_disk[2020-03-03 14:40:12]--[login_cgi.c:146]--redis:ip:127.0.0.1,port:6379[2020-03-03 14:40:12]--[login_cgi.c:170]--tmpchar:vyUyGIUPr84M7jSX+NqX3Q==32331554762[2020-03-03 14:40:12]--[login_cgi.c:187]--char_base64=spCuV+DfwYUNFpGj2BaXZ2I7JztaBHRLtvX1EAApJRLzgGIX+RXiaw==
[2020-03-03 14:45:54]--[login_cgi.c:279]--buf={
    "pwd": "lp86282176",
    "user": "lp13773477582"
}
，len = 57
[2020-03-03 14:45:54]--[login_cgi.c:292]--get_user_info:user:vyUyGIUPr84M7jSX+NqX3Q==,pwd:deOEhTMUQpuayNy9TgSU3g==
[2020-03-03 14:45:54]--[login_cgi.c:102]--mysql_user=root,mysql_pwd=lp86282176,mysql_db=cloud_disk[2020-03-03 14:45:54]--[login_cgi.c:146]--redis:ip:127.0.0.1,port:6379[2020-03-03 14:45:54]--[login_cgi.c:170]--tmpchar:vyUyGIUPr84M7jSX+NqX3Q==962682639323[2020-03-03 14:45:54]--[login_cgi.c:187]--char_base64=spCuV+DfwYUNFpGj2BaXZ2I7JztaBHRLelW3TjC4NbQpL5VgYRTjzQ==
[2020-03-03 14:51:09]--[login_cgi.c:279]--buf={
    "pwd": "lp86282176",
    "user": "lp13773477582"
}
，len = 57
[2020-03-03 14:51:09]--[login_cgi.c:292]--get_user_info:user:vyUyGIUPr84M7jSX+NqX3Q==,pwd:deOEhTMUQpuayNy9TgSU3g==
[2020-03-03 14:51:09]--[login_cgi.c:102]--mysql_user=root,mysql_pwd=lp86282176,mysql_db=cloud_disk[2020-03-03 14:51:09]--[login_cgi.c:146]--redis:ip:127.0.0.1,port:6379[2020-03-03 14:51:09]--[login_cgi.c:170]--tmpchar:vyUyGIUPr84M7jSX+NqX3Q==88606329498[2020-03-03 14:51:09]--[login_cgi.c:187]--char_base64=spCuV+DfwYUNFpGj2BaXZ2I7JztaBHRL6OAEKynXectBvDHwD7bRRA==
[2020-03-03 14:53:50]--[login_cgi.c:279]--buf={
    "pwd": "lp86282176",
    "user": "lp13773477582"
}
，len = 57
[2020-03-03 14:53:50]--[login_cgi.c:292]--get_user_info:user:vyUyGIUPr84M7jSX+NqX3Q==,pwd:deOEhTMUQpuayNy9TgSU3g==
[2020-03-03 14:53:50]--[login_cgi.c:102]--mysql_user=root,mysql_pwd=lp86282176,mysql_db=cloud_disk[2020-03-03 14:53:50]--[login_cgi.c:146]--redis:ip:127.0.0.1,port:6379[2020-03-03 14:53:50]--[login_cgi.c:170]--tmpchar:vyUyGIUPr84M7jSX+NqX3Q==573224450761[2020-03-03 14:53:50]--[login_cgi.c:187]--char_base64=spCuV+DfwYUNFpGj2BaXZ2I7JztaBHRLt/c0+uRzaRw1WXwYWvBnjw==
[2020-03-03 15:14:38]--[login_cgi.c:279]--buf={
    "pwd": "lp86282176",
    "user": "lp13773477582"
}
，len = 57
[2020-03-03 15:14:38]--[login_cgi.c:292]--get_user_info:user:vyUyGIUPr84M7jSX+NqX3Q==,pwd:deOEhTMUQpuayNy9TgSU3g==
[2020-03-03 15:14:38]--[login_cgi.c:102]--mysql_user=root,mysql_pwd=lp86282176,mysql_db=cloud_disk[2020-03-03 15:14:38]--[login_cgi.c:146]--redis:ip:127.0.0.1,port:6379[2020-03-03 15:14:38]--[login_cgi.c:170]--tmpchar:vyUyGIUPr84M7jSX+NqX3Q==388451688578[2020-03-03 15:14:38]--[login_cgi.c:187]--char_base64=spCuV+DfwYUNFpGj2BaXZ2I7JztaBHRL7ArQTtmilZEBQpYpWm5A5w==
[2020-03-03 15:19:48]--[login_cgi.c:279]--buf={
    "pwd": "lp86282176",
    "user": "lp13773477582"
}
，len = 57
[2020-03-03 15:19:48]--[login_cgi.c:292]--get_user_info:user:vyUyGIUPr84M7jSX+NqX3Q==,pwd:deOEhTMUQpuayNy9TgSU3g==
[2020-03-03 15:19:48]--[login_cgi.c:102]--mysql_user=root,mysql_pwd=lp86282176,mysql_db=cloud_disk[2020-03-03 15:19:48]--[login_cgi.c:146]--redis:ip:127.0.0.1,port:6379[2020-03-03 15:19:48]--[login_cgi.c:170]--tmpchar:vyUyGIUPr84M7jSX+NqX3Q==253923211697[2020-03-03 15:19:48]--[login_cgi.c:187]--char_base64=spCuV+DfwYUNFpGj2BaXZ2I7JztaBHRL5zaIlBfdeZW4P7OO26AFHQ==
[2020-03-03 15:26:49]--[login_cgi.c:279]--buf={
    "pwd": "lp86282176",
    "user": "lp13773477582"
}
，len = 57
[2020-03-03 15:26:49]--[login_cgi.c:292]--get_user_info:user:vyUyGIUPr84M7jSX+NqX3Q==,pwd:deOEhTMUQpuayNy9TgSU3g==
[2020-03-03 15:26:49]--[login_cgi.c:102]--mysql_user=root,mysql_pwd=lp86282176,mysql_db=cloud_disk[2020-03-03 15:26:49]--[login_cgi.c:146]--redis:ip:127.0.0.1,port:6379[2020-03-03 15:26:49]--[login_cgi.c:170]--tmpchar:vyUyGIUPr84M7jSX+NqX3Q==252451937201[2020-03-03 15:26:49]--[login_cgi.c:187]--char_base64=spCuV+DfwYUNFpGj2BaXZ2I7JztaBHRL1afthXypmxytpQLNZGmZeQ==
[2020-03-03 15:37:28]--[login_cgi.c:279]--buf={
    "pwd": "lp86282176",
    "user": "lp13773477582"
}
，len = 57
[2020-03-03 15:37:28]--[login_cgi.c:292]--get_user_info:user:vyUyGIUPr84M7jSX+NqX3Q==,pwd:deOEhTMUQpuayNy9TgSU3g==
[2020-03-03 15:37:28]--[login_cgi.c:102]--mysql_user=root,mysql_pwd=lp86282176,mysql_db=cloud_disk[2020-03-03 15:37:28]--[login_cgi.c:146]--redis:ip:127.0.0.1,port:6379[2020-03-03 15:37:28]--[login_cgi.c:170]--tmpchar:vyUyGIUPr84M7jSX+NqX3Q==906321788576[2020-03-03 15:37:28]--[login_cgi.c:187]--char_base64=spCuV+DfwYUNFpGj2BaXZ2I7JztaBHRLpMVJKU2IkUxpY2R8RAZpkQ==
[2020-03-03 15:41:36]--[login_cgi.c:279]--buf={
    "pwd": "lp86282176",
    "user": "lp13773477582"
}
，len = 57
[2020-03-03 15:41:36]--[login_cgi.c:292]--get_user_info:user:vyUyGIUPr84M7jSX+NqX3Q==,pwd:deOEhTMUQpuayNy9TgSU3g==
[2020-03-03 15:41:36]--[login_cgi.c:102]--mysql_user=root,mysql_pwd=lp86282176,mysql_db=cloud_disk[2020-03-03 15:41:36]--[login_cgi.c:146]--redis:ip:127.0.0.1,port:6379[2020-03-03 15:41:36]--[login_cgi.c:170]--tmpchar:vyUyGIUPr84M7jSX+NqX3Q==806722784923[2020-03-03 15:41:36]--[login_cgi.c:187]--char_base64=spCuV+DfwYUNFpGj2BaXZ2I7JztaBHRLWGcFBcwwHWk49Ru+uz1ASA==
[2020-03-03 15:48:38]--[login_cgi.c:279]--buf={
    "pwd": "lp86282176",
    "user": "lp13773477582"
}
，len = 57
[2020-03-03 15:48:38]--[login_cgi.c:292]--get_user_info:user:vyUyGIUPr84M7jSX+NqX3Q==,pwd:deOEhTMUQpuayNy9TgSU3g==
[2020-03-03 15:48:38]--[login_cgi.c:102]--mysql_user=root,mysql_pwd=lp86282176,mysql_db=cloud_disk[2020-03-03 15:48:38]--[login_cgi.c:146]--redis:ip:127.0.0.1,port:6379[2020-03-03 15:48:38]--[login_cgi.c:170]--tmpchar:vyUyGIUPr84M7jSX+NqX3Q==772946686296[2020-03-03 15:48:38]--[login_cgi.c:187]--char_base64=spCuV+DfwYUNFpGj2BaXZ2I7JztaBHRL0NULesNdGC07tJ71oW+sLw==
[2020-03-03 15:54:27]--[login_cgi.c:279]--buf={
    "pwd": "lp86282176",
    "user": "lp13773477582"
}
，len = 57
[2020-03-03 15:54:27]--[login_cgi.c:292]--get_user_info:user:vyUyGIUPr84M7jSX+NqX3Q==,pwd:deOEhTMUQpuayNy9TgSU3g==
[2020-03-03 15:54:27]--[login_cgi.c:102]--mysql_user=root,mysql_pwd=lp86282176,mysql_db=cloud_disk[2020-03-03 15:54:27]--[login_cgi.c:146]--redis:ip:127.0.0.1,port:6379[2020-03-03 15:54:27]--[login_cgi.c:170]--tmpchar:vyUyGIUPr84M7jSX+NqX3Q==718404182628[2020-03-03 15:54:27]--[login_cgi.c:187]--char_base64=spCuV+DfwYUNFpGj2BaXZ2I7JztaBHRLflL/NhZkKGpswYl1uZepnQ==
[2020-03-03 15:58:30]--[login_cgi.c:279]--buf={
    "pwd": "lp86282176",
    "user": "lp13773477582"
}
，len = 57
[2020-03-03 15:58:30]--[login_cgi.c:292]--get_user_info:user:vyUyGIUPr84M7jSX+NqX3Q==,pwd:deOEhTMUQpuayNy9TgSU3g==
[2020-03-03 15:58:30]--[login_cgi.c:102]--mysql_user=root,mysql_pwd=lp86282176,mysql_db=cloud_disk[2020-03-03 15:58:30]--[login_cgi.c:146]--redis:ip:127.0.0.1,port:6379[2020-03-03 15:58:30]--[login_cgi.c:170]--tmpchar:vyUyGIUPr84M7jSX+NqX3Q==390548815635[2020-03-03 15:58:30]--[login_cgi.c:187]--char_base64=spCuV+DfwYUNFpGj2BaXZ2I7JztaBHRLI0FaGRP5ffTB8YFzPO6m4A==
[2020-03-03 16:35:30]--[login_cgi.c:279]--buf={
    "pwd": "lp86282176",
    "user": "lp13773477582"
}
，len = 57
[2020-03-03 16:35:30]--[login_cgi.c:292]--get_user_info:user:vyUyGIUPr84M7jSX+NqX3Q==,pwd:deOEhTMUQpuayNy9TgSU3g==
[2020-03-03 16:35:30]--[login_cgi.c:102]--mysql_user=root,mysql_pwd=lp86282176,mysql_db=cloud_disk[2020-03-03 16:35:30]--[login_cgi.c:146]--redis:ip:127.0.0.1,port:6379[2020-03-03 16:35:30]--[login_cgi.c:170]--tmpchar:vyUyGIUPr84M7jSX+NqX3Q==8871519247[2020-03-03 16:35:30]--[login_cgi.c:187]--char_base64=spCuV+DfwYUNFpGj2BaXZ2I7JztaBHRL3dtselySGKslJmE+wA2YWg==
[2020-03-03 17:03:45]--[login_cgi.c:279]--buf={
    "pwd": "lp86282176",
    "user": "lp13773477582"
}
，len = 57
[2020-03-03 17:03:45]--[login_cgi.c:292]--get_user_info:user:vyUyGIUPr84M7jSX+NqX3Q==,pwd:deOEhTMUQpuayNy9TgSU3g==
[2020-03-03 17:03:45]--[login_cgi.c:102]--mysql_user=root,mysql_pwd=lp86282176,mysql_db=cloud_disk[2020-03-03 17:03:45]--[login_cgi.c:146]--redis:ip:127.0.0.1,port:6379[2020-03-03 17:03:45]--[login_cgi.c:170]--tmpchar:vyUyGIUPr84M7jSX+NqX3Q==37912577425[2020-03-03 17:03:45]--[login_cgi.c:187]--char_base64=spCuV+DfwYUNFpGj2BaXZ2I7JztaBHRLxWKCYrkYjMSfdF0tbsHgfQ==
[2020-03-03 17:06:14]--[login_cgi.c:279]--buf={
    "pwd": "lp86282176",
    "user": "lp13773477582"
}
，len = 57
[2020-03-03 17:06:14]--[login_cgi.c:292]--get_user_info:user:vyUyGIUPr84M7jSX+NqX3Q==,pwd:deOEhTMUQpuayNy9TgSU3g==
[2020-03-03 17:06:14]--[login_cgi.c:102]--mysql_user=root,mysql_pwd=lp86282176,mysql_db=cloud_disk[2020-03-03 17:06:14]--[login_cgi.c:146]--redis:ip:127.0.0.1,port:6379[2020-03-03 17:06:14]--[login_cgi.c:170]--tmpchar:vyUyGIUPr84M7jSX+NqX3Q==80635569377[2020-03-03 17:06:14]--[login_cgi.c:187]--char_base64=spCuV+DfwYUNFpGj2BaXZ2I7JztaBHRL4i0Sl9cAhguQwz0Yvk2QIg==
[2020-03-03 17:48:14]--[login_cgi.c:279]--buf={
    "pwd": "lp86282176",
    "user": "lp13773477582"
}
，len = 57
[2020-03-03 17:48:14]--[login_cgi.c:292]--get_user_info:user:vyUyGIUPr84M7jSX+NqX3Q==,pwd:deOEhTMUQpuayNy9TgSU3g==
[2020-03-03 17:48:14]--[login_cgi.c:102]--mysql_user=root,mysql_pwd=lp86282176,mysql_db=cloud_disk[2020-03-03 17:48:14]--[login_cgi.c:146]--redis:ip:127.0.0.1,port:6379[2020-03-03 17:48:14]--[login_cgi.c:170]--tmpchar:vyUyGIUPr84M7jSX+NqX3Q==55957221434[2020-03-03 17:48:14]--[login_cgi.c:187]--char_base64=spCuV+DfwYUNFpGj2BaXZ2I7JztaBHRLp5jmLee6I+HDCyj8m0/7rA==
[2020-03-03 17:51:28]--[login_cgi.c:279]--buf={
    "pwd": "lp86282176",
    "user": "lp13773477582"
}
，len = 57
[2020-03-03 17:51:28]--[login_cgi.c:292]--get_user_info:user:vyUyGIUPr84M7jSX+NqX3Q==,pwd:deOEhTMUQpuayNy9TgSU3g==
[2020-03-03 17:51:28]--[login_cgi.c:102]--mysql_user=root,mysql_pwd=lp86282176,mysql_db=cloud_disk[2020-03-03 17:51:28]--[login_cgi.c:146]--redis:ip:127.0.0.1,port:6379[2020-03-03 17:51:28]--[login_cgi.c:170]--tmpchar:vyUyGIUPr84M7jSX+NqX3Q==405643768243[2020-03-03 17:51:28]--[login_cgi.c:187]--char_base64=spCuV+DfwYUNFpGj2BaXZ2I7JztaBHRLDNurKrTkaLW6/YX/WTKqow==
[2020-03-03 18:15:48]--[login_cgi.c:279]--buf={
    "pwd": "lp86282176",
    "user": "lp13773477582"
}
，len = 57
[2020-03-03 18:15:48]--[login_cgi.c:292]--get_user_info:user:vyUyGIUPr84M7jSX+NqX3Q==,pwd:deOEhTMUQpuayNy9TgSU3g==
[2020-03-03 18:15:48]--[login_cgi.c:102]--mysql_user=root,mysql_pwd=lp86282176,mysql_db=cloud_disk[2020-03-03 18:15:48]--[login_cgi.c:146]--redis:ip:127.0.0.1,port:6379[2020-03-03 18:15:48]--[login_cgi.c:170]--tmpchar:vyUyGIUPr84M7jSX+NqX3Q==14347202734[2020-03-03 18:15:48]--[login_cgi.c:187]--char_base64=spCuV+DfwYUNFpGj2BaXZ2I7JztaBHRL2ZYutwqJvcF87AxdA1b+aw==
[2020-03-03 18:18:14]--[login_cgi.c:279]--buf={
    "pwd": "lp86282176",
    "user": "lp13773477582"
}
，len = 57
[2020-03-03 18:18:14]--[login_cgi.c:292]--get_user_info:user:vyUyGIUPr84M7jSX+NqX3Q==,pwd:deOEhTMUQpuayNy9TgSU3g==
[2020-03-03 18:18:14]--[login_cgi.c:102]--mysql_user=root,mysql_pwd=lp86282176,mysql_db=cloud_disk[2020-03-03 18:18:14]--[login_cgi.c:146]--redis:ip:127.0.0.1,port:6379[2020-03-03 18:18:14]--[login_cgi.c:170]--tmpchar:vyUyGIUPr84M7jSX+NqX3Q==212216934615[2020-03-03 18:18:14]--[login_cgi.c:187]--char_base64=spCuV+DfwYUNFpGj2BaXZ2I7JztaBHRLfveaouhA4q0sloKU3LeZxA==
[2020-03-03 18:19:38]--[login_cgi.c:279]--buf={
    "pwd": "lp86282176",
    "user": "lp13773477582"
}
，len = 57
[2020-03-03 18:19:38]--[login_cgi.c:292]--get_user_info:user:vyUyGIUPr84M7jSX+NqX3Q==,pwd:deOEhTMUQpuayNy9TgSU3g==
[2020-03-03 18:19:38]--[login_cgi.c:102]--mysql_user=root,mysql_pwd=lp86282176,mysql_db=cloud_disk[2020-03-03 18:19:38]--[login_cgi.c:146]--redis:ip:127.0.0.1,port:6379[2020-03-03 18:19:38]--[login_cgi.c:170]--tmpchar:vyUyGIUPr84M7jSX+NqX3Q==60119388778[2020-03-03 18:19:38]--[login_cgi.c:187]--char_base64=spCuV+DfwYUNFpGj2BaXZ2I7JztaBHRL98Hflo1aAZhJOfJ9tCh+kg==
[2020-03-03 18:21:38]--[login_cgi.c:279]--buf={
    "pwd": "lp86282176",
    "user": "lp13773477582"
}
，len = 57
[2020-03-03 18:21:38]--[login_cgi.c:292]--get_user_info:user:vyUyGIUPr84M7jSX+NqX3Q==,pwd:deOEhTMUQpuayNy9TgSU3g==
[2020-03-03 18:21:38]--[login_cgi.c:102]--mysql_user=root,mysql_pwd=lp86282176,mysql_db=cloud_disk[2020-03-03 18:21:38]--[login_cgi.c:146]--redis:ip:127.0.0.1,port:6379[2020-03-03 18:21:38]--[login_cgi.c:170]--tmpchar:vyUyGIUPr84M7jSX+NqX3Q==214930237197[2020-03-03 18:21:38]--[login_cgi.c:187]--char_base64=spCuV+DfwYUNFpGj2BaXZ2I7JztaBHRLuB+NYU+hf7TP5GuuaWQCFA==
[2020-03-03 18:27:25]--[login_cgi.c:279]--buf={
    "pwd": "lp86282176",
    "user": "lp13773477582"
}
，len = 57
[2020-03-03 18:27:25]--[login_cgi.c:292]--get_user_info:user:vyUyGIUPr84M7jSX+NqX3Q==,pwd:deOEhTMUQpuayNy9TgSU3g==
[2020-03-03 18:27:25]--[login_cgi.c:102]--mysql_user=root,mysql_pwd=lp86282176,mysql_db=cloud_disk[2020-03-03 18:27:25]--[login_cgi.c:146]--redis:ip:127.0.0.1,port:6379[2020-03-03 18:27:25]--[login_cgi.c:170]--tmpchar:vyUyGIUPr84M7jSX+NqX3Q==337454696246[2020-03-03 18:27:25]--[login_cgi.c:187]--char_base64=spCuV+DfwYUNFpGj2BaXZ2I7JztaBHRLErF2t1mXaDjvewtF5Ar/0A==
[2020-03-03 18:30:54]--[login_cgi.c:279]--buf={
    "pwd": "lp86282176",
    "user": "lp13773477582"
}
，len = 57
[2020-03-03 18:30:54]--[login_cgi.c:292]--get_user_info:user:vyUyGIUPr84M7jSX+NqX3Q==,pwd:deOEhTMUQpuayNy9TgSU3g==
[2020-03-03 18:30:54]--[login_cgi.c:102]--mysql_user=root,mysql_pwd=lp86282176,mysql_db=cloud_disk[2020-03-03 18:30:54]--[login_cgi.c:146]--redis:ip:127.0.0.1,port:6379[2020-03-03 18:30:54]--[login_cgi.c:170]--tmpchar:vyUyGIUPr84M7jSX+NqX3Q==222238187910[2020-03-03 18:30:54]--[login_cgi.c:187]--char_base64=spCuV+DfwYUNFpGj2BaXZ2I7JztaBHRLHaoSWauJ/NAtZgUCMd1Rkg==
[2020-03-03 18:36:53]--[login_cgi.c:279]--buf={
    "pwd": "lp86282176",
    "user": "lp13773477582"
}
，len = 57
[2020-03-03 18:36:53]--[login_cgi.c:292]--get_user_info:user:vyUyGIUPr84M7jSX+NqX3Q==,pwd:deOEhTMUQpuayNy9TgSU3g==
[2020-03-03 18:36:53]--[login_cgi.c:102]--mysql_user=root,mysql_pwd=lp86282176,mysql_db=cloud_disk[2020-03-03 18:36:53]--[login_cgi.c:146]--redis:ip:127.0.0.1,port:6379[2020-03-03 18:36:53]--[login_cgi.c:170]--tmpchar:vyUyGIUPr84M7jSX+NqX3Q==522611493449[2020-03-03 18:36:53]--[login_cgi.c:187]--char_base64=spCuV+DfwYUNFpGj2BaXZ2I7JztaBHRLmTMtLDZCJm66bc1dnlVAWw==
[2020-03-03 18:38:10]--[login_cgi.c:279]--buf={
    "pwd": "lp86282176",
    "user": "lp13773477582"
}
，len = 57
[2020-03-03 18:38:10]--[login_cgi.c:292]--get_user_info:user:vyUyGIUPr84M7jSX+NqX3Q==,pwd:deOEhTMUQpuayNy9TgSU3g==
[2020-03-03 18:38:10]--[login_cgi.c:102]--mysql_user=root,mysql_pwd=lp86282176,mysql_db=cloud_disk[2020-03-03 18:38:10]--[login_cgi.c:146]--redis:ip:127.0.0.1,port:6379[2020-03-03 18:38:10]--[login_cgi.c:170]--tmpchar:vyUyGIUPr84M7jSX+NqX3Q==81150556387[2020-03-03 18:38:10]--[login_cgi.c:187]--char_base64=spCuV+DfwYUNFpGj2BaXZ2I7JztaBHRL/yDphNA0/PlrzgV3dLaJzQ==
[2020-03-03 18:39:18]--[login_cgi.c:279]--buf={
    "pwd": "lp86282176",
    "user": "lp13773477582"
}
，len = 57
[2020-03-03 18:39:18]--[login_cgi.c:292]--get_user_info:user:vyUyGIUPr84M7jSX+NqX3Q==,pwd:deOEhTMUQpuayNy9TgSU3g==
[2020-03-03 18:39:18]--[login_cgi.c:102]--mysql_user=root,mysql_pwd=lp86282176,mysql_db=cloud_disk[2020-03-03 18:39:18]--[login_cgi.c:146]--redis:ip:127.0.0.1,port:6379[2020-03-03 18:39:18]--[login_cgi.c:170]--tmpchar:vyUyGIUPr84M7jSX+NqX3Q==8566857512[2020-03-03 18:39:18]--[login_cgi.c:187]--char_base64=spCuV+DfwYUNFpGj2BaXZ2I7JztaBHRLJBz8pxAAVTsFps50bcgGMw==
[2020-03-03 18:40:59]--[login_cgi.c:279]--buf={
    "pwd": "lp86282176",
    "user": "lp13773477582"
}
，len = 57
[2020-03-03 18:40:59]--[login_cgi.c:292]--get_user_info:user:vyUyGIUPr84M7jSX+NqX3Q==,pwd:deOEhTMUQpuayNy9TgSU3g==
[2020-03-03 18:40:59]--[login_cgi.c:102]--mysql_user=root,mysql_pwd=lp86282176,mysql_db=cloud_disk[2020-03-03 18:40:59]--[login_cgi.c:146]--redis:ip:127.0.0.1,port:6379[2020-03-03 18:40:59]--[login_cgi.c:170]--tmpchar:vyUyGIUPr84M7jSX+NqX3Q==93564241489[2020-03-03 18:40:59]--[login_cgi.c:187]--char_base64=spCuV+DfwYUNFpGj2BaXZ2I7JztaBHRLUwq5edYKRQLhzyOfjZmdUA==
[2020-03-03 18:42:59]--[login_cgi.c:279]--buf={
    "pwd": "lp86282176",
    "user": "lp13773477582"
}
，len = 57
[2020-03-03 18:42:59]--[login_cgi.c:292]--get_user_info:user:vyUyGIUPr84M7jSX+NqX3Q==,pwd:deOEhTMUQpuayNy9TgSU3g==
[2020-03-03 18:42:59]--[login_cgi.c:102]--mysql_user=root,mysql_pwd=lp86282176,mysql_db=cloud_disk[2020-03-03 18:42:59]--[login_cgi.c:146]--redis:ip:127.0.0.1,port:6379[2020-03-03 18:42:59]--[login_cgi.c:170]--tmpchar:vyUyGIUPr84M7jSX+NqX3Q==868469119944[2020-03-03 18:42:59]--[login_cgi.c:187]--char_base64=spCuV+DfwYUNFpGj2BaXZ2I7JztaBHRLLARod9mQbkhTY4sGgm9kSg==
[2020-03-03 18:44:21]--[login_cgi.c:279]--buf={
    "pwd": "lp86282176",
    "user": "lp13773477582"
}
，len = 57
[2020-03-03 18:44:21]--[login_cgi.c:292]--get_user_info:user:vyUyGIUPr84M7jSX+NqX3Q==,pwd:deOEhTMUQpuayNy9TgSU3g==
[2020-03-03 18:44:21]--[login_cgi.c:102]--mysql_user=root,mysql_pwd=lp86282176,mysql_db=cloud_disk[2020-03-03 18:44:21]--[login_cgi.c:146]--redis:ip:127.0.0.1,port:6379[2020-03-03 18:44:21]--[login_cgi.c:170]--tmpchar:vyUyGIUPr84M7jSX+NqX3Q==115474327258[2020-03-03 18:44:21]--[login_cgi.c:187]--char_base64=spCuV+DfwYUNFpGj2BaXZ2I7JztaBHRLL92hprRvLu11X8oRqZtSsw==
[2020-03-03 19:10:04]--[login_cgi.c:279]--buf={
    "pwd": "lp86282176",
    "user": "lp13773477582"
}
，len = 57
[2020-03-03 19:10:04]--[login_cgi.c:292]--get_user_info:user:vyUyGIUPr84M7jSX+NqX3Q==,pwd:deOEhTMUQpuayNy9TgSU3g==
[2020-03-03 19:10:04]--[login_cgi.c:102]--mysql_user=root,mysql_pwd=lp86282176,mysql_db=cloud_disk[2020-03-03 19:10:04]--[login_cgi.c:146]--redis:ip:127.0.0.1,port:6379[2020-03-03 19:10:04]--[login_cgi.c:170]--tmpchar:vyUyGIUPr84M7jSX+NqX3Q==85651939762[2020-03-03 19:10:04]--[login_cgi.c:187]--char_base64=spCuV+DfwYUNFpGj2BaXZ2I7JztaBHRLMknUFK9Yw6nzgGIX+RXiaw==
[2020-03-03 19:11:54]--[login_cgi.c:279]--buf={
    "pwd": "lp86282176",
    "user": "lp13773477582"
}
，len = 57
[2020-03-03 19:11:54]--[login_cgi.c:292]--get_user_info:user:vyUyGIUPr84M7jSX+NqX3Q==,pwd:deOEhTMUQpuayNy9TgSU3g==
[2020-03-03 19:11:54]--[login_cgi.c:102]--mysql_user=root,mysql_pwd=lp86282176,mysql_db=cloud_disk[2020-03-03 19:11:54]--[login_cgi.c:146]--redis:ip:127.0.0.1,port:6379[2020-03-03 19:11:54]--[login_cgi.c:170]--tmpchar:vyUyGIUPr84M7jSX+NqX3Q==11531317731[2020-03-03 19:11:54]--[login_cgi.c:187]--char_base64=spCuV+DfwYUNFpGj2BaXZ2I7JztaBHRLGt8+8b66uODbQEVoNAhrnw==
[2020-03-03 19:13:48]--[login_cgi.c:279]--buf={
    "pwd": "lp86282176",
    "user": "lp13773477582"
}
，len = 57
[2020-03-03 19:13:48]--[login_cgi.c:292]--get_user_info:user:vyUyGIUPr84M7jSX+NqX3Q==,pwd:deOEhTMUQpuayNy9TgSU3g==
[2020-03-03 19:13:48]--[login_cgi.c:102]--mysql_user=root,mysql_pwd=lp86282176,mysql_db=cloud_disk[2020-03-03 19:13:48]--[login_cgi.c:146]--redis:ip:127.0.0.1,port:6379[2020-03-03 19:13:48]--[login_cgi.c:170]--tmpchar:vyUyGIUPr84M7jSX+NqX3Q==82188698203[2020-03-03 19:13:48]--[login_cgi.c:187]--char_base64=spCuV+DfwYUNFpGj2BaXZ2I7JztaBHRL/xF6mAKF4tlPaab9451dBA==
[2020-03-03 19:27:44]--[login_cgi.c:279]--buf={
    "pwd": "lp86282176",
    "user": "lp13773477582"
}
，len = 57
[2020-03-03 19:27:44]--[login_cgi.c:292]--get_user_info:user:vyUyGIUPr84M7jSX+NqX3Q==,pwd:deOEhTMUQpuayNy9TgSU3g==
[2020-03-03 19:27:44]--[login_cgi.c:102]--mysql_user=root,mysql_pwd=lp86282176,mysql_db=cloud_disk[2020-03-03 19:27:44]--[login_cgi.c:146]--redis:ip:127.0.0.1,port:6379[2020-03-03 19:27:44]--[login_cgi.c:170]--tmpchar:vyUyGIUPr84M7jSX+NqX3Q==465404196666[2020-03-03 19:27:44]--[login_cgi.c:187]--char_base64=spCuV+DfwYUNFpGj2BaXZ2I7JztaBHRLXzKJyq655EmRM680aFE5gQ==
[2020-03-03 19:28:56]--[login_cgi.c:279]--buf={
    "pwd": "lp86282176",
    "user": "lp13773477582"
}
，len = 57
[2020-03-03 19:28:56]--[login_cgi.c:292]--get_user_info:user:vyUyGIUPr84M7jSX+NqX3Q==,pwd:deOEhTMUQpuayNy9TgSU3g==
[2020-03-03 19:28:56]--[login_cgi.c:102]--mysql_user=root,mysql_pwd=lp86282176,mysql_db=cloud_disk[2020-03-03 19:28:56]--[login_cgi.c:146]--redis:ip:127.0.0.1,port:6379[2020-03-03 19:28:56]--[login_cgi.c:170]--tmpchar:vyUyGIUPr84M7jSX+NqX3Q==462450971487[2020-03-03 19:28:56]--[login_cgi.c:187]--char_base64=spCuV+DfwYUNFpGj2BaXZ2I7JztaBHRLu6A04dQ3DjWacdoWHsK3kg==
[2020-03-03 19:34:15]--[login_cgi.c:279]--buf={
    "pwd": "lp86282176",
    "user": "lp13773477582"
}
，len = 57
[2020-03-03 19:34:15]--[login_cgi.c:292]--get_user_info:user:vyUyGIUPr84M7jSX+NqX3Q==,pwd:deOEhTMUQpuayNy9TgSU3g==
[2020-03-03 19:34:15]--[login_cgi.c:102]--mysql_user=root,mysql_pwd=lp86282176,mysql_db=cloud_disk[2020-03-03 19:34:15]--[login_cgi.c:146]--redis:ip:127.0.0.1,port:6379[2020-03-03 19:34:15]--[login_cgi.c:170]--tmpchar:vyUyGIUPr84M7jSX+NqX3Q==863249488191[2020-03-03 19:34:15]--[login_cgi.c:187]--char_base64=spCuV+DfwYUNFpGj2BaXZ2I7JztaBHRLoJfMqovfYwHWwqOCycB8Zw==
[2020-03-03 19:38:36]--[login_cgi.c:279]--buf={
    "pwd": "lp86282176",
    "user": "lp13773477582"
}
，len = 57
[2020-03-03 19:38:36]--[login_cgi.c:292]--get_user_info:user:vyUyGIUPr84M7jSX+NqX3Q==,pwd:deOEhTMUQpuayNy9TgSU3g==
[2020-03-03 19:38:36]--[login_cgi.c:102]--mysql_user=root,mysql_pwd=lp86282176,mysql_db=cloud_disk[2020-03-03 19:38:36]--[login_cgi.c:146]--redis:ip:127.0.0.1,port:6379[2020-03-03 19:38:36]--[login_cgi.c:170]--tmpchar:vyUyGIUPr84M7jSX+NqX3Q==781453911403[2020-03-03 19:38:36]--[login_cgi.c:187]--char_base64=spCuV+DfwYUNFpGj2BaXZ2I7JztaBHRLKIizfHqOfz4ffLddS+r8/g==
[2020-03-03 19:44:08]--[login_cgi.c:279]--buf={
    "pwd": "lp86282176",
    "user": "lp13773477582"
}
，len = 57
[2020-03-03 19:44:08]--[login_cgi.c:292]--get_user_info:user:vyUyGIUPr84M7jSX+NqX3Q==,pwd:deOEhTMUQpuayNy9TgSU3g==
[2020-03-03 19:44:08]--[login_cgi.c:102]--mysql_user=root,mysql_pwd=lp86282176,mysql_db=cloud_disk[2020-03-03 19:44:08]--[login_cgi.c:146]--redis:ip:127.0.0.1,port:6379[2020-03-03 19:44:08]--[login_cgi.c:170]--tmpchar:vyUyGIUPr84M7jSX+NqX3Q==414947215581[2020-03-03 19:44:08]--[login_cgi.c:187]--char_base64=spCuV+DfwYUNFpGj2BaXZ2I7JztaBHRLNYs/7t25KWbixt0EhuUBtg==
[2020-03-03 19:49:04]--[login_cgi.c:279]--buf={
    "pwd": "lp86282176",
    "user": "lp13773477582"
}
，len = 57
[2020-03-03 19:49:04]--[login_cgi.c:292]--get_user_info:user:vyUyGIUPr84M7jSX+NqX3Q==,pwd:deOEhTMUQpuayNy9TgSU3g==
[2020-03-03 19:49:04]--[login_cgi.c:102]--mysql_user=root,mysql_pwd=lp86282176,mysql_db=cloud_disk[2020-03-03 19:49:04]--[login_cgi.c:146]--redis:ip:127.0.0.1,port:6379[2020-03-03 19:49:04]--[login_cgi.c:170]--tmpchar:vyUyGIUPr84M7jSX+NqX3Q==53199748531[2020-03-03 19:49:04]--[login_cgi.c:187]--char_base64=spCuV+DfwYUNFpGj2BaXZ2I7JztaBHRL95utVfGzSpDGkTO5mBl1eA==
