[2020-03-05 21:24:06]--[login_cgi.c:279]--buf={
    "pwd": "lp86282176",
    "user": "lp13773477582"
}
，len = 57
[2020-03-05 21:24:06]--[login_cgi.c:292]--get_user_info:user:vyUyGIUPr84M7jSX+NqX3Q==,pwd:deOEhTMUQpuayNy9TgSU3g==
[2020-03-05 21:24:06]--[login_cgi.c:102]--mysql_user=root,mysql_pwd=lp86282176,mysql_db=cloud_disk[2020-03-05 21:24:07]--[login_cgi.c:146]--redis:ip:127.0.0.1,port:6379[2020-03-05 21:24:07]--[login_cgi.c:170]--tmpchar:vyUyGIUPr84M7jSX+NqX3Q==89825985497[2020-03-05 21:24:07]--[login_cgi.c:187]--char_base64=spCuV+DfwYUNFpGj2BaXZ2I7JztaBHRLK4qeWtWBvCrm6s0CBItfmg==
[2020-03-05 21:27:29]--[login_cgi.c:279]--buf={
    "pwd": "lp86282176",
    "user": "lp13773477582"
}
，len = 57
[2020-03-05 21:27:29]--[login_cgi.c:292]--get_user_info:user:vyUyGIUPr84M7jSX+NqX3Q==,pwd:deOEhTMUQpuayNy9TgSU3g==
[2020-03-05 21:27:29]--[login_cgi.c:102]--mysql_user=root,mysql_pwd=lp86282176,mysql_db=cloud_disk[2020-03-05 21:27:29]--[login_cgi.c:146]--redis:ip:127.0.0.1,port:6379[2020-03-05 21:27:29]--[login_cgi.c:170]--tmpchar:vyUyGIUPr84M7jSX+NqX3Q==856977677992[2020-03-05 21:27:29]--[login_cgi.c:187]--char_base64=spCuV+DfwYUNFpGj2BaXZ2I7JztaBHRLT0dUHY70naYvBscz6XJhEw==
[2020-03-05 21:31:52]--[login_cgi.c:279]--buf={
    "pwd": "lp86282176",
    "user": "lp13773477582"
}
，len = 57
[2020-03-05 21:31:52]--[login_cgi.c:292]--get_user_info:user:vyUyGIUPr84M7jSX+NqX3Q==,pwd:deOEhTMUQpuayNy9TgSU3g==
[2020-03-05 21:31:52]--[login_cgi.c:102]--mysql_user=root,mysql_pwd=lp86282176,mysql_db=cloud_disk[2020-03-05 21:31:52]--[login_cgi.c:146]--redis:ip:127.0.0.1,port:6379[2020-03-05 21:31:52]--[login_cgi.c:170]--tmpchar:vyUyGIUPr84M7jSX+NqX3Q==714629555200[2020-03-05 21:31:52]--[login_cgi.c:187]--char_base64=spCuV+DfwYUNFpGj2BaXZ2I7JztaBHRLXhzW54w0z1cpayJ9GuMQ3g==
[2020-03-05 21:50:14]--[login_cgi.c:279]--buf={
    "pwd": "lp86282176",
    "user": "lp13773477582"
}
，len = 57
[2020-03-05 21:50:14]--[login_cgi.c:292]--get_user_info:user:vyUyGIUPr84M7jSX+NqX3Q==,pwd:deOEhTMUQpuayNy9TgSU3g==
[2020-03-05 21:50:14]--[login_cgi.c:102]--mysql_user=root,mysql_pwd=lp86282176,mysql_db=cloud_disk[2020-03-05 21:50:14]--[login_cgi.c:146]--redis:ip:127.0.0.1,port:6379[2020-03-05 21:50:14]--[login_cgi.c:170]--tmpchar:vyUyGIUPr84M7jSX+NqX3Q==52623921104[2020-03-05 21:50:14]--[login_cgi.c:187]--char_base64=spCuV+DfwYUNFpGj2BaXZ2I7JztaBHRLgkwc15vT4UdVe9+MmhXygQ==
[2020-03-05 21:50:58]--[login_cgi.c:279]--buf={
    "pwd": "lp86282176",
    "user": "lp13773477582"
}
，len = 57
[2020-03-05 21:50:58]--[login_cgi.c:292]--get_user_info:user:vyUyGIUPr84M7jSX+NqX3Q==,pwd:deOEhTMUQpuayNy9TgSU3g==
[2020-03-05 21:50:58]--[login_cgi.c:102]--mysql_user=root,mysql_pwd=lp86282176,mysql_db=cloud_disk[2020-03-05 21:50:58]--[login_cgi.c:146]--redis:ip:127.0.0.1,port:6379[2020-03-05 21:50:58]--[login_cgi.c:170]--tmpchar:vyUyGIUPr84M7jSX+NqX3Q==557422728271[2020-03-05 21:50:58]--[login_cgi.c:187]--char_base64=spCuV+DfwYUNFpGj2BaXZ2I7JztaBHRL0lafCEMKg7uwZquLaJwVjw==
[2020-03-05 21:52:11]--[login_cgi.c:279]--buf={
    "pwd": "lp86282176",
    "user": "lp13773477582"
}
，len = 57
[2020-03-05 21:52:11]--[login_cgi.c:292]--get_user_info:user:vyUyGIUPr84M7jSX+NqX3Q==,pwd:deOEhTMUQpuayNy9TgSU3g==
[2020-03-05 21:52:11]--[login_cgi.c:102]--mysql_user=root,mysql_pwd=lp86282176,mysql_db=cloud_disk[2020-03-05 21:52:11]--[login_cgi.c:146]--redis:ip:127.0.0.1,port:6379[2020-03-05 21:52:11]--[login_cgi.c:170]--tmpchar:vyUyGIUPr84M7jSX+NqX3Q==54421842340[2020-03-05 21:52:11]--[login_cgi.c:187]--char_base64=spCuV+DfwYUNFpGj2BaXZ2I7JztaBHRLqfGhqkUKfatXlTBNYssBfA==
