[2020-03-21 22:16:00]--[login_cgi.c:279]--buf={
    "pwd": "lp86282176",
    "user": "lp13773477582"
}
，len = 57
[2020-03-21 22:16:00]--[login_cgi.c:292]--get_user_info:user:vyUyGIUPr84M7jSX+NqX3Q==,pwd:deOEhTMUQpuayNy9TgSU3g==
[2020-03-21 22:16:00]--[login_cgi.c:102]--mysql_user=root,mysql_pwd=lp86282176,mysql_db=cloud_disk[2020-03-21 22:16:00]--[login_cgi.c:146]--redis:ip:127.0.0.1,port:6379[2020-03-21 22:16:00]--[login_cgi.c:170]--tmpchar:vyUyGIUPr84M7jSX+NqX3Q==173494442997[2020-03-21 22:16:00]--[login_cgi.c:187]--char_base64=spCuV+DfwYUNFpGj2BaXZ2I7JztaBHRLGv0eIHUEruZmXkTwo/Jj7g==
[2020-03-21 22:29:13]--[login_cgi.c:279]--buf={
    "pwd": "lp86282176",
    "user": "lp13773477582"
}
，len = 57
[2020-03-21 22:29:13]--[login_cgi.c:292]--get_user_info:user:vyUyGIUPr84M7jSX+NqX3Q==,pwd:deOEhTMUQpuayNy9TgSU3g==
[2020-03-21 22:29:13]--[login_cgi.c:102]--mysql_user=root,mysql_pwd=lp86282176,mysql_db=cloud_disk[2020-03-21 22:29:13]--[login_cgi.c:146]--redis:ip:127.0.0.1,port:6379[2020-03-21 22:29:13]--[login_cgi.c:170]--tmpchar:vyUyGIUPr84M7jSX+NqX3Q==301781717707[2020-03-21 22:29:13]--[login_cgi.c:187]--char_base64=spCuV+DfwYUNFpGj2BaXZ2I7JztaBHRLMvS/UTd+Vz84XqG/EVjEDQ==
[2020-03-21 22:35:35]--[login_cgi.c:279]--buf={
    "pwd": "lp86282176",
    "user": "lp13773477582"
}
，len = 57
[2020-03-21 22:35:35]--[login_cgi.c:292]--get_user_info:user:vyUyGIUPr84M7jSX+NqX3Q==,pwd:deOEhTMUQpuayNy9TgSU3g==
[2020-03-21 22:35:35]--[login_cgi.c:102]--mysql_user=root,mysql_pwd=lp86282176,mysql_db=cloud_disk[2020-03-21 22:35:35]--[login_cgi.c:146]--redis:ip:127.0.0.1,port:6379[2020-03-21 22:35:35]--[login_cgi.c:170]--tmpchar:vyUyGIUPr84M7jSX+NqX3Q==137386215594[2020-03-21 22:35:35]--[login_cgi.c:187]--char_base64=spCuV+DfwYUNFpGj2BaXZ2I7JztaBHRLcZX55psweD5/sYAkbwS1cw==
