[2020-03-07 14:04:30]--[login_cgi.c:279]--buf={
    "pwd": "lp86282176",
    "user": "lp13773477582"
}
，len = 57
[2020-03-07 14:04:30]--[login_cgi.c:292]--get_user_info:user:vyUyGIUPr84M7jSX+NqX3Q==,pwd:deOEhTMUQpuayNy9TgSU3g==
[2020-03-07 14:04:30]--[login_cgi.c:102]--mysql_user=root,mysql_pwd=lp86282176,mysql_db=cloud_disk[2020-03-07 14:04:30]--[login_cgi.c:146]--redis:ip:127.0.0.1,port:6379[2020-03-07 14:04:30]--[login_cgi.c:170]--tmpchar:vyUyGIUPr84M7jSX+NqX3Q==678739846950[2020-03-07 14:04:30]--[login_cgi.c:187]--char_base64=spCuV+DfwYUNFpGj2BaXZ2I7JztaBHRLBFXQ+qo1ZlUeLYnmTJM9ew==
[2020-03-07 14:07:17]--[login_cgi.c:279]--buf={
    "pwd": "lp86282176",
    "user": "lp13773477582"
}
，len = 57
[2020-03-07 14:07:17]--[login_cgi.c:292]--get_user_info:user:vyUyGIUPr84M7jSX+NqX3Q==,pwd:deOEhTMUQpuayNy9TgSU3g==
[2020-03-07 14:07:17]--[login_cgi.c:102]--mysql_user=root,mysql_pwd=lp86282176,mysql_db=cloud_disk[2020-03-07 14:07:17]--[login_cgi.c:146]--redis:ip:127.0.0.1,port:6379[2020-03-07 14:07:17]--[login_cgi.c:170]--tmpchar:vyUyGIUPr84M7jSX+NqX3Q==39342571623[2020-03-07 14:07:17]--[login_cgi.c:187]--char_base64=spCuV+DfwYUNFpGj2BaXZ2I7JztaBHRLEgOd/wcgjqifHtks3xbARA==
[2020-03-07 16:25:38]--[login_cgi.c:279]--buf={
    "pwd": "lp86282176",
    "user": "lp13773477582"
}
，len = 57
[2020-03-07 16:25:38]--[login_cgi.c:292]--get_user_info:user:vyUyGIUPr84M7jSX+NqX3Q==,pwd:deOEhTMUQpuayNy9TgSU3g==
[2020-03-07 16:25:38]--[login_cgi.c:102]--mysql_user=root,mysql_pwd=lp86282176,mysql_db=cloud_disk[2020-03-07 16:25:38]--[login_cgi.c:146]--redis:ip:127.0.0.1,port:6379[2020-03-07 16:25:38]--[login_cgi.c:170]--tmpchar:vyUyGIUPr84M7jSX+NqX3Q==598922868247[2020-03-07 16:25:38]--[login_cgi.c:187]--char_base64=spCuV+DfwYUNFpGj2BaXZ2I7JztaBHRLrGScAb2Uk7kVVryNpJOLMQ==
[2020-03-07 16:27:35]--[login_cgi.c:279]--buf={
    "pwd": "lp86282176",
    "user": "lp13773477582"
}
，len = 57
[2020-03-07 16:27:35]--[login_cgi.c:292]--get_user_info:user:vyUyGIUPr84M7jSX+NqX3Q==,pwd:deOEhTMUQpuayNy9TgSU3g==
[2020-03-07 16:27:35]--[login_cgi.c:102]--mysql_user=root,mysql_pwd=lp86282176,mysql_db=cloud_disk[2020-03-07 16:27:35]--[login_cgi.c:146]--redis:ip:127.0.0.1,port:6379[2020-03-07 16:27:35]--[login_cgi.c:170]--tmpchar:vyUyGIUPr84M7jSX+NqX3Q==232311885736[2020-03-07 16:27:35]--[login_cgi.c:187]--char_base64=spCuV+DfwYUNFpGj2BaXZ2I7JztaBHRLITV1sAnINU9b2XQGJUkaCg==
[2020-03-07 16:34:08]--[login_cgi.c:279]--buf={
    "pwd": "lp86282176",
    "user": "lp13773477582"
}
，len = 57
[2020-03-07 16:34:08]--[login_cgi.c:292]--get_user_info:user:vyUyGIUPr84M7jSX+NqX3Q==,pwd:deOEhTMUQpuayNy9TgSU3g==
[2020-03-07 16:34:08]--[login_cgi.c:102]--mysql_user=root,mysql_pwd=lp86282176,mysql_db=cloud_disk[2020-03-07 16:34:08]--[login_cgi.c:146]--redis:ip:127.0.0.1,port:6379[2020-03-07 16:34:08]--[login_cgi.c:170]--tmpchar:vyUyGIUPr84M7jSX+NqX3Q==79273810791[2020-03-07 16:34:08]--[login_cgi.c:187]--char_base64=spCuV+DfwYUNFpGj2BaXZ2I7JztaBHRLv/zo5JfnqJKnN82IykPe2g==
[2020-03-07 16:49:27]--[login_cgi.c:279]--buf={
    "pwd": "lp86282176",
    "user": "lp13773477582"
}
，len = 57
[2020-03-07 16:49:27]--[login_cgi.c:292]--get_user_info:user:vyUyGIUPr84M7jSX+NqX3Q==,pwd:deOEhTMUQpuayNy9TgSU3g==
[2020-03-07 16:49:27]--[login_cgi.c:102]--mysql_user=root,mysql_pwd=lp86282176,mysql_db=cloud_disk[2020-03-07 16:49:27]--[login_cgi.c:146]--redis:ip:127.0.0.1,port:6379[2020-03-07 16:49:27]--[login_cgi.c:170]--tmpchar:vyUyGIUPr84M7jSX+NqX3Q==672330876216[2020-03-07 16:49:27]--[login_cgi.c:187]--char_base64=spCuV+DfwYUNFpGj2BaXZ2I7JztaBHRLe3/wUxmwpIsC6pTFcoia3A==
[2020-03-07 16:54:13]--[login_cgi.c:279]--buf={
    "pwd": "lp86282176",
    "user": "lp13773477582"
}
，len = 57
[2020-03-07 16:54:13]--[login_cgi.c:292]--get_user_info:user:vyUyGIUPr84M7jSX+NqX3Q==,pwd:deOEhTMUQpuayNy9TgSU3g==
[2020-03-07 16:54:13]--[login_cgi.c:102]--mysql_user=root,mysql_pwd=lp86282176,mysql_db=cloud_disk[2020-03-07 16:54:13]--[login_cgi.c:146]--redis:ip:127.0.0.1,port:6379[2020-03-07 16:54:13]--[login_cgi.c:170]--tmpchar:vyUyGIUPr84M7jSX+NqX3Q==505559824770[2020-03-07 16:54:13]--[login_cgi.c:187]--char_base64=spCuV+DfwYUNFpGj2BaXZ2I7JztaBHRLmKw9LeEpzuvIkL83+oosnA==
[2020-03-07 16:59:52]--[login_cgi.c:279]--buf={
    "pwd": "lp86282176",
    "user": "lp13773477582"
}
，len = 57
[2020-03-07 16:59:52]--[login_cgi.c:292]--get_user_info:user:vyUyGIUPr84M7jSX+NqX3Q==,pwd:deOEhTMUQpuayNy9TgSU3g==
[2020-03-07 16:59:52]--[login_cgi.c:102]--mysql_user=root,mysql_pwd=lp86282176,mysql_db=cloud_disk[2020-03-07 16:59:52]--[login_cgi.c:146]--redis:ip:127.0.0.1,port:6379[2020-03-07 16:59:52]--[login_cgi.c:170]--tmpchar:vyUyGIUPr84M7jSX+NqX3Q==321695470128[2020-03-07 16:59:52]--[login_cgi.c:187]--char_base64=spCuV+DfwYUNFpGj2BaXZ2I7JztaBHRLiMZPbemgOoovfue/WtijVw==
[2020-03-07 17:02:41]--[login_cgi.c:279]--buf={
    "pwd": "lp86282176",
    "user": "lp13773477582"
}
，len = 57
[2020-03-07 17:02:41]--[login_cgi.c:292]--get_user_info:user:vyUyGIUPr84M7jSX+NqX3Q==,pwd:deOEhTMUQpuayNy9TgSU3g==
[2020-03-07 17:02:41]--[login_cgi.c:102]--mysql_user=root,mysql_pwd=lp86282176,mysql_db=cloud_disk[2020-03-07 17:02:41]--[login_cgi.c:146]--redis:ip:127.0.0.1,port:6379[2020-03-07 17:02:41]--[login_cgi.c:170]--tmpchar:vyUyGIUPr84M7jSX+NqX3Q==934894267787[2020-03-07 17:02:41]--[login_cgi.c:187]--char_base64=spCuV+DfwYUNFpGj2BaXZ2I7JztaBHRL0Q+w14sGW6EGMSE6CbKy6g==
[2020-03-07 17:17:31]--[login_cgi.c:279]--buf={
    "pwd": "lp86282176",
    "user": "lp13773477582"
}
，len = 57
[2020-03-07 17:17:31]--[login_cgi.c:292]--get_user_info:user:vyUyGIUPr84M7jSX+NqX3Q==,pwd:deOEhTMUQpuayNy9TgSU3g==
[2020-03-07 17:17:31]--[login_cgi.c:102]--mysql_user=root,mysql_pwd=lp86282176,mysql_db=cloud_disk[2020-03-07 17:17:31]--[login_cgi.c:146]--redis:ip:127.0.0.1,port:6379[2020-03-07 17:17:31]--[login_cgi.c:170]--tmpchar:vyUyGIUPr84M7jSX+NqX3Q==31269056666[2020-03-07 17:17:31]--[login_cgi.c:187]--char_base64=spCuV+DfwYUNFpGj2BaXZ2I7JztaBHRLXwUJwZmms6RBd0xMjnp7DA==
[2020-03-07 19:45:52]--[login_cgi.c:279]--buf={
    "pwd": "lp86282176",
    "user": "lp13773477582"
}
，len = 57
[2020-03-07 19:45:52]--[login_cgi.c:292]--get_user_info:user:vyUyGIUPr84M7jSX+NqX3Q==,pwd:deOEhTMUQpuayNy9TgSU3g==
[2020-03-07 19:45:52]--[login_cgi.c:102]--mysql_user=root,mysql_pwd=lp86282176,mysql_db=cloud_disk[2020-03-07 19:45:52]--[login_cgi.c:146]--redis:ip:127.0.0.1,port:6379[2020-03-07 19:45:52]--[login_cgi.c:170]--tmpchar:vyUyGIUPr84M7jSX+NqX3Q==62070185953[2020-03-07 19:45:52]--[login_cgi.c:187]--char_base64=spCuV+DfwYUNFpGj2BaXZ2I7JztaBHRLEBEDoi65GROXZ287vB1dbw==
[2020-03-07 19:46:48]--[login_cgi.c:279]--buf={
    "pwd": "lp86282176",
    "user": "lp13773477582"
}
，len = 57
[2020-03-07 19:46:48]--[login_cgi.c:292]--get_user_info:user:vyUyGIUPr84M7jSX+NqX3Q==,pwd:deOEhTMUQpuayNy9TgSU3g==
[2020-03-07 19:46:48]--[login_cgi.c:102]--mysql_user=root,mysql_pwd=lp86282176,mysql_db=cloud_disk[2020-03-07 19:46:48]--[login_cgi.c:146]--redis:ip:127.0.0.1,port:6379[2020-03-07 19:46:48]--[login_cgi.c:170]--tmpchar:vyUyGIUPr84M7jSX+NqX3Q==6792358997[2020-03-07 19:46:48]--[login_cgi.c:187]--char_base64=spCuV+DfwYUNFpGj2BaXZ2I7JztaBHRLPHRtrLR3aAOWx6umGuWL1w==
[2020-03-07 19:47:40]--[login_cgi.c:279]--buf={
    "pwd": "lp86282176",
    "user": "lp13773477582"
}
，len = 57
[2020-03-07 19:47:40]--[login_cgi.c:292]--get_user_info:user:vyUyGIUPr84M7jSX+NqX3Q==,pwd:deOEhTMUQpuayNy9TgSU3g==
[2020-03-07 19:47:40]--[login_cgi.c:102]--mysql_user=root,mysql_pwd=lp86282176,mysql_db=cloud_disk[2020-03-07 19:47:40]--[login_cgi.c:146]--redis:ip:127.0.0.1,port:6379[2020-03-07 19:47:40]--[login_cgi.c:170]--tmpchar:vyUyGIUPr84M7jSX+NqX3Q==42410331860[2020-03-07 19:47:40]--[login_cgi.c:187]--char_base64=spCuV+DfwYUNFpGj2BaXZ2I7JztaBHRLCJD++PPSr+80a9O19Rxweg==
[2020-03-07 19:48:28]--[login_cgi.c:279]--buf={
    "pwd": "lp86282176",
    "user": "lp13773477582"
}
，len = 57
[2020-03-07 19:48:28]--[login_cgi.c:292]--get_user_info:user:vyUyGIUPr84M7jSX+NqX3Q==,pwd:deOEhTMUQpuayNy9TgSU3g==
[2020-03-07 19:48:28]--[login_cgi.c:102]--mysql_user=root,mysql_pwd=lp86282176,mysql_db=cloud_disk[2020-03-07 19:48:28]--[login_cgi.c:146]--redis:ip:127.0.0.1,port:6379[2020-03-07 19:48:28]--[login_cgi.c:170]--tmpchar:vyUyGIUPr84M7jSX+NqX3Q==626863962721[2020-03-07 19:48:28]--[login_cgi.c:187]--char_base64=spCuV+DfwYUNFpGj2BaXZ2I7JztaBHRLpqnhK34XECH3UdVrslISjQ==
