[2020-03-04 09:59:32]--[login_cgi.c:279]--buf={
    "pwd": "lp86282176",
    "user": "lp13773477582"
}
，len = 57
[2020-03-04 09:59:32]--[login_cgi.c:292]--get_user_info:user:vyUyGIUPr84M7jSX+NqX3Q==,pwd:deOEhTMUQpuayNy9TgSU3g==
[2020-03-04 09:59:32]--[login_cgi.c:102]--mysql_user=root,mysql_pwd=lp86282176,mysql_db=cloud_disk[2020-03-04 09:59:32]--[login_cgi.c:146]--redis:ip:127.0.0.1,port:6379[2020-03-04 09:59:32]--[login_cgi.c:170]--tmpchar:vyUyGIUPr84M7jSX+NqX3Q==824609405713[2020-03-04 09:59:32]--[login_cgi.c:187]--char_base64=spCuV+DfwYUNFpGj2BaXZ2I7JztaBHRLbYq4oX2I5oadNbWqn58xHg==
[2020-03-04 10:02:27]--[login_cgi.c:279]--buf={
    "pwd": "lp86282176",
    "user": "lp13773477582"
}
，len = 57
[2020-03-04 10:02:27]--[login_cgi.c:292]--get_user_info:user:vyUyGIUPr84M7jSX+NqX3Q==,pwd:deOEhTMUQpuayNy9TgSU3g==
[2020-03-04 10:02:27]--[login_cgi.c:102]--mysql_user=root,mysql_pwd=lp86282176,mysql_db=cloud_disk[2020-03-04 10:02:27]--[login_cgi.c:146]--redis:ip:127.0.0.1,port:6379[2020-03-04 10:02:27]--[login_cgi.c:170]--tmpchar:vyUyGIUPr84M7jSX+NqX3Q==3186950281[2020-03-04 10:02:27]--[login_cgi.c:187]--char_base64=spCuV+DfwYUNFpGj2BaXZ2I7JztaBHRLM+4+dNYbdoBK1LU8vNVvpw==
[2020-03-04 10:10:54]--[login_cgi.c:279]--buf={
    "pwd": "lp86282176",
    "user": "lp13773477582"
}
，len = 57
[2020-03-04 10:10:54]--[login_cgi.c:292]--get_user_info:user:vyUyGIUPr84M7jSX+NqX3Q==,pwd:deOEhTMUQpuayNy9TgSU3g==
[2020-03-04 10:10:54]--[login_cgi.c:102]--mysql_user=root,mysql_pwd=lp86282176,mysql_db=cloud_disk[2020-03-04 10:10:54]--[login_cgi.c:146]--redis:ip:127.0.0.1,port:6379[2020-03-04 10:10:54]--[login_cgi.c:170]--tmpchar:vyUyGIUPr84M7jSX+NqX3Q==582374479375[2020-03-04 10:10:54]--[login_cgi.c:187]--char_base64=spCuV+DfwYUNFpGj2BaXZ2I7JztaBHRLyG3GAYROLSikECQC2em14Q==
[2020-03-04 10:23:53]--[login_cgi.c:279]--buf={
    "pwd": "lp86282176",
    "user": "lp13773477582"
}
，len = 57
[2020-03-04 10:23:53]--[login_cgi.c:292]--get_user_info:user:vyUyGIUPr84M7jSX+NqX3Q==,pwd:deOEhTMUQpuayNy9TgSU3g==
[2020-03-04 10:23:53]--[login_cgi.c:102]--mysql_user=root,mysql_pwd=lp86282176,mysql_db=cloud_disk[2020-03-04 10:23:53]--[login_cgi.c:146]--redis:ip:127.0.0.1,port:6379[2020-03-04 10:23:53]--[login_cgi.c:170]--tmpchar:vyUyGIUPr84M7jSX+NqX3Q==88195837284[2020-03-04 10:23:53]--[login_cgi.c:187]--char_base64=spCuV+DfwYUNFpGj2BaXZ2I7JztaBHRLxIKzvt78+j3G4Oh0Z3VHeQ==
[2020-03-04 10:52:23]--[login_cgi.c:279]--buf={
    "pwd": "lp86282176",
    "user": "lp13773477582"
}
，len = 57
[2020-03-04 10:52:23]--[login_cgi.c:292]--get_user_info:user:vyUyGIUPr84M7jSX+NqX3Q==,pwd:deOEhTMUQpuayNy9TgSU3g==
[2020-03-04 10:52:23]--[login_cgi.c:102]--mysql_user=root,mysql_pwd=lp86282176,mysql_db=cloud_disk[2020-03-04 10:52:23]--[login_cgi.c:146]--redis:ip:127.0.0.1,port:6379[2020-03-04 10:52:23]--[login_cgi.c:170]--tmpchar:vyUyGIUPr84M7jSX+NqX3Q==491304483160[2020-03-04 10:52:23]--[login_cgi.c:187]--char_base64=spCuV+DfwYUNFpGj2BaXZ2I7JztaBHRL+X6mXUzbNMALkt8McV+KXQ==
[2020-03-04 10:55:09]--[login_cgi.c:279]--buf={
    "pwd": "lp86282176",
    "user": "lp13773477582"
}
，len = 57
[2020-03-04 10:55:09]--[login_cgi.c:292]--get_user_info:user:vyUyGIUPr84M7jSX+NqX3Q==,pwd:deOEhTMUQpuayNy9TgSU3g==
[2020-03-04 10:55:09]--[login_cgi.c:102]--mysql_user=root,mysql_pwd=lp86282176,mysql_db=cloud_disk[2020-03-04 10:55:09]--[login_cgi.c:146]--redis:ip:127.0.0.1,port:6379[2020-03-04 10:55:09]--[login_cgi.c:170]--tmpchar:vyUyGIUPr84M7jSX+NqX3Q==961207662940[2020-03-04 10:55:09]--[login_cgi.c:187]--char_base64=spCuV+DfwYUNFpGj2BaXZ2I7JztaBHRL2mqGXiLbvfAVuJ3/ENEQow==
[2020-03-04 11:16:59]--[login_cgi.c:279]--buf={
    "pwd": "lp86282176",
    "user": "lp13773477582"
}
，len = 57
[2020-03-04 11:16:59]--[login_cgi.c:292]--get_user_info:user:vyUyGIUPr84M7jSX+NqX3Q==,pwd:deOEhTMUQpuayNy9TgSU3g==
[2020-03-04 11:16:59]--[login_cgi.c:102]--mysql_user=root,mysql_pwd=lp86282176,mysql_db=cloud_disk[2020-03-04 11:16:59]--[login_cgi.c:146]--redis:ip:127.0.0.1,port:6379[2020-03-04 11:16:59]--[login_cgi.c:170]--tmpchar:vyUyGIUPr84M7jSX+NqX3Q==10088653757[2020-03-04 11:16:59]--[login_cgi.c:187]--char_base64=spCuV+DfwYUNFpGj2BaXZ2I7JztaBHRLSijATW/R0tI1iGdZ23V/Uw==
[2020-03-04 11:20:10]--[login_cgi.c:279]--buf={
    "pwd": "lp86282176",
    "user": "lp13773477582"
}
，len = 57
[2020-03-04 11:20:10]--[login_cgi.c:292]--get_user_info:user:vyUyGIUPr84M7jSX+NqX3Q==,pwd:deOEhTMUQpuayNy9TgSU3g==
[2020-03-04 11:20:10]--[login_cgi.c:102]--mysql_user=root,mysql_pwd=lp86282176,mysql_db=cloud_disk[2020-03-04 11:20:10]--[login_cgi.c:146]--redis:ip:127.0.0.1,port:6379[2020-03-04 11:20:10]--[login_cgi.c:170]--tmpchar:vyUyGIUPr84M7jSX+NqX3Q==771134350495[2020-03-04 11:20:10]--[login_cgi.c:187]--char_base64=spCuV+DfwYUNFpGj2BaXZ2I7JztaBHRLl/DcIpQJUwxK83uwRBmS0g==
[2020-03-04 11:23:52]--[login_cgi.c:279]--buf={
    "pwd": "lp86282176",
    "user": "lp13773477582"
}
，len = 57
[2020-03-04 11:23:52]--[login_cgi.c:292]--get_user_info:user:vyUyGIUPr84M7jSX+NqX3Q==,pwd:deOEhTMUQpuayNy9TgSU3g==
[2020-03-04 11:23:52]--[login_cgi.c:102]--mysql_user=root,mysql_pwd=lp86282176,mysql_db=cloud_disk[2020-03-04 11:23:52]--[login_cgi.c:146]--redis:ip:127.0.0.1,port:6379[2020-03-04 11:23:52]--[login_cgi.c:170]--tmpchar:vyUyGIUPr84M7jSX+NqX3Q==61941669717[2020-03-04 11:23:52]--[login_cgi.c:187]--char_base64=spCuV+DfwYUNFpGj2BaXZ2I7JztaBHRL1udac1pgGLMi9bSYguiZLQ==
[2020-03-04 11:24:52]--[login_cgi.c:279]--buf={
    "pwd": "lp86282176",
    "user": "lp13773477582"
}
，len = 57
[2020-03-04 11:24:52]--[login_cgi.c:292]--get_user_info:user:vyUyGIUPr84M7jSX+NqX3Q==,pwd:deOEhTMUQpuayNy9TgSU3g==
[2020-03-04 11:24:52]--[login_cgi.c:102]--mysql_user=root,mysql_pwd=lp86282176,mysql_db=cloud_disk[2020-03-04 11:24:52]--[login_cgi.c:146]--redis:ip:127.0.0.1,port:6379[2020-03-04 11:24:52]--[login_cgi.c:170]--tmpchar:vyUyGIUPr84M7jSX+NqX3Q==94746878780[2020-03-04 11:24:52]--[login_cgi.c:187]--char_base64=spCuV+DfwYUNFpGj2BaXZ2I7JztaBHRLJlw5NZn9Fu+DJWZefmN9bA==
[2020-03-04 11:26:29]--[login_cgi.c:279]--buf={
    "pwd": "lp86282176",
    "user": "lp13773477582"
}
，len = 57
[2020-03-04 11:26:29]--[login_cgi.c:292]--get_user_info:user:vyUyGIUPr84M7jSX+NqX3Q==,pwd:deOEhTMUQpuayNy9TgSU3g==
[2020-03-04 11:26:29]--[login_cgi.c:102]--mysql_user=root,mysql_pwd=lp86282176,mysql_db=cloud_disk[2020-03-04 11:26:29]--[login_cgi.c:146]--redis:ip:127.0.0.1,port:6379[2020-03-04 11:26:29]--[login_cgi.c:170]--tmpchar:vyUyGIUPr84M7jSX+NqX3Q==766143839321[2020-03-04 11:26:29]--[login_cgi.c:187]--char_base64=spCuV+DfwYUNFpGj2BaXZ2I7JztaBHRLdWq1ztHb5oI2mHnBogYN1g==
[2020-03-04 11:28:17]--[login_cgi.c:279]--buf={
    "pwd": "lp86282176",
    "user": "lp13773477582"
}
，len = 57
[2020-03-04 11:28:17]--[login_cgi.c:292]--get_user_info:user:vyUyGIUPr84M7jSX+NqX3Q==,pwd:deOEhTMUQpuayNy9TgSU3g==
[2020-03-04 11:28:17]--[login_cgi.c:102]--mysql_user=root,mysql_pwd=lp86282176,mysql_db=cloud_disk[2020-03-04 11:28:17]--[login_cgi.c:146]--redis:ip:127.0.0.1,port:6379[2020-03-04 11:28:17]--[login_cgi.c:170]--tmpchar:vyUyGIUPr84M7jSX+NqX3Q==708515136413[2020-03-04 11:28:17]--[login_cgi.c:187]--char_base64=spCuV+DfwYUNFpGj2BaXZ2I7JztaBHRLLjBJvccWK0LEbTORbDmWDw==
[2020-03-04 11:30:25]--[login_cgi.c:279]--buf={
    "pwd": "lp86282176",
    "user": "lp13773477582"
}
，len = 57
[2020-03-04 11:30:25]--[login_cgi.c:292]--get_user_info:user:vyUyGIUPr84M7jSX+NqX3Q==,pwd:deOEhTMUQpuayNy9TgSU3g==
[2020-03-04 11:30:25]--[login_cgi.c:102]--mysql_user=root,mysql_pwd=lp86282176,mysql_db=cloud_disk[2020-03-04 11:30:25]--[login_cgi.c:146]--redis:ip:127.0.0.1,port:6379[2020-03-04 11:30:25]--[login_cgi.c:170]--tmpchar:vyUyGIUPr84M7jSX+NqX3Q==98991499482[2020-03-04 11:30:25]--[login_cgi.c:187]--char_base64=spCuV+DfwYUNFpGj2BaXZ2I7JztaBHRLy3YIrx/FryRg1mIDigHXcw==
[2020-03-04 11:41:03]--[login_cgi.c:279]--buf={
    "pwd": "lp86282176",
    "user": "lp13773477582"
}
，len = 57
[2020-03-04 11:41:03]--[login_cgi.c:292]--get_user_info:user:vyUyGIUPr84M7jSX+NqX3Q==,pwd:deOEhTMUQpuayNy9TgSU3g==
[2020-03-04 11:41:03]--[login_cgi.c:102]--mysql_user=root,mysql_pwd=lp86282176,mysql_db=cloud_disk[2020-03-04 11:41:03]--[login_cgi.c:146]--redis:ip:127.0.0.1,port:6379[2020-03-04 11:41:03]--[login_cgi.c:170]--tmpchar:vyUyGIUPr84M7jSX+NqX3Q==322250168424[2020-03-04 11:41:03]--[login_cgi.c:187]--char_base64=spCuV+DfwYUNFpGj2BaXZ2I7JztaBHRLbxbkLGOv11xyftB6n/jIVQ==
