[2020-03-06 12:47:20]--[login_cgi.c:279]--buf={
    "pwd": "lp86282176",
    "user": "lp13773477582"
}
，len = 57
[2020-03-06 12:47:20]--[login_cgi.c:292]--get_user_info:user:vyUyGIUPr84M7jSX+NqX3Q==,pwd:deOEhTMUQpuayNy9TgSU3g==
[2020-03-06 12:47:20]--[login_cgi.c:102]--mysql_user=root,mysql_pwd=lp86282176,mysql_db=cloud_disk[2020-03-06 12:47:20]--[login_cgi.c:146]--redis:ip:127.0.0.1,port:6379[2020-03-06 12:47:20]--[login_cgi.c:170]--tmpchar:vyUyGIUPr84M7jSX+NqX3Q==954254654209[2020-03-06 12:47:20]--[login_cgi.c:187]--char_base64=spCuV+DfwYUNFpGj2BaXZ2I7JztaBHRLe3ZC/qa+QmwQxWYkkxwQwg==
[2020-03-06 12:50:16]--[login_cgi.c:279]--buf={
    "pwd": "lp86282176",
    "user": "lp13773477582"
}
，len = 57
[2020-03-06 12:50:16]--[login_cgi.c:292]--get_user_info:user:vyUyGIUPr84M7jSX+NqX3Q==,pwd:deOEhTMUQpuayNy9TgSU3g==
[2020-03-06 12:50:16]--[login_cgi.c:102]--mysql_user=root,mysql_pwd=lp86282176,mysql_db=cloud_disk[2020-03-06 12:50:16]--[login_cgi.c:146]--redis:ip:127.0.0.1,port:6379[2020-03-06 12:50:16]--[login_cgi.c:170]--tmpchar:vyUyGIUPr84M7jSX+NqX3Q==844573240415[2020-03-06 12:50:16]--[login_cgi.c:187]--char_base64=spCuV+DfwYUNFpGj2BaXZ2I7JztaBHRLWzr7J8TE2bXUYeq9Ajj0vQ==
[2020-03-06 13:15:09]--[login_cgi.c:279]--buf={
    "pwd": "lp86282176",
    "user": "lp13773477582"
}
，len = 57
[2020-03-06 13:15:09]--[login_cgi.c:292]--get_user_info:user:vyUyGIUPr84M7jSX+NqX3Q==,pwd:deOEhTMUQpuayNy9TgSU3g==
[2020-03-06 13:15:09]--[login_cgi.c:102]--mysql_user=root,mysql_pwd=lp86282176,mysql_db=cloud_disk[2020-03-06 13:15:09]--[login_cgi.c:146]--redis:ip:127.0.0.1,port:6379[2020-03-06 13:15:09]--[login_cgi.c:170]--tmpchar:vyUyGIUPr84M7jSX+NqX3Q==140322410891[2020-03-06 13:15:09]--[login_cgi.c:187]--char_base64=spCuV+DfwYUNFpGj2BaXZ2I7JztaBHRLxh86/5dtiE3NW8XXKZHhHw==
[2020-03-06 13:18:01]--[login_cgi.c:279]--buf={
    "pwd": "lp86282176",
    "user": "lp13773477582"
}
，len = 57
[2020-03-06 13:18:01]--[login_cgi.c:292]--get_user_info:user:vyUyGIUPr84M7jSX+NqX3Q==,pwd:deOEhTMUQpuayNy9TgSU3g==
[2020-03-06 13:18:01]--[login_cgi.c:102]--mysql_user=root,mysql_pwd=lp86282176,mysql_db=cloud_disk[2020-03-06 13:18:01]--[login_cgi.c:146]--redis:ip:127.0.0.1,port:6379[2020-03-06 13:18:01]--[login_cgi.c:170]--tmpchar:vyUyGIUPr84M7jSX+NqX3Q==716731185390[2020-03-06 13:18:01]--[login_cgi.c:187]--char_base64=spCuV+DfwYUNFpGj2BaXZ2I7JztaBHRLmxzLAkqpDnECOAEwwnG/sg==
[2020-03-06 13:27:16]--[login_cgi.c:279]--buf={
    "pwd": "lp86282176",
    "user": "lp13773477582"
}
，len = 57
[2020-03-06 13:27:16]--[login_cgi.c:292]--get_user_info:user:vyUyGIUPr84M7jSX+NqX3Q==,pwd:deOEhTMUQpuayNy9TgSU3g==
[2020-03-06 13:27:16]--[login_cgi.c:102]--mysql_user=root,mysql_pwd=lp86282176,mysql_db=cloud_disk[2020-03-06 13:27:16]--[login_cgi.c:146]--redis:ip:127.0.0.1,port:6379[2020-03-06 13:27:16]--[login_cgi.c:170]--tmpchar:vyUyGIUPr84M7jSX+NqX3Q==133323946854[2020-03-06 13:27:16]--[login_cgi.c:187]--char_base64=spCuV+DfwYUNFpGj2BaXZ2I7JztaBHRLDHRTAG++1Hqkzoqa/xU/tg==
[2020-03-06 13:32:14]--[login_cgi.c:279]--buf={
    "pwd": "lp86282176",
    "user": "lp13773477582"
}
，len = 57
[2020-03-06 13:32:14]--[login_cgi.c:292]--get_user_info:user:vyUyGIUPr84M7jSX+NqX3Q==,pwd:deOEhTMUQpuayNy9TgSU3g==
[2020-03-06 13:32:14]--[login_cgi.c:102]--mysql_user=root,mysql_pwd=lp86282176,mysql_db=cloud_disk[2020-03-06 13:32:14]--[login_cgi.c:146]--redis:ip:127.0.0.1,port:6379[2020-03-06 13:32:14]--[login_cgi.c:170]--tmpchar:vyUyGIUPr84M7jSX+NqX3Q==835553458613[2020-03-06 13:32:14]--[login_cgi.c:187]--char_base64=spCuV+DfwYUNFpGj2BaXZ2I7JztaBHRLn4F46F8TrCsPdSVrGwDmIw==
[2020-03-06 13:36:51]--[login_cgi.c:279]--buf={
    "pwd": "lp86282176",
    "user": "lp13773477582"
}
，len = 57
[2020-03-06 13:36:51]--[login_cgi.c:292]--get_user_info:user:vyUyGIUPr84M7jSX+NqX3Q==,pwd:deOEhTMUQpuayNy9TgSU3g==
[2020-03-06 13:36:51]--[login_cgi.c:102]--mysql_user=root,mysql_pwd=lp86282176,mysql_db=cloud_disk[2020-03-06 13:36:51]--[login_cgi.c:146]--redis:ip:127.0.0.1,port:6379[2020-03-06 13:36:51]--[login_cgi.c:170]--tmpchar:vyUyGIUPr84M7jSX+NqX3Q==56123728871[2020-03-06 13:36:51]--[login_cgi.c:187]--char_base64=spCuV+DfwYUNFpGj2BaXZ2I7JztaBHRLxv1ApKO45a7ALxwMwBMBzw==
[2020-03-06 13:52:33]--[login_cgi.c:279]--buf={
    "pwd": "lp86282176",
    "user": "lp13773477582"
}
，len = 57
[2020-03-06 13:52:33]--[login_cgi.c:292]--get_user_info:user:vyUyGIUPr84M7jSX+NqX3Q==,pwd:deOEhTMUQpuayNy9TgSU3g==
[2020-03-06 13:52:33]--[login_cgi.c:102]--mysql_user=root,mysql_pwd=lp86282176,mysql_db=cloud_disk[2020-03-06 13:52:33]--[login_cgi.c:146]--redis:ip:127.0.0.1,port:6379[2020-03-06 13:52:33]--[login_cgi.c:170]--tmpchar:vyUyGIUPr84M7jSX+NqX3Q==426452994370[2020-03-06 13:52:33]--[login_cgi.c:187]--char_base64=spCuV+DfwYUNFpGj2BaXZ2I7JztaBHRL5ql0vNvQAs0B4CLptC6bWw==
