[2020-03-12 11:51:52]--[login_cgi.c:279]--buf={
    "pwd": "lp86282176",
    "user": "lp13773477582"
}
，len = 57
[2020-03-12 11:51:52]--[login_cgi.c:292]--get_user_info:user:vyUyGIUPr84M7jSX+NqX3Q==,pwd:deOEhTMUQpuayNy9TgSU3g==
[2020-03-12 11:51:52]--[login_cgi.c:102]--mysql_user=root,mysql_pwd=lp86282176,mysql_db=cloud_disk[2020-03-12 11:51:52]--[login_cgi.c:146]--redis:ip:127.0.0.1,port:6379[2020-03-12 11:51:52]--[login_cgi.c:170]--tmpchar:vyUyGIUPr84M7jSX+NqX3Q==340270446241[2020-03-12 11:51:52]--[login_cgi.c:187]--char_base64=spCuV+DfwYUNFpGj2BaXZ2I7JztaBHRLHUFPjEBK8/eHFR5+ISH1nQ==
[2020-03-12 11:53:51]--[login_cgi.c:279]--buf={
    "pwd": "lp86282176",
    "user": "lp13773477582"
}
，len = 57
[2020-03-12 11:53:51]--[login_cgi.c:292]--get_user_info:user:vyUyGIUPr84M7jSX+NqX3Q==,pwd:deOEhTMUQpuayNy9TgSU3g==
[2020-03-12 11:53:51]--[login_cgi.c:102]--mysql_user=root,mysql_pwd=lp86282176,mysql_db=cloud_disk[2020-03-12 11:53:51]--[login_cgi.c:146]--redis:ip:127.0.0.1,port:6379[2020-03-12 11:53:51]--[login_cgi.c:170]--tmpchar:vyUyGIUPr84M7jSX+NqX3Q==94087119582[2020-03-12 11:53:51]--[login_cgi.c:187]--char_base64=spCuV+DfwYUNFpGj2BaXZ2I7JztaBHRLSBSTedLuD2YIdAvEv6g+9A==
[2020-03-12 12:02:53]--[login_cgi.c:279]--buf={
    "pwd": "lp86282176",
    "user": "lp13773477582"
}
，len = 57
[2020-03-12 12:02:53]--[login_cgi.c:292]--get_user_info:user:vyUyGIUPr84M7jSX+NqX3Q==,pwd:deOEhTMUQpuayNy9TgSU3g==
[2020-03-12 12:02:53]--[login_cgi.c:102]--mysql_user=root,mysql_pwd=lp86282176,mysql_db=cloud_disk[2020-03-12 12:02:53]--[login_cgi.c:146]--redis:ip:127.0.0.1,port:6379[2020-03-12 12:02:53]--[login_cgi.c:170]--tmpchar:vyUyGIUPr84M7jSX+NqX3Q==329415997277[2020-03-12 12:02:53]--[login_cgi.c:187]--char_base64=spCuV+DfwYUNFpGj2BaXZ2I7JztaBHRLfpyDCWckdyXeKG3L6/nexA==
[2020-03-12 12:05:55]--[login_cgi.c:279]--buf={
    "pwd": "lp86282176",
    "user": "lp13773477582"
}
，len = 57
[2020-03-12 12:05:55]--[login_cgi.c:292]--get_user_info:user:vyUyGIUPr84M7jSX+NqX3Q==,pwd:deOEhTMUQpuayNy9TgSU3g==
[2020-03-12 12:05:55]--[login_cgi.c:102]--mysql_user=root,mysql_pwd=lp86282176,mysql_db=cloud_disk[2020-03-12 12:05:55]--[login_cgi.c:146]--redis:ip:127.0.0.1,port:6379[2020-03-12 12:05:55]--[login_cgi.c:170]--tmpchar:vyUyGIUPr84M7jSX+NqX3Q==812374439600[2020-03-12 12:05:55]--[login_cgi.c:187]--char_base64=spCuV+DfwYUNFpGj2BaXZ2I7JztaBHRLZpka2gkiy8joPN5NFXEjeQ==
[2020-03-12 12:19:28]--[login_cgi.c:279]--buf={
    "pwd": "lp86282176",
    "user": "lp13773477582"
}
，len = 57
[2020-03-12 12:19:28]--[login_cgi.c:292]--get_user_info:user:vyUyGIUPr84M7jSX+NqX3Q==,pwd:deOEhTMUQpuayNy9TgSU3g==
[2020-03-12 12:19:28]--[login_cgi.c:102]--mysql_user=root,mysql_pwd=lp86282176,mysql_db=cloud_disk[2020-03-12 12:19:28]--[login_cgi.c:146]--redis:ip:127.0.0.1,port:6379[2020-03-12 12:19:28]--[login_cgi.c:170]--tmpchar:vyUyGIUPr84M7jSX+NqX3Q==41486435580[2020-03-12 12:19:28]--[login_cgi.c:187]--char_base64=spCuV+DfwYUNFpGj2BaXZ2I7JztaBHRLEGsxLgk0Zyb+/6uHY3/kpA==
[2020-03-12 15:09:58]--[login_cgi.c:279]--buf={
    "pwd": "lp86282176",
    "user": "lp13773477582"
}
，len = 57
[2020-03-12 15:09:58]--[login_cgi.c:292]--get_user_info:user:vyUyGIUPr84M7jSX+NqX3Q==,pwd:deOEhTMUQpuayNy9TgSU3g==
[2020-03-12 15:09:58]--[login_cgi.c:102]--mysql_user=root,mysql_pwd=lp86282176,mysql_db=cloud_disk[2020-03-12 15:09:58]--[login_cgi.c:146]--redis:ip:127.0.0.1,port:6379[2020-03-12 15:09:58]--[login_cgi.c:170]--tmpchar:vyUyGIUPr84M7jSX+NqX3Q==83632288531[2020-03-12 15:09:58]--[login_cgi.c:187]--char_base64=spCuV+DfwYUNFpGj2BaXZ2I7JztaBHRLmAe3A+eRb8LGkTO5mBl1eA==
[2020-03-12 15:11:29]--[login_cgi.c:279]--buf={
    "pwd": "lp86282176",
    "user": "lp13773477582"
}
，len = 57
[2020-03-12 15:11:29]--[login_cgi.c:292]--get_user_info:user:vyUyGIUPr84M7jSX+NqX3Q==,pwd:deOEhTMUQpuayNy9TgSU3g==
[2020-03-12 15:11:29]--[login_cgi.c:102]--mysql_user=root,mysql_pwd=lp86282176,mysql_db=cloud_disk[2020-03-12 15:11:29]--[login_cgi.c:146]--redis:ip:127.0.0.1,port:6379[2020-03-12 15:11:29]--[login_cgi.c:170]--tmpchar:vyUyGIUPr84M7jSX+NqX3Q==152533914449[2020-03-12 15:11:29]--[login_cgi.c:187]--char_base64=spCuV+DfwYUNFpGj2BaXZ2I7JztaBHRLL+2pK4gUn0mtGuqJdXZIiQ==
[2020-03-12 15:23:04]--[login_cgi.c:279]--buf={
    "pwd": "lp86282176",
    "user": "lp13773477582"
}
，len = 57
[2020-03-12 15:23:04]--[login_cgi.c:292]--get_user_info:user:vyUyGIUPr84M7jSX+NqX3Q==,pwd:deOEhTMUQpuayNy9TgSU3g==
[2020-03-12 15:23:04]--[login_cgi.c:102]--mysql_user=root,mysql_pwd=lp86282176,mysql_db=cloud_disk[2020-03-12 15:23:04]--[login_cgi.c:146]--redis:ip:127.0.0.1,port:6379[2020-03-12 15:23:04]--[login_cgi.c:170]--tmpchar:vyUyGIUPr84M7jSX+NqX3Q==355347841734[2020-03-12 15:23:04]--[login_cgi.c:187]--char_base64=spCuV+DfwYUNFpGj2BaXZ2I7JztaBHRLrl8HJeWU7vOGmZISGSFdmA==
[2020-03-12 15:32:41]--[login_cgi.c:279]--buf={
    "pwd": "lp86282176",
    "user": "lp13773477582"
}
，len = 57
[2020-03-12 15:32:41]--[login_cgi.c:292]--get_user_info:user:vyUyGIUPr84M7jSX+NqX3Q==,pwd:deOEhTMUQpuayNy9TgSU3g==
[2020-03-12 15:32:41]--[login_cgi.c:102]--mysql_user=root,mysql_pwd=lp86282176,mysql_db=cloud_disk[2020-03-12 15:32:41]--[login_cgi.c:146]--redis:ip:127.0.0.1,port:6379[2020-03-12 15:32:41]--[login_cgi.c:170]--tmpchar:vyUyGIUPr84M7jSX+NqX3Q==820940146148[2020-03-12 15:32:41]--[login_cgi.c:187]--char_base64=spCuV+DfwYUNFpGj2BaXZ2I7JztaBHRLAn0Dr7Lms1xA6oqmGL/McA==
[2020-03-12 15:49:52]--[login_cgi.c:279]--buf={
    "pwd": "lp86282176",
    "user": "lp13773477582"
}
，len = 57
[2020-03-12 15:49:52]--[login_cgi.c:292]--get_user_info:user:vyUyGIUPr84M7jSX+NqX3Q==,pwd:deOEhTMUQpuayNy9TgSU3g==
[2020-03-12 15:49:52]--[login_cgi.c:102]--mysql_user=root,mysql_pwd=lp86282176,mysql_db=cloud_disk[2020-03-12 15:49:52]--[login_cgi.c:146]--redis:ip:127.0.0.1,port:6379[2020-03-12 15:49:52]--[login_cgi.c:170]--tmpchar:vyUyGIUPr84M7jSX+NqX3Q==552780399782[2020-03-12 15:49:52]--[login_cgi.c:187]--char_base64=spCuV+DfwYUNFpGj2BaXZ2I7JztaBHRLWUJjbG7oY076IzHG6CZueg==
[2020-03-12 15:50:22]--[login_cgi.c:279]--buf={
    "pwd": "lp86282176",
    "user": "lp13773477582"
}
，len = 57
[2020-03-12 15:50:22]--[login_cgi.c:292]--get_user_info:user:vyUyGIUPr84M7jSX+NqX3Q==,pwd:deOEhTMUQpuayNy9TgSU3g==
[2020-03-12 15:50:22]--[login_cgi.c:102]--mysql_user=root,mysql_pwd=lp86282176,mysql_db=cloud_disk[2020-03-12 15:50:22]--[login_cgi.c:146]--redis:ip:127.0.0.1,port:6379[2020-03-12 15:50:22]--[login_cgi.c:170]--tmpchar:vyUyGIUPr84M7jSX+NqX3Q==84169978585[2020-03-12 15:50:22]--[login_cgi.c:187]--char_base64=spCuV+DfwYUNFpGj2BaXZ2I7JztaBHRLJ+2VL/rKV82N02EzUT5RDg==
[2020-03-12 15:51:48]--[login_cgi.c:279]--buf={
    "pwd": "lp86282176",
    "user": "lp13773477582"
}
，len = 57
[2020-03-12 15:51:48]--[login_cgi.c:292]--get_user_info:user:vyUyGIUPr84M7jSX+NqX3Q==,pwd:deOEhTMUQpuayNy9TgSU3g==
[2020-03-12 15:51:48]--[login_cgi.c:102]--mysql_user=root,mysql_pwd=lp86282176,mysql_db=cloud_disk[2020-03-12 15:51:48]--[login_cgi.c:146]--redis:ip:127.0.0.1,port:6379[2020-03-12 15:51:48]--[login_cgi.c:170]--tmpchar:vyUyGIUPr84M7jSX+NqX3Q==807662416554[2020-03-12 15:51:48]--[login_cgi.c:187]--char_base64=spCuV+DfwYUNFpGj2BaXZ2I7JztaBHRL8nFj1QVF7wcts7iBNw8zjQ==
