[2020-03-11 14:17:32]--[login_cgi.c:279]--buf={
    "pwd": "lp86282176",
    "user": "lp13773477582"
}
，len = 57
[2020-03-11 14:17:32]--[login_cgi.c:292]--get_user_info:user:vyUyGIUPr84M7jSX+NqX3Q==,pwd:deOEhTMUQpuayNy9TgSU3g==
[2020-03-11 14:17:32]--[login_cgi.c:102]--mysql_user=root,mysql_pwd=lp86282176,mysql_db=cloud_disk[2020-03-11 14:17:32]--[login_cgi.c:146]--redis:ip:127.0.0.1,port:6379[2020-03-11 14:17:32]--[login_cgi.c:170]--tmpchar:vyUyGIUPr84M7jSX+NqX3Q==601962768320[2020-03-11 14:17:32]--[login_cgi.c:187]--char_base64=spCuV+DfwYUNFpGj2BaXZ2I7JztaBHRL6WjUsxeEmGdYgJcZ4lmlqQ==
[2020-03-11 14:22:59]--[login_cgi.c:279]--buf={
    "pwd": "lp86282176",
    "user": "lp13773477582"
}
，len = 57
[2020-03-11 14:22:59]--[login_cgi.c:292]--get_user_info:user:vyUyGIUPr84M7jSX+NqX3Q==,pwd:deOEhTMUQpuayNy9TgSU3g==
[2020-03-11 14:22:59]--[login_cgi.c:102]--mysql_user=root,mysql_pwd=lp86282176,mysql_db=cloud_disk[2020-03-11 14:22:59]--[login_cgi.c:146]--redis:ip:127.0.0.1,port:6379[2020-03-11 14:22:59]--[login_cgi.c:170]--tmpchar:vyUyGIUPr84M7jSX+NqX3Q==378315197718[2020-03-11 14:22:59]--[login_cgi.c:187]--char_base64=spCuV+DfwYUNFpGj2BaXZ2I7JztaBHRL17Na+FmmH7krkyX50XDaZw==
[2020-03-11 14:24:14]--[login_cgi.c:279]--buf={
    "pwd": "lp86282176",
    "user": "lp13773477582"
}
，len = 57
[2020-03-11 14:24:14]--[login_cgi.c:292]--get_user_info:user:vyUyGIUPr84M7jSX+NqX3Q==,pwd:deOEhTMUQpuayNy9TgSU3g==
[2020-03-11 14:24:14]--[login_cgi.c:102]--mysql_user=root,mysql_pwd=lp86282176,mysql_db=cloud_disk[2020-03-11 14:24:14]--[login_cgi.c:146]--redis:ip:127.0.0.1,port:6379[2020-03-11 14:24:14]--[login_cgi.c:170]--tmpchar:vyUyGIUPr84M7jSX+NqX3Q==50720286653[2020-03-11 14:24:14]--[login_cgi.c:187]--char_base64=spCuV+DfwYUNFpGj2BaXZ2I7JztaBHRLQVprKmZm/8cW3PQixGoPCw==
[2020-03-11 15:16:08]--[login_cgi.c:279]--buf={
    "pwd": "lp86282176",
    "user": "lp13773477582"
}
，len = 57
[2020-03-11 15:16:08]--[login_cgi.c:292]--get_user_info:user:vyUyGIUPr84M7jSX+NqX3Q==,pwd:deOEhTMUQpuayNy9TgSU3g==
[2020-03-11 15:16:08]--[login_cgi.c:102]--mysql_user=root,mysql_pwd=lp86282176,mysql_db=cloud_disk[2020-03-11 15:16:08]--[login_cgi.c:146]--redis:ip:127.0.0.1,port:6379[2020-03-11 15:16:08]--[login_cgi.c:170]--tmpchar:vyUyGIUPr84M7jSX+NqX3Q==834134235241[2020-03-11 15:16:08]--[login_cgi.c:187]--char_base64=spCuV+DfwYUNFpGj2BaXZ2I7JztaBHRLr3VW2JA+k7aIYuImAiPbFA==
[2020-03-11 15:17:30]--[login_cgi.c:279]--buf={
    "pwd": "lp86282176",
    "user": "lp13773477582"
}
，len = 57
[2020-03-11 15:17:30]--[login_cgi.c:292]--get_user_info:user:vyUyGIUPr84M7jSX+NqX3Q==,pwd:deOEhTMUQpuayNy9TgSU3g==
[2020-03-11 15:17:30]--[login_cgi.c:102]--mysql_user=root,mysql_pwd=lp86282176,mysql_db=cloud_disk[2020-03-11 15:17:30]--[login_cgi.c:146]--redis:ip:127.0.0.1,port:6379[2020-03-11 15:17:30]--[login_cgi.c:170]--tmpchar:vyUyGIUPr84M7jSX+NqX3Q==117284173438[2020-03-11 15:17:30]--[login_cgi.c:187]--char_base64=spCuV+DfwYUNFpGj2BaXZ2I7JztaBHRLbJ4Z6/I5q4knsp/qBFTrLg==
