[2020-03-15 15:15:07]--[login_cgi.c:279]--buf={
    "pwd": "li1357986420",
    "user": "lp1620811656"
}
，len = 58
[2020-03-15 15:15:07]--[login_cgi.c:292]--get_user_info:user:OF9I+Fw+oMLbiFme28hxRA==,pwd:fsYQpP14d0ROEY/WF4nNqg==
[2020-03-15 15:15:07]--[login_cgi.c:102]--mysql_user=root,mysql_pwd=lp86282176,mysql_db=cloud_disk[2020-03-15 15:15:07]--[login_cgi.c:146]--redis:ip:127.0.0.1,port:6379[2020-03-15 15:15:07]--[login_cgi.c:170]--tmpchar:OF9I+Fw+oMLbiFme28hxRA==12643169966[2020-03-15 15:15:07]--[login_cgi.c:187]--char_base64=Xj0fePa7Y55dF/gJRMdZebSFL92glqynv66Su1QnprboS1eZ7B7FeA==
[2020-03-15 15:15:48]--[login_cgi.c:279]--buf={
    "pwd": "li1357986420",
    "user": "lp1620811656"
}
，len = 58
[2020-03-15 15:15:48]--[login_cgi.c:292]--get_user_info:user:OF9I+Fw+oMLbiFme28hxRA==,pwd:fsYQpP14d0ROEY/WF4nNqg==
[2020-03-15 15:15:48]--[login_cgi.c:102]--mysql_user=root,mysql_pwd=lp86282176,mysql_db=cloud_disk[2020-03-15 15:15:48]--[login_cgi.c:146]--redis:ip:127.0.0.1,port:6379[2020-03-15 15:15:48]--[login_cgi.c:170]--tmpchar:OF9I+Fw+oMLbiFme28hxRA==80202167344[2020-03-15 15:15:48]--[login_cgi.c:187]--char_base64=Xj0fePa7Y55dF/gJRMdZebSFL92glqyneabWmZdWQfzNIlPKtDr14g==
[2020-03-15 15:16:02]--[login_cgi.c:279]--buf={
    "pwd": "li1357986420",
    "user": "lp1620811656"
}
，len = 58
[2020-03-15 15:16:02]--[login_cgi.c:292]--get_user_info:user:OF9I+Fw+oMLbiFme28hxRA==,pwd:fsYQpP14d0ROEY/WF4nNqg==
[2020-03-15 15:16:02]--[login_cgi.c:102]--mysql_user=root,mysql_pwd=lp86282176,mysql_db=cloud_disk[2020-03-15 15:16:02]--[login_cgi.c:146]--redis:ip:127.0.0.1,port:6379[2020-03-15 15:16:02]--[login_cgi.c:170]--tmpchar:OF9I+Fw+oMLbiFme28hxRA==45795439888[2020-03-15 15:16:02]--[login_cgi.c:187]--char_base64=Xj0fePa7Y55dF/gJRMdZebSFL92glqynoq2NzE3X5/0YwJ1UWep3Nw==
[2020-03-15 15:23:48]--[login_cgi.c:279]--buf={
    "pwd": "li1357986420",
    "user": "lp1620811656"
}
，len = 58
[2020-03-15 15:23:48]--[login_cgi.c:292]--get_user_info:user:OF9I+Fw+oMLbiFme28hxRA==,pwd:fsYQpP14d0ROEY/WF4nNqg==
[2020-03-15 15:23:48]--[login_cgi.c:102]--mysql_user=root,mysql_pwd=lp86282176,mysql_db=cloud_disk[2020-03-15 15:23:48]--[login_cgi.c:146]--redis:ip:127.0.0.1,port:6379[2020-03-15 15:23:48]--[login_cgi.c:170]--tmpchar:OF9I+Fw+oMLbiFme28hxRA==483577341376[2020-03-15 15:23:48]--[login_cgi.c:187]--char_base64=Xj0fePa7Y55dF/gJRMdZebSFL92glqyncCXhCpCcrR3N3aXOwfAY9A==
[2020-03-15 15:27:58]--[login_cgi.c:279]--buf={
    "pwd": "li1357986420",
    "user": "lp1620811656"
}
，len = 58
[2020-03-15 15:27:58]--[login_cgi.c:292]--get_user_info:user:OF9I+Fw+oMLbiFme28hxRA==,pwd:fsYQpP14d0ROEY/WF4nNqg==
[2020-03-15 15:27:58]--[login_cgi.c:102]--mysql_user=root,mysql_pwd=lp86282176,mysql_db=cloud_disk[2020-03-15 15:27:58]--[login_cgi.c:146]--redis:ip:127.0.0.1,port:6379[2020-03-15 15:27:58]--[login_cgi.c:170]--tmpchar:OF9I+Fw+oMLbiFme28hxRA==47777764640[2020-03-15 15:27:58]--[login_cgi.c:187]--char_base64=Xj0fePa7Y55dF/gJRMdZebSFL92glqyntuDzMdAXrX0qrvbGoVwqNQ==
[2020-03-15 15:35:04]--[login_cgi.c:279]--buf={
    "pwd": "lp86282176",
    "user": "lp13773477582"
}
，len = 57
[2020-03-15 15:35:04]--[login_cgi.c:292]--get_user_info:user:vyUyGIUPr84M7jSX+NqX3Q==,pwd:deOEhTMUQpuayNy9TgSU3g==
[2020-03-15 15:35:04]--[login_cgi.c:102]--mysql_user=root,mysql_pwd=lp86282176,mysql_db=cloud_disk[2020-03-15 15:35:04]--[login_cgi.c:146]--redis:ip:127.0.0.1,port:6379[2020-03-15 15:35:04]--[login_cgi.c:170]--tmpchar:vyUyGIUPr84M7jSX+NqX3Q==242675249431[2020-03-15 15:35:04]--[login_cgi.c:187]--char_base64=spCuV+DfwYUNFpGj2BaXZ2I7JztaBHRLuaElmOtRrRuWqLomwFUzoQ==
[2020-03-15 15:37:23]--[login_cgi.c:279]--buf={
    "pwd": "lp86282176",
    "user": "lp13773477582"
}
，len = 57
[2020-03-15 15:37:23]--[login_cgi.c:292]--get_user_info:user:vyUyGIUPr84M7jSX+NqX3Q==,pwd:deOEhTMUQpuayNy9TgSU3g==
[2020-03-15 15:37:23]--[login_cgi.c:102]--mysql_user=root,mysql_pwd=lp86282176,mysql_db=cloud_disk[2020-03-15 15:37:23]--[login_cgi.c:146]--redis:ip:127.0.0.1,port:6379[2020-03-15 15:37:23]--[login_cgi.c:170]--tmpchar:vyUyGIUPr84M7jSX+NqX3Q==568480310483[2020-03-15 15:37:23]--[login_cgi.c:187]--char_base64=spCuV+DfwYUNFpGj2BaXZ2I7JztaBHRLHiAHUycrN3QCDoF6EKeRzQ==
[2020-03-15 15:39:12]--[login_cgi.c:279]--buf={
    "pwd": "li1357986420",
    "user": "lp1620811656"
}
，len = 58
[2020-03-15 15:39:12]--[login_cgi.c:292]--get_user_info:user:OF9I+Fw+oMLbiFme28hxRA==,pwd:fsYQpP14d0ROEY/WF4nNqg==
[2020-03-15 15:39:12]--[login_cgi.c:102]--mysql_user=root,mysql_pwd=lp86282176,mysql_db=cloud_disk[2020-03-15 15:39:12]--[login_cgi.c:146]--redis:ip:127.0.0.1,port:6379[2020-03-15 15:39:12]--[login_cgi.c:170]--tmpchar:OF9I+Fw+oMLbiFme28hxRA==71373282504[2020-03-15 15:39:12]--[login_cgi.c:187]--char_base64=Xj0fePa7Y55dF/gJRMdZebSFL92glqyn8LBPpA0Cr4JWRYQRDOu6AA==
[2020-03-15 15:43:27]--[login_cgi.c:279]--buf={
    "pwd": "li1357986420",
    "user": "lp1620811656"
}
，len = 58
[2020-03-15 15:43:27]--[login_cgi.c:292]--get_user_info:user:OF9I+Fw+oMLbiFme28hxRA==,pwd:fsYQpP14d0ROEY/WF4nNqg==
[2020-03-15 15:43:27]--[login_cgi.c:102]--mysql_user=root,mysql_pwd=lp86282176,mysql_db=cloud_disk[2020-03-15 15:43:27]--[login_cgi.c:146]--redis:ip:127.0.0.1,port:6379[2020-03-15 15:43:27]--[login_cgi.c:170]--tmpchar:OF9I+Fw+oMLbiFme28hxRA==621825271987[2020-03-15 15:43:27]--[login_cgi.c:187]--char_base64=Xj0fePa7Y55dF/gJRMdZebSFL92glqyn0aGOGXlcz8SNHS79zg9vXA==
[2020-03-15 15:43:52]--[login_cgi.c:279]--buf={
    "pwd": "lp86282176",
    "user": "lp13773477582"
}
，len = 57
[2020-03-15 15:43:52]--[login_cgi.c:292]--get_user_info:user:vyUyGIUPr84M7jSX+NqX3Q==,pwd:deOEhTMUQpuayNy9TgSU3g==
[2020-03-15 15:43:52]--[login_cgi.c:102]--mysql_user=root,mysql_pwd=lp86282176,mysql_db=cloud_disk[2020-03-15 15:43:52]--[login_cgi.c:146]--redis:ip:127.0.0.1,port:6379[2020-03-15 15:43:52]--[login_cgi.c:170]--tmpchar:vyUyGIUPr84M7jSX+NqX3Q==285973998333[2020-03-15 15:43:52]--[login_cgi.c:187]--char_base64=spCuV+DfwYUNFpGj2BaXZ2I7JztaBHRLJnW/eXHYkItthVfuxVc+ww==
[2020-03-15 16:00:31]--[login_cgi.c:279]--buf={
    "pwd": "lp86282176",
    "user": "lp13773477582"
}
，len = 57
[2020-03-15 16:00:31]--[login_cgi.c:292]--get_user_info:user:vyUyGIUPr84M7jSX+NqX3Q==,pwd:deOEhTMUQpuayNy9TgSU3g==
[2020-03-15 16:00:31]--[login_cgi.c:102]--mysql_user=root,mysql_pwd=lp86282176,mysql_db=cloud_disk[2020-03-15 16:00:31]--[login_cgi.c:146]--redis:ip:127.0.0.1,port:6379[2020-03-15 16:00:31]--[login_cgi.c:170]--tmpchar:vyUyGIUPr84M7jSX+NqX3Q==814853660711[2020-03-15 16:00:31]--[login_cgi.c:187]--char_base64=spCuV+DfwYUNFpGj2BaXZ2I7JztaBHRLFLhF5BIHdCoN3uj251EZuw==
[2020-03-15 16:06:22]--[login_cgi.c:279]--buf={
    "pwd": "lp86282176",
    "user": "lp13773477582"
}
，len = 57
[2020-03-15 16:06:22]--[login_cgi.c:292]--get_user_info:user:vyUyGIUPr84M7jSX+NqX3Q==,pwd:deOEhTMUQpuayNy9TgSU3g==
[2020-03-15 16:06:22]--[login_cgi.c:102]--mysql_user=root,mysql_pwd=lp86282176,mysql_db=cloud_disk[2020-03-15 16:06:22]--[login_cgi.c:146]--redis:ip:127.0.0.1,port:6379[2020-03-15 16:06:22]--[login_cgi.c:170]--tmpchar:vyUyGIUPr84M7jSX+NqX3Q==53927713706[2020-03-15 16:06:22]--[login_cgi.c:187]--char_base64=spCuV+DfwYUNFpGj2BaXZ2I7JztaBHRLsT3SjWzsJ/roloqTyaEdrQ==
[2020-03-15 16:13:32]--[login_cgi.c:279]--buf={
    "pwd": "lp86282176",
    "user": "lp13773477582"
}
，len = 57
[2020-03-15 16:13:32]--[login_cgi.c:292]--get_user_info:user:vyUyGIUPr84M7jSX+NqX3Q==,pwd:deOEhTMUQpuayNy9TgSU3g==
[2020-03-15 16:13:32]--[login_cgi.c:102]--mysql_user=root,mysql_pwd=lp86282176,mysql_db=cloud_disk[2020-03-15 16:13:32]--[login_cgi.c:146]--redis:ip:127.0.0.1,port:6379[2020-03-15 16:13:32]--[login_cgi.c:170]--tmpchar:vyUyGIUPr84M7jSX+NqX3Q==227649972400[2020-03-15 16:13:32]--[login_cgi.c:187]--char_base64=spCuV+DfwYUNFpGj2BaXZ2I7JztaBHRLL3q62cY5tiCaZd32eDQRgg==
[2020-03-15 16:13:36]--[login_cgi.c:279]--buf={
    "pwd": "lp86282176",
    "user": "lp13773477582"
}
，len = 57
[2020-03-15 16:13:36]--[login_cgi.c:292]--get_user_info:user:vyUyGIUPr84M7jSX+NqX3Q==,pwd:deOEhTMUQpuayNy9TgSU3g==
[2020-03-15 16:13:36]--[login_cgi.c:102]--mysql_user=root,mysql_pwd=lp86282176,mysql_db=cloud_disk[2020-03-15 16:13:36]--[login_cgi.c:146]--redis:ip:127.0.0.1,port:6379[2020-03-15 16:13:36]--[login_cgi.c:170]--tmpchar:vyUyGIUPr84M7jSX+NqX3Q==93982404560[2020-03-15 16:13:36]--[login_cgi.c:187]--char_base64=spCuV+DfwYUNFpGj2BaXZ2I7JztaBHRLhKJHnSGoLBRyXKuI9NXEYw==
[2020-03-15 16:13:57]--[login_cgi.c:279]--buf={
    "pwd": "li1357986420",
    "user": "lp1620811656"
}
，len = 58
[2020-03-15 16:13:57]--[login_cgi.c:292]--get_user_info:user:OF9I+Fw+oMLbiFme28hxRA==,pwd:fsYQpP14d0ROEY/WF4nNqg==
[2020-03-15 16:13:57]--[login_cgi.c:102]--mysql_user=root,mysql_pwd=lp86282176,mysql_db=cloud_disk[2020-03-15 16:13:57]--[login_cgi.c:146]--redis:ip:127.0.0.1,port:6379[2020-03-15 16:13:57]--[login_cgi.c:170]--tmpchar:OF9I+Fw+oMLbiFme28hxRA==87911921270[2020-03-15 16:13:57]--[login_cgi.c:187]--char_base64=Xj0fePa7Y55dF/gJRMdZebSFL92glqynR1r5DT6dtIhlzYeIp1lSsQ==
[2020-03-15 16:14:46]--[login_cgi.c:279]--buf={
    "pwd": "lp86282176",
    "user": "lp13773477582"
}
，len = 57
[2020-03-15 16:14:46]--[login_cgi.c:292]--get_user_info:user:vyUyGIUPr84M7jSX+NqX3Q==,pwd:deOEhTMUQpuayNy9TgSU3g==
[2020-03-15 16:14:46]--[login_cgi.c:102]--mysql_user=root,mysql_pwd=lp86282176,mysql_db=cloud_disk[2020-03-15 16:14:46]--[login_cgi.c:146]--redis:ip:127.0.0.1,port:6379[2020-03-15 16:14:46]--[login_cgi.c:170]--tmpchar:vyUyGIUPr84M7jSX+NqX3Q==526424442474[2020-03-15 16:14:46]--[login_cgi.c:187]--char_base64=spCuV+DfwYUNFpGj2BaXZ2I7JztaBHRLvHPzbMqhf4cYFhLegAcKOA==
[2020-03-15 16:14:51]--[login_cgi.c:279]--buf={
    "pwd": "lp86282176",
    "user": "lp13773477582"
}
，len = 57
[2020-03-15 16:14:51]--[login_cgi.c:292]--get_user_info:user:vyUyGIUPr84M7jSX+NqX3Q==,pwd:deOEhTMUQpuayNy9TgSU3g==
[2020-03-15 16:14:51]--[login_cgi.c:102]--mysql_user=root,mysql_pwd=lp86282176,mysql_db=cloud_disk[2020-03-15 16:14:51]--[login_cgi.c:146]--redis:ip:127.0.0.1,port:6379[2020-03-15 16:14:51]--[login_cgi.c:170]--tmpchar:vyUyGIUPr84M7jSX+NqX3Q==8968151184[2020-03-15 16:14:51]--[login_cgi.c:187]--char_base64=spCuV+DfwYUNFpGj2BaXZ2I7JztaBHRLwipwJnhlqvMSggsY/rhbog==
[2020-03-15 16:15:10]--[login_cgi.c:279]--buf={
    "pwd": "lp86282176",
    "user": "lp13773477582"
}
，len = 57
[2020-03-15 16:15:10]--[login_cgi.c:292]--get_user_info:user:vyUyGIUPr84M7jSX+NqX3Q==,pwd:deOEhTMUQpuayNy9TgSU3g==
[2020-03-15 16:15:10]--[login_cgi.c:102]--mysql_user=root,mysql_pwd=lp86282176,mysql_db=cloud_disk[2020-03-15 16:15:10]--[login_cgi.c:146]--redis:ip:127.0.0.1,port:6379[2020-03-15 16:15:10]--[login_cgi.c:170]--tmpchar:vyUyGIUPr84M7jSX+NqX3Q==717712356959[2020-03-15 16:15:10]--[login_cgi.c:187]--char_base64=spCuV+DfwYUNFpGj2BaXZ2I7JztaBHRL3L2u9r5adJlwHrgjVseM0A==
[2020-03-15 17:06:11]--[login_cgi.c:279]--buf={
    "pwd": "lp86282176",
    "user": "lp13773477582"
}
，len = 57
[2020-03-15 17:06:11]--[login_cgi.c:292]--get_user_info:user:vyUyGIUPr84M7jSX+NqX3Q==,pwd:deOEhTMUQpuayNy9TgSU3g==
[2020-03-15 17:06:11]--[login_cgi.c:102]--mysql_user=root,mysql_pwd=lp86282176,mysql_db=cloud_disk[2020-03-15 17:06:11]--[login_cgi.c:146]--redis:ip:127.0.0.1,port:6379[2020-03-15 17:06:11]--[login_cgi.c:170]--tmpchar:vyUyGIUPr84M7jSX+NqX3Q==110813118574[2020-03-15 17:06:11]--[login_cgi.c:187]--char_base64=spCuV+DfwYUNFpGj2BaXZ2I7JztaBHRLHsISW5b4h04qYcepx17nwg==
[2020-03-15 17:08:07]--[login_cgi.c:279]--buf={
    "pwd": "lp86282176",
    "user": "lp13773477582"
}
，len = 57
[2020-03-15 17:08:07]--[login_cgi.c:292]--get_user_info:user:vyUyGIUPr84M7jSX+NqX3Q==,pwd:deOEhTMUQpuayNy9TgSU3g==
[2020-03-15 17:08:07]--[login_cgi.c:102]--mysql_user=root,mysql_pwd=lp86282176,mysql_db=cloud_disk[2020-03-15 17:08:07]--[login_cgi.c:146]--redis:ip:127.0.0.1,port:6379[2020-03-15 17:08:07]--[login_cgi.c:170]--tmpchar:vyUyGIUPr84M7jSX+NqX3Q==899246291880[2020-03-15 17:08:07]--[login_cgi.c:187]--char_base64=spCuV+DfwYUNFpGj2BaXZ2I7JztaBHRLUvkZ8W7wh8wywrAuv8cuWg==
[2020-03-15 17:08:47]--[login_cgi.c:279]--buf={
    "pwd": "lp86282176",
    "user": "lp13773477582"
}
，len = 57
[2020-03-15 17:08:47]--[login_cgi.c:292]--get_user_info:user:vyUyGIUPr84M7jSX+NqX3Q==,pwd:deOEhTMUQpuayNy9TgSU3g==
[2020-03-15 17:08:47]--[login_cgi.c:102]--mysql_user=root,mysql_pwd=lp86282176,mysql_db=cloud_disk[2020-03-15 17:08:47]--[login_cgi.c:146]--redis:ip:127.0.0.1,port:6379[2020-03-15 17:08:47]--[login_cgi.c:170]--tmpchar:vyUyGIUPr84M7jSX+NqX3Q==472247362202[2020-03-15 17:08:47]--[login_cgi.c:187]--char_base64=spCuV+DfwYUNFpGj2BaXZ2I7JztaBHRLN6EmEGpBo18i0K3Rmg4eug==
[2020-03-15 17:10:30]--[login_cgi.c:279]--buf={
    "pwd": "lp86282176",
    "user": "lp13773477582"
}
，len = 57
[2020-03-15 17:10:30]--[login_cgi.c:292]--get_user_info:user:vyUyGIUPr84M7jSX+NqX3Q==,pwd:deOEhTMUQpuayNy9TgSU3g==
[2020-03-15 17:10:30]--[login_cgi.c:102]--mysql_user=root,mysql_pwd=lp86282176,mysql_db=cloud_disk[2020-03-15 17:10:30]--[login_cgi.c:146]--redis:ip:127.0.0.1,port:6379[2020-03-15 17:10:30]--[login_cgi.c:170]--tmpchar:vyUyGIUPr84M7jSX+NqX3Q==743160206267[2020-03-15 17:10:30]--[login_cgi.c:187]--char_base64=spCuV+DfwYUNFpGj2BaXZ2I7JztaBHRLJVVPuii2tGl27g9L97TJlA==
[2020-03-15 17:14:41]--[login_cgi.c:279]--buf={
    "pwd": "lp86282176",
    "user": "lp13773477582"
}
，len = 57
[2020-03-15 17:14:41]--[login_cgi.c:292]--get_user_info:user:vyUyGIUPr84M7jSX+NqX3Q==,pwd:deOEhTMUQpuayNy9TgSU3g==
[2020-03-15 17:14:41]--[login_cgi.c:102]--mysql_user=root,mysql_pwd=lp86282176,mysql_db=cloud_disk[2020-03-15 17:14:41]--[login_cgi.c:146]--redis:ip:127.0.0.1,port:6379[2020-03-15 17:14:41]--[login_cgi.c:170]--tmpchar:vyUyGIUPr84M7jSX+NqX3Q==10855847470[2020-03-15 17:14:41]--[login_cgi.c:187]--char_base64=spCuV+DfwYUNFpGj2BaXZ2I7JztaBHRLPlyOpvPvWTYUTjziz4CBZQ==
[2020-03-15 17:15:58]--[login_cgi.c:279]--buf={
    "pwd": "lp86282176",
    "user": "lp13773477582"
}
，len = 57
[2020-03-15 17:15:58]--[login_cgi.c:292]--get_user_info:user:vyUyGIUPr84M7jSX+NqX3Q==,pwd:deOEhTMUQpuayNy9TgSU3g==
[2020-03-15 17:15:58]--[login_cgi.c:102]--mysql_user=root,mysql_pwd=lp86282176,mysql_db=cloud_disk[2020-03-15 17:15:58]--[login_cgi.c:146]--redis:ip:127.0.0.1,port:6379[2020-03-15 17:15:58]--[login_cgi.c:170]--tmpchar:vyUyGIUPr84M7jSX+NqX3Q==37651847187[2020-03-15 17:15:58]--[login_cgi.c:187]--char_base64=spCuV+DfwYUNFpGj2BaXZ2I7JztaBHRLgtnOGpSrfLc+zJ/GMtJx0g==
