[2020-03-13 12:37:51]--[login_cgi.c:279]--buf={
    "pwd": "lp86282176",
    "user": "lp13773477582"
}
，len = 57
[2020-03-13 12:37:51]--[login_cgi.c:292]--get_user_info:user:vyUyGIUPr84M7jSX+NqX3Q==,pwd:deOEhTMUQpuayNy9TgSU3g==
[2020-03-13 12:37:51]--[login_cgi.c:102]--mysql_user=root,mysql_pwd=lp86282176,mysql_db=cloud_disk[2020-03-13 12:37:51]--[login_cgi.c:146]--redis:ip:127.0.0.1,port:6379[2020-03-13 12:37:51]--[login_cgi.c:170]--tmpchar:vyUyGIUPr84M7jSX+NqX3Q==127363962370[2020-03-13 12:37:51]--[login_cgi.c:187]--char_base64=spCuV+DfwYUNFpGj2BaXZ2I7JztaBHRLaKwsnZ1XaU/pVN6+rWZNBQ==
[2020-03-13 13:19:26]--[login_cgi.c:279]--buf={
    "pwd": "lp86282176",
    "user": "lp13773477582"
}
，len = 57
[2020-03-13 13:19:26]--[login_cgi.c:292]--get_user_info:user:vyUyGIUPr84M7jSX+NqX3Q==,pwd:deOEhTMUQpuayNy9TgSU3g==
[2020-03-13 13:19:26]--[login_cgi.c:102]--mysql_user=root,mysql_pwd=lp86282176,mysql_db=cloud_disk[2020-03-13 13:19:26]--[login_cgi.c:146]--redis:ip:127.0.0.1,port:6379[2020-03-13 13:19:26]--[login_cgi.c:170]--tmpchar:vyUyGIUPr84M7jSX+NqX3Q==459388669893[2020-03-13 13:19:26]--[login_cgi.c:187]--char_base64=spCuV+DfwYUNFpGj2BaXZ2I7JztaBHRLWEqGJqvstagxed4/cHkwoA==
[2020-03-13 13:42:43]--[login_cgi.c:279]--buf={
    "pwd": "lp86282176",
    "user": "lp13773477582"
}
，len = 57
[2020-03-13 13:42:43]--[login_cgi.c:292]--get_user_info:user:vyUyGIUPr84M7jSX+NqX3Q==,pwd:deOEhTMUQpuayNy9TgSU3g==
[2020-03-13 13:42:43]--[login_cgi.c:102]--mysql_user=root,mysql_pwd=lp86282176,mysql_db=cloud_disk[2020-03-13 13:42:43]--[login_cgi.c:146]--redis:ip:127.0.0.1,port:6379[2020-03-13 13:42:43]--[login_cgi.c:170]--tmpchar:vyUyGIUPr84M7jSX+NqX3Q==28923176449[2020-03-13 13:42:43]--[login_cgi.c:187]--char_base64=spCuV+DfwYUNFpGj2BaXZ2I7JztaBHRLyEX8wyG2yf4v2BAANOITCg==
[2020-03-13 13:44:55]--[login_cgi.c:279]--buf={
    "pwd": "lp86282176",
    "user": "lp13773477582"
}
，len = 57
[2020-03-13 13:44:55]--[login_cgi.c:292]--get_user_info:user:vyUyGIUPr84M7jSX+NqX3Q==,pwd:deOEhTMUQpuayNy9TgSU3g==
[2020-03-13 13:44:55]--[login_cgi.c:102]--mysql_user=root,mysql_pwd=lp86282176,mysql_db=cloud_disk[2020-03-13 13:44:55]--[login_cgi.c:146]--redis:ip:127.0.0.1,port:6379[2020-03-13 13:44:55]--[login_cgi.c:170]--tmpchar:vyUyGIUPr84M7jSX+NqX3Q==392226607886[2020-03-13 13:44:55]--[login_cgi.c:187]--char_base64=spCuV+DfwYUNFpGj2BaXZ2I7JztaBHRL79cSbr36WenuQd/bF+eczA==
[2020-03-13 13:47:10]--[login_cgi.c:279]--buf={
    "pwd": "lp86282176",
    "user": "lp13773477582"
}
，len = 57
[2020-03-13 13:47:10]--[login_cgi.c:292]--get_user_info:user:vyUyGIUPr84M7jSX+NqX3Q==,pwd:deOEhTMUQpuayNy9TgSU3g==
[2020-03-13 13:47:10]--[login_cgi.c:102]--mysql_user=root,mysql_pwd=lp86282176,mysql_db=cloud_disk[2020-03-13 13:47:10]--[login_cgi.c:146]--redis:ip:127.0.0.1,port:6379[2020-03-13 13:47:10]--[login_cgi.c:170]--tmpchar:vyUyGIUPr84M7jSX+NqX3Q==125691289935[2020-03-13 13:47:10]--[login_cgi.c:187]--char_base64=spCuV+DfwYUNFpGj2BaXZ2I7JztaBHRLgX9bMGxpfnXw+h/R8Kx0/w==
[2020-03-13 14:16:26]--[login_cgi.c:279]--buf={
    "pwd": "lp86282176",
    "user": "lp13773477582"
}
，len = 57
[2020-03-13 14:16:26]--[login_cgi.c:292]--get_user_info:user:vyUyGIUPr84M7jSX+NqX3Q==,pwd:deOEhTMUQpuayNy9TgSU3g==
[2020-03-13 14:16:26]--[login_cgi.c:102]--mysql_user=root,mysql_pwd=lp86282176,mysql_db=cloud_disk[2020-03-13 14:16:26]--[login_cgi.c:146]--redis:ip:127.0.0.1,port:6379[2020-03-13 14:16:26]--[login_cgi.c:170]--tmpchar:vyUyGIUPr84M7jSX+NqX3Q==193855439586[2020-03-13 14:16:26]--[login_cgi.c:187]--char_base64=spCuV+DfwYUNFpGj2BaXZ2I7JztaBHRLDwk8rJREF3mAiDoiTdcvEA==
[2020-03-13 14:21:09]--[login_cgi.c:279]--buf={
    "pwd": "lp86282176",
    "user": "lp13773477582"
}
，len = 57
[2020-03-13 14:21:09]--[login_cgi.c:292]--get_user_info:user:vyUyGIUPr84M7jSX+NqX3Q==,pwd:deOEhTMUQpuayNy9TgSU3g==
[2020-03-13 14:21:09]--[login_cgi.c:102]--mysql_user=root,mysql_pwd=lp86282176,mysql_db=cloud_disk[2020-03-13 14:21:09]--[login_cgi.c:146]--redis:ip:127.0.0.1,port:6379[2020-03-13 14:21:09]--[login_cgi.c:170]--tmpchar:vyUyGIUPr84M7jSX+NqX3Q==906245645646[2020-03-13 14:21:09]--[login_cgi.c:187]--char_base64=spCuV+DfwYUNFpGj2BaXZ2I7JztaBHRLSXtLrRf4IziIXzbesh3xsQ==
[2020-03-13 14:31:12]--[login_cgi.c:279]--buf={
    "pwd": "lp86282176",
    "user": "lp13773477582"
}
，len = 57
[2020-03-13 14:31:12]--[login_cgi.c:292]--get_user_info:user:vyUyGIUPr84M7jSX+NqX3Q==,pwd:deOEhTMUQpuayNy9TgSU3g==
[2020-03-13 14:31:12]--[login_cgi.c:102]--mysql_user=root,mysql_pwd=lp86282176,mysql_db=cloud_disk[2020-03-13 14:31:12]--[login_cgi.c:146]--redis:ip:127.0.0.1,port:6379[2020-03-13 14:31:12]--[login_cgi.c:170]--tmpchar:vyUyGIUPr84M7jSX+NqX3Q==79152915479[2020-03-13 14:31:12]--[login_cgi.c:187]--char_base64=spCuV+DfwYUNFpGj2BaXZ2I7JztaBHRLgazW5X+yqMfy1MzRoi2bGA==
[2020-03-13 14:43:05]--[login_cgi.c:279]--buf={
    "pwd": "lp86282176",
    "user": "lp13773477582"
}
，len = 57
[2020-03-13 14:43:05]--[login_cgi.c:292]--get_user_info:user:vyUyGIUPr84M7jSX+NqX3Q==,pwd:deOEhTMUQpuayNy9TgSU3g==
[2020-03-13 14:43:05]--[login_cgi.c:102]--mysql_user=root,mysql_pwd=lp86282176,mysql_db=cloud_disk[2020-03-13 14:43:05]--[login_cgi.c:146]--redis:ip:127.0.0.1,port:6379[2020-03-13 14:43:05]--[login_cgi.c:170]--tmpchar:vyUyGIUPr84M7jSX+NqX3Q==54635996293[2020-03-13 14:43:05]--[login_cgi.c:187]--char_base64=spCuV+DfwYUNFpGj2BaXZ2I7JztaBHRLb35xNzFsG0keBS2wQYQphA==
[2020-03-13 14:49:33]--[login_cgi.c:279]--buf={
    "pwd": "lp86282176",
    "user": "lp13773477582"
}
，len = 57
[2020-03-13 14:49:33]--[login_cgi.c:292]--get_user_info:user:vyUyGIUPr84M7jSX+NqX3Q==,pwd:deOEhTMUQpuayNy9TgSU3g==
[2020-03-13 14:49:33]--[login_cgi.c:102]--mysql_user=root,mysql_pwd=lp86282176,mysql_db=cloud_disk[2020-03-13 14:49:33]--[login_cgi.c:146]--redis:ip:127.0.0.1,port:6379[2020-03-13 14:49:33]--[login_cgi.c:170]--tmpchar:vyUyGIUPr84M7jSX+NqX3Q==64493779799[2020-03-13 14:49:33]--[login_cgi.c:187]--char_base64=spCuV+DfwYUNFpGj2BaXZ2I7JztaBHRLyj4d0Wki47Spmj3wq3HMoQ==
[2020-03-13 14:53:43]--[login_cgi.c:279]--buf={
    "pwd": "lp86282176",
    "user": "lp13773477582"
}
，len = 57
[2020-03-13 14:53:43]--[login_cgi.c:292]--get_user_info:user:vyUyGIUPr84M7jSX+NqX3Q==,pwd:deOEhTMUQpuayNy9TgSU3g==
[2020-03-13 14:53:43]--[login_cgi.c:102]--mysql_user=root,mysql_pwd=lp86282176,mysql_db=cloud_disk[2020-03-13 14:53:43]--[login_cgi.c:146]--redis:ip:127.0.0.1,port:6379[2020-03-13 14:53:43]--[login_cgi.c:170]--tmpchar:vyUyGIUPr84M7jSX+NqX3Q==692586392407[2020-03-13 14:53:43]--[login_cgi.c:187]--char_base64=spCuV+DfwYUNFpGj2BaXZ2I7JztaBHRLrHhRk6E/PNy00lnPGGtjQA==
[2020-03-13 14:56:59]--[login_cgi.c:279]--buf={
    "pwd": "lp86282176",
    "user": "lp13773477582"
}
，len = 57
[2020-03-13 14:56:59]--[login_cgi.c:292]--get_user_info:user:vyUyGIUPr84M7jSX+NqX3Q==,pwd:deOEhTMUQpuayNy9TgSU3g==
[2020-03-13 14:56:59]--[login_cgi.c:102]--mysql_user=root,mysql_pwd=lp86282176,mysql_db=cloud_disk[2020-03-13 14:56:59]--[login_cgi.c:146]--redis:ip:127.0.0.1,port:6379[2020-03-13 14:56:59]--[login_cgi.c:170]--tmpchar:vyUyGIUPr84M7jSX+NqX3Q==950352391797[2020-03-13 14:56:59]--[login_cgi.c:187]--char_base64=spCuV+DfwYUNFpGj2BaXZ2I7JztaBHRLHDGBSxJQGqLPTC0Rkmuasg==
[2020-03-13 14:58:53]--[login_cgi.c:279]--buf={
    "pwd": "lp86282176",
    "user": "lp13773477582"
}
，len = 57
[2020-03-13 14:58:53]--[login_cgi.c:292]--get_user_info:user:vyUyGIUPr84M7jSX+NqX3Q==,pwd:deOEhTMUQpuayNy9TgSU3g==
[2020-03-13 14:58:53]--[login_cgi.c:102]--mysql_user=root,mysql_pwd=lp86282176,mysql_db=cloud_disk[2020-03-13 14:58:53]--[login_cgi.c:146]--redis:ip:127.0.0.1,port:6379[2020-03-13 14:58:53]--[login_cgi.c:170]--tmpchar:vyUyGIUPr84M7jSX+NqX3Q==248236685713[2020-03-13 14:58:53]--[login_cgi.c:187]--char_base64=spCuV+DfwYUNFpGj2BaXZ2I7JztaBHRLY2gROkhQ+G2dNbWqn58xHg==
[2020-03-13 14:59:02]--[login_cgi.c:279]--buf={
    "pwd": "lp86282176",
    "user": "lp13773477582"
}
，len = 57
[2020-03-13 14:59:02]--[login_cgi.c:292]--get_user_info:user:vyUyGIUPr84M7jSX+NqX3Q==,pwd:deOEhTMUQpuayNy9TgSU3g==
[2020-03-13 14:59:02]--[login_cgi.c:102]--mysql_user=root,mysql_pwd=lp86282176,mysql_db=cloud_disk[2020-03-13 14:59:02]--[login_cgi.c:146]--redis:ip:127.0.0.1,port:6379[2020-03-13 14:59:02]--[login_cgi.c:170]--tmpchar:vyUyGIUPr84M7jSX+NqX3Q==15757299937[2020-03-13 14:59:02]--[login_cgi.c:187]--char_base64=spCuV+DfwYUNFpGj2BaXZ2I7JztaBHRLBuQfEWk/YXZ5Q2IAAzpYWg==
[2020-03-13 15:17:11]--[login_cgi.c:279]--buf={
    "pwd": "lp86282176",
    "user": "lp13773477582"
}
，len = 57
[2020-03-13 15:17:11]--[login_cgi.c:292]--get_user_info:user:vyUyGIUPr84M7jSX+NqX3Q==,pwd:deOEhTMUQpuayNy9TgSU3g==
[2020-03-13 15:17:11]--[login_cgi.c:102]--mysql_user=root,mysql_pwd=lp86282176,mysql_db=cloud_disk[2020-03-13 15:17:11]--[login_cgi.c:146]--redis:ip:127.0.0.1,port:6379[2020-03-13 15:17:11]--[login_cgi.c:170]--tmpchar:vyUyGIUPr84M7jSX+NqX3Q==156581570673[2020-03-13 15:17:11]--[login_cgi.c:187]--char_base64=spCuV+DfwYUNFpGj2BaXZ2I7JztaBHRLSnjw7gc6Qy7tXUoVELcQBA==
[2020-03-13 15:21:34]--[login_cgi.c:279]--buf={
    "pwd": "lp86282176",
    "user": "lp13773477582"
}
，len = 57
[2020-03-13 15:21:34]--[login_cgi.c:292]--get_user_info:user:vyUyGIUPr84M7jSX+NqX3Q==,pwd:deOEhTMUQpuayNy9TgSU3g==
[2020-03-13 15:21:34]--[login_cgi.c:102]--mysql_user=root,mysql_pwd=lp86282176,mysql_db=cloud_disk[2020-03-13 15:21:34]--[login_cgi.c:146]--redis:ip:127.0.0.1,port:6379[2020-03-13 15:21:34]--[login_cgi.c:170]--tmpchar:vyUyGIUPr84M7jSX+NqX3Q==939824402688[2020-03-13 15:21:34]--[login_cgi.c:187]--char_base64=spCuV+DfwYUNFpGj2BaXZ2I7JztaBHRLEgKO4h07s0s3kccDghdXGw==
[2020-03-13 15:22:32]--[login_cgi.c:279]--buf={
    "pwd": "lp86282176",
    "user": "lp13773477582"
}
，len = 57
[2020-03-13 15:22:32]--[login_cgi.c:292]--get_user_info:user:vyUyGIUPr84M7jSX+NqX3Q==,pwd:deOEhTMUQpuayNy9TgSU3g==
[2020-03-13 15:22:32]--[login_cgi.c:102]--mysql_user=root,mysql_pwd=lp86282176,mysql_db=cloud_disk[2020-03-13 15:22:32]--[login_cgi.c:146]--redis:ip:127.0.0.1,port:6379[2020-03-13 15:22:32]--[login_cgi.c:170]--tmpchar:vyUyGIUPr84M7jSX+NqX3Q==98437471941[2020-03-13 15:22:32]--[login_cgi.c:187]--char_base64=spCuV+DfwYUNFpGj2BaXZ2I7JztaBHRLPJemXOEw8JiioD42RKM4kA==
[2020-03-13 15:23:30]--[login_cgi.c:279]--buf={
    "pwd": "lp86282176",
    "user": "lp13773477582"
}
，len = 57
[2020-03-13 15:23:30]--[login_cgi.c:292]--get_user_info:user:vyUyGIUPr84M7jSX+NqX3Q==,pwd:deOEhTMUQpuayNy9TgSU3g==
[2020-03-13 15:23:30]--[login_cgi.c:102]--mysql_user=root,mysql_pwd=lp86282176,mysql_db=cloud_disk[2020-03-13 15:23:30]--[login_cgi.c:146]--redis:ip:127.0.0.1,port:6379[2020-03-13 15:23:30]--[login_cgi.c:170]--tmpchar:vyUyGIUPr84M7jSX+NqX3Q==522389509763[2020-03-13 15:23:30]--[login_cgi.c:187]--char_base64=spCuV+DfwYUNFpGj2BaXZ2I7JztaBHRL3YJknzmhaR8sEzLh8Aykmg==
[2020-03-13 15:24:59]--[login_cgi.c:279]--buf={
    "pwd": "lp86282176",
    "user": "lp13773477582"
}
，len = 57
[2020-03-13 15:24:59]--[login_cgi.c:292]--get_user_info:user:vyUyGIUPr84M7jSX+NqX3Q==,pwd:deOEhTMUQpuayNy9TgSU3g==
[2020-03-13 15:24:59]--[login_cgi.c:102]--mysql_user=root,mysql_pwd=lp86282176,mysql_db=cloud_disk[2020-03-13 15:24:59]--[login_cgi.c:146]--redis:ip:127.0.0.1,port:6379[2020-03-13 15:24:59]--[login_cgi.c:170]--tmpchar:vyUyGIUPr84M7jSX+NqX3Q==518735635135[2020-03-13 15:24:59]--[login_cgi.c:187]--char_base64=spCuV+DfwYUNFpGj2BaXZ2I7JztaBHRLsDUeap6YXgZKxK5h8yKw1A==
[2020-03-13 15:27:04]--[login_cgi.c:279]--buf={
    "pwd": "lp86282176",
    "user": "lp13773477582"
}
，len = 57
[2020-03-13 15:27:04]--[login_cgi.c:292]--get_user_info:user:vyUyGIUPr84M7jSX+NqX3Q==,pwd:deOEhTMUQpuayNy9TgSU3g==
[2020-03-13 15:27:04]--[login_cgi.c:102]--mysql_user=root,mysql_pwd=lp86282176,mysql_db=cloud_disk[2020-03-13 15:27:04]--[login_cgi.c:146]--redis:ip:127.0.0.1,port:6379[2020-03-13 15:27:04]--[login_cgi.c:170]--tmpchar:vyUyGIUPr84M7jSX+NqX3Q==859445920590[2020-03-13 15:27:04]--[login_cgi.c:187]--char_base64=spCuV+DfwYUNFpGj2BaXZ2I7JztaBHRLZ+YC78Jlm7YqWi7XAlvV1w==
[2020-03-13 15:34:31]--[login_cgi.c:279]--buf={
    "pwd": "lp86282176",
    "user": "lp13773477582"
}
，len = 57
[2020-03-13 15:34:31]--[login_cgi.c:292]--get_user_info:user:vyUyGIUPr84M7jSX+NqX3Q==,pwd:deOEhTMUQpuayNy9TgSU3g==
[2020-03-13 15:34:31]--[login_cgi.c:102]--mysql_user=root,mysql_pwd=lp86282176,mysql_db=cloud_disk[2020-03-13 15:34:31]--[login_cgi.c:146]--redis:ip:127.0.0.1,port:6379[2020-03-13 15:34:31]--[login_cgi.c:170]--tmpchar:vyUyGIUPr84M7jSX+NqX3Q==6188820333[2020-03-13 15:34:31]--[login_cgi.c:187]--char_base64=spCuV+DfwYUNFpGj2BaXZ2I7JztaBHRLLHfmbgCgoTk4JIhhbEE0qw==
[2020-03-13 15:34:59]--[login_cgi.c:279]--buf={
    "pwd": "lp86282176",
    "user": "lp13773477582"
}
，len = 57
[2020-03-13 15:34:59]--[login_cgi.c:292]--get_user_info:user:vyUyGIUPr84M7jSX+NqX3Q==,pwd:deOEhTMUQpuayNy9TgSU3g==
[2020-03-13 15:34:59]--[login_cgi.c:102]--mysql_user=root,mysql_pwd=lp86282176,mysql_db=cloud_disk[2020-03-13 15:34:59]--[login_cgi.c:146]--redis:ip:127.0.0.1,port:6379[2020-03-13 15:34:59]--[login_cgi.c:170]--tmpchar:vyUyGIUPr84M7jSX+NqX3Q==157673466814[2020-03-13 15:34:59]--[login_cgi.c:187]--char_base64=spCuV+DfwYUNFpGj2BaXZ2I7JztaBHRLQ+kPz2IU5h4KWZX4DYt+Tg==
