[2020-03-01 14:02:44]--[md5_cgi.c:258]--buf = {
    "filename": "Makefile.Debug",
    "md5": "0ecaf705921c2b157d8a99f5dd19b8ba",
    "token": "a8",
    "user": "lp13773477582"
}

[2020-03-01 14:02:44]--[md5_cgi.c:280]--user = vyUyGIUPr84M7jSX+NqX3Q==, token = a8, md5 = 0ecaf705921c2b157d8a99f5dd19b8ba, filename = Makefile.Debug
[2020-03-01 14:04:55]--[md5_cgi.c:258]--buf = {
    "filename": "ui_login.h",
    "md5": "bcea6125e85e4724f0bef09845bd861e",
    "token": "2c",
    "user": "lp13773477582"
}

[2020-03-01 14:04:55]--[md5_cgi.c:280]--user = vyUyGIUPr84M7jSX+NqX3Q==, token = 2c, md5 = bcea6125e85e4724f0bef09845bd861e, filename = ui_login.h
[2020-03-01 14:19:36]--[md5_cgi.c:258]--buf = {
    "filename": "ui_login.h",
    "md5": "bcea6125e85e4724f0bef09845bd861e",
    "token": "37",
    "user": "lp13773477582"
}

[2020-03-01 14:19:36]--[md5_cgi.c:280]--user = vyUyGIUPr84M7jSX+NqX3Q==, token = 37, md5 = bcea6125e85e4724f0bef09845bd861e, filename = ui_login.h
[2020-03-01 14:40:58]--[md5_cgi.c:258]--buf = {
    "filename": "ui_mainwindow.h",
    "md5": "ae0885bfa74a8193194e7f3207c4f21c",
    "token": "b5",
    "user": "lp13773477582"
}

[2020-03-01 14:40:58]--[md5_cgi.c:280]--user = vyUyGIUPr84M7jSX+NqX3Q==, token = b5, md5 = ae0885bfa74a8193194e7f3207c4f21c, filename = ui_mainwindow.h
[2020-03-01 14:48:53]--[md5_cgi.c:258]--buf = {
    "filename": ".qmake.stash",
    "md5": "79d37deb46514fec4e3760cff63e9dfb",
    "token": "c8",
    "user": "lp13773477582"
}

[2020-03-01 14:48:53]--[md5_cgi.c:280]--user = vyUyGIUPr84M7jSX+NqX3Q==, token = c8, md5 = 79d37deb46514fec4e3760cff63e9dfb, filename = .qmake.stash
[2020-03-01 14:57:35]--[md5_cgi.c:258]--buf = {
    "filename": "ui_login.h",
    "md5": "bcea6125e85e4724f0bef09845bd861e",
    "token": "56",
    "user": "lp13773477582"
}

[2020-03-01 14:57:35]--[md5_cgi.c:280]--user = vyUyGIUPr84M7jSX+NqX3Q==, token = 56, md5 = bcea6125e85e4724f0bef09845bd861e, filename = ui_login.h
[2020-03-01 15:01:20]--[md5_cgi.c:258]--buf = {
    "filename": ".qmake.stash",
    "md5": "79d37deb46514fec4e3760cff63e9dfb",
    "token": "1f",
    "user": "lp13773477582"
}

[2020-03-01 15:01:20]--[md5_cgi.c:280]--user = vyUyGIUPr84M7jSX+NqX3Q==, token = 1f, md5 = 79d37deb46514fec4e3760cff63e9dfb, filename = .qmake.stash
[2020-03-01 15:06:37]--[md5_cgi.c:258]--buf = {
    "filename": ".qmake.stash",
    "md5": "79d37deb46514fec4e3760cff63e9dfb",
    "token": "31",
    "user": "lp13773477582"
}

[2020-03-01 15:06:37]--[md5_cgi.c:280]--user = vyUyGIUPr84M7jSX+NqX3Q==, token = 31, md5 = 79d37deb46514fec4e3760cff63e9dfb, filename = .qmake.stash
[2020-03-01 15:14:45]--[md5_cgi.c:258]--buf = {
    "filename": ".qmake.stash",
    "md5": "79d37deb46514fec4e3760cff63e9dfb",
    "token": "82",
    "user": "lp13773477582"
}

[2020-03-01 15:14:45]--[md5_cgi.c:280]--user = vyUyGIUPr84M7jSX+NqX3Q==, token = 82, md5 = 79d37deb46514fec4e3760cff63e9dfb, filename = .qmake.stash
[2020-03-01 15:34:17]--[md5_cgi.c:258]--buf = {
    "filename": ".qmake.stash",
    "md5": "79d37deb46514fec4e3760cff63e9dfb",
    "token": "22",
    "user": "lp13773477582"
}

[2020-03-01 15:34:17]--[md5_cgi.c:280]--user = vyUyGIUPr84M7jSX+NqX3Q==, token = 22, md5 = 79d37deb46514fec4e3760cff63e9dfb, filename = .qmake.stash
[2020-03-01 15:48:14]--[md5_cgi.c:258]--buf = {
    "filename": "ui_login.h",
    "md5": "bcea6125e85e4724f0bef09845bd861e",
    "token": "f8",
    "user": "lp13773477582"
}

[2020-03-01 15:48:14]--[md5_cgi.c:280]--user = vyUyGIUPr84M7jSX+NqX3Q==, token = f8, md5 = bcea6125e85e4724f0bef09845bd861e, filename = ui_login.h
[2020-03-01 15:49:01]--[md5_cgi.c:258]--buf = {
    "filename": ".qmake.stash",
    "md5": "79d37deb46514fec4e3760cff63e9dfb",
    "token": "90",
    "user": "lp13773477582"
}

[2020-03-01 15:49:01]--[md5_cgi.c:280]--user = vyUyGIUPr84M7jSX+NqX3Q==, token = 90, md5 = 79d37deb46514fec4e3760cff63e9dfb, filename = .qmake.stash
[2020-03-01 15:50:00]--[md5_cgi.c:258]--buf = {
    "filename": ".qmake.stash",
    "md5": "79d37deb46514fec4e3760cff63e9dfb",
    "token": "21",
    "user": "lp13773477582"
}

[2020-03-01 15:50:00]--[md5_cgi.c:280]--user = vyUyGIUPr84M7jSX+NqX3Q==, token = 21, md5 = 79d37deb46514fec4e3760cff63e9dfb, filename = .qmake.stash
[2020-03-01 15:51:58]--[md5_cgi.c:258]--buf = {
    "filename": ".qmake.stash",
    "md5": "79d37deb46514fec4e3760cff63e9dfb",
    "token": "09",
    "user": "lp13773477582"
}

[2020-03-01 15:51:58]--[md5_cgi.c:280]--user = vyUyGIUPr84M7jSX+NqX3Q==, token = 09, md5 = 79d37deb46514fec4e3760cff63e9dfb, filename = .qmake.stash
[2020-03-01 16:32:56]--[md5_cgi.c:258]--buf = {
    "filename": ".qmake.stash",
    "md5": "79d37deb46514fec4e3760cff63e9dfb",
    "token": "de",
    "user": "lp13773477582"
}

[2020-03-01 16:32:56]--[md5_cgi.c:280]--user = vyUyGIUPr84M7jSX+NqX3Q==, token = de, md5 = 79d37deb46514fec4e3760cff63e9dfb, filename = .qmake.stash
[2020-03-01 18:03:51]--[md5_cgi.c:258]--buf = {
    "filename": ".qmake.stash",
    "md5": "79d37deb46514fec4e3760cff63e9dfb",
    "token": "7e",
    "user": "lp13773477582"
}

[2020-03-01 18:03:51]--[md5_cgi.c:280]--user = vyUyGIUPr84M7jSX+NqX3Q==, token = 7e, md5 = 79d37deb46514fec4e3760cff63e9dfb, filename = .qmake.stash
[2020-03-01 18:11:08]--[md5_cgi.c:258]--buf = {
    "filename": ".qmake.stash",
    "md5": "79d37deb46514fec4e3760cff63e9dfb",
    "token": "aa",
    "user": "lp13773477582"
}

[2020-03-01 18:11:08]--[md5_cgi.c:280]--user = vyUyGIUPr84M7jSX+NqX3Q==, token = aa, md5 = 79d37deb46514fec4e3760cff63e9dfb, filename = .qmake.stash
[2020-03-01 18:17:37]--[md5_cgi.c:258]--buf = {
    "filename": ".qmake.stash",
    "md5": "79d37deb46514fec4e3760cff63e9dfb",
    "token": "fa",
    "user": "lp13773477582"
}

[2020-03-01 18:17:37]--[md5_cgi.c:280]--user = vyUyGIUPr84M7jSX+NqX3Q==, token = fa, md5 = 79d37deb46514fec4e3760cff63e9dfb, filename = .qmake.stash
[2020-03-01 18:25:00]--[md5_cgi.c:258]--buf = {
    "filename": ".qmake.stash",
    "md5": "79d37deb46514fec4e3760cff63e9dfb",
    "token": "86",
    "user": "lp13773477582"
}

[2020-03-01 18:25:00]--[md5_cgi.c:280]--user = vyUyGIUPr84M7jSX+NqX3Q==, token = 86, md5 = 79d37deb46514fec4e3760cff63e9dfb, filename = .qmake.stash
[2020-03-01 18:44:24]--[md5_cgi.c:258]--buf = {
    "filename": ".qmake.stash",
    "md5": "79d37deb46514fec4e3760cff63e9dfb",
    "token": "e0",
    "user": "lp13773477582"
}

[2020-03-01 18:44:24]--[md5_cgi.c:280]--user = vyUyGIUPr84M7jSX+NqX3Q==, token = e0, md5 = 79d37deb46514fec4e3760cff63e9dfb, filename = .qmake.stash
[2020-03-01 18:51:43]--[md5_cgi.c:258]--buf = {
    "filename": ".qmake.stash",
    "md5": "79d37deb46514fec4e3760cff63e9dfb",
    "token": "2e",
    "user": "lp13773477582"
}

[2020-03-01 18:51:43]--[md5_cgi.c:280]--user = vyUyGIUPr84M7jSX+NqX3Q==, token = 2e, md5 = 79d37deb46514fec4e3760cff63e9dfb, filename = .qmake.stash
