[2020-03-04 09:59:41]--[md5_cgi.c:258]--buf = {
    "filename": "123.png",
    "md5": "65e69a4b4bdfc9bf1fa6a694b8867b92",
    "token": "23",
    "user": "lp13773477582"
}

[2020-03-04 09:59:41]--[md5_cgi.c:280]--user = vyUyGIUPr84M7jSX+NqX3Q==, token = 23, md5 = 65e69a4b4bdfc9bf1fa6a694b8867b92, filename = 123.png
[2020-03-04 09:59:41]--[md5_cgi.c:143]--vyUyGIUPr84M7jSX+NqX3Q==[filename:123.png, md5:65e69a4b4bdfc9bf1fa6a694b8867b92]已存在
[2020-03-04 09:59:41]--[md5_cgi.c:258]--buf = {
    "filename": "123.png",
    "md5": "65e69a4b4bdfc9bf1fa6a694b8867b92",
    "token": "23",
    "user": "lp13773477582"
}

[2020-03-04 09:59:41]--[md5_cgi.c:280]--user = vyUyGIUPr84M7jSX+NqX3Q==, token = 23, md5 = 65e69a4b4bdfc9bf1fa6a694b8867b92, filename = 123.png
[2020-03-04 09:59:41]--[md5_cgi.c:143]--vyUyGIUPr84M7jSX+NqX3Q==[filename:123.png, md5:65e69a4b4bdfc9bf1fa6a694b8867b92]已存在
[2020-03-04 10:02:33]--[md5_cgi.c:258]--buf = {
    "filename": "123.png",
    "md5": "65e69a4b4bdfc9bf1fa6a694b8867b92",
    "token": "7e",
    "user": "lp13773477582"
}

[2020-03-04 10:02:33]--[md5_cgi.c:280]--user = vyUyGIUPr84M7jSX+NqX3Q==, token = 7e, md5 = 65e69a4b4bdfc9bf1fa6a694b8867b92, filename = 123.png
[2020-03-04 10:02:33]--[md5_cgi.c:143]--vyUyGIUPr84M7jSX+NqX3Q==[filename:123.png, md5:65e69a4b4bdfc9bf1fa6a694b8867b92]已存在
[2020-03-04 10:02:33]--[md5_cgi.c:258]--buf = {
    "filename": "123.png",
    "md5": "65e69a4b4bdfc9bf1fa6a694b8867b92",
    "token": "7e",
    "user": "lp13773477582"
}

[2020-03-04 10:02:33]--[md5_cgi.c:280]--user = vyUyGIUPr84M7jSX+NqX3Q==, token = 7e, md5 = 65e69a4b4bdfc9bf1fa6a694b8867b92, filename = 123.png
[2020-03-04 10:02:33]--[md5_cgi.c:143]--vyUyGIUPr84M7jSX+NqX3Q==[filename:123.png, md5:65e69a4b4bdfc9bf1fa6a694b8867b92]已存在
[2020-03-04 10:10:59]--[md5_cgi.c:258]--buf = {
    "filename": "123.png",
    "md5": "65e69a4b4bdfc9bf1fa6a694b8867b92",
    "token": "3d",
    "user": "lp13773477582"
}

[2020-03-04 10:10:59]--[md5_cgi.c:280]--user = vyUyGIUPr84M7jSX+NqX3Q==, token = 3d, md5 = 65e69a4b4bdfc9bf1fa6a694b8867b92, filename = 123.png
[2020-03-04 10:10:59]--[md5_cgi.c:143]--vyUyGIUPr84M7jSX+NqX3Q==[filename:123.png, md5:65e69a4b4bdfc9bf1fa6a694b8867b92]已存在
