[2020-03-03 14:29:44]--[md5_cgi.c:258]--buf = {
    "filename": "捕获1.PNG",
    "md5": "bd1e3b47ef1d6634a306c44695367af0",
    "token": "79",
    "user": "lp13773477582"
}

[2020-03-03 14:29:44]--[md5_cgi.c:280]--user = vyUyGIUPr84M7jSX+NqX3Q==, token = 79, md5 = bd1e3b47ef1d6634a306c44695367af0, filename = 捕获1.PNG
[2020-03-03 14:29:44]--[md5_cgi.c:258]--buf = {
    "filename": "捕获.PNG",
    "md5": "adb1565ef8c89e070be0a8b43b8f4c7f",
    "token": "79",
    "user": "lp13773477582"
}

[2020-03-03 14:29:44]--[md5_cgi.c:280]--user = vyUyGIUPr84M7jSX+NqX3Q==, token = 79, md5 = adb1565ef8c89e070be0a8b43b8f4c7f, filename = 捕获.PNG
[2020-03-03 14:34:38]--[md5_cgi.c:258]--buf = {
    "filename": "实验结果.png",
    "md5": "ca2bf7f8f010757f807a360944357eed",
    "token": "af",
    "user": "lp13773477582"
}

[2020-03-03 14:34:38]--[md5_cgi.c:280]--user = vyUyGIUPr84M7jSX+NqX3Q==, token = af, md5 = ca2bf7f8f010757f807a360944357eed, filename = 实验结果.png
[2020-03-03 14:34:38]--[md5_cgi.c:258]--buf = {
    "filename": "123.png",
    "md5": "65e69a4b4bdfc9bf1fa6a694b8867b92",
    "token": "af",
    "user": "lp13773477582"
}

[2020-03-03 14:34:38]--[md5_cgi.c:280]--user = vyUyGIUPr84M7jSX+NqX3Q==, token = af, md5 = 65e69a4b4bdfc9bf1fa6a694b8867b92, filename = 123.png
[2020-03-03 14:34:38]--[md5_cgi.c:143]--vyUyGIUPr84M7jSX+NqX3Q==[filename:123.png, md5:65e69a4b4bdfc9bf1fa6a694b8867b92]已存在
[2020-03-03 14:40:29]--[md5_cgi.c:258]--buf = {
    "filename": "实验结果.png",
    "md5": "ca2bf7f8f010757f807a360944357eed",
    "token": "66",
    "user": "lp13773477582"
}

[2020-03-03 14:40:29]--[md5_cgi.c:280]--user = vyUyGIUPr84M7jSX+NqX3Q==, token = 66, md5 = ca2bf7f8f010757f807a360944357eed, filename = 实验结果.png
[2020-03-03 14:40:29]--[md5_cgi.c:258]--buf = {
    "filename": "图像处理.png",
    "md5": "f0057f237e4354b7c4344fe2a72383c8",
    "token": "66",
    "user": "lp13773477582"
}

[2020-03-03 14:40:29]--[md5_cgi.c:280]--user = vyUyGIUPr84M7jSX+NqX3Q==, token = 66, md5 = f0057f237e4354b7c4344fe2a72383c8, filename = 图像处理.png
[2020-03-03 14:46:07]--[md5_cgi.c:258]--buf = {
    "filename": "捕获.PNG",
    "md5": "adb1565ef8c89e070be0a8b43b8f4c7f",
    "token": "1d",
    "user": "lp13773477582"
}

[2020-03-03 14:46:07]--[md5_cgi.c:280]--user = vyUyGIUPr84M7jSX+NqX3Q==, token = 1d, md5 = adb1565ef8c89e070be0a8b43b8f4c7f, filename = 捕获.PNG
[2020-03-03 14:51:17]--[md5_cgi.c:258]--buf = {
    "filename": "实验结果.png",
    "md5": "ca2bf7f8f010757f807a360944357eed",
    "token": "54",
    "user": "lp13773477582"
}

[2020-03-03 14:51:17]--[md5_cgi.c:280]--user = vyUyGIUPr84M7jSX+NqX3Q==, token = 54, md5 = ca2bf7f8f010757f807a360944357eed, filename = 实验结果.png
[2020-03-03 14:51:17]--[md5_cgi.c:258]--buf = {
    "filename": "捕获.PNG",
    "md5": "adb1565ef8c89e070be0a8b43b8f4c7f",
    "token": "54",
    "user": "lp13773477582"
}

[2020-03-03 14:51:17]--[md5_cgi.c:280]--user = vyUyGIUPr84M7jSX+NqX3Q==, token = 54, md5 = adb1565ef8c89e070be0a8b43b8f4c7f, filename = 捕获.PNG
[2020-03-03 14:53:59]--[md5_cgi.c:258]--buf = {
    "filename": "实验结果.png",
    "md5": "ca2bf7f8f010757f807a360944357eed",
    "token": "1d",
    "user": "lp13773477582"
}

[2020-03-03 14:53:59]--[md5_cgi.c:280]--user = vyUyGIUPr84M7jSX+NqX3Q==, token = 1d, md5 = ca2bf7f8f010757f807a360944357eed, filename = 实验结果.png
[2020-03-03 14:53:59]--[md5_cgi.c:258]--buf = {
    "filename": "捕获1.PNG",
    "md5": "bd1e3b47ef1d6634a306c44695367af0",
    "token": "1d",
    "user": "lp13773477582"
}

[2020-03-03 14:53:59]--[md5_cgi.c:280]--user = vyUyGIUPr84M7jSX+NqX3Q==, token = 1d, md5 = bd1e3b47ef1d6634a306c44695367af0, filename = 捕获1.PNG
[2020-03-03 15:14:48]--[md5_cgi.c:258]--buf = {
    "filename": "捕获1.PNG",
    "md5": "bd1e3b47ef1d6634a306c44695367af0",
    "token": "1f",
    "user": "lp13773477582"
}

[2020-03-03 15:14:48]--[md5_cgi.c:280]--user = vyUyGIUPr84M7jSX+NqX3Q==, token = 1f, md5 = bd1e3b47ef1d6634a306c44695367af0, filename = 捕获1.PNG
[2020-03-03 15:14:48]--[md5_cgi.c:258]--buf = {
    "filename": "捕获.PNG",
    "md5": "adb1565ef8c89e070be0a8b43b8f4c7f",
    "token": "1f",
    "user": "lp13773477582"
}

[2020-03-03 15:14:48]--[md5_cgi.c:280]--user = vyUyGIUPr84M7jSX+NqX3Q==, token = 1f, md5 = adb1565ef8c89e070be0a8b43b8f4c7f, filename = 捕获.PNG
[2020-03-03 15:19:56]--[md5_cgi.c:258]--buf = {
    "filename": "捕获.PNG",
    "md5": "adb1565ef8c89e070be0a8b43b8f4c7f",
    "token": "c8",
    "user": "lp13773477582"
}

[2020-03-03 15:19:56]--[md5_cgi.c:280]--user = vyUyGIUPr84M7jSX+NqX3Q==, token = c8, md5 = adb1565ef8c89e070be0a8b43b8f4c7f, filename = 捕获.PNG
[2020-03-03 15:19:56]--[md5_cgi.c:258]--buf = {
    "filename": "捕获1.PNG",
    "md5": "bd1e3b47ef1d6634a306c44695367af0",
    "token": "c8",
    "user": "lp13773477582"
}

[2020-03-03 15:19:56]--[md5_cgi.c:280]--user = vyUyGIUPr84M7jSX+NqX3Q==, token = c8, md5 = bd1e3b47ef1d6634a306c44695367af0, filename = 捕获1.PNG
[2020-03-03 15:27:02]--[md5_cgi.c:258]--buf = {
    "filename": "捕获1.PNG",
    "md5": "bd1e3b47ef1d6634a306c44695367af0",
    "token": "b9",
    "user": "lp13773477582"
}

[2020-03-03 15:27:02]--[md5_cgi.c:280]--user = vyUyGIUPr84M7jSX+NqX3Q==, token = b9, md5 = bd1e3b47ef1d6634a306c44695367af0, filename = 捕获1.PNG
[2020-03-03 15:27:02]--[md5_cgi.c:258]--buf = {
    "filename": "捕获.PNG",
    "md5": "adb1565ef8c89e070be0a8b43b8f4c7f",
    "token": "b9",
    "user": "lp13773477582"
}

[2020-03-03 15:27:02]--[md5_cgi.c:280]--user = vyUyGIUPr84M7jSX+NqX3Q==, token = b9, md5 = adb1565ef8c89e070be0a8b43b8f4c7f, filename = 捕获.PNG
[2020-03-03 15:37:38]--[md5_cgi.c:258]--buf = {
    "filename": "捕获.PNG",
    "md5": "adb1565ef8c89e070be0a8b43b8f4c7f",
    "token": "d9",
    "user": "lp13773477582"
}

[2020-03-03 15:37:38]--[md5_cgi.c:280]--user = vyUyGIUPr84M7jSX+NqX3Q==, token = d9, md5 = adb1565ef8c89e070be0a8b43b8f4c7f, filename = 捕获.PNG
[2020-03-03 15:37:38]--[md5_cgi.c:143]--vyUyGIUPr84M7jSX+NqX3Q==[filename:捕获.PNG, md5:adb1565ef8c89e070be0a8b43b8f4c7f]已存在
[2020-03-03 15:37:38]--[md5_cgi.c:258]--buf = {
    "filename": "捕获1.PNG",
    "md5": "bd1e3b47ef1d6634a306c44695367af0",
    "token": "d9",
    "user": "lp13773477582"
}

[2020-03-03 15:37:38]--[md5_cgi.c:280]--user = vyUyGIUPr84M7jSX+NqX3Q==, token = d9, md5 = bd1e3b47ef1d6634a306c44695367af0, filename = 捕获1.PNG
[2020-03-03 15:37:38]--[md5_cgi.c:143]--vyUyGIUPr84M7jSX+NqX3Q==[filename:捕获1.PNG, md5:bd1e3b47ef1d6634a306c44695367af0]已存在
[2020-03-03 15:41:45]--[md5_cgi.c:258]--buf = {
    "filename": "图像处理.png",
    "md5": "f0057f237e4354b7c4344fe2a72383c8",
    "token": "b1",
    "user": "lp13773477582"
}

[2020-03-03 15:41:45]--[md5_cgi.c:280]--user = vyUyGIUPr84M7jSX+NqX3Q==, token = b1, md5 = f0057f237e4354b7c4344fe2a72383c8, filename = 图像处理.png
[2020-03-03 15:41:45]--[md5_cgi.c:258]--buf = {
    "filename": "实验结果.png",
    "md5": "ca2bf7f8f010757f807a360944357eed",
    "token": "b1",
    "user": "lp13773477582"
}

[2020-03-03 15:41:45]--[md5_cgi.c:280]--user = vyUyGIUPr84M7jSX+NqX3Q==, token = b1, md5 = ca2bf7f8f010757f807a360944357eed, filename = 实验结果.png
[2020-03-03 15:48:56]--[md5_cgi.c:258]--buf = {
    "filename": "timg.jpg",
    "md5": "31cfacc0b172e593f522c04f3d4320b6",
    "token": "e3",
    "user": "lp13773477582"
}

[2020-03-03 15:48:56]--[md5_cgi.c:280]--user = vyUyGIUPr84M7jSX+NqX3Q==, token = e3, md5 = 31cfacc0b172e593f522c04f3d4320b6, filename = timg.jpg
[2020-03-03 15:56:09]--[md5_cgi.c:258]--buf = {
    "filename": "9f767e17bb45bcf55d2e3e8633724b6e.jpg",
    "md5": "bd31212eac24a97036af8cf5187064bf",
    "token": "d2",
    "user": "lp13773477582"
}

[2020-03-03 15:56:09]--[md5_cgi.c:280]--user = vyUyGIUPr84M7jSX+NqX3Q==, token = d2, md5 = bd31212eac24a97036af8cf5187064bf, filename = 9f767e17bb45bcf55d2e3e8633724b6e.jpg
[2020-03-03 15:56:09]--[md5_cgi.c:258]--buf = {
    "filename": "5add50f8ee667.jpg",
    "md5": "f4dac1012dc2ca6ca3d817064939bb6e",
    "token": "d2",
    "user": "lp13773477582"
}

[2020-03-03 15:56:09]--[md5_cgi.c:280]--user = vyUyGIUPr84M7jSX+NqX3Q==, token = d2, md5 = f4dac1012dc2ca6ca3d817064939bb6e, filename = 5add50f8ee667.jpg
[2020-03-03 15:56:09]--[md5_cgi.c:258]--buf = {
    "filename": "77b8c1eaa0f3450abf3ca2cb193d8a5d.jpeg",
    "md5": "4b47b84be9df34ceb24674e796232009",
    "token": "d2",
    "user": "lp13773477582"
}

[2020-03-03 15:56:09]--[md5_cgi.c:280]--user = vyUyGIUPr84M7jSX+NqX3Q==, token = d2, md5 = 4b47b84be9df34ceb24674e796232009, filename = 77b8c1eaa0f3450abf3ca2cb193d8a5d.jpeg
[2020-03-03 15:58:41]--[md5_cgi.c:258]--buf = {
    "filename": "十佳团日活动.jpg",
    "md5": "aeb4bf6a8c4014ddb642b229372e98cb",
    "token": "79",
    "user": "lp13773477582"
}

[2020-03-03 15:58:41]--[md5_cgi.c:280]--user = vyUyGIUPr84M7jSX+NqX3Q==, token = 79, md5 = aeb4bf6a8c4014ddb642b229372e98cb, filename = 十佳团日活动.jpg
[2020-03-03 15:58:41]--[md5_cgi.c:258]--buf = {
    "filename": "截图.png",
    "md5": "59381fec7e122866f2232188b924a829",
    "token": "79",
    "user": "lp13773477582"
}

[2020-03-03 15:58:41]--[md5_cgi.c:280]--user = vyUyGIUPr84M7jSX+NqX3Q==, token = 79, md5 = 59381fec7e122866f2232188b924a829, filename = 截图.png
[2020-03-03 15:58:41]--[md5_cgi.c:258]--buf = {
    "filename": "图片1.png",
    "md5": "b981e210bfa8684ff14e96be191def66",
    "token": "79",
    "user": "lp13773477582"
}

[2020-03-03 15:58:41]--[md5_cgi.c:280]--user = vyUyGIUPr84M7jSX+NqX3Q==, token = 79, md5 = b981e210bfa8684ff14e96be191def66, filename = 图片1.png
[2020-03-03 16:35:45]--[md5_cgi.c:258]--buf = {
    "filename": "Camera RollIMG_20180310_160715.jpg",
    "md5": "6e0a1e9f0ab322dafc07d12cc32668c9",
    "token": "f3",
    "user": "lp13773477582"
}

[2020-03-03 16:35:45]--[md5_cgi.c:280]--user = vyUyGIUPr84M7jSX+NqX3Q==, token = f3, md5 = 6e0a1e9f0ab322dafc07d12cc32668c9, filename = Camera RollIMG_20180310_160715.jpg
[2020-03-03 16:35:45]--[md5_cgi.c:258]--buf = {
    "filename": "Camera RollIMG_20180310_161554.jpg",
    "md5": "57101c06cf728c6b1841237e23340b06",
    "token": "f3",
    "user": "lp13773477582"
}

[2020-03-03 16:35:45]--[md5_cgi.c:280]--user = vyUyGIUPr84M7jSX+NqX3Q==, token = f3, md5 = 57101c06cf728c6b1841237e23340b06, filename = Camera RollIMG_20180310_161554.jpg
[2020-03-03 17:04:08]--[md5_cgi.c:258]--buf = {
    "filename": "accdb.png",
    "md5": "b2820c96888f984e4d2a269e5165c2e5",
    "token": "f7",
    "user": "lp13773477582"
}

[2020-03-03 17:04:08]--[md5_cgi.c:280]--user = vyUyGIUPr84M7jSX+NqX3Q==, token = f7, md5 = b2820c96888f984e4d2a269e5165c2e5, filename = accdb.png
[2020-03-03 17:04:08]--[md5_cgi.c:258]--buf = {
    "filename": "avi.png",
    "md5": "2869fd80cf88d03946a1d8b74ffabbac",
    "token": "f7",
    "user": "lp13773477582"
}

[2020-03-03 17:04:08]--[md5_cgi.c:280]--user = vyUyGIUPr84M7jSX+NqX3Q==, token = f7, md5 = 2869fd80cf88d03946a1d8b74ffabbac, filename = avi.png
[2020-03-03 17:04:08]--[md5_cgi.c:258]--buf = {
    "filename": "bmp.png",
    "md5": "ca7410cbdbf4ff5c31932ba985daeaba",
    "token": "f7",
    "user": "lp13773477582"
}

[2020-03-03 17:04:08]--[md5_cgi.c:280]--user = vyUyGIUPr84M7jSX+NqX3Q==, token = f7, md5 = ca7410cbdbf4ff5c31932ba985daeaba, filename = bmp.png
[2020-03-03 17:06:21]--[md5_cgi.c:258]--buf = {
    "filename": "accdb.png",
    "md5": "b2820c96888f984e4d2a269e5165c2e5",
    "token": "90",
    "user": "lp13773477582"
}

[2020-03-03 17:06:21]--[md5_cgi.c:280]--user = vyUyGIUPr84M7jSX+NqX3Q==, token = 90, md5 = b2820c96888f984e4d2a269e5165c2e5, filename = accdb.png
[2020-03-03 17:06:21]--[md5_cgi.c:258]--buf = {
    "filename": "avi.png",
    "md5": "2869fd80cf88d03946a1d8b74ffabbac",
    "token": "90",
    "user": "lp13773477582"
}

[2020-03-03 17:06:21]--[md5_cgi.c:280]--user = vyUyGIUPr84M7jSX+NqX3Q==, token = 90, md5 = 2869fd80cf88d03946a1d8b74ffabbac, filename = avi.png
[2020-03-03 17:06:21]--[md5_cgi.c:258]--buf = {
    "filename": "bmp.png",
    "md5": "ca7410cbdbf4ff5c31932ba985daeaba",
    "token": "90",
    "user": "lp13773477582"
}

[2020-03-03 17:06:21]--[md5_cgi.c:280]--user = vyUyGIUPr84M7jSX+NqX3Q==, token = 90, md5 = ca7410cbdbf4ff5c31932ba985daeaba, filename = bmp.png
[2020-03-03 17:48:23]--[md5_cgi.c:258]--buf = {
    "filename": "bmp.png",
    "md5": "ca7410cbdbf4ff5c31932ba985daeaba",
    "token": "6d",
    "user": "lp13773477582"
}

[2020-03-03 17:48:23]--[md5_cgi.c:280]--user = vyUyGIUPr84M7jSX+NqX3Q==, token = 6d, md5 = ca7410cbdbf4ff5c31932ba985daeaba, filename = bmp.png
[2020-03-03 17:48:23]--[md5_cgi.c:258]--buf = {
    "filename": "avi.png",
    "md5": "2869fd80cf88d03946a1d8b74ffabbac",
    "token": "6d",
    "user": "lp13773477582"
}

[2020-03-03 17:48:23]--[md5_cgi.c:280]--user = vyUyGIUPr84M7jSX+NqX3Q==, token = 6d, md5 = 2869fd80cf88d03946a1d8b74ffabbac, filename = avi.png
[2020-03-03 17:48:23]--[md5_cgi.c:258]--buf = {
    "filename": "accdb.png",
    "md5": "b2820c96888f984e4d2a269e5165c2e5",
    "token": "6d",
    "user": "lp13773477582"
}

[2020-03-03 17:48:23]--[md5_cgi.c:280]--user = vyUyGIUPr84M7jSX+NqX3Q==, token = 6d, md5 = b2820c96888f984e4d2a269e5165c2e5, filename = accdb.png
[2020-03-03 18:15:57]--[md5_cgi.c:258]--buf = {
    "filename": "gz.png",
    "md5": "0c39d13254dd1621bba565dc85ab16f3",
    "token": "0a",
    "user": "lp13773477582"
}

[2020-03-03 18:15:57]--[md5_cgi.c:280]--user = vyUyGIUPr84M7jSX+NqX3Q==, token = 0a, md5 = 0c39d13254dd1621bba565dc85ab16f3, filename = gz.png
[2020-03-03 18:15:57]--[md5_cgi.c:258]--buf = {
    "filename": "ind.png",
    "md5": "422eb344d8968057de609ca58d7cb8eb",
    "token": "0a",
    "user": "lp13773477582"
}

[2020-03-03 18:15:57]--[md5_cgi.c:280]--user = vyUyGIUPr84M7jSX+NqX3Q==, token = 0a, md5 = 422eb344d8968057de609ca58d7cb8eb, filename = ind.png
[2020-03-03 18:15:57]--[md5_cgi.c:258]--buf = {
    "filename": "html.png",
    "md5": "a1e9fd3fb07aee02242ad398f7189dd1",
    "token": "0a",
    "user": "lp13773477582"
}

[2020-03-03 18:15:57]--[md5_cgi.c:280]--user = vyUyGIUPr84M7jSX+NqX3Q==, token = 0a, md5 = a1e9fd3fb07aee02242ad398f7189dd1, filename = html.png
[2020-03-03 18:18:25]--[md5_cgi.c:258]--buf = {
    "filename": "jpg.png",
    "md5": "da620bb6bf584be1be12390b92e81c91",
    "token": "fe",
    "user": "lp13773477582"
}

[2020-03-03 18:18:25]--[md5_cgi.c:280]--user = vyUyGIUPr84M7jSX+NqX3Q==, token = fe, md5 = da620bb6bf584be1be12390b92e81c91, filename = jpg.png
[2020-03-03 18:18:25]--[md5_cgi.c:258]--buf = {
    "filename": "jsf.png",
    "md5": "68998a52de5e0dd4f081329b0d6bf736",
    "token": "fe",
    "user": "lp13773477582"
}

[2020-03-03 18:18:25]--[md5_cgi.c:280]--user = vyUyGIUPr84M7jSX+NqX3Q==, token = fe, md5 = 68998a52de5e0dd4f081329b0d6bf736, filename = jsf.png
[2020-03-03 18:18:25]--[md5_cgi.c:258]--buf = {
    "filename": "midi.png",
    "md5": "5f73439cc992eacdb045293dbb28027a",
    "token": "fe",
    "user": "lp13773477582"
}

[2020-03-03 18:18:25]--[md5_cgi.c:280]--user = vyUyGIUPr84M7jSX+NqX3Q==, token = fe, md5 = 5f73439cc992eacdb045293dbb28027a, filename = midi.png
[2020-03-03 18:19:48]--[md5_cgi.c:258]--buf = {
    "filename": "zip.png",
    "md5": "0c39d13254dd1621bba565dc85ab16f3",
    "token": "d1",
    "user": "lp13773477582"
}

[2020-03-03 18:19:48]--[md5_cgi.c:280]--user = vyUyGIUPr84M7jSX+NqX3Q==, token = d1, md5 = 0c39d13254dd1621bba565dc85ab16f3, filename = zip.png
[2020-03-03 18:19:48]--[md5_cgi.c:258]--buf = {
    "filename": "xlsx_mac.png",
    "md5": "2437ab280b4075f0a989e2cdc74159ec",
    "token": "d1",
    "user": "lp13773477582"
}

[2020-03-03 18:19:48]--[md5_cgi.c:280]--user = vyUyGIUPr84M7jSX+NqX3Q==, token = d1, md5 = 2437ab280b4075f0a989e2cdc74159ec, filename = xlsx_mac.png
[2020-03-03 18:19:48]--[md5_cgi.c:258]--buf = {
    "filename": "xlsx.png",
    "md5": "381176119defd395cf61c1343af79e26",
    "token": "d1",
    "user": "lp13773477582"
}

[2020-03-03 18:19:48]--[md5_cgi.c:280]--user = vyUyGIUPr84M7jSX+NqX3Q==, token = d1, md5 = 381176119defd395cf61c1343af79e26, filename = xlsx.png
[2020-03-03 18:21:43]--[md5_cgi.c:258]--buf = {
    "filename": "ui_buttongroup.h",
    "md5": "91c9e9ccdf9c93712630f662f8f09758",
    "token": "2e",
    "user": "lp13773477582"
}

[2020-03-03 18:21:43]--[md5_cgi.c:280]--user = vyUyGIUPr84M7jSX+NqX3Q==, token = 2e, md5 = 91c9e9ccdf9c93712630f662f8f09758, filename = ui_buttongroup.h
[2020-03-03 18:27:36]--[md5_cgi.c:258]--buf = {
    "filename": "config.json",
    "md5": "f36cbe1ffe2771cf285512d485084186",
    "token": "45",
    "user": "lp13773477582"
}

[2020-03-03 18:27:36]--[md5_cgi.c:280]--user = vyUyGIUPr84M7jSX+NqX3Q==, token = 45, md5 = f36cbe1ffe2771cf285512d485084186, filename = config.json
[2020-03-03 18:31:01]--[md5_cgi.c:258]--buf = {
    "filename": "config.json",
    "md5": "f36cbe1ffe2771cf285512d485084186",
    "token": "84",
    "user": "lp13773477582"
}

[2020-03-03 18:31:01]--[md5_cgi.c:280]--user = vyUyGIUPr84M7jSX+NqX3Q==, token = 84, md5 = f36cbe1ffe2771cf285512d485084186, filename = config.json
[2020-03-03 18:31:01]--[md5_cgi.c:143]--vyUyGIUPr84M7jSX+NqX3Q==[filename:config.json, md5:f36cbe1ffe2771cf285512d485084186]已存在
[2020-03-03 18:37:01]--[md5_cgi.c:258]--buf = {
    "filename": "config.json",
    "md5": "f36cbe1ffe2771cf285512d485084186",
    "token": "2a",
    "user": "lp13773477582"
}

[2020-03-03 18:37:01]--[md5_cgi.c:280]--user = vyUyGIUPr84M7jSX+NqX3Q==, token = 2a, md5 = f36cbe1ffe2771cf285512d485084186, filename = config.json
[2020-03-03 18:37:01]--[md5_cgi.c:143]--vyUyGIUPr84M7jSX+NqX3Q==[filename:config.json, md5:f36cbe1ffe2771cf285512d485084186]已存在
[2020-03-03 18:38:23]--[md5_cgi.c:258]--buf = {
    "filename": "config.json",
    "md5": "f36cbe1ffe2771cf285512d485084186",
    "token": "d4",
    "user": "lp13773477582"
}

[2020-03-03 18:38:23]--[md5_cgi.c:280]--user = vyUyGIUPr84M7jSX+NqX3Q==, token = d4, md5 = f36cbe1ffe2771cf285512d485084186, filename = config.json
[2020-03-03 18:38:23]--[md5_cgi.c:143]--vyUyGIUPr84M7jSX+NqX3Q==[filename:config.json, md5:f36cbe1ffe2771cf285512d485084186]已存在
[2020-03-03 18:39:30]--[md5_cgi.c:258]--buf = {
    "filename": "config.json",
    "md5": "f36cbe1ffe2771cf285512d485084186",
    "token": "65",
    "user": "lp13773477582"
}

[2020-03-03 18:39:30]--[md5_cgi.c:280]--user = vyUyGIUPr84M7jSX+NqX3Q==, token = 65, md5 = f36cbe1ffe2771cf285512d485084186, filename = config.json
[2020-03-03 18:39:30]--[md5_cgi.c:143]--vyUyGIUPr84M7jSX+NqX3Q==[filename:config.json, md5:f36cbe1ffe2771cf285512d485084186]已存在
[2020-03-03 18:41:14]--[md5_cgi.c:258]--buf = {
    "filename": "config.json",
    "md5": "f36cbe1ffe2771cf285512d485084186",
    "token": "3d",
    "user": "lp13773477582"
}

[2020-03-03 18:41:14]--[md5_cgi.c:280]--user = vyUyGIUPr84M7jSX+NqX3Q==, token = 3d, md5 = f36cbe1ffe2771cf285512d485084186, filename = config.json
[2020-03-03 18:41:14]--[md5_cgi.c:143]--vyUyGIUPr84M7jSX+NqX3Q==[filename:config.json, md5:f36cbe1ffe2771cf285512d485084186]已存在
[2020-03-03 18:43:04]--[md5_cgi.c:258]--buf = {
    "filename": "config.json",
    "md5": "f36cbe1ffe2771cf285512d485084186",
    "token": "39",
    "user": "lp13773477582"
}

[2020-03-03 18:43:04]--[md5_cgi.c:280]--user = vyUyGIUPr84M7jSX+NqX3Q==, token = 39, md5 = f36cbe1ffe2771cf285512d485084186, filename = config.json
[2020-03-03 18:43:04]--[md5_cgi.c:143]--vyUyGIUPr84M7jSX+NqX3Q==[filename:config.json, md5:f36cbe1ffe2771cf285512d485084186]已存在
[2020-03-03 18:44:29]--[md5_cgi.c:258]--buf = {
    "filename": "lp13773477582",
    "md5": "fbb5fc3d9d583c84a1ba8dc55594cbbb",
    "token": "49",
    "user": "lp13773477582"
}

[2020-03-03 18:44:29]--[md5_cgi.c:280]--user = vyUyGIUPr84M7jSX+NqX3Q==, token = 49, md5 = fbb5fc3d9d583c84a1ba8dc55594cbbb, filename = lp13773477582
[2020-03-03 19:10:11]--[md5_cgi.c:258]--buf = {
    "filename": "config.json",
    "md5": "f36cbe1ffe2771cf285512d485084186",
    "token": "0b",
    "user": "lp13773477582"
}

[2020-03-03 19:10:11]--[md5_cgi.c:280]--user = vyUyGIUPr84M7jSX+NqX3Q==, token = 0b, md5 = f36cbe1ffe2771cf285512d485084186, filename = config.json
[2020-03-03 19:10:11]--[md5_cgi.c:143]--vyUyGIUPr84M7jSX+NqX3Q==[filename:config.json, md5:f36cbe1ffe2771cf285512d485084186]已存在
[2020-03-03 19:11:59]--[md5_cgi.c:258]--buf = {
    "filename": "config.json",
    "md5": "f36cbe1ffe2771cf285512d485084186",
    "token": "7d",
    "user": "lp13773477582"
}

[2020-03-03 19:11:59]--[md5_cgi.c:280]--user = vyUyGIUPr84M7jSX+NqX3Q==, token = 7d, md5 = f36cbe1ffe2771cf285512d485084186, filename = config.json
[2020-03-03 19:11:59]--[md5_cgi.c:143]--vyUyGIUPr84M7jSX+NqX3Q==[filename:config.json, md5:f36cbe1ffe2771cf285512d485084186]已存在
[2020-03-03 19:13:54]--[md5_cgi.c:258]--buf = {
    "filename": "config.json",
    "md5": "f36cbe1ffe2771cf285512d485084186",
    "token": "b7",
    "user": "lp13773477582"
}

[2020-03-03 19:13:54]--[md5_cgi.c:280]--user = vyUyGIUPr84M7jSX+NqX3Q==, token = b7, md5 = f36cbe1ffe2771cf285512d485084186, filename = config.json
[2020-03-03 19:13:54]--[md5_cgi.c:143]--vyUyGIUPr84M7jSX+NqX3Q==[filename:config.json, md5:f36cbe1ffe2771cf285512d485084186]已存在
[2020-03-03 19:27:54]--[md5_cgi.c:258]--buf = {
    "filename": "config.json",
    "md5": "f36cbe1ffe2771cf285512d485084186",
    "token": "6b",
    "user": "lp13773477582"
}

[2020-03-03 19:27:54]--[md5_cgi.c:280]--user = vyUyGIUPr84M7jSX+NqX3Q==, token = 6b, md5 = f36cbe1ffe2771cf285512d485084186, filename = config.json
[2020-03-03 19:27:54]--[md5_cgi.c:143]--vyUyGIUPr84M7jSX+NqX3Q==[filename:config.json, md5:f36cbe1ffe2771cf285512d485084186]已存在
[2020-03-03 19:29:03]--[md5_cgi.c:258]--buf = {
    "filename": "config.json",
    "md5": "f36cbe1ffe2771cf285512d485084186",
    "token": "35",
    "user": "lp13773477582"
}

[2020-03-03 19:29:03]--[md5_cgi.c:280]--user = vyUyGIUPr84M7jSX+NqX3Q==, token = 35, md5 = f36cbe1ffe2771cf285512d485084186, filename = config.json
[2020-03-03 19:29:03]--[md5_cgi.c:143]--vyUyGIUPr84M7jSX+NqX3Q==[filename:config.json, md5:f36cbe1ffe2771cf285512d485084186]已存在
[2020-03-03 19:34:22]--[md5_cgi.c:258]--buf = {
    "filename": "config.json",
    "md5": "f36cbe1ffe2771cf285512d485084186",
    "token": "8e",
    "user": "lp13773477582"
}

[2020-03-03 19:34:22]--[md5_cgi.c:280]--user = vyUyGIUPr84M7jSX+NqX3Q==, token = 8e, md5 = f36cbe1ffe2771cf285512d485084186, filename = config.json
[2020-03-03 19:34:22]--[md5_cgi.c:143]--vyUyGIUPr84M7jSX+NqX3Q==[filename:config.json, md5:f36cbe1ffe2771cf285512d485084186]已存在
[2020-03-03 19:38:47]--[md5_cgi.c:258]--buf = {
    "filename": "rar.png",
    "md5": "0141bb5134645ac80764dbff546d4a7b",
    "token": "a4",
    "user": "lp13773477582"
}

[2020-03-03 19:38:47]--[md5_cgi.c:280]--user = vyUyGIUPr84M7jSX+NqX3Q==, token = a4, md5 = 0141bb5134645ac80764dbff546d4a7b, filename = rar.png
[2020-03-03 19:49:18]--[md5_cgi.c:258]--buf = {
    "filename": "config.json",
    "md5": "f36cbe1ffe2771cf285512d485084186",
    "token": "aa",
    "user": "lp13773477582"
}

[2020-03-03 19:49:18]--[md5_cgi.c:280]--user = vyUyGIUPr84M7jSX+NqX3Q==, token = aa, md5 = f36cbe1ffe2771cf285512d485084186, filename = config.json
[2020-03-03 19:49:18]--[md5_cgi.c:143]--vyUyGIUPr84M7jSX+NqX3Q==[filename:config.json, md5:f36cbe1ffe2771cf285512d485084186]已存在
