[2020-03-02 15:43:54]--[md5_cgi.c:258]--buf = {
    "filename": ".qmake.stash",
    "md5": "79d37deb46514fec4e3760cff63e9dfb",
    "token": "06",
    "user": "lp13773477582"
}

[2020-03-02 15:43:54]--[md5_cgi.c:280]--user = vyUyGIUPr84M7jSX+NqX3Q==, token = 06, md5 = 79d37deb46514fec4e3760cff63e9dfb, filename = .qmake.stash
[2020-03-02 15:48:04]--[md5_cgi.c:258]--buf = {
    "filename": ".qmake.stash",
    "md5": "79d37deb46514fec4e3760cff63e9dfb",
    "token": "32",
    "user": "lp13773477582"
}

[2020-03-02 15:48:04]--[md5_cgi.c:280]--user = vyUyGIUPr84M7jSX+NqX3Q==, token = 32, md5 = 79d37deb46514fec4e3760cff63e9dfb, filename = .qmake.stash
[2020-03-02 15:52:51]--[md5_cgi.c:258]--buf = {
    "filename": ".qmake.stash",
    "md5": "79d37deb46514fec4e3760cff63e9dfb",
    "token": "55",
    "user": "lp13773477582"
}

[2020-03-02 15:52:51]--[md5_cgi.c:280]--user = vyUyGIUPr84M7jSX+NqX3Q==, token = 55, md5 = 79d37deb46514fec4e3760cff63e9dfb, filename = .qmake.stash
[2020-03-02 15:57:35]--[md5_cgi.c:258]--buf = {
    "filename": ".qmake.stash",
    "md5": "79d37deb46514fec4e3760cff63e9dfb",
    "token": "53",
    "user": "lp13773477582"
}

[2020-03-02 15:57:35]--[md5_cgi.c:280]--user = vyUyGIUPr84M7jSX+NqX3Q==, token = 53, md5 = 79d37deb46514fec4e3760cff63e9dfb, filename = .qmake.stash
[2020-03-02 16:00:20]--[md5_cgi.c:258]--buf = {
    "filename": ".qmake.stash",
    "md5": "79d37deb46514fec4e3760cff63e9dfb",
    "token": "f8",
    "user": "lp13773477582"
}

[2020-03-02 16:00:20]--[md5_cgi.c:280]--user = vyUyGIUPr84M7jSX+NqX3Q==, token = f8, md5 = 79d37deb46514fec4e3760cff63e9dfb, filename = .qmake.stash
[2020-03-02 16:17:31]--[md5_cgi.c:258]--buf = {
    "filename": ".qmake.stash",
    "md5": "79d37deb46514fec4e3760cff63e9dfb",
    "token": "3c",
    "user": "lp13773477582"
}

[2020-03-02 16:17:31]--[md5_cgi.c:280]--user = vyUyGIUPr84M7jSX+NqX3Q==, token = 3c, md5 = 79d37deb46514fec4e3760cff63e9dfb, filename = .qmake.stash
[2020-03-02 16:27:15]--[md5_cgi.c:258]--buf = {
    "filename": ".qmake.stash",
    "md5": "79d37deb46514fec4e3760cff63e9dfb",
    "token": "c7",
    "user": "lp13773477582"
}

[2020-03-02 16:27:15]--[md5_cgi.c:280]--user = vyUyGIUPr84M7jSX+NqX3Q==, token = c7, md5 = 79d37deb46514fec4e3760cff63e9dfb, filename = .qmake.stash
[2020-03-02 16:27:15]--[md5_cgi.c:143]--vyUyGIUPr84M7jSX+NqX3Q==[filename:.qmake.stash, md5:79d37deb46514fec4e3760cff63e9dfb]已存在
[2020-03-02 16:48:56]--[md5_cgi.c:258]--buf = {
    "filename": ".qmake.stash",
    "md5": "79d37deb46514fec4e3760cff63e9dfb",
    "token": "c9",
    "user": "lp13773477582"
}

[2020-03-02 16:48:56]--[md5_cgi.c:280]--user = vyUyGIUPr84M7jSX+NqX3Q==, token = c9, md5 = 79d37deb46514fec4e3760cff63e9dfb, filename = .qmake.stash
[2020-03-02 16:48:56]--[md5_cgi.c:143]--vyUyGIUPr84M7jSX+NqX3Q==[filename:.qmake.stash, md5:79d37deb46514fec4e3760cff63e9dfb]已存在
[2020-03-02 16:55:50]--[md5_cgi.c:258]--buf = {
    "filename": ".qmake.stash",
    "md5": "79d37deb46514fec4e3760cff63e9dfb",
    "token": "6b",
    "user": "lp13773477582"
}

[2020-03-02 16:55:50]--[md5_cgi.c:280]--user = vyUyGIUPr84M7jSX+NqX3Q==, token = 6b, md5 = 79d37deb46514fec4e3760cff63e9dfb, filename = .qmake.stash
[2020-03-02 16:55:50]--[md5_cgi.c:143]--vyUyGIUPr84M7jSX+NqX3Q==[filename:.qmake.stash, md5:79d37deb46514fec4e3760cff63e9dfb]已存在
[2020-03-02 17:08:50]--[md5_cgi.c:258]--buf = {
    "filename": ".qmake.stash",
    "md5": "79d37deb46514fec4e3760cff63e9dfb",
    "token": "41",
    "user": "lp13773477582"
}

[2020-03-02 17:08:50]--[md5_cgi.c:280]--user = vyUyGIUPr84M7jSX+NqX3Q==, token = 41, md5 = 79d37deb46514fec4e3760cff63e9dfb, filename = .qmake.stash
[2020-03-02 17:08:50]--[md5_cgi.c:143]--vyUyGIUPr84M7jSX+NqX3Q==[filename:.qmake.stash, md5:79d37deb46514fec4e3760cff63e9dfb]已存在
[2020-03-02 17:10:28]--[md5_cgi.c:258]--buf = {
    "filename": ".qmake.stash",
    "md5": "79d37deb46514fec4e3760cff63e9dfb",
    "token": "a5",
    "user": "lp13773477582"
}

[2020-03-02 17:10:28]--[md5_cgi.c:280]--user = vyUyGIUPr84M7jSX+NqX3Q==, token = a5, md5 = 79d37deb46514fec4e3760cff63e9dfb, filename = .qmake.stash
[2020-03-02 17:10:28]--[md5_cgi.c:143]--vyUyGIUPr84M7jSX+NqX3Q==[filename:.qmake.stash, md5:79d37deb46514fec4e3760cff63e9dfb]已存在
[2020-03-02 17:11:20]--[md5_cgi.c:258]--buf = {
    "filename": "Makefile.Debug",
    "md5": "0ecaf705921c2b157d8a99f5dd19b8ba",
    "token": "cd",
    "user": "lp13773477582"
}

[2020-03-02 17:11:20]--[md5_cgi.c:280]--user = vyUyGIUPr84M7jSX+NqX3Q==, token = cd, md5 = 0ecaf705921c2b157d8a99f5dd19b8ba, filename = Makefile.Debug
[2020-03-02 17:50:40]--[md5_cgi.c:258]--buf = {
    "filename": "123.png",
    "md5": "65e69a4b4bdfc9bf1fa6a694b8867b92",
    "token": "9d",
    "user": "lp13773477582"
}

[2020-03-02 17:50:40]--[md5_cgi.c:280]--user = vyUyGIUPr84M7jSX+NqX3Q==, token = 9d, md5 = 65e69a4b4bdfc9bf1fa6a694b8867b92, filename = 123.png
[2020-03-02 18:01:55]--[md5_cgi.c:258]--buf = {
    "filename": "ui_buttongroup.h",
    "md5": "91c9e9ccdf9c93712630f662f8f09758",
    "token": "ea",
    "user": "lp13773477582"
}

[2020-03-02 18:01:55]--[md5_cgi.c:280]--user = vyUyGIUPr84M7jSX+NqX3Q==, token = ea, md5 = 91c9e9ccdf9c93712630f662f8f09758, filename = ui_buttongroup.h
[2020-03-02 18:28:36]--[md5_cgi.c:258]--buf = {
    "filename": "实验结果.png",
    "md5": "ca2bf7f8f010757f807a360944357eed",
    "token": "84",
    "user": "lp13773477582"
}

[2020-03-02 18:28:36]--[md5_cgi.c:280]--user = vyUyGIUPr84M7jSX+NqX3Q==, token = 84, md5 = ca2bf7f8f010757f807a360944357eed, filename = 实验结果.png
[2020-03-02 18:30:06]--[md5_cgi.c:258]--buf = {
    "filename": "图像处理.png",
    "md5": "f0057f237e4354b7c4344fe2a72383c8",
    "token": "33",
    "user": "lp13773477582"
}

[2020-03-02 18:30:06]--[md5_cgi.c:280]--user = vyUyGIUPr84M7jSX+NqX3Q==, token = 33, md5 = f0057f237e4354b7c4344fe2a72383c8, filename = 图像处理.png
[2020-03-02 20:12:40]--[md5_cgi.c:258]--buf = {
    "filename": "123.png",
    "md5": "65e69a4b4bdfc9bf1fa6a694b8867b92",
    "token": "d9",
    "user": "lp13773477582"
}

[2020-03-02 20:12:40]--[md5_cgi.c:280]--user = vyUyGIUPr84M7jSX+NqX3Q==, token = d9, md5 = 65e69a4b4bdfc9bf1fa6a694b8867b92, filename = 123.png
[2020-03-02 20:12:40]--[md5_cgi.c:258]--buf = {
    "filename": "QQ.PNG",
    "md5": "6ed63ed26636251d0d91ba1e9c2ae64f",
    "token": "d9",
    "user": "lp13773477582"
}

[2020-03-02 20:12:40]--[md5_cgi.c:280]--user = vyUyGIUPr84M7jSX+NqX3Q==, token = d9, md5 = 6ed63ed26636251d0d91ba1e9c2ae64f, filename = QQ.PNG
[2020-03-02 20:27:16]--[md5_cgi.c:258]--buf = {
    "filename": "实验结果.png",
    "md5": "ca2bf7f8f010757f807a360944357eed",
    "token": "5b",
    "user": "lp13773477582"
}

[2020-03-02 20:27:16]--[md5_cgi.c:280]--user = vyUyGIUPr84M7jSX+NqX3Q==, token = 5b, md5 = ca2bf7f8f010757f807a360944357eed, filename = 实验结果.png
[2020-03-02 20:27:16]--[md5_cgi.c:258]--buf = {
    "filename": "图像处理.png",
    "md5": "f0057f237e4354b7c4344fe2a72383c8",
    "token": "5b",
    "user": "lp13773477582"
}

[2020-03-02 20:27:16]--[md5_cgi.c:280]--user = vyUyGIUPr84M7jSX+NqX3Q==, token = 5b, md5 = f0057f237e4354b7c4344fe2a72383c8, filename = 图像处理.png
