[2020-03-14 17:10:26]--[mydisk_cgi.c:438]--query cmd=count
[2020-03-14 17:10:26]--[mydisk_cgi.c:471]--buf = {
    "token": "fa",
    "user": "lp13773477582"
}

[2020-03-14 17:10:26]--[mydisk_cgi.c:438]--query cmd=normal
[2020-03-14 17:10:26]--[mydisk_cgi.c:471]--buf = {
    "count": 10,
    "start": 0,
    "token": "fa",
    "user": "lp13773477582"
}

[2020-03-14 17:10:26]--[mydisk_cgi.c:506]--user = vyUyGIUPr84M7jSX+NqX3Q==, token = fa, start = 0, count = 10
[2020-03-14 17:10:26]--[mydisk_cgi.c:286]--select user_file_list.*,file_info.url,file_info.size,file_info.type from file_info,user_file_list where user='vyUyGIUPr84M7jSX+NqX3Q==' and file_info.md5=user_file_list.md5 limit 0,10 在操作
[2020-03-14 17:10:26]--[mydisk_cgi.c:438]--query cmd=normal
[2020-03-14 17:10:26]--[mydisk_cgi.c:471]--buf = {
    "count": 1,
    "start": 10,
    "token": "fa",
    "user": "lp13773477582"
}

[2020-03-14 17:10:26]--[mydisk_cgi.c:506]--user = vyUyGIUPr84M7jSX+NqX3Q==, token = fa, start = 10, count = 1
[2020-03-14 17:10:26]--[mydisk_cgi.c:286]--select user_file_list.*,file_info.url,file_info.size,file_info.type from file_info,user_file_list where user='vyUyGIUPr84M7jSX+NqX3Q==' and file_info.md5=user_file_list.md5 limit 10,1 在操作
[2020-03-14 17:12:00]--[mydisk_cgi.c:438]--query cmd=count
[2020-03-14 17:12:00]--[mydisk_cgi.c:471]--buf = {
    "token": "9c",
    "user": "lp13773477582"
}

[2020-03-14 17:12:00]--[mydisk_cgi.c:438]--query cmd=normal
[2020-03-14 17:12:00]--[mydisk_cgi.c:471]--buf = {
    "count": 10,
    "start": 0,
    "token": "9c",
    "user": "lp13773477582"
}

[2020-03-14 17:12:00]--[mydisk_cgi.c:506]--user = vyUyGIUPr84M7jSX+NqX3Q==, token = 9c, start = 0, count = 10
[2020-03-14 17:12:00]--[mydisk_cgi.c:286]--select user_file_list.*,file_info.url,file_info.size,file_info.type from file_info,user_file_list where user='vyUyGIUPr84M7jSX+NqX3Q==' and file_info.md5=user_file_list.md5 limit 0,10 在操作
[2020-03-14 17:12:00]--[mydisk_cgi.c:438]--query cmd=normal
[2020-03-14 17:12:00]--[mydisk_cgi.c:471]--buf = {
    "count": 1,
    "start": 10,
    "token": "9c",
    "user": "lp13773477582"
}

[2020-03-14 17:12:00]--[mydisk_cgi.c:506]--user = vyUyGIUPr84M7jSX+NqX3Q==, token = 9c, start = 10, count = 1
[2020-03-14 17:12:00]--[mydisk_cgi.c:286]--select user_file_list.*,file_info.url,file_info.size,file_info.type from file_info,user_file_list where user='vyUyGIUPr84M7jSX+NqX3Q==' and file_info.md5=user_file_list.md5 limit 10,1 在操作
[2020-03-14 17:23:53]--[mydisk_cgi.c:438]--query cmd=count
[2020-03-14 17:23:53]--[mydisk_cgi.c:471]--buf = {
    "token": "2b",
    "user": "lp13773477582"
}

[2020-03-14 17:23:54]--[mydisk_cgi.c:438]--query cmd=normal
[2020-03-14 17:23:54]--[mydisk_cgi.c:471]--buf = {
    "count": 10,
    "start": 0,
    "token": "2b",
    "user": "lp13773477582"
}

[2020-03-14 17:23:54]--[mydisk_cgi.c:506]--user = vyUyGIUPr84M7jSX+NqX3Q==, token = 2b, start = 0, count = 10
[2020-03-14 17:23:54]--[mydisk_cgi.c:286]--select user_file_list.*,file_info.url,file_info.size,file_info.type from file_info,user_file_list where user='vyUyGIUPr84M7jSX+NqX3Q==' and file_info.md5=user_file_list.md5 limit 0,10 在操作
[2020-03-14 17:23:54]--[mydisk_cgi.c:438]--query cmd=normal
[2020-03-14 17:23:54]--[mydisk_cgi.c:471]--buf = {
    "count": 1,
    "start": 10,
    "token": "2b",
    "user": "lp13773477582"
}

[2020-03-14 17:23:54]--[mydisk_cgi.c:506]--user = vyUyGIUPr84M7jSX+NqX3Q==, token = 2b, start = 10, count = 1
[2020-03-14 17:23:54]--[mydisk_cgi.c:286]--select user_file_list.*,file_info.url,file_info.size,file_info.type from file_info,user_file_list where user='vyUyGIUPr84M7jSX+NqX3Q==' and file_info.md5=user_file_list.md5 limit 10,1 在操作
[2020-03-14 17:24:34]--[mydisk_cgi.c:438]--query cmd=count
[2020-03-14 17:24:34]--[mydisk_cgi.c:471]--buf = {
    "token": "90",
    "user": "lp13773477582"
}

[2020-03-14 17:24:35]--[mydisk_cgi.c:438]--query cmd=normal
[2020-03-14 17:24:35]--[mydisk_cgi.c:471]--buf = {
    "count": 10,
    "start": 0,
    "token": "90",
    "user": "lp13773477582"
}

[2020-03-14 17:24:35]--[mydisk_cgi.c:506]--user = vyUyGIUPr84M7jSX+NqX3Q==, token = 90, start = 0, count = 10
[2020-03-14 17:24:35]--[mydisk_cgi.c:286]--select user_file_list.*,file_info.url,file_info.size,file_info.type from file_info,user_file_list where user='vyUyGIUPr84M7jSX+NqX3Q==' and file_info.md5=user_file_list.md5 limit 0,10 在操作
[2020-03-14 17:24:35]--[mydisk_cgi.c:438]--query cmd=normal
[2020-03-14 17:24:35]--[mydisk_cgi.c:471]--buf = {
    "count": 1,
    "start": 10,
    "token": "90",
    "user": "lp13773477582"
}

[2020-03-14 17:24:35]--[mydisk_cgi.c:506]--user = vyUyGIUPr84M7jSX+NqX3Q==, token = 90, start = 10, count = 1
[2020-03-14 17:24:35]--[mydisk_cgi.c:286]--select user_file_list.*,file_info.url,file_info.size,file_info.type from file_info,user_file_list where user='vyUyGIUPr84M7jSX+NqX3Q==' and file_info.md5=user_file_list.md5 limit 10,1 在操作
[2020-03-14 17:27:31]--[mydisk_cgi.c:438]--query cmd=count
[2020-03-14 17:27:31]--[mydisk_cgi.c:471]--buf = {
    "token": "f0",
    "user": "lp13773477582"
}

[2020-03-14 17:27:31]--[mydisk_cgi.c:438]--query cmd=normal
[2020-03-14 17:27:31]--[mydisk_cgi.c:471]--buf = {
    "count": 10,
    "start": 0,
    "token": "f0",
    "user": "lp13773477582"
}

[2020-03-14 17:27:31]--[mydisk_cgi.c:506]--user = vyUyGIUPr84M7jSX+NqX3Q==, token = f0, start = 0, count = 10
[2020-03-14 17:27:31]--[mydisk_cgi.c:286]--select user_file_list.*,file_info.url,file_info.size,file_info.type from file_info,user_file_list where user='vyUyGIUPr84M7jSX+NqX3Q==' and file_info.md5=user_file_list.md5 limit 0,10 在操作
[2020-03-14 17:27:31]--[mydisk_cgi.c:438]--query cmd=normal
[2020-03-14 17:27:31]--[mydisk_cgi.c:471]--buf = {
    "count": 1,
    "start": 10,
    "token": "f0",
    "user": "lp13773477582"
}

[2020-03-14 17:27:31]--[mydisk_cgi.c:506]--user = vyUyGIUPr84M7jSX+NqX3Q==, token = f0, start = 10, count = 1
[2020-03-14 17:27:31]--[mydisk_cgi.c:286]--select user_file_list.*,file_info.url,file_info.size,file_info.type from file_info,user_file_list where user='vyUyGIUPr84M7jSX+NqX3Q==' and file_info.md5=user_file_list.md5 limit 10,1 在操作
[2020-03-14 17:28:34]--[mydisk_cgi.c:438]--query cmd=count
[2020-03-14 17:28:34]--[mydisk_cgi.c:471]--buf = {
    "token": "69",
    "user": "lp13773477582"
}

[2020-03-14 17:28:34]--[mydisk_cgi.c:438]--query cmd=normal
[2020-03-14 17:28:34]--[mydisk_cgi.c:471]--buf = {
    "count": 10,
    "start": 0,
    "token": "69",
    "user": "lp13773477582"
}

[2020-03-14 17:28:34]--[mydisk_cgi.c:506]--user = vyUyGIUPr84M7jSX+NqX3Q==, token = 69, start = 0, count = 10
[2020-03-14 17:28:34]--[mydisk_cgi.c:286]--select user_file_list.*,file_info.url,file_info.size,file_info.type from file_info,user_file_list where user='vyUyGIUPr84M7jSX+NqX3Q==' and file_info.md5=user_file_list.md5 limit 0,10 在操作
[2020-03-14 17:28:34]--[mydisk_cgi.c:438]--query cmd=normal
[2020-03-14 17:28:34]--[mydisk_cgi.c:471]--buf = {
    "count": 1,
    "start": 10,
    "token": "69",
    "user": "lp13773477582"
}

[2020-03-14 17:28:34]--[mydisk_cgi.c:506]--user = vyUyGIUPr84M7jSX+NqX3Q==, token = 69, start = 10, count = 1
[2020-03-14 17:28:34]--[mydisk_cgi.c:286]--select user_file_list.*,file_info.url,file_info.size,file_info.type from file_info,user_file_list where user='vyUyGIUPr84M7jSX+NqX3Q==' and file_info.md5=user_file_list.md5 limit 10,1 在操作
[2020-03-14 17:29:38]--[mydisk_cgi.c:438]--query cmd=count
[2020-03-14 17:29:38]--[mydisk_cgi.c:471]--buf = {
    "token": "3d",
    "user": "lp13773477582"
}

[2020-03-14 17:29:38]--[mydisk_cgi.c:438]--query cmd=normal
[2020-03-14 17:29:38]--[mydisk_cgi.c:471]--buf = {
    "count": 10,
    "start": 0,
    "token": "3d",
    "user": "lp13773477582"
}

[2020-03-14 17:29:38]--[mydisk_cgi.c:506]--user = vyUyGIUPr84M7jSX+NqX3Q==, token = 3d, start = 0, count = 10
[2020-03-14 17:29:38]--[mydisk_cgi.c:286]--select user_file_list.*,file_info.url,file_info.size,file_info.type from file_info,user_file_list where user='vyUyGIUPr84M7jSX+NqX3Q==' and file_info.md5=user_file_list.md5 limit 0,10 在操作
[2020-03-14 17:29:38]--[mydisk_cgi.c:438]--query cmd=normal
[2020-03-14 17:29:38]--[mydisk_cgi.c:471]--buf = {
    "count": 1,
    "start": 10,
    "token": "3d",
    "user": "lp13773477582"
}

[2020-03-14 17:29:38]--[mydisk_cgi.c:506]--user = vyUyGIUPr84M7jSX+NqX3Q==, token = 3d, start = 10, count = 1
[2020-03-14 17:29:38]--[mydisk_cgi.c:286]--select user_file_list.*,file_info.url,file_info.size,file_info.type from file_info,user_file_list where user='vyUyGIUPr84M7jSX+NqX3Q==' and file_info.md5=user_file_list.md5 limit 10,1 在操作
[2020-03-14 17:31:49]--[mydisk_cgi.c:438]--query cmd=count
[2020-03-14 17:31:49]--[mydisk_cgi.c:471]--buf = {
    "token": "d3",
    "user": "lp13773477582"
}

[2020-03-14 17:31:49]--[mydisk_cgi.c:438]--query cmd=normal
[2020-03-14 17:31:49]--[mydisk_cgi.c:471]--buf = {
    "count": 10,
    "start": 0,
    "token": "d3",
    "user": "lp13773477582"
}

[2020-03-14 17:31:49]--[mydisk_cgi.c:506]--user = vyUyGIUPr84M7jSX+NqX3Q==, token = d3, start = 0, count = 10
[2020-03-14 17:31:49]--[mydisk_cgi.c:286]--select user_file_list.*,file_info.url,file_info.size,file_info.type from file_info,user_file_list where user='vyUyGIUPr84M7jSX+NqX3Q==' and file_info.md5=user_file_list.md5 limit 0,10 在操作
[2020-03-14 17:31:49]--[mydisk_cgi.c:438]--query cmd=normal
[2020-03-14 17:31:49]--[mydisk_cgi.c:471]--buf = {
    "count": 1,
    "start": 10,
    "token": "d3",
    "user": "lp13773477582"
}

[2020-03-14 17:31:49]--[mydisk_cgi.c:506]--user = vyUyGIUPr84M7jSX+NqX3Q==, token = d3, start = 10, count = 1
[2020-03-14 17:31:49]--[mydisk_cgi.c:286]--select user_file_list.*,file_info.url,file_info.size,file_info.type from file_info,user_file_list where user='vyUyGIUPr84M7jSX+NqX3Q==' and file_info.md5=user_file_list.md5 limit 10,1 在操作
[2020-03-14 17:32:46]--[mydisk_cgi.c:438]--query cmd=count
[2020-03-14 17:32:46]--[mydisk_cgi.c:471]--buf = {
    "token": "0a",
    "user": "lp13773477582"
}

[2020-03-14 17:32:46]--[mydisk_cgi.c:438]--query cmd=normal
[2020-03-14 17:32:46]--[mydisk_cgi.c:471]--buf = {
    "count": 10,
    "start": 0,
    "token": "0a",
    "user": "lp13773477582"
}

[2020-03-14 17:32:46]--[mydisk_cgi.c:506]--user = vyUyGIUPr84M7jSX+NqX3Q==, token = 0a, start = 0, count = 10
[2020-03-14 17:32:46]--[mydisk_cgi.c:286]--select user_file_list.*,file_info.url,file_info.size,file_info.type from file_info,user_file_list where user='vyUyGIUPr84M7jSX+NqX3Q==' and file_info.md5=user_file_list.md5 limit 0,10 在操作
[2020-03-14 17:32:46]--[mydisk_cgi.c:438]--query cmd=normal
[2020-03-14 17:32:46]--[mydisk_cgi.c:471]--buf = {
    "count": 1,
    "start": 10,
    "token": "0a",
    "user": "lp13773477582"
}

[2020-03-14 17:32:46]--[mydisk_cgi.c:506]--user = vyUyGIUPr84M7jSX+NqX3Q==, token = 0a, start = 10, count = 1
[2020-03-14 17:32:46]--[mydisk_cgi.c:286]--select user_file_list.*,file_info.url,file_info.size,file_info.type from file_info,user_file_list where user='vyUyGIUPr84M7jSX+NqX3Q==' and file_info.md5=user_file_list.md5 limit 10,1 在操作
[2020-03-14 17:33:31]--[mydisk_cgi.c:438]--query cmd=count
[2020-03-14 17:33:31]--[mydisk_cgi.c:471]--buf = {
    "token": "72",
    "user": "lp13773477582"
}

[2020-03-14 17:33:31]--[mydisk_cgi.c:438]--query cmd=normal
[2020-03-14 17:33:31]--[mydisk_cgi.c:471]--buf = {
    "count": 10,
    "start": 0,
    "token": "72",
    "user": "lp13773477582"
}

[2020-03-14 17:33:31]--[mydisk_cgi.c:506]--user = vyUyGIUPr84M7jSX+NqX3Q==, token = 72, start = 0, count = 10
[2020-03-14 17:33:31]--[mydisk_cgi.c:286]--select user_file_list.*,file_info.url,file_info.size,file_info.type from file_info,user_file_list where user='vyUyGIUPr84M7jSX+NqX3Q==' and file_info.md5=user_file_list.md5 limit 0,10 在操作
[2020-03-14 17:33:31]--[mydisk_cgi.c:438]--query cmd=normal
[2020-03-14 17:33:31]--[mydisk_cgi.c:471]--buf = {
    "count": 1,
    "start": 10,
    "token": "72",
    "user": "lp13773477582"
}

[2020-03-14 17:33:31]--[mydisk_cgi.c:506]--user = vyUyGIUPr84M7jSX+NqX3Q==, token = 72, start = 10, count = 1
[2020-03-14 17:33:31]--[mydisk_cgi.c:286]--select user_file_list.*,file_info.url,file_info.size,file_info.type from file_info,user_file_list where user='vyUyGIUPr84M7jSX+NqX3Q==' and file_info.md5=user_file_list.md5 limit 10,1 在操作
[2020-03-14 17:34:15]--[mydisk_cgi.c:438]--query cmd=count
[2020-03-14 17:34:15]--[mydisk_cgi.c:471]--buf = {
    "token": "84",
    "user": "lp13773477582"
}

[2020-03-14 17:34:15]--[mydisk_cgi.c:438]--query cmd=normal
[2020-03-14 17:34:15]--[mydisk_cgi.c:471]--buf = {
    "count": 10,
    "start": 0,
    "token": "84",
    "user": "lp13773477582"
}

[2020-03-14 17:34:15]--[mydisk_cgi.c:506]--user = vyUyGIUPr84M7jSX+NqX3Q==, token = 84, start = 0, count = 10
[2020-03-14 17:34:15]--[mydisk_cgi.c:286]--select user_file_list.*,file_info.url,file_info.size,file_info.type from file_info,user_file_list where user='vyUyGIUPr84M7jSX+NqX3Q==' and file_info.md5=user_file_list.md5 limit 0,10 在操作
[2020-03-14 17:34:15]--[mydisk_cgi.c:438]--query cmd=normal
[2020-03-14 17:34:15]--[mydisk_cgi.c:471]--buf = {
    "count": 1,
    "start": 10,
    "token": "84",
    "user": "lp13773477582"
}

[2020-03-14 17:34:15]--[mydisk_cgi.c:506]--user = vyUyGIUPr84M7jSX+NqX3Q==, token = 84, start = 10, count = 1
[2020-03-14 17:34:15]--[mydisk_cgi.c:286]--select user_file_list.*,file_info.url,file_info.size,file_info.type from file_info,user_file_list where user='vyUyGIUPr84M7jSX+NqX3Q==' and file_info.md5=user_file_list.md5 limit 10,1 在操作
[2020-03-14 17:36:57]--[mydisk_cgi.c:438]--query cmd=count
[2020-03-14 17:36:57]--[mydisk_cgi.c:471]--buf = {
    "token": "3c",
    "user": "lp13773477582"
}

[2020-03-14 17:36:57]--[mydisk_cgi.c:438]--query cmd=normal
[2020-03-14 17:36:57]--[mydisk_cgi.c:471]--buf = {
    "count": 10,
    "start": 0,
    "token": "3c",
    "user": "lp13773477582"
}

[2020-03-14 17:36:57]--[mydisk_cgi.c:506]--user = vyUyGIUPr84M7jSX+NqX3Q==, token = 3c, start = 0, count = 10
[2020-03-14 17:36:57]--[mydisk_cgi.c:286]--select user_file_list.*,file_info.url,file_info.size,file_info.type from file_info,user_file_list where user='vyUyGIUPr84M7jSX+NqX3Q==' and file_info.md5=user_file_list.md5 limit 0,10 在操作
[2020-03-14 17:36:58]--[mydisk_cgi.c:438]--query cmd=normal
[2020-03-14 17:36:58]--[mydisk_cgi.c:471]--buf = {
    "count": 1,
    "start": 10,
    "token": "3c",
    "user": "lp13773477582"
}

[2020-03-14 17:36:58]--[mydisk_cgi.c:506]--user = vyUyGIUPr84M7jSX+NqX3Q==, token = 3c, start = 10, count = 1
[2020-03-14 17:36:58]--[mydisk_cgi.c:286]--select user_file_list.*,file_info.url,file_info.size,file_info.type from file_info,user_file_list where user='vyUyGIUPr84M7jSX+NqX3Q==' and file_info.md5=user_file_list.md5 limit 10,1 在操作
[2020-03-14 17:37:30]--[mydisk_cgi.c:438]--query cmd=count
[2020-03-14 17:37:30]--[mydisk_cgi.c:471]--buf = {
    "token": "de",
    "user": "lp13773477582"
}

[2020-03-14 17:37:30]--[mydisk_cgi.c:438]--query cmd=normal
[2020-03-14 17:37:30]--[mydisk_cgi.c:471]--buf = {
    "count": 10,
    "start": 0,
    "token": "de",
    "user": "lp13773477582"
}

[2020-03-14 17:37:30]--[mydisk_cgi.c:506]--user = vyUyGIUPr84M7jSX+NqX3Q==, token = de, start = 0, count = 10
[2020-03-14 17:37:30]--[mydisk_cgi.c:286]--select user_file_list.*,file_info.url,file_info.size,file_info.type from file_info,user_file_list where user='vyUyGIUPr84M7jSX+NqX3Q==' and file_info.md5=user_file_list.md5 limit 0,10 在操作
[2020-03-14 17:37:30]--[mydisk_cgi.c:438]--query cmd=normal
[2020-03-14 17:37:30]--[mydisk_cgi.c:471]--buf = {
    "count": 1,
    "start": 10,
    "token": "de",
    "user": "lp13773477582"
}

[2020-03-14 17:37:30]--[mydisk_cgi.c:506]--user = vyUyGIUPr84M7jSX+NqX3Q==, token = de, start = 10, count = 1
[2020-03-14 17:37:30]--[mydisk_cgi.c:286]--select user_file_list.*,file_info.url,file_info.size,file_info.type from file_info,user_file_list where user='vyUyGIUPr84M7jSX+NqX3Q==' and file_info.md5=user_file_list.md5 limit 10,1 在操作
[2020-03-14 17:40:19]--[mydisk_cgi.c:438]--query cmd=count
[2020-03-14 17:40:19]--[mydisk_cgi.c:471]--buf = {
    "token": "d3",
    "user": "lp13773477582"
}

[2020-03-14 17:40:19]--[mydisk_cgi.c:438]--query cmd=normal
[2020-03-14 17:40:19]--[mydisk_cgi.c:471]--buf = {
    "count": 10,
    "start": 0,
    "token": "d3",
    "user": "lp13773477582"
}

[2020-03-14 17:40:19]--[mydisk_cgi.c:506]--user = vyUyGIUPr84M7jSX+NqX3Q==, token = d3, start = 0, count = 10
[2020-03-14 17:40:19]--[mydisk_cgi.c:286]--select user_file_list.*,file_info.url,file_info.size,file_info.type from file_info,user_file_list where user='vyUyGIUPr84M7jSX+NqX3Q==' and file_info.md5=user_file_list.md5 limit 0,10 在操作
[2020-03-14 17:40:19]--[mydisk_cgi.c:438]--query cmd=normal
[2020-03-14 17:40:19]--[mydisk_cgi.c:471]--buf = {
    "count": 1,
    "start": 10,
    "token": "d3",
    "user": "lp13773477582"
}

[2020-03-14 17:40:19]--[mydisk_cgi.c:506]--user = vyUyGIUPr84M7jSX+NqX3Q==, token = d3, start = 10, count = 1
[2020-03-14 17:40:19]--[mydisk_cgi.c:286]--select user_file_list.*,file_info.url,file_info.size,file_info.type from file_info,user_file_list where user='vyUyGIUPr84M7jSX+NqX3Q==' and file_info.md5=user_file_list.md5 limit 10,1 在操作
[2020-03-14 17:40:50]--[mydisk_cgi.c:438]--query cmd=count
[2020-03-14 17:40:50]--[mydisk_cgi.c:471]--buf = {
    "token": "2f",
    "user": "lp13773477582"
}

[2020-03-14 17:40:50]--[mydisk_cgi.c:438]--query cmd=normal
[2020-03-14 17:40:50]--[mydisk_cgi.c:471]--buf = {
    "count": 10,
    "start": 0,
    "token": "2f",
    "user": "lp13773477582"
}

[2020-03-14 17:40:50]--[mydisk_cgi.c:506]--user = vyUyGIUPr84M7jSX+NqX3Q==, token = 2f, start = 0, count = 10
[2020-03-14 17:40:50]--[mydisk_cgi.c:286]--select user_file_list.*,file_info.url,file_info.size,file_info.type from file_info,user_file_list where user='vyUyGIUPr84M7jSX+NqX3Q==' and file_info.md5=user_file_list.md5 limit 0,10 在操作
[2020-03-14 17:40:50]--[mydisk_cgi.c:438]--query cmd=normal
[2020-03-14 17:40:50]--[mydisk_cgi.c:471]--buf = {
    "count": 1,
    "start": 10,
    "token": "2f",
    "user": "lp13773477582"
}

[2020-03-14 17:40:50]--[mydisk_cgi.c:506]--user = vyUyGIUPr84M7jSX+NqX3Q==, token = 2f, start = 10, count = 1
[2020-03-14 17:40:50]--[mydisk_cgi.c:286]--select user_file_list.*,file_info.url,file_info.size,file_info.type from file_info,user_file_list where user='vyUyGIUPr84M7jSX+NqX3Q==' and file_info.md5=user_file_list.md5 limit 10,1 在操作
[2020-03-14 17:44:30]--[mydisk_cgi.c:438]--query cmd=count
[2020-03-14 17:44:30]--[mydisk_cgi.c:471]--buf = {
    "token": "df",
    "user": "lp13773477582"
}

[2020-03-14 17:44:30]--[mydisk_cgi.c:438]--query cmd=normal
[2020-03-14 17:44:30]--[mydisk_cgi.c:471]--buf = {
    "count": 10,
    "start": 0,
    "token": "df",
    "user": "lp13773477582"
}

[2020-03-14 17:44:30]--[mydisk_cgi.c:506]--user = vyUyGIUPr84M7jSX+NqX3Q==, token = df, start = 0, count = 10
[2020-03-14 17:44:30]--[mydisk_cgi.c:286]--select user_file_list.*,file_info.url,file_info.size,file_info.type from file_info,user_file_list where user='vyUyGIUPr84M7jSX+NqX3Q==' and file_info.md5=user_file_list.md5 limit 0,10 在操作
[2020-03-14 17:44:30]--[mydisk_cgi.c:438]--query cmd=normal
[2020-03-14 17:44:30]--[mydisk_cgi.c:471]--buf = {
    "count": 1,
    "start": 10,
    "token": "df",
    "user": "lp13773477582"
}

[2020-03-14 17:44:30]--[mydisk_cgi.c:506]--user = vyUyGIUPr84M7jSX+NqX3Q==, token = df, start = 10, count = 1
[2020-03-14 17:44:30]--[mydisk_cgi.c:286]--select user_file_list.*,file_info.url,file_info.size,file_info.type from file_info,user_file_list where user='vyUyGIUPr84M7jSX+NqX3Q==' and file_info.md5=user_file_list.md5 limit 10,1 在操作
[2020-03-14 17:48:37]--[mydisk_cgi.c:438]--query cmd=count
[2020-03-14 17:48:37]--[mydisk_cgi.c:471]--buf = {
    "token": "21",
    "user": "lp13773477582"
}

[2020-03-14 17:48:37]--[mydisk_cgi.c:438]--query cmd=normal
[2020-03-14 17:48:37]--[mydisk_cgi.c:471]--buf = {
    "count": 10,
    "start": 0,
    "token": "21",
    "user": "lp13773477582"
}

[2020-03-14 17:48:37]--[mydisk_cgi.c:506]--user = vyUyGIUPr84M7jSX+NqX3Q==, token = 21, start = 0, count = 10
[2020-03-14 17:48:37]--[mydisk_cgi.c:286]--select user_file_list.*,file_info.url,file_info.size,file_info.type from file_info,user_file_list where user='vyUyGIUPr84M7jSX+NqX3Q==' and file_info.md5=user_file_list.md5 limit 0,10 在操作
[2020-03-14 17:48:37]--[mydisk_cgi.c:438]--query cmd=normal
[2020-03-14 17:48:37]--[mydisk_cgi.c:471]--buf = {
    "count": 1,
    "start": 10,
    "token": "21",
    "user": "lp13773477582"
}

[2020-03-14 17:48:37]--[mydisk_cgi.c:506]--user = vyUyGIUPr84M7jSX+NqX3Q==, token = 21, start = 10, count = 1
[2020-03-14 17:48:37]--[mydisk_cgi.c:286]--select user_file_list.*,file_info.url,file_info.size,file_info.type from file_info,user_file_list where user='vyUyGIUPr84M7jSX+NqX3Q==' and file_info.md5=user_file_list.md5 limit 10,1 在操作
[2020-03-14 17:59:21]--[mydisk_cgi.c:438]--query cmd=count
[2020-03-14 17:59:21]--[mydisk_cgi.c:471]--buf = {
    "token": "b9",
    "user": "lp13773477582"
}

[2020-03-14 17:59:21]--[mydisk_cgi.c:438]--query cmd=normal
[2020-03-14 17:59:21]--[mydisk_cgi.c:471]--buf = {
    "count": 10,
    "start": 0,
    "token": "b9",
    "user": "lp13773477582"
}

[2020-03-14 17:59:21]--[mydisk_cgi.c:506]--user = vyUyGIUPr84M7jSX+NqX3Q==, token = b9, start = 0, count = 10
[2020-03-14 17:59:21]--[mydisk_cgi.c:286]--select user_file_list.*,file_info.url,file_info.size,file_info.type from file_info,user_file_list where user='vyUyGIUPr84M7jSX+NqX3Q==' and file_info.md5=user_file_list.md5 limit 0,10 在操作
[2020-03-14 17:59:21]--[mydisk_cgi.c:438]--query cmd=normal
[2020-03-14 17:59:21]--[mydisk_cgi.c:471]--buf = {
    "count": 1,
    "start": 10,
    "token": "b9",
    "user": "lp13773477582"
}

[2020-03-14 17:59:21]--[mydisk_cgi.c:506]--user = vyUyGIUPr84M7jSX+NqX3Q==, token = b9, start = 10, count = 1
[2020-03-14 17:59:21]--[mydisk_cgi.c:286]--select user_file_list.*,file_info.url,file_info.size,file_info.type from file_info,user_file_list where user='vyUyGIUPr84M7jSX+NqX3Q==' and file_info.md5=user_file_list.md5 limit 10,1 在操作
[2020-03-14 18:00:38]--[mydisk_cgi.c:438]--query cmd=count
[2020-03-14 18:00:38]--[mydisk_cgi.c:471]--buf = {
    "token": "ae",
    "user": "lp13773477582"
}

[2020-03-14 18:00:38]--[mydisk_cgi.c:438]--query cmd=normal
[2020-03-14 18:00:38]--[mydisk_cgi.c:471]--buf = {
    "count": 10,
    "start": 0,
    "token": "ae",
    "user": "lp13773477582"
}

[2020-03-14 18:00:38]--[mydisk_cgi.c:506]--user = vyUyGIUPr84M7jSX+NqX3Q==, token = ae, start = 0, count = 10
[2020-03-14 18:00:38]--[mydisk_cgi.c:286]--select user_file_list.*,file_info.url,file_info.size,file_info.type from file_info,user_file_list where user='vyUyGIUPr84M7jSX+NqX3Q==' and file_info.md5=user_file_list.md5 limit 0,10 在操作
[2020-03-14 18:00:38]--[mydisk_cgi.c:438]--query cmd=normal
[2020-03-14 18:00:38]--[mydisk_cgi.c:471]--buf = {
    "count": 1,
    "start": 10,
    "token": "ae",
    "user": "lp13773477582"
}

[2020-03-14 18:00:38]--[mydisk_cgi.c:506]--user = vyUyGIUPr84M7jSX+NqX3Q==, token = ae, start = 10, count = 1
[2020-03-14 18:00:38]--[mydisk_cgi.c:286]--select user_file_list.*,file_info.url,file_info.size,file_info.type from file_info,user_file_list where user='vyUyGIUPr84M7jSX+NqX3Q==' and file_info.md5=user_file_list.md5 limit 10,1 在操作
[2020-03-14 18:05:16]--[mydisk_cgi.c:438]--query cmd=count
[2020-03-14 18:05:16]--[mydisk_cgi.c:471]--buf = {
    "token": "f0",
    "user": "lp13773477582"
}

[2020-03-14 18:05:16]--[mydisk_cgi.c:438]--query cmd=normal
[2020-03-14 18:05:16]--[mydisk_cgi.c:471]--buf = {
    "count": 10,
    "start": 0,
    "token": "f0",
    "user": "lp13773477582"
}

[2020-03-14 18:05:16]--[mydisk_cgi.c:506]--user = vyUyGIUPr84M7jSX+NqX3Q==, token = f0, start = 0, count = 10
[2020-03-14 18:05:16]--[mydisk_cgi.c:286]--select user_file_list.*,file_info.url,file_info.size,file_info.type from file_info,user_file_list where user='vyUyGIUPr84M7jSX+NqX3Q==' and file_info.md5=user_file_list.md5 limit 0,10 在操作
[2020-03-14 18:05:16]--[mydisk_cgi.c:438]--query cmd=normal
[2020-03-14 18:05:16]--[mydisk_cgi.c:471]--buf = {
    "count": 1,
    "start": 10,
    "token": "f0",
    "user": "lp13773477582"
}

[2020-03-14 18:05:16]--[mydisk_cgi.c:506]--user = vyUyGIUPr84M7jSX+NqX3Q==, token = f0, start = 10, count = 1
[2020-03-14 18:05:16]--[mydisk_cgi.c:286]--select user_file_list.*,file_info.url,file_info.size,file_info.type from file_info,user_file_list where user='vyUyGIUPr84M7jSX+NqX3Q==' and file_info.md5=user_file_list.md5 limit 10,1 在操作
[2020-03-14 18:11:00]--[mydisk_cgi.c:438]--query cmd=count
[2020-03-14 18:11:00]--[mydisk_cgi.c:471]--buf = {
    "token": "b9",
    "user": "lp13773477582"
}

[2020-03-14 18:11:00]--[mydisk_cgi.c:438]--query cmd=normal
[2020-03-14 18:11:00]--[mydisk_cgi.c:471]--buf = {
    "count": 10,
    "start": 0,
    "token": "b9",
    "user": "lp13773477582"
}

[2020-03-14 18:11:00]--[mydisk_cgi.c:506]--user = vyUyGIUPr84M7jSX+NqX3Q==, token = b9, start = 0, count = 10
[2020-03-14 18:11:00]--[mydisk_cgi.c:286]--select user_file_list.*,file_info.url,file_info.size,file_info.type from file_info,user_file_list where user='vyUyGIUPr84M7jSX+NqX3Q==' and file_info.md5=user_file_list.md5 limit 0,10 在操作
[2020-03-14 18:11:00]--[mydisk_cgi.c:438]--query cmd=normal
[2020-03-14 18:11:00]--[mydisk_cgi.c:471]--buf = {
    "count": 1,
    "start": 10,
    "token": "b9",
    "user": "lp13773477582"
}

[2020-03-14 18:11:00]--[mydisk_cgi.c:506]--user = vyUyGIUPr84M7jSX+NqX3Q==, token = b9, start = 10, count = 1
[2020-03-14 18:11:00]--[mydisk_cgi.c:286]--select user_file_list.*,file_info.url,file_info.size,file_info.type from file_info,user_file_list where user='vyUyGIUPr84M7jSX+NqX3Q==' and file_info.md5=user_file_list.md5 limit 10,1 在操作
[2020-03-14 18:29:06]--[mydisk_cgi.c:438]--query cmd=count
[2020-03-14 18:29:06]--[mydisk_cgi.c:471]--buf = {
    "token": "7b",
    "user": "lp13773477582"
}

[2020-03-14 18:29:07]--[mydisk_cgi.c:438]--query cmd=normal
[2020-03-14 18:29:07]--[mydisk_cgi.c:471]--buf = {
    "count": 10,
    "start": 0,
    "token": "7b",
    "user": "lp13773477582"
}

[2020-03-14 18:29:07]--[mydisk_cgi.c:506]--user = vyUyGIUPr84M7jSX+NqX3Q==, token = 7b, start = 0, count = 10
[2020-03-14 18:29:07]--[mydisk_cgi.c:286]--select user_file_list.*,file_info.url,file_info.size,file_info.type from file_info,user_file_list where user='vyUyGIUPr84M7jSX+NqX3Q==' and file_info.md5=user_file_list.md5 limit 0,10 在操作
[2020-03-14 18:29:07]--[mydisk_cgi.c:438]--query cmd=normal
[2020-03-14 18:29:07]--[mydisk_cgi.c:471]--buf = {
    "count": 1,
    "start": 10,
    "token": "7b",
    "user": "lp13773477582"
}

[2020-03-14 18:29:07]--[mydisk_cgi.c:506]--user = vyUyGIUPr84M7jSX+NqX3Q==, token = 7b, start = 10, count = 1
[2020-03-14 18:29:07]--[mydisk_cgi.c:286]--select user_file_list.*,file_info.url,file_info.size,file_info.type from file_info,user_file_list where user='vyUyGIUPr84M7jSX+NqX3Q==' and file_info.md5=user_file_list.md5 limit 10,1 在操作
[2020-03-14 18:46:07]--[mydisk_cgi.c:438]--query cmd=count
[2020-03-14 18:46:07]--[mydisk_cgi.c:471]--buf = {
    "token": "80",
    "user": "lp13773477582"
}

[2020-03-14 18:46:07]--[mydisk_cgi.c:438]--query cmd=normal
[2020-03-14 18:46:07]--[mydisk_cgi.c:471]--buf = {
    "count": 10,
    "start": 0,
    "token": "80",
    "user": "lp13773477582"
}

[2020-03-14 18:46:07]--[mydisk_cgi.c:506]--user = vyUyGIUPr84M7jSX+NqX3Q==, token = 80, start = 0, count = 10
[2020-03-14 18:46:07]--[mydisk_cgi.c:286]--select user_file_list.*,file_info.url,file_info.size,file_info.type from file_info,user_file_list where user='vyUyGIUPr84M7jSX+NqX3Q==' and file_info.md5=user_file_list.md5 limit 0,10 在操作
[2020-03-14 18:46:07]--[mydisk_cgi.c:438]--query cmd=normal
[2020-03-14 18:46:07]--[mydisk_cgi.c:471]--buf = {
    "count": 1,
    "start": 10,
    "token": "80",
    "user": "lp13773477582"
}

[2020-03-14 18:46:07]--[mydisk_cgi.c:506]--user = vyUyGIUPr84M7jSX+NqX3Q==, token = 80, start = 10, count = 1
[2020-03-14 18:46:07]--[mydisk_cgi.c:286]--select user_file_list.*,file_info.url,file_info.size,file_info.type from file_info,user_file_list where user='vyUyGIUPr84M7jSX+NqX3Q==' and file_info.md5=user_file_list.md5 limit 10,1 在操作
[2020-03-14 18:56:45]--[mydisk_cgi.c:438]--query cmd=count
[2020-03-14 18:56:45]--[mydisk_cgi.c:471]--buf = {
    "token": "3a",
    "user": "lp13773477582"
}

[2020-03-14 18:56:45]--[mydisk_cgi.c:438]--query cmd=normal
[2020-03-14 18:56:45]--[mydisk_cgi.c:471]--buf = {
    "count": 10,
    "start": 0,
    "token": "3a",
    "user": "lp13773477582"
}

[2020-03-14 18:56:45]--[mydisk_cgi.c:506]--user = vyUyGIUPr84M7jSX+NqX3Q==, token = 3a, start = 0, count = 10
[2020-03-14 18:56:45]--[mydisk_cgi.c:286]--select user_file_list.*,file_info.url,file_info.size,file_info.type from file_info,user_file_list where user='vyUyGIUPr84M7jSX+NqX3Q==' and file_info.md5=user_file_list.md5 limit 0,10 在操作
[2020-03-14 18:56:45]--[mydisk_cgi.c:438]--query cmd=normal
[2020-03-14 18:56:45]--[mydisk_cgi.c:471]--buf = {
    "count": 1,
    "start": 10,
    "token": "3a",
    "user": "lp13773477582"
}

[2020-03-14 18:56:45]--[mydisk_cgi.c:506]--user = vyUyGIUPr84M7jSX+NqX3Q==, token = 3a, start = 10, count = 1
[2020-03-14 18:56:45]--[mydisk_cgi.c:286]--select user_file_list.*,file_info.url,file_info.size,file_info.type from file_info,user_file_list where user='vyUyGIUPr84M7jSX+NqX3Q==' and file_info.md5=user_file_list.md5 limit 10,1 在操作
[2020-03-14 19:04:02]--[mydisk_cgi.c:438]--query cmd=count
[2020-03-14 19:04:02]--[mydisk_cgi.c:471]--buf = {
    "token": "75",
    "user": "lp13773477582"
}

[2020-03-14 19:04:03]--[mydisk_cgi.c:438]--query cmd=normal
[2020-03-14 19:04:03]--[mydisk_cgi.c:471]--buf = {
    "count": 10,
    "start": 0,
    "token": "75",
    "user": "lp13773477582"
}

[2020-03-14 19:04:03]--[mydisk_cgi.c:506]--user = vyUyGIUPr84M7jSX+NqX3Q==, token = 75, start = 0, count = 10
[2020-03-14 19:04:03]--[mydisk_cgi.c:286]--select user_file_list.*,file_info.url,file_info.size,file_info.type from file_info,user_file_list where user='vyUyGIUPr84M7jSX+NqX3Q==' and file_info.md5=user_file_list.md5 limit 0,10 在操作
[2020-03-14 19:04:03]--[mydisk_cgi.c:438]--query cmd=normal
[2020-03-14 19:04:03]--[mydisk_cgi.c:471]--buf = {
    "count": 1,
    "start": 10,
    "token": "75",
    "user": "lp13773477582"
}

[2020-03-14 19:04:03]--[mydisk_cgi.c:506]--user = vyUyGIUPr84M7jSX+NqX3Q==, token = 75, start = 10, count = 1
[2020-03-14 19:04:03]--[mydisk_cgi.c:286]--select user_file_list.*,file_info.url,file_info.size,file_info.type from file_info,user_file_list where user='vyUyGIUPr84M7jSX+NqX3Q==' and file_info.md5=user_file_list.md5 limit 10,1 在操作
[2020-03-14 19:05:01]--[mydisk_cgi.c:438]--query cmd=count
[2020-03-14 19:05:01]--[mydisk_cgi.c:471]--buf = {
    "token": "96",
    "user": "lp13773477582"
}

[2020-03-14 19:05:01]--[mydisk_cgi.c:438]--query cmd=normal
[2020-03-14 19:05:01]--[mydisk_cgi.c:471]--buf = {
    "count": 10,
    "start": 0,
    "token": "96",
    "user": "lp13773477582"
}

[2020-03-14 19:05:01]--[mydisk_cgi.c:506]--user = vyUyGIUPr84M7jSX+NqX3Q==, token = 96, start = 0, count = 10
[2020-03-14 19:05:01]--[mydisk_cgi.c:286]--select user_file_list.*,file_info.url,file_info.size,file_info.type from file_info,user_file_list where user='vyUyGIUPr84M7jSX+NqX3Q==' and file_info.md5=user_file_list.md5 limit 0,10 在操作
[2020-03-14 19:05:01]--[mydisk_cgi.c:438]--query cmd=normal
[2020-03-14 19:05:01]--[mydisk_cgi.c:471]--buf = {
    "count": 1,
    "start": 10,
    "token": "96",
    "user": "lp13773477582"
}

[2020-03-14 19:05:01]--[mydisk_cgi.c:506]--user = vyUyGIUPr84M7jSX+NqX3Q==, token = 96, start = 10, count = 1
[2020-03-14 19:05:01]--[mydisk_cgi.c:286]--select user_file_list.*,file_info.url,file_info.size,file_info.type from file_info,user_file_list where user='vyUyGIUPr84M7jSX+NqX3Q==' and file_info.md5=user_file_list.md5 limit 10,1 在操作
[2020-03-14 19:15:28]--[mydisk_cgi.c:438]--query cmd=count
[2020-03-14 19:15:28]--[mydisk_cgi.c:471]--buf = {
    "token": "b7",
    "user": "lp13773477582"
}

[2020-03-14 19:15:28]--[mydisk_cgi.c:438]--query cmd=normal
[2020-03-14 19:15:28]--[mydisk_cgi.c:471]--buf = {
    "count": 10,
    "start": 0,
    "token": "b7",
    "user": "lp13773477582"
}

[2020-03-14 19:15:28]--[mydisk_cgi.c:506]--user = vyUyGIUPr84M7jSX+NqX3Q==, token = b7, start = 0, count = 10
[2020-03-14 19:15:28]--[mydisk_cgi.c:286]--select user_file_list.*,file_info.url,file_info.size,file_info.type from file_info,user_file_list where user='vyUyGIUPr84M7jSX+NqX3Q==' and file_info.md5=user_file_list.md5 limit 0,10 在操作
[2020-03-14 19:15:28]--[mydisk_cgi.c:438]--query cmd=normal
[2020-03-14 19:15:28]--[mydisk_cgi.c:471]--buf = {
    "count": 1,
    "start": 10,
    "token": "b7",
    "user": "lp13773477582"
}

[2020-03-14 19:15:28]--[mydisk_cgi.c:506]--user = vyUyGIUPr84M7jSX+NqX3Q==, token = b7, start = 10, count = 1
[2020-03-14 19:15:28]--[mydisk_cgi.c:286]--select user_file_list.*,file_info.url,file_info.size,file_info.type from file_info,user_file_list where user='vyUyGIUPr84M7jSX+NqX3Q==' and file_info.md5=user_file_list.md5 limit 10,1 在操作
[2020-03-14 19:18:20]--[mydisk_cgi.c:438]--query cmd=count
[2020-03-14 19:18:20]--[mydisk_cgi.c:471]--buf = {
    "token": "ec",
    "user": "lp13773477582"
}

[2020-03-14 19:18:20]--[mydisk_cgi.c:438]--query cmd=normal
[2020-03-14 19:18:20]--[mydisk_cgi.c:471]--buf = {
    "count": 10,
    "start": 0,
    "token": "ec",
    "user": "lp13773477582"
}

[2020-03-14 19:18:20]--[mydisk_cgi.c:506]--user = vyUyGIUPr84M7jSX+NqX3Q==, token = ec, start = 0, count = 10
[2020-03-14 19:18:20]--[mydisk_cgi.c:286]--select user_file_list.*,file_info.url,file_info.size,file_info.type from file_info,user_file_list where user='vyUyGIUPr84M7jSX+NqX3Q==' and file_info.md5=user_file_list.md5 limit 0,10 在操作
[2020-03-14 19:18:20]--[mydisk_cgi.c:438]--query cmd=normal
[2020-03-14 19:18:20]--[mydisk_cgi.c:471]--buf = {
    "count": 1,
    "start": 10,
    "token": "ec",
    "user": "lp13773477582"
}

[2020-03-14 19:18:20]--[mydisk_cgi.c:506]--user = vyUyGIUPr84M7jSX+NqX3Q==, token = ec, start = 10, count = 1
[2020-03-14 19:18:20]--[mydisk_cgi.c:286]--select user_file_list.*,file_info.url,file_info.size,file_info.type from file_info,user_file_list where user='vyUyGIUPr84M7jSX+NqX3Q==' and file_info.md5=user_file_list.md5 limit 10,1 在操作
[2020-03-14 19:29:13]--[mydisk_cgi.c:438]--query cmd=count
[2020-03-14 19:29:13]--[mydisk_cgi.c:471]--buf = {
    "token": "dc",
    "user": "lp13773477582"
}

[2020-03-14 19:29:13]--[mydisk_cgi.c:438]--query cmd=normal
[2020-03-14 19:29:13]--[mydisk_cgi.c:471]--buf = {
    "count": 10,
    "start": 0,
    "token": "dc",
    "user": "lp13773477582"
}

[2020-03-14 19:29:13]--[mydisk_cgi.c:506]--user = vyUyGIUPr84M7jSX+NqX3Q==, token = dc, start = 0, count = 10
[2020-03-14 19:29:13]--[mydisk_cgi.c:286]--select user_file_list.*,file_info.url,file_info.size,file_info.type from file_info,user_file_list where user='vyUyGIUPr84M7jSX+NqX3Q==' and file_info.md5=user_file_list.md5 limit 0,10 在操作
[2020-03-14 19:29:13]--[mydisk_cgi.c:438]--query cmd=normal
[2020-03-14 19:29:13]--[mydisk_cgi.c:471]--buf = {
    "count": 1,
    "start": 10,
    "token": "dc",
    "user": "lp13773477582"
}

[2020-03-14 19:29:13]--[mydisk_cgi.c:506]--user = vyUyGIUPr84M7jSX+NqX3Q==, token = dc, start = 10, count = 1
[2020-03-14 19:29:13]--[mydisk_cgi.c:286]--select user_file_list.*,file_info.url,file_info.size,file_info.type from file_info,user_file_list where user='vyUyGIUPr84M7jSX+NqX3Q==' and file_info.md5=user_file_list.md5 limit 10,1 在操作
[2020-03-14 19:54:19]--[mydisk_cgi.c:438]--query cmd=count
[2020-03-14 19:54:19]--[mydisk_cgi.c:471]--buf = {
    "token": "bd",
    "user": "lp13773477582"
}

[2020-03-14 19:54:19]--[mydisk_cgi.c:438]--query cmd=normal
[2020-03-14 19:54:19]--[mydisk_cgi.c:471]--buf = {
    "count": 10,
    "start": 0,
    "token": "bd",
    "user": "lp13773477582"
}

[2020-03-14 19:54:19]--[mydisk_cgi.c:506]--user = vyUyGIUPr84M7jSX+NqX3Q==, token = bd, start = 0, count = 10
[2020-03-14 19:54:19]--[mydisk_cgi.c:286]--select user_file_list.*,file_info.url,file_info.size,file_info.type from file_info,user_file_list where user='vyUyGIUPr84M7jSX+NqX3Q==' and file_info.md5=user_file_list.md5 limit 0,10 在操作
[2020-03-14 19:54:20]--[mydisk_cgi.c:438]--query cmd=normal
[2020-03-14 19:54:20]--[mydisk_cgi.c:471]--buf = {
    "count": 1,
    "start": 10,
    "token": "bd",
    "user": "lp13773477582"
}

[2020-03-14 19:54:20]--[mydisk_cgi.c:506]--user = vyUyGIUPr84M7jSX+NqX3Q==, token = bd, start = 10, count = 1
[2020-03-14 19:54:20]--[mydisk_cgi.c:286]--select user_file_list.*,file_info.url,file_info.size,file_info.type from file_info,user_file_list where user='vyUyGIUPr84M7jSX+NqX3Q==' and file_info.md5=user_file_list.md5 limit 10,1 在操作
[2020-03-14 19:55:50]--[mydisk_cgi.c:438]--query cmd=count
[2020-03-14 19:55:50]--[mydisk_cgi.c:471]--buf = {
    "token": "19",
    "user": "lp13773477582"
}

[2020-03-14 19:55:50]--[mydisk_cgi.c:438]--query cmd=normal
[2020-03-14 19:55:50]--[mydisk_cgi.c:471]--buf = {
    "count": 10,
    "start": 0,
    "token": "19",
    "user": "lp13773477582"
}

[2020-03-14 19:55:50]--[mydisk_cgi.c:506]--user = vyUyGIUPr84M7jSX+NqX3Q==, token = 19, start = 0, count = 10
[2020-03-14 19:55:50]--[mydisk_cgi.c:286]--select user_file_list.*,file_info.url,file_info.size,file_info.type from file_info,user_file_list where user='vyUyGIUPr84M7jSX+NqX3Q==' and file_info.md5=user_file_list.md5 limit 0,10 在操作
[2020-03-14 19:55:50]--[mydisk_cgi.c:438]--query cmd=normal
[2020-03-14 19:55:50]--[mydisk_cgi.c:471]--buf = {
    "count": 1,
    "start": 10,
    "token": "19",
    "user": "lp13773477582"
}

[2020-03-14 19:55:50]--[mydisk_cgi.c:506]--user = vyUyGIUPr84M7jSX+NqX3Q==, token = 19, start = 10, count = 1
[2020-03-14 19:55:50]--[mydisk_cgi.c:286]--select user_file_list.*,file_info.url,file_info.size,file_info.type from file_info,user_file_list where user='vyUyGIUPr84M7jSX+NqX3Q==' and file_info.md5=user_file_list.md5 limit 10,1 在操作
[2020-03-14 20:57:37]--[mydisk_cgi.c:438]--query cmd=count
[2020-03-14 20:57:37]--[mydisk_cgi.c:471]--buf = {
    "token": "32",
    "user": "lp13773477582"
}

[2020-03-14 20:57:37]--[mydisk_cgi.c:438]--query cmd=normal
[2020-03-14 20:57:37]--[mydisk_cgi.c:471]--buf = {
    "count": 10,
    "start": 0,
    "token": "32",
    "user": "lp13773477582"
}

[2020-03-14 20:57:37]--[mydisk_cgi.c:506]--user = vyUyGIUPr84M7jSX+NqX3Q==, token = 32, start = 0, count = 10
[2020-03-14 20:57:37]--[mydisk_cgi.c:286]--select user_file_list.*,file_info.url,file_info.size,file_info.type from file_info,user_file_list where user='vyUyGIUPr84M7jSX+NqX3Q==' and file_info.md5=user_file_list.md5 limit 0,10 在操作
[2020-03-14 20:57:37]--[mydisk_cgi.c:438]--query cmd=normal
[2020-03-14 20:57:37]--[mydisk_cgi.c:471]--buf = {
    "count": 1,
    "start": 10,
    "token": "32",
    "user": "lp13773477582"
}

[2020-03-14 20:57:37]--[mydisk_cgi.c:506]--user = vyUyGIUPr84M7jSX+NqX3Q==, token = 32, start = 10, count = 1
[2020-03-14 20:57:37]--[mydisk_cgi.c:286]--select user_file_list.*,file_info.url,file_info.size,file_info.type from file_info,user_file_list where user='vyUyGIUPr84M7jSX+NqX3Q==' and file_info.md5=user_file_list.md5 limit 10,1 在操作
[2020-03-14 20:59:46]--[mydisk_cgi.c:438]--query cmd=count
[2020-03-14 20:59:46]--[mydisk_cgi.c:471]--buf = {
    "token": "a2",
    "user": "lp13773477582"
}

[2020-03-14 20:59:47]--[mydisk_cgi.c:438]--query cmd=normal
[2020-03-14 20:59:47]--[mydisk_cgi.c:471]--buf = {
    "count": 10,
    "start": 0,
    "token": "a2",
    "user": "lp13773477582"
}

[2020-03-14 20:59:47]--[mydisk_cgi.c:506]--user = vyUyGIUPr84M7jSX+NqX3Q==, token = a2, start = 0, count = 10
[2020-03-14 20:59:47]--[mydisk_cgi.c:286]--select user_file_list.*,file_info.url,file_info.size,file_info.type from file_info,user_file_list where user='vyUyGIUPr84M7jSX+NqX3Q==' and file_info.md5=user_file_list.md5 limit 0,10 在操作
[2020-03-14 20:59:47]--[mydisk_cgi.c:438]--query cmd=normal
[2020-03-14 20:59:47]--[mydisk_cgi.c:471]--buf = {
    "count": 1,
    "start": 10,
    "token": "a2",
    "user": "lp13773477582"
}

[2020-03-14 20:59:47]--[mydisk_cgi.c:506]--user = vyUyGIUPr84M7jSX+NqX3Q==, token = a2, start = 10, count = 1
[2020-03-14 20:59:47]--[mydisk_cgi.c:286]--select user_file_list.*,file_info.url,file_info.size,file_info.type from file_info,user_file_list where user='vyUyGIUPr84M7jSX+NqX3Q==' and file_info.md5=user_file_list.md5 limit 10,1 在操作
