[2020-03-15 15:15:08]--[mydisk_cgi.c:438]--query cmd=count
[2020-03-15 15:15:08]--[mydisk_cgi.c:471]--buf = {
    "token": "1a",
    "user": "lp1620811656"
}

[2020-03-15 15:15:08]--[mydisk_cgi.c:116]--select count from user_file_count where user = 'OF9I+Fw+oMLbiFme28hxRA==' 操作失败
[2020-03-15 15:15:08]--[mydisk_cgi.c:490]--get_user_file_count error
[2020-03-15 15:37:06]--[mydisk_cgi.c:34]--mysql:[user=root,pwd=lp86282176,database=cloud_disk][2020-03-15 15:37:23]--[mydisk_cgi.c:438]--query cmd=count
[2020-03-15 15:37:23]--[mydisk_cgi.c:471]--buf = {
    "token": "af",
    "user": "lp13773477582"
}

[2020-03-15 15:37:23]--[mydisk_cgi.c:438]--query cmd=normal
[2020-03-15 15:37:23]--[mydisk_cgi.c:471]--buf = {
    "count": 10,
    "start": 0,
    "token": "af",
    "user": "lp13773477582"
}

[2020-03-15 15:37:23]--[mydisk_cgi.c:506]--user = vyUyGIUPr84M7jSX+NqX3Q==, token = af, start = 0, count = 10
[2020-03-15 15:37:23]--[mydisk_cgi.c:286]--select user_file_list.*,file_info.url,file_info.size,file_info.type from file_info,user_file_list where user='vyUyGIUPr84M7jSX+NqX3Q==' and file_info.md5=user_file_list.md5 limit 0,10 在操作
[2020-03-15 15:37:23]--[mydisk_cgi.c:438]--query cmd=normal
[2020-03-15 15:37:23]--[mydisk_cgi.c:471]--buf = {
    "count": 1,
    "start": 10,
    "token": "af",
    "user": "lp13773477582"
}

[2020-03-15 15:37:23]--[mydisk_cgi.c:506]--user = vyUyGIUPr84M7jSX+NqX3Q==, token = af, start = 10, count = 1
[2020-03-15 15:37:23]--[mydisk_cgi.c:286]--select user_file_list.*,file_info.url,file_info.size,file_info.type from file_info,user_file_list where user='vyUyGIUPr84M7jSX+NqX3Q==' and file_info.md5=user_file_list.md5 limit 10,1 在操作
[2020-03-15 15:39:12]--[mydisk_cgi.c:438]--query cmd=count
[2020-03-15 15:39:12]--[mydisk_cgi.c:471]--buf = {
    "token": "69",
    "user": "lp1620811656"
}

[2020-03-15 15:39:12]--[mydisk_cgi.c:438]--query cmd=normal
[2020-03-15 15:39:12]--[mydisk_cgi.c:471]--buf = {
    "count": 1,
    "start": 0,
    "token": "69",
    "user": "lp1620811656"
}

[2020-03-15 15:39:12]--[mydisk_cgi.c:506]--user = OF9I+Fw+oMLbiFme28hxRA==, token = 69, start = 0, count = 1
[2020-03-15 15:39:12]--[mydisk_cgi.c:286]--select user_file_list.*,file_info.url,file_info.size,file_info.type from file_info,user_file_list where user='OF9I+Fw+oMLbiFme28hxRA==' and file_info.md5=user_file_list.md5 limit 0,1 在操作
[2020-03-15 15:43:08]--[mydisk_cgi.c:34]--mysql:[user=root,pwd=lp86282176,database=cloud_disk][2020-03-15 15:43:27]--[mydisk_cgi.c:438]--query cmd=count
[2020-03-15 15:43:27]--[mydisk_cgi.c:471]--buf = {
    "token": "b7",
    "user": "lp1620811656"
}

[2020-03-15 15:43:27]--[mydisk_cgi.c:438]--query cmd=normal
[2020-03-15 15:43:27]--[mydisk_cgi.c:471]--buf = {
    "count": 1,
    "start": 0,
    "token": "b7",
    "user": "lp1620811656"
}

[2020-03-15 15:43:27]--[mydisk_cgi.c:506]--user = OF9I+Fw+oMLbiFme28hxRA==, token = b7, start = 0, count = 1
[2020-03-15 15:43:27]--[mydisk_cgi.c:286]--select user_file_list.*,file_info.url,file_info.size,file_info.type from file_info,user_file_list where user='OF9I+Fw+oMLbiFme28hxRA==' and file_info.md5=user_file_list.md5 limit 0,1 在操作
[2020-03-15 15:43:52]--[mydisk_cgi.c:438]--query cmd=count
[2020-03-15 15:43:52]--[mydisk_cgi.c:471]--buf = {
    "token": "df",
    "user": "lp13773477582"
}

[2020-03-15 15:43:52]--[mydisk_cgi.c:438]--query cmd=normal
[2020-03-15 15:43:52]--[mydisk_cgi.c:471]--buf = {
    "count": 10,
    "start": 0,
    "token": "df",
    "user": "lp13773477582"
}

[2020-03-15 15:43:52]--[mydisk_cgi.c:506]--user = vyUyGIUPr84M7jSX+NqX3Q==, token = df, start = 0, count = 10
[2020-03-15 15:43:52]--[mydisk_cgi.c:286]--select user_file_list.*,file_info.url,file_info.size,file_info.type from file_info,user_file_list where user='vyUyGIUPr84M7jSX+NqX3Q==' and file_info.md5=user_file_list.md5 limit 0,10 在操作
[2020-03-15 15:43:52]--[mydisk_cgi.c:438]--query cmd=normal
[2020-03-15 15:43:52]--[mydisk_cgi.c:471]--buf = {
    "count": 1,
    "start": 10,
    "token": "df",
    "user": "lp13773477582"
}

[2020-03-15 15:43:52]--[mydisk_cgi.c:506]--user = vyUyGIUPr84M7jSX+NqX3Q==, token = df, start = 10, count = 1
[2020-03-15 15:43:52]--[mydisk_cgi.c:286]--select user_file_list.*,file_info.url,file_info.size,file_info.type from file_info,user_file_list where user='vyUyGIUPr84M7jSX+NqX3Q==' and file_info.md5=user_file_list.md5 limit 10,1 在操作
[2020-03-15 16:00:31]--[mydisk_cgi.c:438]--query cmd=count
[2020-03-15 16:00:31]--[mydisk_cgi.c:471]--buf = {
    "token": "7b",
    "user": "lp13773477582"
}

[2020-03-15 16:00:31]--[mydisk_cgi.c:438]--query cmd=normal
[2020-03-15 16:00:31]--[mydisk_cgi.c:471]--buf = {
    "count": 10,
    "start": 0,
    "token": "7b",
    "user": "lp13773477582"
}

[2020-03-15 16:00:31]--[mydisk_cgi.c:506]--user = vyUyGIUPr84M7jSX+NqX3Q==, token = 7b, start = 0, count = 10
[2020-03-15 16:00:31]--[mydisk_cgi.c:286]--select user_file_list.*,file_info.url,file_info.size,file_info.type from file_info,user_file_list where user='vyUyGIUPr84M7jSX+NqX3Q==' and file_info.md5=user_file_list.md5 limit 0,10 在操作
[2020-03-15 16:00:32]--[mydisk_cgi.c:438]--query cmd=normal
[2020-03-15 16:00:32]--[mydisk_cgi.c:471]--buf = {
    "count": 1,
    "start": 10,
    "token": "7b",
    "user": "lp13773477582"
}

[2020-03-15 16:00:32]--[mydisk_cgi.c:506]--user = vyUyGIUPr84M7jSX+NqX3Q==, token = 7b, start = 10, count = 1
[2020-03-15 16:00:32]--[mydisk_cgi.c:286]--select user_file_list.*,file_info.url,file_info.size,file_info.type from file_info,user_file_list where user='vyUyGIUPr84M7jSX+NqX3Q==' and file_info.md5=user_file_list.md5 limit 10,1 在操作
[2020-03-15 16:06:22]--[mydisk_cgi.c:438]--query cmd=count
[2020-03-15 16:06:22]--[mydisk_cgi.c:471]--buf = {
    "token": "f9",
    "user": "lp13773477582"
}

[2020-03-15 16:06:22]--[mydisk_cgi.c:438]--query cmd=normal
[2020-03-15 16:06:22]--[mydisk_cgi.c:471]--buf = {
    "count": 10,
    "start": 0,
    "token": "f9",
    "user": "lp13773477582"
}

[2020-03-15 16:06:22]--[mydisk_cgi.c:506]--user = vyUyGIUPr84M7jSX+NqX3Q==, token = f9, start = 0, count = 10
[2020-03-15 16:06:22]--[mydisk_cgi.c:286]--select user_file_list.*,file_info.url,file_info.size,file_info.type from file_info,user_file_list where user='vyUyGIUPr84M7jSX+NqX3Q==' and file_info.md5=user_file_list.md5 limit 0,10 在操作
[2020-03-15 16:06:22]--[mydisk_cgi.c:438]--query cmd=normal
[2020-03-15 16:06:22]--[mydisk_cgi.c:471]--buf = {
    "count": 1,
    "start": 10,
    "token": "f9",
    "user": "lp13773477582"
}

[2020-03-15 16:06:22]--[mydisk_cgi.c:506]--user = vyUyGIUPr84M7jSX+NqX3Q==, token = f9, start = 10, count = 1
[2020-03-15 16:06:22]--[mydisk_cgi.c:286]--select user_file_list.*,file_info.url,file_info.size,file_info.type from file_info,user_file_list where user='vyUyGIUPr84M7jSX+NqX3Q==' and file_info.md5=user_file_list.md5 limit 10,1 在操作
[2020-03-15 16:13:32]--[mydisk_cgi.c:438]--query cmd=count
[2020-03-15 16:13:32]--[mydisk_cgi.c:471]--buf = {
    "token": "f7",
    "user": "lp13773477582"
}

[2020-03-15 16:13:32]--[mydisk_cgi.c:438]--query cmd=normal
[2020-03-15 16:13:32]--[mydisk_cgi.c:471]--buf = {
    "count": 10,
    "start": 0,
    "token": "f7",
    "user": "lp13773477582"
}

[2020-03-15 16:13:32]--[mydisk_cgi.c:506]--user = vyUyGIUPr84M7jSX+NqX3Q==, token = f7, start = 0, count = 10
[2020-03-15 16:13:32]--[mydisk_cgi.c:286]--select user_file_list.*,file_info.url,file_info.size,file_info.type from file_info,user_file_list where user='vyUyGIUPr84M7jSX+NqX3Q==' and file_info.md5=user_file_list.md5 limit 0,10 在操作
[2020-03-15 16:13:32]--[mydisk_cgi.c:438]--query cmd=normal
[2020-03-15 16:13:32]--[mydisk_cgi.c:471]--buf = {
    "count": 1,
    "start": 10,
    "token": "f7",
    "user": "lp13773477582"
}

[2020-03-15 16:13:32]--[mydisk_cgi.c:506]--user = vyUyGIUPr84M7jSX+NqX3Q==, token = f7, start = 10, count = 1
[2020-03-15 16:13:32]--[mydisk_cgi.c:286]--select user_file_list.*,file_info.url,file_info.size,file_info.type from file_info,user_file_list where user='vyUyGIUPr84M7jSX+NqX3Q==' and file_info.md5=user_file_list.md5 limit 10,1 在操作
[2020-03-15 16:13:36]--[mydisk_cgi.c:438]--query cmd=count
[2020-03-15 16:13:36]--[mydisk_cgi.c:471]--buf = {
    "token": "44",
    "user": "lp13773477582"
}

[2020-03-15 16:13:36]--[mydisk_cgi.c:438]--query cmd=normal
[2020-03-15 16:13:36]--[mydisk_cgi.c:471]--buf = {
    "count": 10,
    "start": 0,
    "token": "44",
    "user": "lp13773477582"
}

[2020-03-15 16:13:36]--[mydisk_cgi.c:506]--user = vyUyGIUPr84M7jSX+NqX3Q==, token = 44, start = 0, count = 10
[2020-03-15 16:13:36]--[mydisk_cgi.c:286]--select user_file_list.*,file_info.url,file_info.size,file_info.type from file_info,user_file_list where user='vyUyGIUPr84M7jSX+NqX3Q==' and file_info.md5=user_file_list.md5 limit 0,10 在操作
[2020-03-15 16:13:36]--[mydisk_cgi.c:438]--query cmd=normal
[2020-03-15 16:13:36]--[mydisk_cgi.c:471]--buf = {
    "count": 1,
    "start": 10,
    "token": "44",
    "user": "lp13773477582"
}

[2020-03-15 16:13:36]--[mydisk_cgi.c:506]--user = vyUyGIUPr84M7jSX+NqX3Q==, token = 44, start = 10, count = 1
[2020-03-15 16:13:36]--[mydisk_cgi.c:286]--select user_file_list.*,file_info.url,file_info.size,file_info.type from file_info,user_file_list where user='vyUyGIUPr84M7jSX+NqX3Q==' and file_info.md5=user_file_list.md5 limit 10,1 在操作
[2020-03-15 16:13:57]--[mydisk_cgi.c:438]--query cmd=count
[2020-03-15 16:13:57]--[mydisk_cgi.c:471]--buf = {
    "token": "a1",
    "user": "lp1620811656"
}

[2020-03-15 16:13:57]--[mydisk_cgi.c:438]--query cmd=normal
[2020-03-15 16:13:57]--[mydisk_cgi.c:471]--buf = {
    "count": 1,
    "start": 0,
    "token": "a1",
    "user": "lp1620811656"
}

[2020-03-15 16:13:57]--[mydisk_cgi.c:506]--user = OF9I+Fw+oMLbiFme28hxRA==, token = a1, start = 0, count = 1
[2020-03-15 16:13:57]--[mydisk_cgi.c:286]--select user_file_list.*,file_info.url,file_info.size,file_info.type from file_info,user_file_list where user='OF9I+Fw+oMLbiFme28hxRA==' and file_info.md5=user_file_list.md5 limit 0,1 在操作
[2020-03-15 16:14:16]--[mydisk_cgi.c:438]--query cmd=count
[2020-03-15 16:14:16]--[mydisk_cgi.c:471]--buf = {
    "token": "a1",
    "user": "lp1620811656"
}

[2020-03-15 16:14:16]--[mydisk_cgi.c:438]--query cmd=normal
[2020-03-15 16:14:16]--[mydisk_cgi.c:471]--buf = {
    "count": 2,
    "start": 0,
    "token": "a1",
    "user": "lp1620811656"
}

[2020-03-15 16:14:16]--[mydisk_cgi.c:506]--user = OF9I+Fw+oMLbiFme28hxRA==, token = a1, start = 0, count = 2
[2020-03-15 16:14:16]--[mydisk_cgi.c:286]--select user_file_list.*,file_info.url,file_info.size,file_info.type from file_info,user_file_list where user='OF9I+Fw+oMLbiFme28hxRA==' and file_info.md5=user_file_list.md5 limit 0,2 在操作
[2020-03-15 16:14:46]--[mydisk_cgi.c:438]--query cmd=count
[2020-03-15 16:14:46]--[mydisk_cgi.c:471]--buf = {
    "token": "1c",
    "user": "lp13773477582"
}

[2020-03-15 16:14:46]--[mydisk_cgi.c:438]--query cmd=normal
[2020-03-15 16:14:46]--[mydisk_cgi.c:471]--buf = {
    "count": 10,
    "start": 0,
    "token": "1c",
    "user": "lp13773477582"
}

[2020-03-15 16:14:46]--[mydisk_cgi.c:506]--user = vyUyGIUPr84M7jSX+NqX3Q==, token = 1c, start = 0, count = 10
[2020-03-15 16:14:46]--[mydisk_cgi.c:286]--select user_file_list.*,file_info.url,file_info.size,file_info.type from file_info,user_file_list where user='vyUyGIUPr84M7jSX+NqX3Q==' and file_info.md5=user_file_list.md5 limit 0,10 在操作
[2020-03-15 16:14:46]--[mydisk_cgi.c:438]--query cmd=normal
[2020-03-15 16:14:46]--[mydisk_cgi.c:471]--buf = {
    "count": 1,
    "start": 10,
    "token": "1c",
    "user": "lp13773477582"
}

[2020-03-15 16:14:46]--[mydisk_cgi.c:506]--user = vyUyGIUPr84M7jSX+NqX3Q==, token = 1c, start = 10, count = 1
[2020-03-15 16:14:46]--[mydisk_cgi.c:286]--select user_file_list.*,file_info.url,file_info.size,file_info.type from file_info,user_file_list where user='vyUyGIUPr84M7jSX+NqX3Q==' and file_info.md5=user_file_list.md5 limit 10,1 在操作
[2020-03-15 16:14:52]--[mydisk_cgi.c:438]--query cmd=count
[2020-03-15 16:14:52]--[mydisk_cgi.c:471]--buf = {
    "token": "2e",
    "user": "lp13773477582"
}

[2020-03-15 16:14:52]--[mydisk_cgi.c:438]--query cmd=normal
[2020-03-15 16:14:52]--[mydisk_cgi.c:471]--buf = {
    "count": 10,
    "start": 0,
    "token": "2e",
    "user": "lp13773477582"
}

[2020-03-15 16:14:52]--[mydisk_cgi.c:506]--user = vyUyGIUPr84M7jSX+NqX3Q==, token = 2e, start = 0, count = 10
[2020-03-15 16:14:52]--[mydisk_cgi.c:286]--select user_file_list.*,file_info.url,file_info.size,file_info.type from file_info,user_file_list where user='vyUyGIUPr84M7jSX+NqX3Q==' and file_info.md5=user_file_list.md5 limit 0,10 在操作
[2020-03-15 16:14:52]--[mydisk_cgi.c:438]--query cmd=normal
[2020-03-15 16:14:52]--[mydisk_cgi.c:471]--buf = {
    "count": 1,
    "start": 10,
    "token": "2e",
    "user": "lp13773477582"
}

[2020-03-15 16:14:52]--[mydisk_cgi.c:506]--user = vyUyGIUPr84M7jSX+NqX3Q==, token = 2e, start = 10, count = 1
[2020-03-15 16:14:52]--[mydisk_cgi.c:286]--select user_file_list.*,file_info.url,file_info.size,file_info.type from file_info,user_file_list where user='vyUyGIUPr84M7jSX+NqX3Q==' and file_info.md5=user_file_list.md5 limit 10,1 在操作
[2020-03-15 16:15:10]--[mydisk_cgi.c:438]--query cmd=count
[2020-03-15 16:15:10]--[mydisk_cgi.c:471]--buf = {
    "token": "ec",
    "user": "lp13773477582"
}

[2020-03-15 16:15:10]--[mydisk_cgi.c:438]--query cmd=normal
[2020-03-15 16:15:10]--[mydisk_cgi.c:471]--buf = {
    "count": 10,
    "start": 0,
    "token": "ec",
    "user": "lp13773477582"
}

[2020-03-15 16:15:10]--[mydisk_cgi.c:506]--user = vyUyGIUPr84M7jSX+NqX3Q==, token = ec, start = 0, count = 10
[2020-03-15 16:15:10]--[mydisk_cgi.c:286]--select user_file_list.*,file_info.url,file_info.size,file_info.type from file_info,user_file_list where user='vyUyGIUPr84M7jSX+NqX3Q==' and file_info.md5=user_file_list.md5 limit 0,10 在操作
[2020-03-15 16:15:10]--[mydisk_cgi.c:438]--query cmd=normal
[2020-03-15 16:15:10]--[mydisk_cgi.c:471]--buf = {
    "count": 1,
    "start": 10,
    "token": "ec",
    "user": "lp13773477582"
}

[2020-03-15 16:15:10]--[mydisk_cgi.c:506]--user = vyUyGIUPr84M7jSX+NqX3Q==, token = ec, start = 10, count = 1
[2020-03-15 16:15:10]--[mydisk_cgi.c:286]--select user_file_list.*,file_info.url,file_info.size,file_info.type from file_info,user_file_list where user='vyUyGIUPr84M7jSX+NqX3Q==' and file_info.md5=user_file_list.md5 limit 10,1 在操作
[2020-03-15 17:06:11]--[mydisk_cgi.c:438]--query cmd=count
[2020-03-15 17:06:11]--[mydisk_cgi.c:471]--buf = {
    "token": "89",
    "user": "lp13773477582"
}

[2020-03-15 17:06:11]--[mydisk_cgi.c:438]--query cmd=normal
[2020-03-15 17:06:11]--[mydisk_cgi.c:471]--buf = {
    "count": 10,
    "start": 0,
    "token": "89",
    "user": "lp13773477582"
}

[2020-03-15 17:06:11]--[mydisk_cgi.c:506]--user = vyUyGIUPr84M7jSX+NqX3Q==, token = 89, start = 0, count = 10
[2020-03-15 17:06:11]--[mydisk_cgi.c:286]--select user_file_list.*,file_info.url,file_info.size,file_info.type from file_info,user_file_list where user='vyUyGIUPr84M7jSX+NqX3Q==' and file_info.md5=user_file_list.md5 limit 0,10 在操作
[2020-03-15 17:06:11]--[mydisk_cgi.c:438]--query cmd=normal
[2020-03-15 17:06:11]--[mydisk_cgi.c:471]--buf = {
    "count": 1,
    "start": 10,
    "token": "89",
    "user": "lp13773477582"
}

[2020-03-15 17:06:11]--[mydisk_cgi.c:506]--user = vyUyGIUPr84M7jSX+NqX3Q==, token = 89, start = 10, count = 1
[2020-03-15 17:06:11]--[mydisk_cgi.c:286]--select user_file_list.*,file_info.url,file_info.size,file_info.type from file_info,user_file_list where user='vyUyGIUPr84M7jSX+NqX3Q==' and file_info.md5=user_file_list.md5 limit 10,1 在操作
[2020-03-15 17:08:07]--[mydisk_cgi.c:438]--query cmd=count
[2020-03-15 17:08:07]--[mydisk_cgi.c:471]--buf = {
    "token": "ba",
    "user": "lp13773477582"
}

[2020-03-15 17:08:07]--[mydisk_cgi.c:438]--query cmd=normal
[2020-03-15 17:08:07]--[mydisk_cgi.c:471]--buf = {
    "count": 10,
    "start": 0,
    "token": "ba",
    "user": "lp13773477582"
}

[2020-03-15 17:08:07]--[mydisk_cgi.c:506]--user = vyUyGIUPr84M7jSX+NqX3Q==, token = ba, start = 0, count = 10
[2020-03-15 17:08:07]--[mydisk_cgi.c:286]--select user_file_list.*,file_info.url,file_info.size,file_info.type from file_info,user_file_list where user='vyUyGIUPr84M7jSX+NqX3Q==' and file_info.md5=user_file_list.md5 limit 0,10 在操作
[2020-03-15 17:08:07]--[mydisk_cgi.c:438]--query cmd=normal
[2020-03-15 17:08:07]--[mydisk_cgi.c:471]--buf = {
    "count": 1,
    "start": 10,
    "token": "ba",
    "user": "lp13773477582"
}

[2020-03-15 17:08:07]--[mydisk_cgi.c:506]--user = vyUyGIUPr84M7jSX+NqX3Q==, token = ba, start = 10, count = 1
[2020-03-15 17:08:07]--[mydisk_cgi.c:286]--select user_file_list.*,file_info.url,file_info.size,file_info.type from file_info,user_file_list where user='vyUyGIUPr84M7jSX+NqX3Q==' and file_info.md5=user_file_list.md5 limit 10,1 在操作
[2020-03-15 17:08:47]--[mydisk_cgi.c:438]--query cmd=count
[2020-03-15 17:08:47]--[mydisk_cgi.c:471]--buf = {
    "token": "e2",
    "user": "lp13773477582"
}

[2020-03-15 17:08:48]--[mydisk_cgi.c:438]--query cmd=normal
[2020-03-15 17:08:48]--[mydisk_cgi.c:471]--buf = {
    "count": 10,
    "start": 0,
    "token": "e2",
    "user": "lp13773477582"
}

[2020-03-15 17:08:48]--[mydisk_cgi.c:506]--user = vyUyGIUPr84M7jSX+NqX3Q==, token = e2, start = 0, count = 10
[2020-03-15 17:08:48]--[mydisk_cgi.c:286]--select user_file_list.*,file_info.url,file_info.size,file_info.type from file_info,user_file_list where user='vyUyGIUPr84M7jSX+NqX3Q==' and file_info.md5=user_file_list.md5 limit 0,10 在操作
[2020-03-15 17:08:48]--[mydisk_cgi.c:438]--query cmd=normal
[2020-03-15 17:08:48]--[mydisk_cgi.c:471]--buf = {
    "count": 1,
    "start": 10,
    "token": "e2",
    "user": "lp13773477582"
}

[2020-03-15 17:08:48]--[mydisk_cgi.c:506]--user = vyUyGIUPr84M7jSX+NqX3Q==, token = e2, start = 10, count = 1
[2020-03-15 17:08:48]--[mydisk_cgi.c:286]--select user_file_list.*,file_info.url,file_info.size,file_info.type from file_info,user_file_list where user='vyUyGIUPr84M7jSX+NqX3Q==' and file_info.md5=user_file_list.md5 limit 10,1 在操作
[2020-03-15 17:10:30]--[mydisk_cgi.c:438]--query cmd=count
[2020-03-15 17:10:30]--[mydisk_cgi.c:471]--buf = {
    "token": "01",
    "user": "lp13773477582"
}

[2020-03-15 17:10:30]--[mydisk_cgi.c:438]--query cmd=normal
[2020-03-15 17:10:30]--[mydisk_cgi.c:471]--buf = {
    "count": 10,
    "start": 0,
    "token": "01",
    "user": "lp13773477582"
}

[2020-03-15 17:10:30]--[mydisk_cgi.c:506]--user = vyUyGIUPr84M7jSX+NqX3Q==, token = 01, start = 0, count = 10
[2020-03-15 17:10:30]--[mydisk_cgi.c:286]--select user_file_list.*,file_info.url,file_info.size,file_info.type from file_info,user_file_list where user='vyUyGIUPr84M7jSX+NqX3Q==' and file_info.md5=user_file_list.md5 limit 0,10 在操作
[2020-03-15 17:10:30]--[mydisk_cgi.c:438]--query cmd=normal
[2020-03-15 17:10:30]--[mydisk_cgi.c:471]--buf = {
    "count": 1,
    "start": 10,
    "token": "01",
    "user": "lp13773477582"
}

[2020-03-15 17:10:30]--[mydisk_cgi.c:506]--user = vyUyGIUPr84M7jSX+NqX3Q==, token = 01, start = 10, count = 1
[2020-03-15 17:10:30]--[mydisk_cgi.c:286]--select user_file_list.*,file_info.url,file_info.size,file_info.type from file_info,user_file_list where user='vyUyGIUPr84M7jSX+NqX3Q==' and file_info.md5=user_file_list.md5 limit 10,1 在操作
[2020-03-15 17:14:41]--[mydisk_cgi.c:438]--query cmd=count
[2020-03-15 17:14:41]--[mydisk_cgi.c:471]--buf = {
    "token": "71",
    "user": "lp13773477582"
}

[2020-03-15 17:14:41]--[mydisk_cgi.c:438]--query cmd=normal
[2020-03-15 17:14:41]--[mydisk_cgi.c:471]--buf = {
    "count": 10,
    "start": 0,
    "token": "71",
    "user": "lp13773477582"
}

[2020-03-15 17:14:41]--[mydisk_cgi.c:506]--user = vyUyGIUPr84M7jSX+NqX3Q==, token = 71, start = 0, count = 10
[2020-03-15 17:14:41]--[mydisk_cgi.c:286]--select user_file_list.*,file_info.url,file_info.size,file_info.type from file_info,user_file_list where user='vyUyGIUPr84M7jSX+NqX3Q==' and file_info.md5=user_file_list.md5 limit 0,10 在操作
[2020-03-15 17:14:41]--[mydisk_cgi.c:438]--query cmd=normal
[2020-03-15 17:14:41]--[mydisk_cgi.c:471]--buf = {
    "count": 1,
    "start": 10,
    "token": "71",
    "user": "lp13773477582"
}

[2020-03-15 17:14:41]--[mydisk_cgi.c:506]--user = vyUyGIUPr84M7jSX+NqX3Q==, token = 71, start = 10, count = 1
[2020-03-15 17:14:41]--[mydisk_cgi.c:286]--select user_file_list.*,file_info.url,file_info.size,file_info.type from file_info,user_file_list where user='vyUyGIUPr84M7jSX+NqX3Q==' and file_info.md5=user_file_list.md5 limit 10,1 在操作
[2020-03-15 17:15:58]--[mydisk_cgi.c:438]--query cmd=count
[2020-03-15 17:15:58]--[mydisk_cgi.c:471]--buf = {
    "token": "a0",
    "user": "lp13773477582"
}

[2020-03-15 17:15:58]--[mydisk_cgi.c:438]--query cmd=normal
[2020-03-15 17:15:58]--[mydisk_cgi.c:471]--buf = {
    "count": 10,
    "start": 0,
    "token": "a0",
    "user": "lp13773477582"
}

[2020-03-15 17:15:58]--[mydisk_cgi.c:506]--user = vyUyGIUPr84M7jSX+NqX3Q==, token = a0, start = 0, count = 10
[2020-03-15 17:15:58]--[mydisk_cgi.c:286]--select user_file_list.*,file_info.url,file_info.size,file_info.type from file_info,user_file_list where user='vyUyGIUPr84M7jSX+NqX3Q==' and file_info.md5=user_file_list.md5 limit 0,10 在操作
[2020-03-15 17:15:59]--[mydisk_cgi.c:438]--query cmd=normal
[2020-03-15 17:15:59]--[mydisk_cgi.c:471]--buf = {
    "count": 1,
    "start": 10,
    "token": "a0",
    "user": "lp13773477582"
}

[2020-03-15 17:15:59]--[mydisk_cgi.c:506]--user = vyUyGIUPr84M7jSX+NqX3Q==, token = a0, start = 10, count = 1
[2020-03-15 17:15:59]--[mydisk_cgi.c:286]--select user_file_list.*,file_info.url,file_info.size,file_info.type from file_info,user_file_list where user='vyUyGIUPr84M7jSX+NqX3Q==' and file_info.md5=user_file_list.md5 limit 10,1 在操作
