[2020-03-10 17:21:35]--[mydisk_cgi.c:438]--query cmd=count
[2020-03-10 17:21:35]--[mydisk_cgi.c:471]--buf = {
    "token": "41",
    "user": "lp13773477582"
}

[2020-03-10 17:21:35]--[mydisk_cgi.c:438]--query cmd=normal
[2020-03-10 17:21:35]--[mydisk_cgi.c:471]--buf = {
    "count": 10,
    "start": 0,
    "token": "41",
    "user": "lp13773477582"
}

[2020-03-10 17:21:35]--[mydisk_cgi.c:506]--user = vyUyGIUPr84M7jSX+NqX3Q==, token = 41, start = 0, count = 10
[2020-03-10 17:21:35]--[mydisk_cgi.c:286]--select user_file_list.*,file_info.url,file_info.size,file_info.type from file_info,user_file_list where user='vyUyGIUPr84M7jSX+NqX3Q==' and file_info.md5=user_file_list.md5 limit 0,10 在操作
[2020-03-10 17:21:35]--[mydisk_cgi.c:438]--query cmd=normal
[2020-03-10 17:21:35]--[mydisk_cgi.c:471]--buf = {
    "count": 10,
    "start": 10,
    "token": "41",
    "user": "lp13773477582"
}

[2020-03-10 17:21:35]--[mydisk_cgi.c:506]--user = vyUyGIUPr84M7jSX+NqX3Q==, token = 41, start = 10, count = 10
[2020-03-10 17:21:35]--[mydisk_cgi.c:286]--select user_file_list.*,file_info.url,file_info.size,file_info.type from file_info,user_file_list where user='vyUyGIUPr84M7jSX+NqX3Q==' and file_info.md5=user_file_list.md5 limit 10,10 在操作
[2020-03-10 17:21:35]--[mydisk_cgi.c:438]--query cmd=normal
[2020-03-10 17:21:35]--[mydisk_cgi.c:471]--buf = {
    "count": 1,
    "start": 20,
    "token": "41",
    "user": "lp13773477582"
}

[2020-03-10 17:21:35]--[mydisk_cgi.c:506]--user = vyUyGIUPr84M7jSX+NqX3Q==, token = 41, start = 20, count = 1
[2020-03-10 17:21:35]--[mydisk_cgi.c:286]--select user_file_list.*,file_info.url,file_info.size,file_info.type from file_info,user_file_list where user='vyUyGIUPr84M7jSX+NqX3Q==' and file_info.md5=user_file_list.md5 limit 20,1 在操作
[2020-03-10 17:21:53]--[mydisk_cgi.c:438]--query cmd=count
[2020-03-10 17:21:53]--[mydisk_cgi.c:471]--buf = {
    "token": "3f",
    "user": "lp13773477582"
}

[2020-03-10 17:21:53]--[mydisk_cgi.c:438]--query cmd=normal
[2020-03-10 17:21:53]--[mydisk_cgi.c:471]--buf = {
    "count": 10,
    "start": 0,
    "token": "3f",
    "user": "lp13773477582"
}

[2020-03-10 17:21:53]--[mydisk_cgi.c:506]--user = vyUyGIUPr84M7jSX+NqX3Q==, token = 3f, start = 0, count = 10
[2020-03-10 17:21:53]--[mydisk_cgi.c:286]--select user_file_list.*,file_info.url,file_info.size,file_info.type from file_info,user_file_list where user='vyUyGIUPr84M7jSX+NqX3Q==' and file_info.md5=user_file_list.md5 limit 0,10 在操作
[2020-03-10 17:21:53]--[mydisk_cgi.c:438]--query cmd=normal
[2020-03-10 17:21:53]--[mydisk_cgi.c:471]--buf = {
    "count": 10,
    "start": 10,
    "token": "3f",
    "user": "lp13773477582"
}

[2020-03-10 17:21:53]--[mydisk_cgi.c:506]--user = vyUyGIUPr84M7jSX+NqX3Q==, token = 3f, start = 10, count = 10
[2020-03-10 17:21:53]--[mydisk_cgi.c:286]--select user_file_list.*,file_info.url,file_info.size,file_info.type from file_info,user_file_list where user='vyUyGIUPr84M7jSX+NqX3Q==' and file_info.md5=user_file_list.md5 limit 10,10 在操作
[2020-03-10 17:21:53]--[mydisk_cgi.c:438]--query cmd=normal
[2020-03-10 17:21:53]--[mydisk_cgi.c:471]--buf = {
    "count": 1,
    "start": 20,
    "token": "3f",
    "user": "lp13773477582"
}

[2020-03-10 17:21:53]--[mydisk_cgi.c:506]--user = vyUyGIUPr84M7jSX+NqX3Q==, token = 3f, start = 20, count = 1
[2020-03-10 17:21:53]--[mydisk_cgi.c:286]--select user_file_list.*,file_info.url,file_info.size,file_info.type from file_info,user_file_list where user='vyUyGIUPr84M7jSX+NqX3Q==' and file_info.md5=user_file_list.md5 limit 20,1 在操作
[2020-03-10 17:22:07]--[mydisk_cgi.c:438]--query cmd=share
[2020-03-10 17:22:07]--[mydisk_cgi.c:471]--buf = {
    "filename": "截图.png",
    "md5": "59381fec7e122866f2232188b924a829",
    "token": "3f",
    "user": "lp13773477582"
}

[2020-03-10 17:22:07]--[mydisk_cgi.c:222]--cJSON_GetObjectItem err
[2020-03-10 17:22:07]--[mydisk_cgi.c:506]--user = vyUyGIUPr84M7jSX+NqX3Q==, token = 3f, start = 20, count = 1
[2020-03-10 17:22:07]--[mydisk_cgi.c:286]-- 在操作
[2020-03-10 17:22:07]--[mydisk_cgi.c:290]-- 操作失败：Query was empty
[2020-03-10 17:24:51]--[mydisk_cgi.c:438]--query cmd=share
[2020-03-10 17:24:51]--[mydisk_cgi.c:471]--buf = {
    "filename": "截图.png",
    "md5": "59381fec7e122866f2232188b924a829",
    "token": "3f",
    "user": "lp13773477582"
}

[2020-03-10 17:24:51]--[mydisk_cgi.c:222]--cJSON_GetObjectItem err
[2020-03-10 17:24:51]--[mydisk_cgi.c:506]--user = vyUyGIUPr84M7jSX+NqX3Q==, token = 3f, start = 20, count = 1
[2020-03-10 17:24:51]--[mydisk_cgi.c:286]-- 在操作
[2020-03-10 17:24:51]--[mydisk_cgi.c:290]-- 操作失败：Query was empty
[2020-03-10 17:43:55]--[mydisk_cgi.c:438]--query cmd=count
[2020-03-10 17:43:55]--[mydisk_cgi.c:471]--buf = {
    "token": "c2",
    "user": "lp13773477582"
}

[2020-03-10 17:43:56]--[mydisk_cgi.c:438]--query cmd=normal
[2020-03-10 17:43:56]--[mydisk_cgi.c:471]--buf = {
    "count": 10,
    "start": 0,
    "token": "c2",
    "user": "lp13773477582"
}

[2020-03-10 17:43:56]--[mydisk_cgi.c:506]--user = vyUyGIUPr84M7jSX+NqX3Q==, token = c2, start = 0, count = 10
[2020-03-10 17:43:56]--[mydisk_cgi.c:286]--select user_file_list.*,file_info.url,file_info.size,file_info.type from file_info,user_file_list where user='vyUyGIUPr84M7jSX+NqX3Q==' and file_info.md5=user_file_list.md5 limit 0,10 在操作
[2020-03-10 17:43:56]--[mydisk_cgi.c:438]--query cmd=normal
[2020-03-10 17:43:56]--[mydisk_cgi.c:471]--buf = {
    "count": 10,
    "start": 10,
    "token": "c2",
    "user": "lp13773477582"
}

[2020-03-10 17:43:56]--[mydisk_cgi.c:506]--user = vyUyGIUPr84M7jSX+NqX3Q==, token = c2, start = 10, count = 10
[2020-03-10 17:43:56]--[mydisk_cgi.c:286]--select user_file_list.*,file_info.url,file_info.size,file_info.type from file_info,user_file_list where user='vyUyGIUPr84M7jSX+NqX3Q==' and file_info.md5=user_file_list.md5 limit 10,10 在操作
[2020-03-10 17:43:56]--[mydisk_cgi.c:438]--query cmd=normal
[2020-03-10 17:43:56]--[mydisk_cgi.c:471]--buf = {
    "count": 1,
    "start": 20,
    "token": "c2",
    "user": "lp13773477582"
}

[2020-03-10 17:43:56]--[mydisk_cgi.c:506]--user = vyUyGIUPr84M7jSX+NqX3Q==, token = c2, start = 20, count = 1
[2020-03-10 17:43:56]--[mydisk_cgi.c:286]--select user_file_list.*,file_info.url,file_info.size,file_info.type from file_info,user_file_list where user='vyUyGIUPr84M7jSX+NqX3Q==' and file_info.md5=user_file_list.md5 limit 20,1 在操作
[2020-03-10 17:44:26]--[mydisk_cgi.c:438]--query cmd=share
[2020-03-10 17:44:26]--[mydisk_cgi.c:471]--buf = {
    "filename": "截图.png",
    "md5": "59381fec7e122866f2232188b924a829",
    "token": "c2",
    "user": "lp13773477582"
}

[2020-03-10 17:44:26]--[mydisk_cgi.c:222]--cJSON_GetObjectItem err
[2020-03-10 17:44:26]--[mydisk_cgi.c:506]--user = vyUyGIUPr84M7jSX+NqX3Q==, token = c2, start = 20, count = 1
[2020-03-10 17:44:26]--[mydisk_cgi.c:286]-- 在操作
[2020-03-10 17:44:26]--[mydisk_cgi.c:290]-- 操作失败：Query was empty
[2020-03-10 18:01:35]--[mydisk_cgi.c:438]--query cmd=count
[2020-03-10 18:01:35]--[mydisk_cgi.c:471]--buf = {
    "token": "e5",
    "user": "lp13773477582"
}

[2020-03-10 18:01:35]--[mydisk_cgi.c:438]--query cmd=normal
[2020-03-10 18:01:35]--[mydisk_cgi.c:471]--buf = {
    "count": 10,
    "start": 0,
    "token": "e5",
    "user": "lp13773477582"
}

[2020-03-10 18:01:35]--[mydisk_cgi.c:506]--user = vyUyGIUPr84M7jSX+NqX3Q==, token = e5, start = 0, count = 10
[2020-03-10 18:01:35]--[mydisk_cgi.c:286]--select user_file_list.*,file_info.url,file_info.size,file_info.type from file_info,user_file_list where user='vyUyGIUPr84M7jSX+NqX3Q==' and file_info.md5=user_file_list.md5 limit 0,10 在操作
[2020-03-10 18:01:35]--[mydisk_cgi.c:438]--query cmd=normal
[2020-03-10 18:01:35]--[mydisk_cgi.c:471]--buf = {
    "count": 10,
    "start": 10,
    "token": "e5",
    "user": "lp13773477582"
}

[2020-03-10 18:01:35]--[mydisk_cgi.c:506]--user = vyUyGIUPr84M7jSX+NqX3Q==, token = e5, start = 10, count = 10
[2020-03-10 18:01:35]--[mydisk_cgi.c:286]--select user_file_list.*,file_info.url,file_info.size,file_info.type from file_info,user_file_list where user='vyUyGIUPr84M7jSX+NqX3Q==' and file_info.md5=user_file_list.md5 limit 10,10 在操作
[2020-03-10 18:01:35]--[mydisk_cgi.c:438]--query cmd=normal
[2020-03-10 18:01:35]--[mydisk_cgi.c:471]--buf = {
    "count": 1,
    "start": 20,
    "token": "e5",
    "user": "lp13773477582"
}

[2020-03-10 18:01:35]--[mydisk_cgi.c:506]--user = vyUyGIUPr84M7jSX+NqX3Q==, token = e5, start = 20, count = 1
[2020-03-10 18:01:35]--[mydisk_cgi.c:286]--select user_file_list.*,file_info.url,file_info.size,file_info.type from file_info,user_file_list where user='vyUyGIUPr84M7jSX+NqX3Q==' and file_info.md5=user_file_list.md5 limit 20,1 在操作
[2020-03-10 18:01:48]--[mydisk_cgi.c:438]--query cmd=share
[2020-03-10 18:01:48]--[mydisk_cgi.c:471]--buf = {
    "filename": "捕获.PNG",
    "md5": "adb1565ef8c89e070be0a8b43b8f4c7f",
    "token": "e5",
    "user": "lp13773477582"
}

[2020-03-10 18:01:48]--[mydisk_cgi.c:222]--cJSON_GetObjectItem err
[2020-03-10 18:01:48]--[mydisk_cgi.c:506]--user = vyUyGIUPr84M7jSX+NqX3Q==, token = e5, start = 20, count = 1
[2020-03-10 18:01:48]--[mydisk_cgi.c:286]-- 在操作
[2020-03-10 18:01:48]--[mydisk_cgi.c:290]-- 操作失败：Query was empty
[2020-03-10 18:07:53]--[mydisk_cgi.c:438]--query cmd=count
[2020-03-10 18:07:53]--[mydisk_cgi.c:471]--buf = {
    "token": "2b",
    "user": "lp13773477582"
}

[2020-03-10 18:07:53]--[mydisk_cgi.c:438]--query cmd=normal
[2020-03-10 18:07:53]--[mydisk_cgi.c:471]--buf = {
    "count": 10,
    "start": 0,
    "token": "2b",
    "user": "lp13773477582"
}

[2020-03-10 18:07:53]--[mydisk_cgi.c:506]--user = vyUyGIUPr84M7jSX+NqX3Q==, token = 2b, start = 0, count = 10
[2020-03-10 18:07:53]--[mydisk_cgi.c:286]--select user_file_list.*,file_info.url,file_info.size,file_info.type from file_info,user_file_list where user='vyUyGIUPr84M7jSX+NqX3Q==' and file_info.md5=user_file_list.md5 limit 0,10 在操作
[2020-03-10 18:07:53]--[mydisk_cgi.c:438]--query cmd=normal
[2020-03-10 18:07:53]--[mydisk_cgi.c:471]--buf = {
    "count": 10,
    "start": 10,
    "token": "2b",
    "user": "lp13773477582"
}

[2020-03-10 18:07:53]--[mydisk_cgi.c:506]--user = vyUyGIUPr84M7jSX+NqX3Q==, token = 2b, start = 10, count = 10
[2020-03-10 18:07:53]--[mydisk_cgi.c:286]--select user_file_list.*,file_info.url,file_info.size,file_info.type from file_info,user_file_list where user='vyUyGIUPr84M7jSX+NqX3Q==' and file_info.md5=user_file_list.md5 limit 10,10 在操作
[2020-03-10 18:07:53]--[mydisk_cgi.c:438]--query cmd=normal
[2020-03-10 18:07:53]--[mydisk_cgi.c:471]--buf = {
    "count": 1,
    "start": 20,
    "token": "2b",
    "user": "lp13773477582"
}

[2020-03-10 18:07:53]--[mydisk_cgi.c:506]--user = vyUyGIUPr84M7jSX+NqX3Q==, token = 2b, start = 20, count = 1
[2020-03-10 18:07:53]--[mydisk_cgi.c:286]--select user_file_list.*,file_info.url,file_info.size,file_info.type from file_info,user_file_list where user='vyUyGIUPr84M7jSX+NqX3Q==' and file_info.md5=user_file_list.md5 limit 20,1 在操作
[2020-03-10 18:16:15]--[mydisk_cgi.c:438]--query cmd=count
[2020-03-10 18:16:15]--[mydisk_cgi.c:471]--buf = {
    "token": "91",
    "user": "lp13773477582"
}

[2020-03-10 18:16:15]--[mydisk_cgi.c:438]--query cmd=normal
[2020-03-10 18:16:15]--[mydisk_cgi.c:471]--buf = {
    "count": 10,
    "start": 0,
    "token": "91",
    "user": "lp13773477582"
}

[2020-03-10 18:16:15]--[mydisk_cgi.c:506]--user = vyUyGIUPr84M7jSX+NqX3Q==, token = 91, start = 0, count = 10
[2020-03-10 18:16:15]--[mydisk_cgi.c:286]--select user_file_list.*,file_info.url,file_info.size,file_info.type from file_info,user_file_list where user='vyUyGIUPr84M7jSX+NqX3Q==' and file_info.md5=user_file_list.md5 limit 0,10 在操作
[2020-03-10 18:16:15]--[mydisk_cgi.c:438]--query cmd=normal
[2020-03-10 18:16:15]--[mydisk_cgi.c:471]--buf = {
    "count": 10,
    "start": 10,
    "token": "91",
    "user": "lp13773477582"
}

[2020-03-10 18:16:15]--[mydisk_cgi.c:506]--user = vyUyGIUPr84M7jSX+NqX3Q==, token = 91, start = 10, count = 10
[2020-03-10 18:16:15]--[mydisk_cgi.c:286]--select user_file_list.*,file_info.url,file_info.size,file_info.type from file_info,user_file_list where user='vyUyGIUPr84M7jSX+NqX3Q==' and file_info.md5=user_file_list.md5 limit 10,10 在操作
[2020-03-10 18:16:15]--[mydisk_cgi.c:438]--query cmd=normal
[2020-03-10 18:16:15]--[mydisk_cgi.c:471]--buf = {
    "count": 1,
    "start": 20,
    "token": "91",
    "user": "lp13773477582"
}

[2020-03-10 18:16:15]--[mydisk_cgi.c:506]--user = vyUyGIUPr84M7jSX+NqX3Q==, token = 91, start = 20, count = 1
[2020-03-10 18:16:15]--[mydisk_cgi.c:286]--select user_file_list.*,file_info.url,file_info.size,file_info.type from file_info,user_file_list where user='vyUyGIUPr84M7jSX+NqX3Q==' and file_info.md5=user_file_list.md5 limit 20,1 在操作
