[2020-03-21 22:16:01]--[mydisk_cgi.c:438]--query cmd=count
[2020-03-21 22:16:01]--[mydisk_cgi.c:471]--buf = {
    "token": "e0",
    "user": "lp13773477582"
}

[2020-03-21 22:16:01]--[mydisk_cgi.c:438]--query cmd=normal
[2020-03-21 22:16:01]--[mydisk_cgi.c:471]--buf = {
    "count": 10,
    "start": 0,
    "token": "e0",
    "user": "lp13773477582"
}

[2020-03-21 22:16:01]--[mydisk_cgi.c:506]--user = vyUyGIUPr84M7jSX+NqX3Q==, token = e0, start = 0, count = 10
[2020-03-21 22:16:01]--[mydisk_cgi.c:286]--select user_file_list.*,file_info.url,file_info.size,file_info.type from file_info,user_file_list where user='vyUyGIUPr84M7jSX+NqX3Q==' and file_info.md5=user_file_list.md5 limit 0,10 在操作
[2020-03-21 22:16:02]--[mydisk_cgi.c:438]--query cmd=normal
[2020-03-21 22:16:02]--[mydisk_cgi.c:471]--buf = {
    "count": 5,
    "start": 10,
    "token": "e0",
    "user": "lp13773477582"
}

[2020-03-21 22:16:02]--[mydisk_cgi.c:506]--user = vyUyGIUPr84M7jSX+NqX3Q==, token = e0, start = 10, count = 5
[2020-03-21 22:16:02]--[mydisk_cgi.c:286]--select user_file_list.*,file_info.url,file_info.size,file_info.type from file_info,user_file_list where user='vyUyGIUPr84M7jSX+NqX3Q==' and file_info.md5=user_file_list.md5 limit 10,5 在操作
[2020-03-21 22:29:13]--[mydisk_cgi.c:438]--query cmd=count
[2020-03-21 22:29:13]--[mydisk_cgi.c:471]--buf = {
    "token": "8d",
    "user": "lp13773477582"
}

[2020-03-21 22:29:13]--[mydisk_cgi.c:438]--query cmd=normal
[2020-03-21 22:29:13]--[mydisk_cgi.c:471]--buf = {
    "count": 10,
    "start": 0,
    "token": "8d",
    "user": "lp13773477582"
}

[2020-03-21 22:29:13]--[mydisk_cgi.c:506]--user = vyUyGIUPr84M7jSX+NqX3Q==, token = 8d, start = 0, count = 10
[2020-03-21 22:29:13]--[mydisk_cgi.c:286]--select user_file_list.*,file_info.url,file_info.size,file_info.type from file_info,user_file_list where user='vyUyGIUPr84M7jSX+NqX3Q==' and file_info.md5=user_file_list.md5 limit 0,10 在操作
[2020-03-21 22:29:13]--[mydisk_cgi.c:438]--query cmd=normal
[2020-03-21 22:29:13]--[mydisk_cgi.c:471]--buf = {
    "count": 5,
    "start": 10,
    "token": "8d",
    "user": "lp13773477582"
}

[2020-03-21 22:29:13]--[mydisk_cgi.c:506]--user = vyUyGIUPr84M7jSX+NqX3Q==, token = 8d, start = 10, count = 5
[2020-03-21 22:29:13]--[mydisk_cgi.c:286]--select user_file_list.*,file_info.url,file_info.size,file_info.type from file_info,user_file_list where user='vyUyGIUPr84M7jSX+NqX3Q==' and file_info.md5=user_file_list.md5 limit 10,5 在操作
[2020-03-21 22:29:19]--[mydisk_cgi.c:438]--query cmd=count
[2020-03-21 22:29:19]--[mydisk_cgi.c:471]--buf = {
    "token": "8d",
    "user": "lp13773477582"
}

[2020-03-21 22:29:19]--[mydisk_cgi.c:438]--query cmd=normal
[2020-03-21 22:29:19]--[mydisk_cgi.c:471]--buf = {
    "count": 10,
    "start": 0,
    "token": "8d",
    "user": "lp13773477582"
}

[2020-03-21 22:29:19]--[mydisk_cgi.c:506]--user = vyUyGIUPr84M7jSX+NqX3Q==, token = 8d, start = 0, count = 10
[2020-03-21 22:29:19]--[mydisk_cgi.c:286]--select user_file_list.*,file_info.url,file_info.size,file_info.type from file_info,user_file_list where user='vyUyGIUPr84M7jSX+NqX3Q==' and file_info.md5=user_file_list.md5 limit 0,10 在操作
[2020-03-21 22:29:19]--[mydisk_cgi.c:438]--query cmd=normal
[2020-03-21 22:29:19]--[mydisk_cgi.c:471]--buf = {
    "count": 5,
    "start": 10,
    "token": "8d",
    "user": "lp13773477582"
}

[2020-03-21 22:29:19]--[mydisk_cgi.c:506]--user = vyUyGIUPr84M7jSX+NqX3Q==, token = 8d, start = 10, count = 5
[2020-03-21 22:29:19]--[mydisk_cgi.c:286]--select user_file_list.*,file_info.url,file_info.size,file_info.type from file_info,user_file_list where user='vyUyGIUPr84M7jSX+NqX3Q==' and file_info.md5=user_file_list.md5 limit 10,5 在操作
[2020-03-21 22:35:35]--[mydisk_cgi.c:438]--query cmd=count
[2020-03-21 22:35:35]--[mydisk_cgi.c:471]--buf = {
    "token": "13",
    "user": "lp13773477582"
}

[2020-03-21 22:35:35]--[mydisk_cgi.c:438]--query cmd=normal
[2020-03-21 22:35:35]--[mydisk_cgi.c:471]--buf = {
    "count": 10,
    "start": 0,
    "token": "13",
    "user": "lp13773477582"
}

[2020-03-21 22:35:35]--[mydisk_cgi.c:506]--user = vyUyGIUPr84M7jSX+NqX3Q==, token = 13, start = 0, count = 10
[2020-03-21 22:35:35]--[mydisk_cgi.c:286]--select user_file_list.*,file_info.url,file_info.size,file_info.type from file_info,user_file_list where user='vyUyGIUPr84M7jSX+NqX3Q==' and file_info.md5=user_file_list.md5 limit 0,10 在操作
[2020-03-21 22:35:35]--[mydisk_cgi.c:438]--query cmd=normal
[2020-03-21 22:35:35]--[mydisk_cgi.c:471]--buf = {
    "count": 5,
    "start": 10,
    "token": "13",
    "user": "lp13773477582"
}

[2020-03-21 22:35:35]--[mydisk_cgi.c:506]--user = vyUyGIUPr84M7jSX+NqX3Q==, token = 13, start = 10, count = 5
[2020-03-21 22:35:35]--[mydisk_cgi.c:286]--select user_file_list.*,file_info.url,file_info.size,file_info.type from file_info,user_file_list where user='vyUyGIUPr84M7jSX+NqX3Q==' and file_info.md5=user_file_list.md5 limit 10,5 在操作
