[2020-03-05 20:52:50]--[mydisk_cgi.c:34]--mysql:[user=root,pwd=lp86282176,database=cloud_disk][2020-03-05 21:24:08]--[mydisk_cgi.c:437]--query cmd=count
[2020-03-05 21:24:08]--[mydisk_cgi.c:470]--buf = {
    "token": "09",
    "user": "lp13773477582"
}

[2020-03-05 21:24:08]--[mydisk_cgi.c:116]--select count from get_user_files_count where user = 'vyUyGIUPr84M7jSX+NqX3Q==' 操作失败
[2020-03-05 21:24:08]--[mydisk_cgi.c:489]--get_user_files_count error
[2020-03-05 21:27:17]--[mydisk_cgi.c:34]--mysql:[user=root,pwd=lp86282176,database=cloud_disk][2020-03-05 21:27:29]--[mydisk_cgi.c:437]--query cmd=count
[2020-03-05 21:27:29]--[mydisk_cgi.c:470]--buf = {
    "token": "4d",
    "user": "lp13773477582"
}

[2020-03-05 21:27:29]--[mydisk_cgi.c:116]--select count from user_files_count where user = 'vyUyGIUPr84M7jSX+NqX3Q==' 操作失败
[2020-03-05 21:27:29]--[mydisk_cgi.c:489]--get_user_files_count error
[2020-03-05 21:31:40]--[mydisk_cgi.c:34]--mysql:[user=root,pwd=lp86282176,database=cloud_disk][2020-03-05 21:31:52]--[mydisk_cgi.c:437]--query cmd=count
[2020-03-05 21:31:52]--[mydisk_cgi.c:470]--buf = {
    "token": "ca",
    "user": "lp13773477582"
}

[2020-03-05 21:31:52]--[mydisk_cgi.c:437]--query cmd=normal
[2020-03-05 21:31:52]--[mydisk_cgi.c:470]--buf = {
    "count": 10,
    "start": 0,
    "token": "ca",
    "user": "lp13773477582"
}

[2020-03-05 21:31:52]--[mydisk_cgi.c:505]--user = vyUyGIUPr84M7jSX+NqX3Q==, token = ca, start = 0, count = 10
[2020-03-05 21:31:52]--[mydisk_cgi.c:286]--select user_file_list.*,file_info.url,file_info.size,file_info.type from file_info,user_file_list where user='vyUyGIUPr84M7jSX+NqX3Q==' and file_info.md5=user_file_list.md5 limit 0,10 在操作
[2020-03-05 21:31:52]--[mydisk_cgi.c:387]--{
	"files":	[{
			"user":	"vyUyGIUPr84M7jSX+NqX3Q==",
			"md5":	"65e69a4b4bdfc9bf1fa6a694b8867b92",
			"time":	"2020-03-02 20:12:40",
			"filename":	"123.png",
			"shareStatus":	0,
			"pv":	0,
			"url":	"http:// 192.168.43.34:80/group1/M00/00/00/wKgrIl5c-DiAM62dAAEF6BNQWIM728.png",
			"size":	67048,
			"type":	"png"
		}, {
			"user":	"vyUyGIUPr84M7jSX+NqX3Q==",
			"md5":	"bd1e3b47ef1d6634a306c44695367af0",
			"time":	"2020-03-03 15:27:02",
			"filename":	"捕获1.PNG",
			"shareStatus":	0,
			"pv":	0,
			"url":	"http:// 192.168.43.34:80/group1/M00/00/00/wKgrIl5eBsaAPtGOAAKLTlXJHu4165.PNG",
			"size":	166734,
			"type":	"PNG"
		}, {
			"user":	"vyUyGIUPr84M7jSX+NqX3Q==",
			"md5":	"adb1565ef8c89e070be0a8b43b8f4c7f",
			"time":	"2020-03-03 15:27:02",
			"filename":	"捕获.PNG",
			"shareStatus":	0,
			"pv":	0,
			"url":	"http:// 192.168.43.34:80/group1/M00/00/00/wKgrIl5eBsaAORdkAA7CEJTDQlA263.PNG",
			"size":	967184,
			"type":	"PNG"
		}, {
			"user":	"vyUyGIUPr84M7jSX+NqX3Q==",
			"md5":	"31cfacc0b172e593f522c04f3d4320b6",
			"time":	"2020-03-03 15:48:56",
			"filename":	"timg.jpg",
			"shareStatus":	0,
			"pv":	0,
			"url":	"http:// 192.168.43.34:80/group1/M00/00/00/wKgrIl5eC-iAD0-NAAMNf_HPU4w400.jpg",
			"size":	200063,
			"type":	"jpg"
		}, {
			"user":	"vyUyGIUPr84M7jSX+NqX3Q==",
			"md5":	"59381fec7e122866f2232188b924a829",
			"time":	"2020-03-03 15:58:41",
			"filename":	"截图.png",
			"shareStatus":	0,
			"pv":	0,
			"url":	"http:// 192.168.43.34:80/group1/M00/00/00/wKgrIl5eDjGAccHOAAQdtbK6eBw635.png",
			"size":	269749,
			"type":	"png"
		}, {
			"user":	"vyUyGIUPr84M7jSX+NqX3Q==",
			"md5":	"aeb4bf6a8c4014ddb642b229372e98cb",
			"time":	"2020-03-03 15:58:41",
			"filename":	"十佳团日活动.jpg",
			"shareStatus":	0,
			"pv":	0,
			"url":	"http:// 192.168.43.34:80/group1/M00/00/00/wKgrIl5eDjGALe1SAAf4j-SDIus896.jpg",
			"size":	522383,
			"type":	"jpg"
		}, {
			"user":	"vyUyGIUPr84M7jSX+NqX3Q==",
			"md5":	"b981e210bfa8684ff14e96be191def66",
			"time":	"2020-03-03 15:58:41",
			"filename":	"图片1.png",
			"shareStatus":	0,
			"pv":	0,
			"url":	"http:// 192.168.43.34:80/group1/M00/00/00/wKgrIl5eDjGAOPdwABJblcJQFSQ479.png",
			"size":	1203093,
			"type":	"png"
		}, {
			"user":	"vyUyGIUPr84M7jSX+NqX3Q==",
			"md5":	"57101c06cf728c6b1841237e23340b06",
			"time":	"2020-03-03 16:35:45",
			"filename":	"Camera RollIMG_20180310_161554.jpg",
			"shareStatus":	0,
			"pv":	0,
			"url":	"http:// 192.168.43.34:80/group1/M00/00/00/wKgrIl5eFuGABBX2AClEXZd34N4848.jpg",
			"size":	2704477,
			"type":	"jpg"
		}, {
			"user":	"vyUyGIUPr84M7jSX+NqX3Q==",
			"md5":	"6e0a1e9f0ab322dafc07d12cc32668c9",
			"time":	"2020-03-03 16:35:45",
			"filename":	"Camera RollIMG_20180310_160715.jpg",
			"shareStatus":	0,
			"pv":	0,
			"url":	"http:// 192.168.43.34:80/group1/M00/00/00/wKgrIl5eFuGAQuh8ADWqdyvuhrc574.jpg",
			"size":	3517047,
			"type":	"jpg"
		}, {
			"user":	"vyUyGIUPr84M7jSX+NqX3Q==",
			"md5":	"ca7410cbdbf4ff5c31932ba985daeaba",
			"time":	"2020-03-03 17:48:23",
			"filename":	"bmp.png",
			"shareStatus":	0,
			"pv":	0,
			"url":	"http:// 192.168.43.34:80/group1/M00/00/00/wKgrIl5eJ-eAQcN-AABf_Rg9GcI147.png",
			"size":	24573,
			"type":	"png"
		}]
}
[2020-03-05 21:31:52]--[mydisk_cgi.c:437]--query cmd=normal
[2020-03-05 21:31:52]--[mydisk_cgi.c:470]--buf = {
    "count": 10,
    "start": 10,
    "token": "ca",
    "user": "lp13773477582"
}

[2020-03-05 21:31:52]--[mydisk_cgi.c:505]--user = vyUyGIUPr84M7jSX+NqX3Q==, token = ca, start = 10, count = 10
[2020-03-05 21:31:52]--[mydisk_cgi.c:286]--select user_file_list.*,file_info.url,file_info.size,file_info.type from file_info,user_file_list where user='vyUyGIUPr84M7jSX+NqX3Q==' and file_info.md5=user_file_list.md5 limit 10,10 在操作
[2020-03-05 21:31:52]--[mydisk_cgi.c:387]--{
	"files":	[{
			"user":	"vyUyGIUPr84M7jSX+NqX3Q==",
			"md5":	"2869fd80cf88d03946a1d8b74ffabbac",
			"time":	"2020-03-03 17:48:23",
			"filename":	"avi.png",
			"shareStatus":	0,
			"pv":	0,
			"url":	"http:// 192.168.43.34:80/group1/M00/00/00/wKgrIl5eJ-eAPzpQAABe1PgVVJ4068.png",
			"size":	24276,
			"type":	"png"
		}, {
			"user":	"vyUyGIUPr84M7jSX+NqX3Q==",
			"md5":	"b2820c96888f984e4d2a269e5165c2e5",
			"time":	"2020-03-03 17:48:23",
			"filename":	"accdb.png",
			"shareStatus":	0,
			"pv":	0,
			"url":	"http:// 192.168.43.34:80/group1/M00/00/00/wKgrIl5eJ-eAdz3IAACLo39dH_A972.png",
			"size":	35747,
			"type":	"png"
		}, {
			"user":	"vyUyGIUPr84M7jSX+NqX3Q==",
			"md5":	"da620bb6bf584be1be12390b92e81c91",
			"time":	"2020-03-03 18:18:25",
			"filename":	"jpg.png",
			"shareStatus":	0,
			"pv":	0,
			"url":	"http:// 192.168.43.34:80/group1/M00/00/00/wKgrIl5eLvGAX7j_AABooV2Fz1k159.png",
			"size":	26785,
			"type":	"png"
		}, {
			"user":	"vyUyGIUPr84M7jSX+NqX3Q==",
			"md5":	"68998a52de5e0dd4f081329b0d6bf736",
			"time":	"2020-03-03 18:18:26",
			"filename":	"jsf.png",
			"shareStatus":	0,
			"pv":	0,
			"url":	"http:// 192.168.43.34:80/group1/M00/00/00/wKgrIl5eLvGAc8qzAABQHUoyPCU339.png",
			"size":	20509,
			"type":	"png"
		}, {
			"user":	"vyUyGIUPr84M7jSX+NqX3Q==",
			"md5":	"5f73439cc992eacdb045293dbb28027a",
			"time":	"2020-03-03 18:18:26",
			"filename":	"midi.png",
			"shareStatus":	0,
			"pv":	0,
			"url":	"http:// 192.168.43.34:80/group1/M00/00/00/wKgrIl5eLvKABmXVAABT00XT66o212.png",
			"size":	21459,
			"type":	"png"
		}, {
			"user":	"vyUyGIUPr84M7jSX+NqX3Q==",
			"md5":	"0c39d13254dd1621bba565dc85ab16f3",
			"time":	"2020-03-03 18:19:48",
			"filename":	"zip.png",
			"shareStatus":	0,
			"pv":	0,
			"url":	"http:// 192.168.43.34:80/group1/M00/00/00/wKgrIl5eL0SAC6lJAABS7zBy4Ng996.png",
			"size":	21231,
			"type":	"png"
		}, {
			"user":	"vyUyGIUPr84M7jSX+NqX3Q==",
			"md5":	"2437ab280b4075f0a989e2cdc74159ec",
			"time":	"2020-03-03 18:19:48",
			"filename":	"xlsx_mac.png",
			"shareStatus":	0,
			"pv":	0,
			"url":	"http:// 192.168.43.34:80/group1/M00/00/00/wKgrIl5eL0SACQG8AAB55PyWGKs158.png",
			"size":	31204,
			"type":	"png"
		}, {
			"user":	"vyUyGIUPr84M7jSX+NqX3Q==",
			"md5":	"381176119defd395cf61c1343af79e26",
			"time":	"2020-03-03 18:19:48",
			"filename":	"xlsx.png",
			"shareStatus":	0,
			"pv":	0,
			"url":	"http:// 192.168.43.34:80/group1/M00/00/00/wKgrIl5eL0SAYfAZAACSNyNxVHc851.png",
			"size":	37431,
			"type":	"png"
		}, {
			"user":	"vyUyGIUPr84M7jSX+NqX3Q==",
			"md5":	"f36cbe1ffe2771cf285512d485084186",
			"time":	"2020-03-03 18:27:36",
			"filename":	"config.json",
			"shareStatus":	0,
			"pv":	0,
			"url":	"http:// 192.168.43.34:80/group1/M00/00/00/wKgrIl5eMRiACLzcAAABGaEthyE98.json",
			"size":	281,
			"type":	"json"
		}, {
			"user":	"vyUyGIUPr84M7jSX+NqX3Q==",
			"md5":	"fbb5fc3d9d583c84a1ba8dc55594cbbb",
			"time":	"2020-03-03 18:44:29",
			"filename":	"lp13773477582",
			"shareStatus":	0,
			"pv":	0,
			"url":	"http:// 192.168.43.34:80/group1/M00/00/00/wKgrIl5eNQ2AHQ5XAAAEmXM3e4U2783072",
			"size":	1177,
			"type":	"null"
		}]
}
[2020-03-05 21:31:52]--[mydisk_cgi.c:437]--query cmd=normal
[2020-03-05 21:31:52]--[mydisk_cgi.c:470]--buf = {
    "count": 1,
    "start": 20,
    "token": "ca",
    "user": "lp13773477582"
}

[2020-03-05 21:31:52]--[mydisk_cgi.c:505]--user = vyUyGIUPr84M7jSX+NqX3Q==, token = ca, start = 20, count = 1
[2020-03-05 21:31:52]--[mydisk_cgi.c:286]--select user_file_list.*,file_info.url,file_info.size,file_info.type from file_info,user_file_list where user='vyUyGIUPr84M7jSX+NqX3Q==' and file_info.md5=user_file_list.md5 limit 20,1 在操作
[2020-03-05 21:31:52]--[mydisk_cgi.c:387]--{
	"files":	[{
			"user":	"vyUyGIUPr84M7jSX+NqX3Q==",
			"md5":	"0141bb5134645ac80764dbff546d4a7b",
			"time":	"2020-03-03 19:38:47",
			"filename":	"rar.png",
			"shareStatus":	0,
			"pv":	0,
			"url":	"http:// 192.168.43.34:80/group1/M00/00/00/wKgrIl5eQceAGCJ0AABeDlCjEG4747.png",
			"size":	24078,
			"type":	"png"
		}]
}
[2020-03-05 21:50:14]--[mydisk_cgi.c:437]--query cmd=count
[2020-03-05 21:50:14]--[mydisk_cgi.c:470]--buf = {
    "token": "a5",
    "user": "lp13773477582"
}

[2020-03-05 21:50:14]--[mydisk_cgi.c:437]--query cmd=normal
[2020-03-05 21:50:14]--[mydisk_cgi.c:470]--buf = {
    "count": 10,
    "start": 0,
    "token": "a5",
    "user": "lp13773477582"
}

[2020-03-05 21:50:14]--[mydisk_cgi.c:505]--user = vyUyGIUPr84M7jSX+NqX3Q==, token = a5, start = 0, count = 10
[2020-03-05 21:50:14]--[mydisk_cgi.c:286]--select user_file_list.*,file_info.url,file_info.size,file_info.type from file_info,user_file_list where user='vyUyGIUPr84M7jSX+NqX3Q==' and file_info.md5=user_file_list.md5 limit 0,10 在操作
[2020-03-05 21:50:14]--[mydisk_cgi.c:387]--{
	"files":	[{
			"user":	"vyUyGIUPr84M7jSX+NqX3Q==",
			"md5":	"65e69a4b4bdfc9bf1fa6a694b8867b92",
			"time":	"2020-03-02 20:12:40",
			"filename":	"123.png",
			"shareStatus":	0,
			"pv":	0,
			"url":	"http:// 192.168.43.34:80/group1/M00/00/00/wKgrIl5c-DiAM62dAAEF6BNQWIM728.png",
			"size":	67048,
			"type":	"png"
		}, {
			"user":	"vyUyGIUPr84M7jSX+NqX3Q==",
			"md5":	"bd1e3b47ef1d6634a306c44695367af0",
			"time":	"2020-03-03 15:27:02",
			"filename":	"捕获1.PNG",
			"shareStatus":	0,
			"pv":	0,
			"url":	"http:// 192.168.43.34:80/group1/M00/00/00/wKgrIl5eBsaAPtGOAAKLTlXJHu4165.PNG",
			"size":	166734,
			"type":	"PNG"
		}, {
			"user":	"vyUyGIUPr84M7jSX+NqX3Q==",
			"md5":	"adb1565ef8c89e070be0a8b43b8f4c7f",
			"time":	"2020-03-03 15:27:02",
			"filename":	"捕获.PNG",
			"shareStatus":	0,
			"pv":	0,
			"url":	"http:// 192.168.43.34:80/group1/M00/00/00/wKgrIl5eBsaAORdkAA7CEJTDQlA263.PNG",
			"size":	967184,
			"type":	"PNG"
		}, {
			"user":	"vyUyGIUPr84M7jSX+NqX3Q==",
			"md5":	"31cfacc0b172e593f522c04f3d4320b6",
			"time":	"2020-03-03 15:48:56",
			"filename":	"timg.jpg",
			"shareStatus":	0,
			"pv":	0,
			"url":	"http:// 192.168.43.34:80/group1/M00/00/00/wKgrIl5eC-iAD0-NAAMNf_HPU4w400.jpg",
			"size":	200063,
			"type":	"jpg"
		}, {
			"user":	"vyUyGIUPr84M7jSX+NqX3Q==",
			"md5":	"59381fec7e122866f2232188b924a829",
			"time":	"2020-03-03 15:58:41",
			"filename":	"截图.png",
			"shareStatus":	0,
			"pv":	0,
			"url":	"http:// 192.168.43.34:80/group1/M00/00/00/wKgrIl5eDjGAccHOAAQdtbK6eBw635.png",
			"size":	269749,
			"type":	"png"
		}, {
			"user":	"vyUyGIUPr84M7jSX+NqX3Q==",
			"md5":	"aeb4bf6a8c4014ddb642b229372e98cb",
			"time":	"2020-03-03 15:58:41",
			"filename":	"十佳团日活动.jpg",
			"shareStatus":	0,
			"pv":	0,
			"url":	"http:// 192.168.43.34:80/group1/M00/00/00/wKgrIl5eDjGALe1SAAf4j-SDIus896.jpg",
			"size":	522383,
			"type":	"jpg"
		}, {
			"user":	"vyUyGIUPr84M7jSX+NqX3Q==",
			"md5":	"b981e210bfa8684ff14e96be191def66",
			"time":	"2020-03-03 15:58:41",
			"filename":	"图片1.png",
			"shareStatus":	0,
			"pv":	0,
			"url":	"http:// 192.168.43.34:80/group1/M00/00/00/wKgrIl5eDjGAOPdwABJblcJQFSQ479.png",
			"size":	1203093,
			"type":	"png"
		}, {
			"user":	"vyUyGIUPr84M7jSX+NqX3Q==",
			"md5":	"57101c06cf728c6b1841237e23340b06",
			"time":	"2020-03-03 16:35:45",
			"filename":	"Camera RollIMG_20180310_161554.jpg",
			"shareStatus":	0,
			"pv":	0,
			"url":	"http:// 192.168.43.34:80/group1/M00/00/00/wKgrIl5eFuGABBX2AClEXZd34N4848.jpg",
			"size":	2704477,
			"type":	"jpg"
		}, {
			"user":	"vyUyGIUPr84M7jSX+NqX3Q==",
			"md5":	"6e0a1e9f0ab322dafc07d12cc32668c9",
			"time":	"2020-03-03 16:35:45",
			"filename":	"Camera RollIMG_20180310_160715.jpg",
			"shareStatus":	0,
			"pv":	0,
			"url":	"http:// 192.168.43.34:80/group1/M00/00/00/wKgrIl5eFuGAQuh8ADWqdyvuhrc574.jpg",
			"size":	3517047,
			"type":	"jpg"
		}, {
			"user":	"vyUyGIUPr84M7jSX+NqX3Q==",
			"md5":	"ca7410cbdbf4ff5c31932ba985daeaba",
			"time":	"2020-03-03 17:48:23",
			"filename":	"bmp.png",
			"shareStatus":	0,
			"pv":	0,
			"url":	"http:// 192.168.43.34:80/group1/M00/00/00/wKgrIl5eJ-eAQcN-AABf_Rg9GcI147.png",
			"size":	24573,
			"type":	"png"
		}]
}
[2020-03-05 21:50:14]--[mydisk_cgi.c:437]--query cmd=normal
[2020-03-05 21:50:14]--[mydisk_cgi.c:470]--buf = {
    "count": 10,
    "start": 10,
    "token": "a5",
    "user": "lp13773477582"
}

[2020-03-05 21:50:14]--[mydisk_cgi.c:505]--user = vyUyGIUPr84M7jSX+NqX3Q==, token = a5, start = 10, count = 10
[2020-03-05 21:50:14]--[mydisk_cgi.c:286]--select user_file_list.*,file_info.url,file_info.size,file_info.type from file_info,user_file_list where user='vyUyGIUPr84M7jSX+NqX3Q==' and file_info.md5=user_file_list.md5 limit 10,10 在操作
[2020-03-05 21:50:14]--[mydisk_cgi.c:387]--{
	"files":	[{
			"user":	"vyUyGIUPr84M7jSX+NqX3Q==",
			"md5":	"2869fd80cf88d03946a1d8b74ffabbac",
			"time":	"2020-03-03 17:48:23",
			"filename":	"avi.png",
			"shareStatus":	0,
			"pv":	0,
			"url":	"http:// 192.168.43.34:80/group1/M00/00/00/wKgrIl5eJ-eAPzpQAABe1PgVVJ4068.png",
			"size":	24276,
			"type":	"png"
		}, {
			"user":	"vyUyGIUPr84M7jSX+NqX3Q==",
			"md5":	"b2820c96888f984e4d2a269e5165c2e5",
			"time":	"2020-03-03 17:48:23",
			"filename":	"accdb.png",
			"shareStatus":	0,
			"pv":	0,
			"url":	"http:// 192.168.43.34:80/group1/M00/00/00/wKgrIl5eJ-eAdz3IAACLo39dH_A972.png",
			"size":	35747,
			"type":	"png"
		}, {
			"user":	"vyUyGIUPr84M7jSX+NqX3Q==",
			"md5":	"da620bb6bf584be1be12390b92e81c91",
			"time":	"2020-03-03 18:18:25",
			"filename":	"jpg.png",
			"shareStatus":	0,
			"pv":	0,
			"url":	"http:// 192.168.43.34:80/group1/M00/00/00/wKgrIl5eLvGAX7j_AABooV2Fz1k159.png",
			"size":	26785,
			"type":	"png"
		}, {
			"user":	"vyUyGIUPr84M7jSX+NqX3Q==",
			"md5":	"68998a52de5e0dd4f081329b0d6bf736",
			"time":	"2020-03-03 18:18:26",
			"filename":	"jsf.png",
			"shareStatus":	0,
			"pv":	0,
			"url":	"http:// 192.168.43.34:80/group1/M00/00/00/wKgrIl5eLvGAc8qzAABQHUoyPCU339.png",
			"size":	20509,
			"type":	"png"
		}, {
			"user":	"vyUyGIUPr84M7jSX+NqX3Q==",
			"md5":	"5f73439cc992eacdb045293dbb28027a",
			"time":	"2020-03-03 18:18:26",
			"filename":	"midi.png",
			"shareStatus":	0,
			"pv":	0,
			"url":	"http:// 192.168.43.34:80/group1/M00/00/00/wKgrIl5eLvKABmXVAABT00XT66o212.png",
			"size":	21459,
			"type":	"png"
		}, {
			"user":	"vyUyGIUPr84M7jSX+NqX3Q==",
			"md5":	"0c39d13254dd1621bba565dc85ab16f3",
			"time":	"2020-03-03 18:19:48",
			"filename":	"zip.png",
			"shareStatus":	0,
			"pv":	0,
			"url":	"http:// 192.168.43.34:80/group1/M00/00/00/wKgrIl5eL0SAC6lJAABS7zBy4Ng996.png",
			"size":	21231,
			"type":	"png"
		}, {
			"user":	"vyUyGIUPr84M7jSX+NqX3Q==",
			"md5":	"2437ab280b4075f0a989e2cdc74159ec",
			"time":	"2020-03-03 18:19:48",
			"filename":	"xlsx_mac.png",
			"shareStatus":	0,
			"pv":	0,
			"url":	"http:// 192.168.43.34:80/group1/M00/00/00/wKgrIl5eL0SACQG8AAB55PyWGKs158.png",
			"size":	31204,
			"type":	"png"
		}, {
			"user":	"vyUyGIUPr84M7jSX+NqX3Q==",
			"md5":	"381176119defd395cf61c1343af79e26",
			"time":	"2020-03-03 18:19:48",
			"filename":	"xlsx.png",
			"shareStatus":	0,
			"pv":	0,
			"url":	"http:// 192.168.43.34:80/group1/M00/00/00/wKgrIl5eL0SAYfAZAACSNyNxVHc851.png",
			"size":	37431,
			"type":	"png"
		}, {
			"user":	"vyUyGIUPr84M7jSX+NqX3Q==",
			"md5":	"f36cbe1ffe2771cf285512d485084186",
			"time":	"2020-03-03 18:27:36",
			"filename":	"config.json",
			"shareStatus":	0,
			"pv":	0,
			"url":	"http:// 192.168.43.34:80/group1/M00/00/00/wKgrIl5eMRiACLzcAAABGaEthyE98.json",
			"size":	281,
			"type":	"json"
		}, {
			"user":	"vyUyGIUPr84M7jSX+NqX3Q==",
			"md5":	"fbb5fc3d9d583c84a1ba8dc55594cbbb",
			"time":	"2020-03-03 18:44:29",
			"filename":	"lp13773477582",
			"shareStatus":	0,
			"pv":	0,
			"url":	"http:// 192.168.43.34:80/group1/M00/00/00/wKgrIl5eNQ2AHQ5XAAAEmXM3e4U2783072",
			"size":	1177,
			"type":	"null"
		}]
}
[2020-03-05 21:50:14]--[mydisk_cgi.c:437]--query cmd=normal
[2020-03-05 21:50:14]--[mydisk_cgi.c:470]--buf = {
    "count": 1,
    "start": 20,
    "token": "a5",
    "user": "lp13773477582"
}

[2020-03-05 21:50:14]--[mydisk_cgi.c:505]--user = vyUyGIUPr84M7jSX+NqX3Q==, token = a5, start = 20, count = 1
[2020-03-05 21:50:14]--[mydisk_cgi.c:286]--select user_file_list.*,file_info.url,file_info.size,file_info.type from file_info,user_file_list where user='vyUyGIUPr84M7jSX+NqX3Q==' and file_info.md5=user_file_list.md5 limit 20,1 在操作
[2020-03-05 21:50:14]--[mydisk_cgi.c:387]--{
	"files":	[{
			"user":	"vyUyGIUPr84M7jSX+NqX3Q==",
			"md5":	"0141bb5134645ac80764dbff546d4a7b",
			"time":	"2020-03-03 19:38:47",
			"filename":	"rar.png",
			"shareStatus":	0,
			"pv":	0,
			"url":	"http:// 192.168.43.34:80/group1/M00/00/00/wKgrIl5eQceAGCJ0AABeDlCjEG4747.png",
			"size":	24078,
			"type":	"png"
		}]
}
[2020-03-05 21:50:58]--[mydisk_cgi.c:437]--query cmd=count
[2020-03-05 21:50:58]--[mydisk_cgi.c:470]--buf = {
    "token": "5e",
    "user": "lp13773477582"
}

[2020-03-05 21:50:58]--[mydisk_cgi.c:437]--query cmd=normal
[2020-03-05 21:50:58]--[mydisk_cgi.c:470]--buf = {
    "count": 10,
    "start": 0,
    "token": "5e",
    "user": "lp13773477582"
}

[2020-03-05 21:50:58]--[mydisk_cgi.c:505]--user = vyUyGIUPr84M7jSX+NqX3Q==, token = 5e, start = 0, count = 10
[2020-03-05 21:50:58]--[mydisk_cgi.c:286]--select user_file_list.*,file_info.url,file_info.size,file_info.type from file_info,user_file_list where user='vyUyGIUPr84M7jSX+NqX3Q==' and file_info.md5=user_file_list.md5 limit 0,10 在操作
[2020-03-05 21:50:58]--[mydisk_cgi.c:387]--{
	"files":	[{
			"user":	"vyUyGIUPr84M7jSX+NqX3Q==",
			"md5":	"65e69a4b4bdfc9bf1fa6a694b8867b92",
			"time":	"2020-03-02 20:12:40",
			"filename":	"123.png",
			"shareStatus":	0,
			"pv":	0,
			"url":	"http:// 192.168.43.34:80/group1/M00/00/00/wKgrIl5c-DiAM62dAAEF6BNQWIM728.png",
			"size":	67048,
			"type":	"png"
		}, {
			"user":	"vyUyGIUPr84M7jSX+NqX3Q==",
			"md5":	"bd1e3b47ef1d6634a306c44695367af0",
			"time":	"2020-03-03 15:27:02",
			"filename":	"捕获1.PNG",
			"shareStatus":	0,
			"pv":	0,
			"url":	"http:// 192.168.43.34:80/group1/M00/00/00/wKgrIl5eBsaAPtGOAAKLTlXJHu4165.PNG",
			"size":	166734,
			"type":	"PNG"
		}, {
			"user":	"vyUyGIUPr84M7jSX+NqX3Q==",
			"md5":	"adb1565ef8c89e070be0a8b43b8f4c7f",
			"time":	"2020-03-03 15:27:02",
			"filename":	"捕获.PNG",
			"shareStatus":	0,
			"pv":	0,
			"url":	"http:// 192.168.43.34:80/group1/M00/00/00/wKgrIl5eBsaAORdkAA7CEJTDQlA263.PNG",
			"size":	967184,
			"type":	"PNG"
		}, {
			"user":	"vyUyGIUPr84M7jSX+NqX3Q==",
			"md5":	"31cfacc0b172e593f522c04f3d4320b6",
			"time":	"2020-03-03 15:48:56",
			"filename":	"timg.jpg",
			"shareStatus":	0,
			"pv":	0,
			"url":	"http:// 192.168.43.34:80/group1/M00/00/00/wKgrIl5eC-iAD0-NAAMNf_HPU4w400.jpg",
			"size":	200063,
			"type":	"jpg"
		}, {
			"user":	"vyUyGIUPr84M7jSX+NqX3Q==",
			"md5":	"59381fec7e122866f2232188b924a829",
			"time":	"2020-03-03 15:58:41",
			"filename":	"截图.png",
			"shareStatus":	0,
			"pv":	0,
			"url":	"http:// 192.168.43.34:80/group1/M00/00/00/wKgrIl5eDjGAccHOAAQdtbK6eBw635.png",
			"size":	269749,
			"type":	"png"
		}, {
			"user":	"vyUyGIUPr84M7jSX+NqX3Q==",
			"md5":	"aeb4bf6a8c4014ddb642b229372e98cb",
			"time":	"2020-03-03 15:58:41",
			"filename":	"十佳团日活动.jpg",
			"shareStatus":	0,
			"pv":	0,
			"url":	"http:// 192.168.43.34:80/group1/M00/00/00/wKgrIl5eDjGALe1SAAf4j-SDIus896.jpg",
			"size":	522383,
			"type":	"jpg"
		}, {
			"user":	"vyUyGIUPr84M7jSX+NqX3Q==",
			"md5":	"b981e210bfa8684ff14e96be191def66",
			"time":	"2020-03-03 15:58:41",
			"filename":	"图片1.png",
			"shareStatus":	0,
			"pv":	0,
			"url":	"http:// 192.168.43.34:80/group1/M00/00/00/wKgrIl5eDjGAOPdwABJblcJQFSQ479.png",
			"size":	1203093,
			"type":	"png"
		}, {
			"user":	"vyUyGIUPr84M7jSX+NqX3Q==",
			"md5":	"57101c06cf728c6b1841237e23340b06",
			"time":	"2020-03-03 16:35:45",
			"filename":	"Camera RollIMG_20180310_161554.jpg",
			"shareStatus":	0,
			"pv":	0,
			"url":	"http:// 192.168.43.34:80/group1/M00/00/00/wKgrIl5eFuGABBX2AClEXZd34N4848.jpg",
			"size":	2704477,
			"type":	"jpg"
		}, {
			"user":	"vyUyGIUPr84M7jSX+NqX3Q==",
			"md5":	"6e0a1e9f0ab322dafc07d12cc32668c9",
			"time":	"2020-03-03 16:35:45",
			"filename":	"Camera RollIMG_20180310_160715.jpg",
			"shareStatus":	0,
			"pv":	0,
			"url":	"http:// 192.168.43.34:80/group1/M00/00/00/wKgrIl5eFuGAQuh8ADWqdyvuhrc574.jpg",
			"size":	3517047,
			"type":	"jpg"
		}, {
			"user":	"vyUyGIUPr84M7jSX+NqX3Q==",
			"md5":	"ca7410cbdbf4ff5c31932ba985daeaba",
			"time":	"2020-03-03 17:48:23",
			"filename":	"bmp.png",
			"shareStatus":	0,
			"pv":	0,
			"url":	"http:// 192.168.43.34:80/group1/M00/00/00/wKgrIl5eJ-eAQcN-AABf_Rg9GcI147.png",
			"size":	24573,
			"type":	"png"
		}]
}
[2020-03-05 21:50:58]--[mydisk_cgi.c:437]--query cmd=normal
[2020-03-05 21:50:58]--[mydisk_cgi.c:470]--buf = {
    "count": 10,
    "start": 10,
    "token": "5e",
    "user": "lp13773477582"
}

[2020-03-05 21:50:58]--[mydisk_cgi.c:505]--user = vyUyGIUPr84M7jSX+NqX3Q==, token = 5e, start = 10, count = 10
[2020-03-05 21:50:58]--[mydisk_cgi.c:286]--select user_file_list.*,file_info.url,file_info.size,file_info.type from file_info,user_file_list where user='vyUyGIUPr84M7jSX+NqX3Q==' and file_info.md5=user_file_list.md5 limit 10,10 在操作
[2020-03-05 21:50:58]--[mydisk_cgi.c:387]--{
	"files":	[{
			"user":	"vyUyGIUPr84M7jSX+NqX3Q==",
			"md5":	"2869fd80cf88d03946a1d8b74ffabbac",
			"time":	"2020-03-03 17:48:23",
			"filename":	"avi.png",
			"shareStatus":	0,
			"pv":	0,
			"url":	"http:// 192.168.43.34:80/group1/M00/00/00/wKgrIl5eJ-eAPzpQAABe1PgVVJ4068.png",
			"size":	24276,
			"type":	"png"
		}, {
			"user":	"vyUyGIUPr84M7jSX+NqX3Q==",
			"md5":	"b2820c96888f984e4d2a269e5165c2e5",
			"time":	"2020-03-03 17:48:23",
			"filename":	"accdb.png",
			"shareStatus":	0,
			"pv":	0,
			"url":	"http:// 192.168.43.34:80/group1/M00/00/00/wKgrIl5eJ-eAdz3IAACLo39dH_A972.png",
			"size":	35747,
			"type":	"png"
		}, {
			"user":	"vyUyGIUPr84M7jSX+NqX3Q==",
			"md5":	"da620bb6bf584be1be12390b92e81c91",
			"time":	"2020-03-03 18:18:25",
			"filename":	"jpg.png",
			"shareStatus":	0,
			"pv":	0,
			"url":	"http:// 192.168.43.34:80/group1/M00/00/00/wKgrIl5eLvGAX7j_AABooV2Fz1k159.png",
			"size":	26785,
			"type":	"png"
		}, {
			"user":	"vyUyGIUPr84M7jSX+NqX3Q==",
			"md5":	"68998a52de5e0dd4f081329b0d6bf736",
			"time":	"2020-03-03 18:18:26",
			"filename":	"jsf.png",
			"shareStatus":	0,
			"pv":	0,
			"url":	"http:// 192.168.43.34:80/group1/M00/00/00/wKgrIl5eLvGAc8qzAABQHUoyPCU339.png",
			"size":	20509,
			"type":	"png"
		}, {
			"user":	"vyUyGIUPr84M7jSX+NqX3Q==",
			"md5":	"5f73439cc992eacdb045293dbb28027a",
			"time":	"2020-03-03 18:18:26",
			"filename":	"midi.png",
			"shareStatus":	0,
			"pv":	0,
			"url":	"http:// 192.168.43.34:80/group1/M00/00/00/wKgrIl5eLvKABmXVAABT00XT66o212.png",
			"size":	21459,
			"type":	"png"
		}, {
			"user":	"vyUyGIUPr84M7jSX+NqX3Q==",
			"md5":	"0c39d13254dd1621bba565dc85ab16f3",
			"time":	"2020-03-03 18:19:48",
			"filename":	"zip.png",
			"shareStatus":	0,
			"pv":	0,
			"url":	"http:// 192.168.43.34:80/group1/M00/00/00/wKgrIl5eL0SAC6lJAABS7zBy4Ng996.png",
			"size":	21231,
			"type":	"png"
		}, {
			"user":	"vyUyGIUPr84M7jSX+NqX3Q==",
			"md5":	"2437ab280b4075f0a989e2cdc74159ec",
			"time":	"2020-03-03 18:19:48",
			"filename":	"xlsx_mac.png",
			"shareStatus":	0,
			"pv":	0,
			"url":	"http:// 192.168.43.34:80/group1/M00/00/00/wKgrIl5eL0SACQG8AAB55PyWGKs158.png",
			"size":	31204,
			"type":	"png"
		}, {
			"user":	"vyUyGIUPr84M7jSX+NqX3Q==",
			"md5":	"381176119defd395cf61c1343af79e26",
			"time":	"2020-03-03 18:19:48",
			"filename":	"xlsx.png",
			"shareStatus":	0,
			"pv":	0,
			"url":	"http:// 192.168.43.34:80/group1/M00/00/00/wKgrIl5eL0SAYfAZAACSNyNxVHc851.png",
			"size":	37431,
			"type":	"png"
		}, {
			"user":	"vyUyGIUPr84M7jSX+NqX3Q==",
			"md5":	"f36cbe1ffe2771cf285512d485084186",
			"time":	"2020-03-03 18:27:36",
			"filename":	"config.json",
			"shareStatus":	0,
			"pv":	0,
			"url":	"http:// 192.168.43.34:80/group1/M00/00/00/wKgrIl5eMRiACLzcAAABGaEthyE98.json",
			"size":	281,
			"type":	"json"
		}, {
			"user":	"vyUyGIUPr84M7jSX+NqX3Q==",
			"md5":	"fbb5fc3d9d583c84a1ba8dc55594cbbb",
			"time":	"2020-03-03 18:44:29",
			"filename":	"lp13773477582",
			"shareStatus":	0,
			"pv":	0,
			"url":	"http:// 192.168.43.34:80/group1/M00/00/00/wKgrIl5eNQ2AHQ5XAAAEmXM3e4U2783072",
			"size":	1177,
			"type":	"null"
		}]
}
[2020-03-05 21:50:58]--[mydisk_cgi.c:437]--query cmd=normal
[2020-03-05 21:50:58]--[mydisk_cgi.c:470]--buf = {
    "count": 1,
    "start": 20,
    "token": "5e",
    "user": "lp13773477582"
}

[2020-03-05 21:50:58]--[mydisk_cgi.c:505]--user = vyUyGIUPr84M7jSX+NqX3Q==, token = 5e, start = 20, count = 1
[2020-03-05 21:50:58]--[mydisk_cgi.c:286]--select user_file_list.*,file_info.url,file_info.size,file_info.type from file_info,user_file_list where user='vyUyGIUPr84M7jSX+NqX3Q==' and file_info.md5=user_file_list.md5 limit 20,1 在操作
[2020-03-05 21:50:58]--[mydisk_cgi.c:387]--{
	"files":	[{
			"user":	"vyUyGIUPr84M7jSX+NqX3Q==",
			"md5":	"0141bb5134645ac80764dbff546d4a7b",
			"time":	"2020-03-03 19:38:47",
			"filename":	"rar.png",
			"shareStatus":	0,
			"pv":	0,
			"url":	"http:// 192.168.43.34:80/group1/M00/00/00/wKgrIl5eQceAGCJ0AABeDlCjEG4747.png",
			"size":	24078,
			"type":	"png"
		}]
}
[2020-03-05 21:52:12]--[mydisk_cgi.c:437]--query cmd=count
[2020-03-05 21:52:12]--[mydisk_cgi.c:470]--buf = {
    "token": "64",
    "user": "lp13773477582"
}

[2020-03-05 21:52:12]--[mydisk_cgi.c:437]--query cmd=normal
[2020-03-05 21:52:12]--[mydisk_cgi.c:470]--buf = {
    "count": 10,
    "start": 0,
    "token": "64",
    "user": "lp13773477582"
}

[2020-03-05 21:52:12]--[mydisk_cgi.c:505]--user = vyUyGIUPr84M7jSX+NqX3Q==, token = 64, start = 0, count = 10
[2020-03-05 21:52:12]--[mydisk_cgi.c:286]--select user_file_list.*,file_info.url,file_info.size,file_info.type from file_info,user_file_list where user='vyUyGIUPr84M7jSX+NqX3Q==' and file_info.md5=user_file_list.md5 limit 0,10 在操作
[2020-03-05 21:52:12]--[mydisk_cgi.c:387]--{
	"files":	[{
			"user":	"vyUyGIUPr84M7jSX+NqX3Q==",
			"md5":	"65e69a4b4bdfc9bf1fa6a694b8867b92",
			"time":	"2020-03-02 20:12:40",
			"filename":	"123.png",
			"shareStatus":	0,
			"pv":	0,
			"url":	"http:// 192.168.43.34:80/group1/M00/00/00/wKgrIl5c-DiAM62dAAEF6BNQWIM728.png",
			"size":	67048,
			"type":	"png"
		}, {
			"user":	"vyUyGIUPr84M7jSX+NqX3Q==",
			"md5":	"bd1e3b47ef1d6634a306c44695367af0",
			"time":	"2020-03-03 15:27:02",
			"filename":	"捕获1.PNG",
			"shareStatus":	0,
			"pv":	0,
			"url":	"http:// 192.168.43.34:80/group1/M00/00/00/wKgrIl5eBsaAPtGOAAKLTlXJHu4165.PNG",
			"size":	166734,
			"type":	"PNG"
		}, {
			"user":	"vyUyGIUPr84M7jSX+NqX3Q==",
			"md5":	"adb1565ef8c89e070be0a8b43b8f4c7f",
			"time":	"2020-03-03 15:27:02",
			"filename":	"捕获.PNG",
			"shareStatus":	0,
			"pv":	0,
			"url":	"http:// 192.168.43.34:80/group1/M00/00/00/wKgrIl5eBsaAORdkAA7CEJTDQlA263.PNG",
			"size":	967184,
			"type":	"PNG"
		}, {
			"user":	"vyUyGIUPr84M7jSX+NqX3Q==",
			"md5":	"31cfacc0b172e593f522c04f3d4320b6",
			"time":	"2020-03-03 15:48:56",
			"filename":	"timg.jpg",
			"shareStatus":	0,
			"pv":	0,
			"url":	"http:// 192.168.43.34:80/group1/M00/00/00/wKgrIl5eC-iAD0-NAAMNf_HPU4w400.jpg",
			"size":	200063,
			"type":	"jpg"
		}, {
			"user":	"vyUyGIUPr84M7jSX+NqX3Q==",
			"md5":	"59381fec7e122866f2232188b924a829",
			"time":	"2020-03-03 15:58:41",
			"filename":	"截图.png",
			"shareStatus":	0,
			"pv":	0,
			"url":	"http:// 192.168.43.34:80/group1/M00/00/00/wKgrIl5eDjGAccHOAAQdtbK6eBw635.png",
			"size":	269749,
			"type":	"png"
		}, {
			"user":	"vyUyGIUPr84M7jSX+NqX3Q==",
			"md5":	"aeb4bf6a8c4014ddb642b229372e98cb",
			"time":	"2020-03-03 15:58:41",
			"filename":	"十佳团日活动.jpg",
			"shareStatus":	0,
			"pv":	0,
			"url":	"http:// 192.168.43.34:80/group1/M00/00/00/wKgrIl5eDjGALe1SAAf4j-SDIus896.jpg",
			"size":	522383,
			"type":	"jpg"
		}, {
			"user":	"vyUyGIUPr84M7jSX+NqX3Q==",
			"md5":	"b981e210bfa8684ff14e96be191def66",
			"time":	"2020-03-03 15:58:41",
			"filename":	"图片1.png",
			"shareStatus":	0,
			"pv":	0,
			"url":	"http:// 192.168.43.34:80/group1/M00/00/00/wKgrIl5eDjGAOPdwABJblcJQFSQ479.png",
			"size":	1203093,
			"type":	"png"
		}, {
			"user":	"vyUyGIUPr84M7jSX+NqX3Q==",
			"md5":	"57101c06cf728c6b1841237e23340b06",
			"time":	"2020-03-03 16:35:45",
			"filename":	"Camera RollIMG_20180310_161554.jpg",
			"shareStatus":	0,
			"pv":	0,
			"url":	"http:// 192.168.43.34:80/group1/M00/00/00/wKgrIl5eFuGABBX2AClEXZd34N4848.jpg",
			"size":	2704477,
			"type":	"jpg"
		}, {
			"user":	"vyUyGIUPr84M7jSX+NqX3Q==",
			"md5":	"6e0a1e9f0ab322dafc07d12cc32668c9",
			"time":	"2020-03-03 16:35:45",
			"filename":	"Camera RollIMG_20180310_160715.jpg",
			"shareStatus":	0,
			"pv":	0,
			"url":	"http:// 192.168.43.34:80/group1/M00/00/00/wKgrIl5eFuGAQuh8ADWqdyvuhrc574.jpg",
			"size":	3517047,
			"type":	"jpg"
		}, {
			"user":	"vyUyGIUPr84M7jSX+NqX3Q==",
			"md5":	"ca7410cbdbf4ff5c31932ba985daeaba",
			"time":	"2020-03-03 17:48:23",
			"filename":	"bmp.png",
			"shareStatus":	0,
			"pv":	0,
			"url":	"http:// 192.168.43.34:80/group1/M00/00/00/wKgrIl5eJ-eAQcN-AABf_Rg9GcI147.png",
			"size":	24573,
			"type":	"png"
		}]
}
[2020-03-05 21:52:12]--[mydisk_cgi.c:437]--query cmd=normal
[2020-03-05 21:52:12]--[mydisk_cgi.c:470]--buf = {
    "count": 10,
    "start": 10,
    "token": "64",
    "user": "lp13773477582"
}

[2020-03-05 21:52:12]--[mydisk_cgi.c:505]--user = vyUyGIUPr84M7jSX+NqX3Q==, token = 64, start = 10, count = 10
[2020-03-05 21:52:12]--[mydisk_cgi.c:286]--select user_file_list.*,file_info.url,file_info.size,file_info.type from file_info,user_file_list where user='vyUyGIUPr84M7jSX+NqX3Q==' and file_info.md5=user_file_list.md5 limit 10,10 在操作
[2020-03-05 21:52:12]--[mydisk_cgi.c:387]--{
	"files":	[{
			"user":	"vyUyGIUPr84M7jSX+NqX3Q==",
			"md5":	"2869fd80cf88d03946a1d8b74ffabbac",
			"time":	"2020-03-03 17:48:23",
			"filename":	"avi.png",
			"shareStatus":	0,
			"pv":	0,
			"url":	"http:// 192.168.43.34:80/group1/M00/00/00/wKgrIl5eJ-eAPzpQAABe1PgVVJ4068.png",
			"size":	24276,
			"type":	"png"
		}, {
			"user":	"vyUyGIUPr84M7jSX+NqX3Q==",
			"md5":	"b2820c96888f984e4d2a269e5165c2e5",
			"time":	"2020-03-03 17:48:23",
			"filename":	"accdb.png",
			"shareStatus":	0,
			"pv":	0,
			"url":	"http:// 192.168.43.34:80/group1/M00/00/00/wKgrIl5eJ-eAdz3IAACLo39dH_A972.png",
			"size":	35747,
			"type":	"png"
		}, {
			"user":	"vyUyGIUPr84M7jSX+NqX3Q==",
			"md5":	"da620bb6bf584be1be12390b92e81c91",
			"time":	"2020-03-03 18:18:25",
			"filename":	"jpg.png",
			"shareStatus":	0,
			"pv":	0,
			"url":	"http:// 192.168.43.34:80/group1/M00/00/00/wKgrIl5eLvGAX7j_AABooV2Fz1k159.png",
			"size":	26785,
			"type":	"png"
		}, {
			"user":	"vyUyGIUPr84M7jSX+NqX3Q==",
			"md5":	"68998a52de5e0dd4f081329b0d6bf736",
			"time":	"2020-03-03 18:18:26",
			"filename":	"jsf.png",
			"shareStatus":	0,
			"pv":	0,
			"url":	"http:// 192.168.43.34:80/group1/M00/00/00/wKgrIl5eLvGAc8qzAABQHUoyPCU339.png",
			"size":	20509,
			"type":	"png"
		}, {
			"user":	"vyUyGIUPr84M7jSX+NqX3Q==",
			"md5":	"5f73439cc992eacdb045293dbb28027a",
			"time":	"2020-03-03 18:18:26",
			"filename":	"midi.png",
			"shareStatus":	0,
			"pv":	0,
			"url":	"http:// 192.168.43.34:80/group1/M00/00/00/wKgrIl5eLvKABmXVAABT00XT66o212.png",
			"size":	21459,
			"type":	"png"
		}, {
			"user":	"vyUyGIUPr84M7jSX+NqX3Q==",
			"md5":	"0c39d13254dd1621bba565dc85ab16f3",
			"time":	"2020-03-03 18:19:48",
			"filename":	"zip.png",
			"shareStatus":	0,
			"pv":	0,
			"url":	"http:// 192.168.43.34:80/group1/M00/00/00/wKgrIl5eL0SAC6lJAABS7zBy4Ng996.png",
			"size":	21231,
			"type":	"png"
		}, {
			"user":	"vyUyGIUPr84M7jSX+NqX3Q==",
			"md5":	"2437ab280b4075f0a989e2cdc74159ec",
			"time":	"2020-03-03 18:19:48",
			"filename":	"xlsx_mac.png",
			"shareStatus":	0,
			"pv":	0,
			"url":	"http:// 192.168.43.34:80/group1/M00/00/00/wKgrIl5eL0SACQG8AAB55PyWGKs158.png",
			"size":	31204,
			"type":	"png"
		}, {
			"user":	"vyUyGIUPr84M7jSX+NqX3Q==",
			"md5":	"381176119defd395cf61c1343af79e26",
			"time":	"2020-03-03 18:19:48",
			"filename":	"xlsx.png",
			"shareStatus":	0,
			"pv":	0,
			"url":	"http:// 192.168.43.34:80/group1/M00/00/00/wKgrIl5eL0SAYfAZAACSNyNxVHc851.png",
			"size":	37431,
			"type":	"png"
		}, {
			"user":	"vyUyGIUPr84M7jSX+NqX3Q==",
			"md5":	"f36cbe1ffe2771cf285512d485084186",
			"time":	"2020-03-03 18:27:36",
			"filename":	"config.json",
			"shareStatus":	0,
			"pv":	0,
			"url":	"http:// 192.168.43.34:80/group1/M00/00/00/wKgrIl5eMRiACLzcAAABGaEthyE98.json",
			"size":	281,
			"type":	"json"
		}, {
			"user":	"vyUyGIUPr84M7jSX+NqX3Q==",
			"md5":	"fbb5fc3d9d583c84a1ba8dc55594cbbb",
			"time":	"2020-03-03 18:44:29",
			"filename":	"lp13773477582",
			"shareStatus":	0,
			"pv":	0,
			"url":	"http:// 192.168.43.34:80/group1/M00/00/00/wKgrIl5eNQ2AHQ5XAAAEmXM3e4U2783072",
			"size":	1177,
			"type":	"null"
		}]
}
[2020-03-05 21:52:12]--[mydisk_cgi.c:437]--query cmd=normal
[2020-03-05 21:52:12]--[mydisk_cgi.c:470]--buf = {
    "count": 1,
    "start": 20,
    "token": "64",
    "user": "lp13773477582"
}

[2020-03-05 21:52:12]--[mydisk_cgi.c:505]--user = vyUyGIUPr84M7jSX+NqX3Q==, token = 64, start = 20, count = 1
[2020-03-05 21:52:12]--[mydisk_cgi.c:286]--select user_file_list.*,file_info.url,file_info.size,file_info.type from file_info,user_file_list where user='vyUyGIUPr84M7jSX+NqX3Q==' and file_info.md5=user_file_list.md5 limit 20,1 在操作
[2020-03-05 21:52:12]--[mydisk_cgi.c:387]--{
	"files":	[{
			"user":	"vyUyGIUPr84M7jSX+NqX3Q==",
			"md5":	"0141bb5134645ac80764dbff546d4a7b",
			"time":	"2020-03-03 19:38:47",
			"filename":	"rar.png",
			"shareStatus":	0,
			"pv":	0,
			"url":	"http:// 192.168.43.34:80/group1/M00/00/00/wKgrIl5eQceAGCJ0AABeDlCjEG4747.png",
			"size":	24078,
			"type":	"png"
		}]
}
[2020-03-05 21:58:41]--[mydisk_cgi.c:34]--mysql:[user=root,pwd=lp86282176,database=cloud_disk]