[2020-03-11 14:17:32]--[mydisk_cgi.c:438]--query cmd=count
[2020-03-11 14:17:32]--[mydisk_cgi.c:471]--buf = {
    "token": "4f",
    "user": "lp13773477582"
}

[2020-03-11 14:17:32]--[mydisk_cgi.c:438]--query cmd=normal
[2020-03-11 14:17:32]--[mydisk_cgi.c:471]--buf = {
    "count": 10,
    "start": 0,
    "token": "4f",
    "user": "lp13773477582"
}

[2020-03-11 14:17:32]--[mydisk_cgi.c:506]--user = vyUyGIUPr84M7jSX+NqX3Q==, token = 4f, start = 0, count = 10
[2020-03-11 14:17:32]--[mydisk_cgi.c:286]--select user_file_list.*,file_info.url,file_info.size,file_info.type from file_info,user_file_list where user='vyUyGIUPr84M7jSX+NqX3Q==' and file_info.md5=user_file_list.md5 limit 0,10 在操作
[2020-03-11 14:17:32]--[mydisk_cgi.c:438]--query cmd=normal
[2020-03-11 14:17:32]--[mydisk_cgi.c:471]--buf = {
    "count": 10,
    "start": 10,
    "token": "4f",
    "user": "lp13773477582"
}

[2020-03-11 14:17:32]--[mydisk_cgi.c:506]--user = vyUyGIUPr84M7jSX+NqX3Q==, token = 4f, start = 10, count = 10
[2020-03-11 14:17:32]--[mydisk_cgi.c:286]--select user_file_list.*,file_info.url,file_info.size,file_info.type from file_info,user_file_list where user='vyUyGIUPr84M7jSX+NqX3Q==' and file_info.md5=user_file_list.md5 limit 10,10 在操作
[2020-03-11 14:17:32]--[mydisk_cgi.c:438]--query cmd=normal
[2020-03-11 14:17:32]--[mydisk_cgi.c:471]--buf = {
    "count": 1,
    "start": 20,
    "token": "4f",
    "user": "lp13773477582"
}

[2020-03-11 14:17:32]--[mydisk_cgi.c:506]--user = vyUyGIUPr84M7jSX+NqX3Q==, token = 4f, start = 20, count = 1
[2020-03-11 14:17:32]--[mydisk_cgi.c:286]--select user_file_list.*,file_info.url,file_info.size,file_info.type from file_info,user_file_list where user='vyUyGIUPr84M7jSX+NqX3Q==' and file_info.md5=user_file_list.md5 limit 20,1 在操作
[2020-03-11 14:22:59]--[mydisk_cgi.c:438]--query cmd=count
[2020-03-11 14:22:59]--[mydisk_cgi.c:471]--buf = {
    "token": "e6",
    "user": "lp13773477582"
}

[2020-03-11 14:22:59]--[mydisk_cgi.c:438]--query cmd=normal
[2020-03-11 14:22:59]--[mydisk_cgi.c:471]--buf = {
    "count": 10,
    "start": 0,
    "token": "e6",
    "user": "lp13773477582"
}

[2020-03-11 14:22:59]--[mydisk_cgi.c:506]--user = vyUyGIUPr84M7jSX+NqX3Q==, token = e6, start = 0, count = 10
[2020-03-11 14:22:59]--[mydisk_cgi.c:286]--select user_file_list.*,file_info.url,file_info.size,file_info.type from file_info,user_file_list where user='vyUyGIUPr84M7jSX+NqX3Q==' and file_info.md5=user_file_list.md5 limit 0,10 在操作
[2020-03-11 14:22:59]--[mydisk_cgi.c:438]--query cmd=normal
[2020-03-11 14:22:59]--[mydisk_cgi.c:471]--buf = {
    "count": 1,
    "start": 20,
    "token": "e6",
    "user": "lp13773477582"
}

[2020-03-11 14:22:59]--[mydisk_cgi.c:506]--user = vyUyGIUPr84M7jSX+NqX3Q==, token = e6, start = 20, count = 1
[2020-03-11 14:22:59]--[mydisk_cgi.c:286]--select user_file_list.*,file_info.url,file_info.size,file_info.type from file_info,user_file_list where user='vyUyGIUPr84M7jSX+NqX3Q==' and file_info.md5=user_file_list.md5 limit 20,1 在操作
[2020-03-11 14:22:59]--[mydisk_cgi.c:438]--query cmd=normal
[2020-03-11 14:22:59]--[mydisk_cgi.c:471]--buf = {
    "count": 10,
    "start": 10,
    "token": "e6",
    "user": "lp13773477582"
}

[2020-03-11 14:22:59]--[mydisk_cgi.c:506]--user = vyUyGIUPr84M7jSX+NqX3Q==, token = e6, start = 10, count = 10
[2020-03-11 14:22:59]--[mydisk_cgi.c:286]--select user_file_list.*,file_info.url,file_info.size,file_info.type from file_info,user_file_list where user='vyUyGIUPr84M7jSX+NqX3Q==' and file_info.md5=user_file_list.md5 limit 10,10 在操作
[2020-03-11 14:24:14]--[mydisk_cgi.c:438]--query cmd=count
[2020-03-11 14:24:14]--[mydisk_cgi.c:471]--buf = {
    "token": "90",
    "user": "lp13773477582"
}

[2020-03-11 14:24:14]--[mydisk_cgi.c:438]--query cmd=normal
[2020-03-11 14:24:14]--[mydisk_cgi.c:471]--buf = {
    "count": 10,
    "start": 0,
    "token": "90",
    "user": "lp13773477582"
}

[2020-03-11 14:24:14]--[mydisk_cgi.c:506]--user = vyUyGIUPr84M7jSX+NqX3Q==, token = 90, start = 0, count = 10
[2020-03-11 14:24:14]--[mydisk_cgi.c:286]--select user_file_list.*,file_info.url,file_info.size,file_info.type from file_info,user_file_list where user='vyUyGIUPr84M7jSX+NqX3Q==' and file_info.md5=user_file_list.md5 limit 0,10 在操作
[2020-03-11 14:24:14]--[mydisk_cgi.c:438]--query cmd=normal
[2020-03-11 14:24:14]--[mydisk_cgi.c:471]--buf = {
    "count": 10,
    "start": 10,
    "token": "90",
    "user": "lp13773477582"
}

[2020-03-11 14:24:14]--[mydisk_cgi.c:506]--user = vyUyGIUPr84M7jSX+NqX3Q==, token = 90, start = 10, count = 10
[2020-03-11 14:24:14]--[mydisk_cgi.c:286]--select user_file_list.*,file_info.url,file_info.size,file_info.type from file_info,user_file_list where user='vyUyGIUPr84M7jSX+NqX3Q==' and file_info.md5=user_file_list.md5 limit 10,10 在操作
[2020-03-11 14:24:14]--[mydisk_cgi.c:438]--query cmd=normal
[2020-03-11 14:24:14]--[mydisk_cgi.c:471]--buf = {
    "count": 1,
    "start": 20,
    "token": "90",
    "user": "lp13773477582"
}

[2020-03-11 14:24:14]--[mydisk_cgi.c:506]--user = vyUyGIUPr84M7jSX+NqX3Q==, token = 90, start = 20, count = 1
[2020-03-11 14:24:14]--[mydisk_cgi.c:286]--select user_file_list.*,file_info.url,file_info.size,file_info.type from file_info,user_file_list where user='vyUyGIUPr84M7jSX+NqX3Q==' and file_info.md5=user_file_list.md5 limit 20,1 在操作
[2020-03-11 15:16:08]--[mydisk_cgi.c:438]--query cmd=count
[2020-03-11 15:16:08]--[mydisk_cgi.c:471]--buf = {
    "token": "f1",
    "user": "lp13773477582"
}

[2020-03-11 15:16:08]--[mydisk_cgi.c:438]--query cmd=normal
[2020-03-11 15:16:08]--[mydisk_cgi.c:471]--buf = {
    "count": 10,
    "start": 0,
    "token": "f1",
    "user": "lp13773477582"
}

[2020-03-11 15:16:08]--[mydisk_cgi.c:506]--user = vyUyGIUPr84M7jSX+NqX3Q==, token = f1, start = 0, count = 10
[2020-03-11 15:16:08]--[mydisk_cgi.c:286]--select user_file_list.*,file_info.url,file_info.size,file_info.type from file_info,user_file_list where user='vyUyGIUPr84M7jSX+NqX3Q==' and file_info.md5=user_file_list.md5 limit 0,10 在操作
[2020-03-11 15:16:08]--[mydisk_cgi.c:438]--query cmd=normal
[2020-03-11 15:16:08]--[mydisk_cgi.c:471]--buf = {
    "count": 10,
    "start": 10,
    "token": "f1",
    "user": "lp13773477582"
}

[2020-03-11 15:16:08]--[mydisk_cgi.c:506]--user = vyUyGIUPr84M7jSX+NqX3Q==, token = f1, start = 10, count = 10
[2020-03-11 15:16:08]--[mydisk_cgi.c:286]--select user_file_list.*,file_info.url,file_info.size,file_info.type from file_info,user_file_list where user='vyUyGIUPr84M7jSX+NqX3Q==' and file_info.md5=user_file_list.md5 limit 10,10 在操作
[2020-03-11 15:16:09]--[mydisk_cgi.c:438]--query cmd=normal
[2020-03-11 15:16:09]--[mydisk_cgi.c:471]--buf = {
    "count": 1,
    "start": 20,
    "token": "f1",
    "user": "lp13773477582"
}

[2020-03-11 15:16:09]--[mydisk_cgi.c:506]--user = vyUyGIUPr84M7jSX+NqX3Q==, token = f1, start = 20, count = 1
[2020-03-11 15:16:09]--[mydisk_cgi.c:286]--select user_file_list.*,file_info.url,file_info.size,file_info.type from file_info,user_file_list where user='vyUyGIUPr84M7jSX+NqX3Q==' and file_info.md5=user_file_list.md5 limit 20,1 在操作
[2020-03-11 15:17:31]--[mydisk_cgi.c:438]--query cmd=count
[2020-03-11 15:17:31]--[mydisk_cgi.c:471]--buf = {
    "token": "59",
    "user": "lp13773477582"
}

[2020-03-11 15:17:31]--[mydisk_cgi.c:438]--query cmd=normal
[2020-03-11 15:17:31]--[mydisk_cgi.c:471]--buf = {
    "count": 10,
    "start": 0,
    "token": "59",
    "user": "lp13773477582"
}

[2020-03-11 15:17:31]--[mydisk_cgi.c:506]--user = vyUyGIUPr84M7jSX+NqX3Q==, token = 59, start = 0, count = 10
[2020-03-11 15:17:31]--[mydisk_cgi.c:286]--select user_file_list.*,file_info.url,file_info.size,file_info.type from file_info,user_file_list where user='vyUyGIUPr84M7jSX+NqX3Q==' and file_info.md5=user_file_list.md5 limit 0,10 在操作
[2020-03-11 15:17:31]--[mydisk_cgi.c:438]--query cmd=normal
[2020-03-11 15:17:31]--[mydisk_cgi.c:471]--buf = {
    "count": 10,
    "start": 10,
    "token": "59",
    "user": "lp13773477582"
}

[2020-03-11 15:17:31]--[mydisk_cgi.c:506]--user = vyUyGIUPr84M7jSX+NqX3Q==, token = 59, start = 10, count = 10
[2020-03-11 15:17:31]--[mydisk_cgi.c:286]--select user_file_list.*,file_info.url,file_info.size,file_info.type from file_info,user_file_list where user='vyUyGIUPr84M7jSX+NqX3Q==' and file_info.md5=user_file_list.md5 limit 10,10 在操作
[2020-03-11 15:17:31]--[mydisk_cgi.c:438]--query cmd=normal
[2020-03-11 15:17:31]--[mydisk_cgi.c:471]--buf = {
    "count": 1,
    "start": 20,
    "token": "59",
    "user": "lp13773477582"
}

[2020-03-11 15:17:31]--[mydisk_cgi.c:506]--user = vyUyGIUPr84M7jSX+NqX3Q==, token = 59, start = 20, count = 1
[2020-03-11 15:17:31]--[mydisk_cgi.c:286]--select user_file_list.*,file_info.url,file_info.size,file_info.type from file_info,user_file_list where user='vyUyGIUPr84M7jSX+NqX3Q==' and file_info.md5=user_file_list.md5 limit 20,1 在操作
