[2020-03-07 14:04:31]--[mydisk_cgi.c:438]--query cmd=count
[2020-03-07 14:04:31]--[mydisk_cgi.c:471]--buf = {
    "token": "a0",
    "user": "lp13773477582"
}

[2020-03-07 14:04:32]--[mydisk_cgi.c:438]--query cmd=normal
[2020-03-07 14:04:32]--[mydisk_cgi.c:471]--buf = {
    "count": 10,
    "start": 0,
    "token": "a0",
    "user": "lp13773477582"
}

[2020-03-07 14:04:32]--[mydisk_cgi.c:506]--user = vyUyGIUPr84M7jSX+NqX3Q==, token = a0, start = 0, count = 10
[2020-03-07 14:04:32]--[mydisk_cgi.c:286]--select user_file_list.*,file_info.url,file_info.size,file_info.type from file_info,user_file_list where user='vyUyGIUPr84M7jSX+NqX3Q==' and file_info.md5=user_file_list.md5 limit 0,10 在操作
[2020-03-07 14:04:32]--[mydisk_cgi.c:438]--query cmd=normal
[2020-03-07 14:04:32]--[mydisk_cgi.c:471]--buf = {
    "count": 10,
    "start": 10,
    "token": "a0",
    "user": "lp13773477582"
}

[2020-03-07 14:04:32]--[mydisk_cgi.c:506]--user = vyUyGIUPr84M7jSX+NqX3Q==, token = a0, start = 10, count = 10
[2020-03-07 14:04:32]--[mydisk_cgi.c:286]--select user_file_list.*,file_info.url,file_info.size,file_info.type from file_info,user_file_list where user='vyUyGIUPr84M7jSX+NqX3Q==' and file_info.md5=user_file_list.md5 limit 10,10 在操作
[2020-03-07 14:04:32]--[mydisk_cgi.c:438]--query cmd=normal
[2020-03-07 14:04:32]--[mydisk_cgi.c:471]--buf = {
    "count": 1,
    "start": 20,
    "token": "a0",
    "user": "lp13773477582"
}

[2020-03-07 14:04:32]--[mydisk_cgi.c:506]--user = vyUyGIUPr84M7jSX+NqX3Q==, token = a0, start = 20, count = 1
[2020-03-07 14:04:32]--[mydisk_cgi.c:286]--select user_file_list.*,file_info.url,file_info.size,file_info.type from file_info,user_file_list where user='vyUyGIUPr84M7jSX+NqX3Q==' and file_info.md5=user_file_list.md5 limit 20,1 在操作
[2020-03-07 14:07:17]--[mydisk_cgi.c:438]--query cmd=count
[2020-03-07 14:07:17]--[mydisk_cgi.c:471]--buf = {
    "token": "ce",
    "user": "lp13773477582"
}

[2020-03-07 14:07:17]--[mydisk_cgi.c:438]--query cmd=normal
[2020-03-07 14:07:17]--[mydisk_cgi.c:471]--buf = {
    "count": 10,
    "start": 0,
    "token": "ce",
    "user": "lp13773477582"
}

[2020-03-07 14:07:17]--[mydisk_cgi.c:506]--user = vyUyGIUPr84M7jSX+NqX3Q==, token = ce, start = 0, count = 10
[2020-03-07 14:07:17]--[mydisk_cgi.c:286]--select user_file_list.*,file_info.url,file_info.size,file_info.type from file_info,user_file_list where user='vyUyGIUPr84M7jSX+NqX3Q==' and file_info.md5=user_file_list.md5 limit 0,10 在操作
[2020-03-07 14:07:17]--[mydisk_cgi.c:438]--query cmd=normal
[2020-03-07 14:07:17]--[mydisk_cgi.c:471]--buf = {
    "count": 10,
    "start": 10,
    "token": "ce",
    "user": "lp13773477582"
}

[2020-03-07 14:07:17]--[mydisk_cgi.c:506]--user = vyUyGIUPr84M7jSX+NqX3Q==, token = ce, start = 10, count = 10
[2020-03-07 14:07:17]--[mydisk_cgi.c:286]--select user_file_list.*,file_info.url,file_info.size,file_info.type from file_info,user_file_list where user='vyUyGIUPr84M7jSX+NqX3Q==' and file_info.md5=user_file_list.md5 limit 10,10 在操作
[2020-03-07 14:07:17]--[mydisk_cgi.c:438]--query cmd=normal
[2020-03-07 14:07:17]--[mydisk_cgi.c:471]--buf = {
    "count": 1,
    "start": 20,
    "token": "ce",
    "user": "lp13773477582"
}

[2020-03-07 14:07:17]--[mydisk_cgi.c:506]--user = vyUyGIUPr84M7jSX+NqX3Q==, token = ce, start = 20, count = 1
[2020-03-07 14:07:17]--[mydisk_cgi.c:286]--select user_file_list.*,file_info.url,file_info.size,file_info.type from file_info,user_file_list where user='vyUyGIUPr84M7jSX+NqX3Q==' and file_info.md5=user_file_list.md5 limit 20,1 在操作
[2020-03-07 16:25:38]--[mydisk_cgi.c:438]--query cmd=count
[2020-03-07 16:25:38]--[mydisk_cgi.c:471]--buf = {
    "token": "71",
    "user": "lp13773477582"
}

[2020-03-07 16:25:38]--[mydisk_cgi.c:438]--query cmd=normal
[2020-03-07 16:25:38]--[mydisk_cgi.c:471]--buf = {
    "count": 10,
    "start": 0,
    "token": "71",
    "user": "lp13773477582"
}

[2020-03-07 16:25:38]--[mydisk_cgi.c:506]--user = vyUyGIUPr84M7jSX+NqX3Q==, token = 71, start = 0, count = 10
[2020-03-07 16:25:38]--[mydisk_cgi.c:286]--select user_file_list.*,file_info.url,file_info.size,file_info.type from file_info,user_file_list where user='vyUyGIUPr84M7jSX+NqX3Q==' and file_info.md5=user_file_list.md5 limit 0,10 在操作
[2020-03-07 16:25:39]--[mydisk_cgi.c:438]--query cmd=normal
[2020-03-07 16:25:39]--[mydisk_cgi.c:471]--buf = {
    "count": 10,
    "start": 10,
    "token": "71",
    "user": "lp13773477582"
}

[2020-03-07 16:25:39]--[mydisk_cgi.c:506]--user = vyUyGIUPr84M7jSX+NqX3Q==, token = 71, start = 10, count = 10
[2020-03-07 16:25:39]--[mydisk_cgi.c:286]--select user_file_list.*,file_info.url,file_info.size,file_info.type from file_info,user_file_list where user='vyUyGIUPr84M7jSX+NqX3Q==' and file_info.md5=user_file_list.md5 limit 10,10 在操作
[2020-03-07 16:25:39]--[mydisk_cgi.c:438]--query cmd=normal
[2020-03-07 16:25:39]--[mydisk_cgi.c:471]--buf = {
    "count": 1,
    "start": 20,
    "token": "71",
    "user": "lp13773477582"
}

[2020-03-07 16:25:39]--[mydisk_cgi.c:506]--user = vyUyGIUPr84M7jSX+NqX3Q==, token = 71, start = 20, count = 1
[2020-03-07 16:25:39]--[mydisk_cgi.c:286]--select user_file_list.*,file_info.url,file_info.size,file_info.type from file_info,user_file_list where user='vyUyGIUPr84M7jSX+NqX3Q==' and file_info.md5=user_file_list.md5 limit 20,1 在操作
[2020-03-07 16:27:35]--[mydisk_cgi.c:438]--query cmd=count
[2020-03-07 16:27:35]--[mydisk_cgi.c:471]--buf = {
    "token": "a3",
    "user": "lp13773477582"
}

[2020-03-07 16:27:35]--[mydisk_cgi.c:438]--query cmd=normal
[2020-03-07 16:27:35]--[mydisk_cgi.c:471]--buf = {
    "count": 10,
    "start": 0,
    "token": "a3",
    "user": "lp13773477582"
}

[2020-03-07 16:27:35]--[mydisk_cgi.c:506]--user = vyUyGIUPr84M7jSX+NqX3Q==, token = a3, start = 0, count = 10
[2020-03-07 16:27:35]--[mydisk_cgi.c:286]--select user_file_list.*,file_info.url,file_info.size,file_info.type from file_info,user_file_list where user='vyUyGIUPr84M7jSX+NqX3Q==' and file_info.md5=user_file_list.md5 limit 0,10 在操作
[2020-03-07 16:27:35]--[mydisk_cgi.c:438]--query cmd=normal
[2020-03-07 16:27:35]--[mydisk_cgi.c:471]--buf = {
    "count": 10,
    "start": 10,
    "token": "a3",
    "user": "lp13773477582"
}

[2020-03-07 16:27:35]--[mydisk_cgi.c:506]--user = vyUyGIUPr84M7jSX+NqX3Q==, token = a3, start = 10, count = 10
[2020-03-07 16:27:35]--[mydisk_cgi.c:286]--select user_file_list.*,file_info.url,file_info.size,file_info.type from file_info,user_file_list where user='vyUyGIUPr84M7jSX+NqX3Q==' and file_info.md5=user_file_list.md5 limit 10,10 在操作
[2020-03-07 16:27:35]--[mydisk_cgi.c:438]--query cmd=normal
[2020-03-07 16:27:35]--[mydisk_cgi.c:471]--buf = {
    "count": 1,
    "start": 20,
    "token": "a3",
    "user": "lp13773477582"
}

[2020-03-07 16:27:35]--[mydisk_cgi.c:506]--user = vyUyGIUPr84M7jSX+NqX3Q==, token = a3, start = 20, count = 1
[2020-03-07 16:27:35]--[mydisk_cgi.c:286]--select user_file_list.*,file_info.url,file_info.size,file_info.type from file_info,user_file_list where user='vyUyGIUPr84M7jSX+NqX3Q==' and file_info.md5=user_file_list.md5 limit 20,1 在操作
[2020-03-07 16:34:08]--[mydisk_cgi.c:438]--query cmd=count
[2020-03-07 16:34:08]--[mydisk_cgi.c:471]--buf = {
    "token": "29",
    "user": "lp13773477582"
}

[2020-03-07 16:34:08]--[mydisk_cgi.c:438]--query cmd=normal
[2020-03-07 16:34:08]--[mydisk_cgi.c:471]--buf = {
    "count": 10,
    "start": 0,
    "token": "29",
    "user": "lp13773477582"
}

[2020-03-07 16:34:08]--[mydisk_cgi.c:506]--user = vyUyGIUPr84M7jSX+NqX3Q==, token = 29, start = 0, count = 10
[2020-03-07 16:34:08]--[mydisk_cgi.c:286]--select user_file_list.*,file_info.url,file_info.size,file_info.type from file_info,user_file_list where user='vyUyGIUPr84M7jSX+NqX3Q==' and file_info.md5=user_file_list.md5 limit 0,10 在操作
[2020-03-07 16:34:08]--[mydisk_cgi.c:438]--query cmd=normal
[2020-03-07 16:34:08]--[mydisk_cgi.c:471]--buf = {
    "count": 10,
    "start": 10,
    "token": "29",
    "user": "lp13773477582"
}

[2020-03-07 16:34:08]--[mydisk_cgi.c:506]--user = vyUyGIUPr84M7jSX+NqX3Q==, token = 29, start = 10, count = 10
[2020-03-07 16:34:08]--[mydisk_cgi.c:286]--select user_file_list.*,file_info.url,file_info.size,file_info.type from file_info,user_file_list where user='vyUyGIUPr84M7jSX+NqX3Q==' and file_info.md5=user_file_list.md5 limit 10,10 在操作
[2020-03-07 16:34:08]--[mydisk_cgi.c:438]--query cmd=normal
[2020-03-07 16:34:08]--[mydisk_cgi.c:471]--buf = {
    "count": 1,
    "start": 20,
    "token": "29",
    "user": "lp13773477582"
}

[2020-03-07 16:34:08]--[mydisk_cgi.c:506]--user = vyUyGIUPr84M7jSX+NqX3Q==, token = 29, start = 20, count = 1
[2020-03-07 16:34:08]--[mydisk_cgi.c:286]--select user_file_list.*,file_info.url,file_info.size,file_info.type from file_info,user_file_list where user='vyUyGIUPr84M7jSX+NqX3Q==' and file_info.md5=user_file_list.md5 limit 20,1 在操作
[2020-03-07 16:49:27]--[mydisk_cgi.c:438]--query cmd=count
[2020-03-07 16:49:27]--[mydisk_cgi.c:471]--buf = {
    "token": "3d",
    "user": "lp13773477582"
}

[2020-03-07 16:49:27]--[mydisk_cgi.c:438]--query cmd=normal
[2020-03-07 16:49:27]--[mydisk_cgi.c:471]--buf = {
    "count": 10,
    "start": 0,
    "token": "3d",
    "user": "lp13773477582"
}

[2020-03-07 16:49:27]--[mydisk_cgi.c:506]--user = vyUyGIUPr84M7jSX+NqX3Q==, token = 3d, start = 0, count = 10
[2020-03-07 16:49:27]--[mydisk_cgi.c:286]--select user_file_list.*,file_info.url,file_info.size,file_info.type from file_info,user_file_list where user='vyUyGIUPr84M7jSX+NqX3Q==' and file_info.md5=user_file_list.md5 limit 0,10 在操作
[2020-03-07 16:49:27]--[mydisk_cgi.c:438]--query cmd=normal
[2020-03-07 16:49:27]--[mydisk_cgi.c:471]--buf = {
    "count": 10,
    "start": 10,
    "token": "3d",
    "user": "lp13773477582"
}

[2020-03-07 16:49:27]--[mydisk_cgi.c:506]--user = vyUyGIUPr84M7jSX+NqX3Q==, token = 3d, start = 10, count = 10
[2020-03-07 16:49:27]--[mydisk_cgi.c:286]--select user_file_list.*,file_info.url,file_info.size,file_info.type from file_info,user_file_list where user='vyUyGIUPr84M7jSX+NqX3Q==' and file_info.md5=user_file_list.md5 limit 10,10 在操作
[2020-03-07 16:49:27]--[mydisk_cgi.c:438]--query cmd=normal
[2020-03-07 16:49:27]--[mydisk_cgi.c:471]--buf = {
    "count": 1,
    "start": 20,
    "token": "3d",
    "user": "lp13773477582"
}

[2020-03-07 16:49:27]--[mydisk_cgi.c:506]--user = vyUyGIUPr84M7jSX+NqX3Q==, token = 3d, start = 20, count = 1
[2020-03-07 16:49:27]--[mydisk_cgi.c:286]--select user_file_list.*,file_info.url,file_info.size,file_info.type from file_info,user_file_list where user='vyUyGIUPr84M7jSX+NqX3Q==' and file_info.md5=user_file_list.md5 limit 20,1 在操作
[2020-03-07 16:54:13]--[mydisk_cgi.c:438]--query cmd=count
[2020-03-07 16:54:13]--[mydisk_cgi.c:471]--buf = {
    "token": "14",
    "user": "lp13773477582"
}

[2020-03-07 16:54:13]--[mydisk_cgi.c:438]--query cmd=normal
[2020-03-07 16:54:13]--[mydisk_cgi.c:471]--buf = {
    "count": 10,
    "start": 0,
    "token": "14",
    "user": "lp13773477582"
}

[2020-03-07 16:54:13]--[mydisk_cgi.c:506]--user = vyUyGIUPr84M7jSX+NqX3Q==, token = 14, start = 0, count = 10
[2020-03-07 16:54:13]--[mydisk_cgi.c:286]--select user_file_list.*,file_info.url,file_info.size,file_info.type from file_info,user_file_list where user='vyUyGIUPr84M7jSX+NqX3Q==' and file_info.md5=user_file_list.md5 limit 0,10 在操作
[2020-03-07 16:54:13]--[mydisk_cgi.c:438]--query cmd=normal
[2020-03-07 16:54:13]--[mydisk_cgi.c:471]--buf = {
    "count": 10,
    "start": 10,
    "token": "14",
    "user": "lp13773477582"
}

[2020-03-07 16:54:13]--[mydisk_cgi.c:506]--user = vyUyGIUPr84M7jSX+NqX3Q==, token = 14, start = 10, count = 10
[2020-03-07 16:54:13]--[mydisk_cgi.c:286]--select user_file_list.*,file_info.url,file_info.size,file_info.type from file_info,user_file_list where user='vyUyGIUPr84M7jSX+NqX3Q==' and file_info.md5=user_file_list.md5 limit 10,10 在操作
[2020-03-07 16:54:13]--[mydisk_cgi.c:438]--query cmd=normal
[2020-03-07 16:54:13]--[mydisk_cgi.c:471]--buf = {
    "count": 1,
    "start": 20,
    "token": "14",
    "user": "lp13773477582"
}

[2020-03-07 16:54:13]--[mydisk_cgi.c:506]--user = vyUyGIUPr84M7jSX+NqX3Q==, token = 14, start = 20, count = 1
[2020-03-07 16:54:13]--[mydisk_cgi.c:286]--select user_file_list.*,file_info.url,file_info.size,file_info.type from file_info,user_file_list where user='vyUyGIUPr84M7jSX+NqX3Q==' and file_info.md5=user_file_list.md5 limit 20,1 在操作
[2020-03-07 16:59:52]--[mydisk_cgi.c:438]--query cmd=count
[2020-03-07 16:59:52]--[mydisk_cgi.c:471]--buf = {
    "token": "0b",
    "user": "lp13773477582"
}

[2020-03-07 16:59:52]--[mydisk_cgi.c:438]--query cmd=normal
[2020-03-07 16:59:52]--[mydisk_cgi.c:471]--buf = {
    "count": 10,
    "start": 0,
    "token": "0b",
    "user": "lp13773477582"
}

[2020-03-07 16:59:52]--[mydisk_cgi.c:506]--user = vyUyGIUPr84M7jSX+NqX3Q==, token = 0b, start = 0, count = 10
[2020-03-07 16:59:52]--[mydisk_cgi.c:286]--select user_file_list.*,file_info.url,file_info.size,file_info.type from file_info,user_file_list where user='vyUyGIUPr84M7jSX+NqX3Q==' and file_info.md5=user_file_list.md5 limit 0,10 在操作
[2020-03-07 16:59:52]--[mydisk_cgi.c:438]--query cmd=normal
[2020-03-07 16:59:52]--[mydisk_cgi.c:471]--buf = {
    "count": 10,
    "start": 10,
    "token": "0b",
    "user": "lp13773477582"
}

[2020-03-07 16:59:52]--[mydisk_cgi.c:506]--user = vyUyGIUPr84M7jSX+NqX3Q==, token = 0b, start = 10, count = 10
[2020-03-07 16:59:52]--[mydisk_cgi.c:286]--select user_file_list.*,file_info.url,file_info.size,file_info.type from file_info,user_file_list where user='vyUyGIUPr84M7jSX+NqX3Q==' and file_info.md5=user_file_list.md5 limit 10,10 在操作
[2020-03-07 16:59:52]--[mydisk_cgi.c:438]--query cmd=normal
[2020-03-07 16:59:52]--[mydisk_cgi.c:471]--buf = {
    "count": 1,
    "start": 20,
    "token": "0b",
    "user": "lp13773477582"
}

[2020-03-07 16:59:52]--[mydisk_cgi.c:506]--user = vyUyGIUPr84M7jSX+NqX3Q==, token = 0b, start = 20, count = 1
[2020-03-07 16:59:52]--[mydisk_cgi.c:286]--select user_file_list.*,file_info.url,file_info.size,file_info.type from file_info,user_file_list where user='vyUyGIUPr84M7jSX+NqX3Q==' and file_info.md5=user_file_list.md5 limit 20,1 在操作
[2020-03-07 16:59:53]--[mydisk_cgi.c:438]--query cmd=count
[2020-03-07 16:59:53]--[mydisk_cgi.c:471]--buf = {
    "token": "0b",
    "user": "lp13773477582"
}

[2020-03-07 16:59:53]--[mydisk_cgi.c:438]--query cmd=normal
[2020-03-07 16:59:53]--[mydisk_cgi.c:471]--buf = {
    "count": 10,
    "start": 0,
    "token": "0b",
    "user": "lp13773477582"
}

[2020-03-07 16:59:53]--[mydisk_cgi.c:506]--user = vyUyGIUPr84M7jSX+NqX3Q==, token = 0b, start = 0, count = 10
[2020-03-07 16:59:53]--[mydisk_cgi.c:286]--select user_file_list.*,file_info.url,file_info.size,file_info.type from file_info,user_file_list where user='vyUyGIUPr84M7jSX+NqX3Q==' and file_info.md5=user_file_list.md5 limit 0,10 在操作
[2020-03-07 16:59:54]--[mydisk_cgi.c:438]--query cmd=normal
[2020-03-07 16:59:54]--[mydisk_cgi.c:471]--buf = {
    "count": 10,
    "start": 10,
    "token": "0b",
    "user": "lp13773477582"
}

[2020-03-07 16:59:54]--[mydisk_cgi.c:506]--user = vyUyGIUPr84M7jSX+NqX3Q==, token = 0b, start = 10, count = 10
[2020-03-07 16:59:54]--[mydisk_cgi.c:286]--select user_file_list.*,file_info.url,file_info.size,file_info.type from file_info,user_file_list where user='vyUyGIUPr84M7jSX+NqX3Q==' and file_info.md5=user_file_list.md5 limit 10,10 在操作
[2020-03-07 16:59:54]--[mydisk_cgi.c:438]--query cmd=normal
[2020-03-07 16:59:54]--[mydisk_cgi.c:471]--buf = {
    "count": 1,
    "start": 20,
    "token": "0b",
    "user": "lp13773477582"
}

[2020-03-07 16:59:54]--[mydisk_cgi.c:506]--user = vyUyGIUPr84M7jSX+NqX3Q==, token = 0b, start = 20, count = 1
[2020-03-07 16:59:54]--[mydisk_cgi.c:286]--select user_file_list.*,file_info.url,file_info.size,file_info.type from file_info,user_file_list where user='vyUyGIUPr84M7jSX+NqX3Q==' and file_info.md5=user_file_list.md5 limit 20,1 在操作
[2020-03-07 17:02:41]--[mydisk_cgi.c:438]--query cmd=count
[2020-03-07 17:02:41]--[mydisk_cgi.c:471]--buf = {
    "token": "6e",
    "user": "lp13773477582"
}

[2020-03-07 17:02:41]--[mydisk_cgi.c:438]--query cmd=normal
[2020-03-07 17:02:41]--[mydisk_cgi.c:471]--buf = {
    "count": 10,
    "start": 0,
    "token": "6e",
    "user": "lp13773477582"
}

[2020-03-07 17:02:41]--[mydisk_cgi.c:506]--user = vyUyGIUPr84M7jSX+NqX3Q==, token = 6e, start = 0, count = 10
[2020-03-07 17:02:41]--[mydisk_cgi.c:286]--select user_file_list.*,file_info.url,file_info.size,file_info.type from file_info,user_file_list where user='vyUyGIUPr84M7jSX+NqX3Q==' and file_info.md5=user_file_list.md5 limit 0,10 在操作
[2020-03-07 17:02:41]--[mydisk_cgi.c:438]--query cmd=normal
[2020-03-07 17:02:41]--[mydisk_cgi.c:471]--buf = {
    "count": 10,
    "start": 10,
    "token": "6e",
    "user": "lp13773477582"
}

[2020-03-07 17:02:41]--[mydisk_cgi.c:506]--user = vyUyGIUPr84M7jSX+NqX3Q==, token = 6e, start = 10, count = 10
[2020-03-07 17:02:41]--[mydisk_cgi.c:286]--select user_file_list.*,file_info.url,file_info.size,file_info.type from file_info,user_file_list where user='vyUyGIUPr84M7jSX+NqX3Q==' and file_info.md5=user_file_list.md5 limit 10,10 在操作
[2020-03-07 17:02:41]--[mydisk_cgi.c:438]--query cmd=normal
[2020-03-07 17:02:41]--[mydisk_cgi.c:471]--buf = {
    "count": 1,
    "start": 20,
    "token": "6e",
    "user": "lp13773477582"
}

[2020-03-07 17:02:41]--[mydisk_cgi.c:506]--user = vyUyGIUPr84M7jSX+NqX3Q==, token = 6e, start = 20, count = 1
[2020-03-07 17:02:41]--[mydisk_cgi.c:286]--select user_file_list.*,file_info.url,file_info.size,file_info.type from file_info,user_file_list where user='vyUyGIUPr84M7jSX+NqX3Q==' and file_info.md5=user_file_list.md5 limit 20,1 在操作
[2020-03-07 17:02:46]--[mydisk_cgi.c:438]--query cmd=count
[2020-03-07 17:02:46]--[mydisk_cgi.c:471]--buf = {
    "token": "6e",
    "user": "lp13773477582"
}

[2020-03-07 17:02:46]--[mydisk_cgi.c:438]--query cmd=normal
[2020-03-07 17:02:46]--[mydisk_cgi.c:471]--buf = {
    "count": 10,
    "start": 0,
    "token": "6e",
    "user": "lp13773477582"
}

[2020-03-07 17:02:46]--[mydisk_cgi.c:506]--user = vyUyGIUPr84M7jSX+NqX3Q==, token = 6e, start = 0, count = 10
[2020-03-07 17:02:46]--[mydisk_cgi.c:286]--select user_file_list.*,file_info.url,file_info.size,file_info.type from file_info,user_file_list where user='vyUyGIUPr84M7jSX+NqX3Q==' and file_info.md5=user_file_list.md5 limit 0,10 在操作
[2020-03-07 17:02:46]--[mydisk_cgi.c:438]--query cmd=normal
[2020-03-07 17:02:46]--[mydisk_cgi.c:471]--buf = {
    "count": 10,
    "start": 10,
    "token": "6e",
    "user": "lp13773477582"
}

[2020-03-07 17:02:46]--[mydisk_cgi.c:506]--user = vyUyGIUPr84M7jSX+NqX3Q==, token = 6e, start = 10, count = 10
[2020-03-07 17:02:46]--[mydisk_cgi.c:286]--select user_file_list.*,file_info.url,file_info.size,file_info.type from file_info,user_file_list where user='vyUyGIUPr84M7jSX+NqX3Q==' and file_info.md5=user_file_list.md5 limit 10,10 在操作
[2020-03-07 17:02:46]--[mydisk_cgi.c:438]--query cmd=normal
[2020-03-07 17:02:46]--[mydisk_cgi.c:471]--buf = {
    "count": 1,
    "start": 20,
    "token": "6e",
    "user": "lp13773477582"
}

[2020-03-07 17:02:46]--[mydisk_cgi.c:506]--user = vyUyGIUPr84M7jSX+NqX3Q==, token = 6e, start = 20, count = 1
[2020-03-07 17:02:46]--[mydisk_cgi.c:286]--select user_file_list.*,file_info.url,file_info.size,file_info.type from file_info,user_file_list where user='vyUyGIUPr84M7jSX+NqX3Q==' and file_info.md5=user_file_list.md5 limit 20,1 在操作
[2020-03-07 17:02:49]--[mydisk_cgi.c:438]--query cmd=count
[2020-03-07 17:02:49]--[mydisk_cgi.c:471]--buf = {
    "token": "6e",
    "user": "lp13773477582"
}

[2020-03-07 17:02:49]--[mydisk_cgi.c:438]--query cmd=normal
[2020-03-07 17:02:49]--[mydisk_cgi.c:471]--buf = {
    "count": 10,
    "start": 0,
    "token": "6e",
    "user": "lp13773477582"
}

[2020-03-07 17:02:49]--[mydisk_cgi.c:506]--user = vyUyGIUPr84M7jSX+NqX3Q==, token = 6e, start = 0, count = 10
[2020-03-07 17:02:49]--[mydisk_cgi.c:286]--select user_file_list.*,file_info.url,file_info.size,file_info.type from file_info,user_file_list where user='vyUyGIUPr84M7jSX+NqX3Q==' and file_info.md5=user_file_list.md5 limit 0,10 在操作
[2020-03-07 17:02:49]--[mydisk_cgi.c:438]--query cmd=normal
[2020-03-07 17:02:49]--[mydisk_cgi.c:471]--buf = {
    "count": 10,
    "start": 10,
    "token": "6e",
    "user": "lp13773477582"
}

[2020-03-07 17:02:49]--[mydisk_cgi.c:506]--user = vyUyGIUPr84M7jSX+NqX3Q==, token = 6e, start = 10, count = 10
[2020-03-07 17:02:49]--[mydisk_cgi.c:286]--select user_file_list.*,file_info.url,file_info.size,file_info.type from file_info,user_file_list where user='vyUyGIUPr84M7jSX+NqX3Q==' and file_info.md5=user_file_list.md5 limit 10,10 在操作
[2020-03-07 17:02:49]--[mydisk_cgi.c:438]--query cmd=normal
[2020-03-07 17:02:49]--[mydisk_cgi.c:471]--buf = {
    "count": 1,
    "start": 20,
    "token": "6e",
    "user": "lp13773477582"
}

[2020-03-07 17:02:49]--[mydisk_cgi.c:506]--user = vyUyGIUPr84M7jSX+NqX3Q==, token = 6e, start = 20, count = 1
[2020-03-07 17:02:49]--[mydisk_cgi.c:286]--select user_file_list.*,file_info.url,file_info.size,file_info.type from file_info,user_file_list where user='vyUyGIUPr84M7jSX+NqX3Q==' and file_info.md5=user_file_list.md5 limit 20,1 在操作
[2020-03-07 17:02:50]--[mydisk_cgi.c:438]--query cmd=count
[2020-03-07 17:02:50]--[mydisk_cgi.c:471]--buf = {
    "token": "6e",
    "user": "lp13773477582"
}

[2020-03-07 17:02:50]--[mydisk_cgi.c:438]--query cmd=normal
[2020-03-07 17:02:50]--[mydisk_cgi.c:471]--buf = {
    "count": 10,
    "start": 0,
    "token": "6e",
    "user": "lp13773477582"
}

[2020-03-07 17:02:50]--[mydisk_cgi.c:506]--user = vyUyGIUPr84M7jSX+NqX3Q==, token = 6e, start = 0, count = 10
[2020-03-07 17:02:50]--[mydisk_cgi.c:286]--select user_file_list.*,file_info.url,file_info.size,file_info.type from file_info,user_file_list where user='vyUyGIUPr84M7jSX+NqX3Q==' and file_info.md5=user_file_list.md5 limit 0,10 在操作
[2020-03-07 17:02:50]--[mydisk_cgi.c:438]--query cmd=normal
[2020-03-07 17:02:50]--[mydisk_cgi.c:471]--buf = {
    "count": 10,
    "start": 10,
    "token": "6e",
    "user": "lp13773477582"
}

[2020-03-07 17:02:50]--[mydisk_cgi.c:506]--user = vyUyGIUPr84M7jSX+NqX3Q==, token = 6e, start = 10, count = 10
[2020-03-07 17:02:50]--[mydisk_cgi.c:286]--select user_file_list.*,file_info.url,file_info.size,file_info.type from file_info,user_file_list where user='vyUyGIUPr84M7jSX+NqX3Q==' and file_info.md5=user_file_list.md5 limit 10,10 在操作
[2020-03-07 17:02:50]--[mydisk_cgi.c:438]--query cmd=normal
[2020-03-07 17:02:50]--[mydisk_cgi.c:471]--buf = {
    "count": 1,
    "start": 20,
    "token": "6e",
    "user": "lp13773477582"
}

[2020-03-07 17:02:50]--[mydisk_cgi.c:506]--user = vyUyGIUPr84M7jSX+NqX3Q==, token = 6e, start = 20, count = 1
[2020-03-07 17:02:50]--[mydisk_cgi.c:286]--select user_file_list.*,file_info.url,file_info.size,file_info.type from file_info,user_file_list where user='vyUyGIUPr84M7jSX+NqX3Q==' and file_info.md5=user_file_list.md5 limit 20,1 在操作
[2020-03-07 17:14:05]--[mydisk_cgi.c:34]--mysql:[user=root,pwd=lp86282176,database=cloud_disk][2020-03-07 17:17:31]--[mydisk_cgi.c:438]--query cmd=count
[2020-03-07 17:17:31]--[mydisk_cgi.c:471]--buf = {
    "token": "84",
    "user": "lp13773477582"
}

[2020-03-07 17:17:31]--[mydisk_cgi.c:438]--query cmd=normal
[2020-03-07 17:17:31]--[mydisk_cgi.c:471]--buf = {
    "count": 10,
    "start": 0,
    "token": "84",
    "user": "lp13773477582"
}

[2020-03-07 17:17:31]--[mydisk_cgi.c:506]--user = vyUyGIUPr84M7jSX+NqX3Q==, token = 84, start = 0, count = 10
[2020-03-07 17:17:31]--[mydisk_cgi.c:286]--select user_file_list.*,file_info.url,file_info.size,file_info.type from file_info,user_file_list where user='vyUyGIUPr84M7jSX+NqX3Q==' and file_info.md5=user_file_list.md5 limit 0,10 在操作
[2020-03-07 17:17:31]--[mydisk_cgi.c:438]--query cmd=normal
[2020-03-07 17:17:31]--[mydisk_cgi.c:471]--buf = {
    "count": 10,
    "start": 10,
    "token": "84",
    "user": "lp13773477582"
}

[2020-03-07 17:17:31]--[mydisk_cgi.c:506]--user = vyUyGIUPr84M7jSX+NqX3Q==, token = 84, start = 10, count = 10
[2020-03-07 17:17:31]--[mydisk_cgi.c:286]--select user_file_list.*,file_info.url,file_info.size,file_info.type from file_info,user_file_list where user='vyUyGIUPr84M7jSX+NqX3Q==' and file_info.md5=user_file_list.md5 limit 10,10 在操作
[2020-03-07 17:17:31]--[mydisk_cgi.c:438]--query cmd=normal
[2020-03-07 17:17:31]--[mydisk_cgi.c:471]--buf = {
    "count": 1,
    "start": 20,
    "token": "84",
    "user": "lp13773477582"
}

[2020-03-07 17:17:31]--[mydisk_cgi.c:506]--user = vyUyGIUPr84M7jSX+NqX3Q==, token = 84, start = 20, count = 1
[2020-03-07 17:17:31]--[mydisk_cgi.c:286]--select user_file_list.*,file_info.url,file_info.size,file_info.type from file_info,user_file_list where user='vyUyGIUPr84M7jSX+NqX3Q==' and file_info.md5=user_file_list.md5 limit 20,1 在操作
[2020-03-07 17:17:34]--[mydisk_cgi.c:438]--query cmd=count
[2020-03-07 17:17:34]--[mydisk_cgi.c:471]--buf = {
    "token": "84",
    "user": "lp13773477582"
}

[2020-03-07 17:17:34]--[mydisk_cgi.c:438]--query cmd=normal
[2020-03-07 17:17:34]--[mydisk_cgi.c:471]--buf = {
    "count": 10,
    "start": 0,
    "token": "84",
    "user": "lp13773477582"
}

[2020-03-07 17:17:34]--[mydisk_cgi.c:506]--user = vyUyGIUPr84M7jSX+NqX3Q==, token = 84, start = 0, count = 10
[2020-03-07 17:17:34]--[mydisk_cgi.c:286]--select user_file_list.*,file_info.url,file_info.size,file_info.type from file_info,user_file_list where user='vyUyGIUPr84M7jSX+NqX3Q==' and file_info.md5=user_file_list.md5 limit 0,10 在操作
[2020-03-07 17:17:35]--[mydisk_cgi.c:438]--query cmd=normal
[2020-03-07 17:17:35]--[mydisk_cgi.c:471]--buf = {
    "count": 10,
    "start": 10,
    "token": "84",
    "user": "lp13773477582"
}

[2020-03-07 17:17:35]--[mydisk_cgi.c:506]--user = vyUyGIUPr84M7jSX+NqX3Q==, token = 84, start = 10, count = 10
[2020-03-07 17:17:35]--[mydisk_cgi.c:286]--select user_file_list.*,file_info.url,file_info.size,file_info.type from file_info,user_file_list where user='vyUyGIUPr84M7jSX+NqX3Q==' and file_info.md5=user_file_list.md5 limit 10,10 在操作
[2020-03-07 17:17:35]--[mydisk_cgi.c:438]--query cmd=normal
[2020-03-07 17:17:35]--[mydisk_cgi.c:471]--buf = {
    "count": 1,
    "start": 20,
    "token": "84",
    "user": "lp13773477582"
}

[2020-03-07 17:17:35]--[mydisk_cgi.c:506]--user = vyUyGIUPr84M7jSX+NqX3Q==, token = 84, start = 20, count = 1
[2020-03-07 17:17:35]--[mydisk_cgi.c:286]--select user_file_list.*,file_info.url,file_info.size,file_info.type from file_info,user_file_list where user='vyUyGIUPr84M7jSX+NqX3Q==' and file_info.md5=user_file_list.md5 limit 20,1 在操作
[2020-03-07 17:17:36]--[mydisk_cgi.c:438]--query cmd=count
[2020-03-07 17:17:36]--[mydisk_cgi.c:471]--buf = {
    "token": "84",
    "user": "lp13773477582"
}

[2020-03-07 17:17:37]--[mydisk_cgi.c:438]--query cmd=normal
[2020-03-07 17:17:37]--[mydisk_cgi.c:471]--buf = {
    "count": 10,
    "start": 0,
    "token": "84",
    "user": "lp13773477582"
}

[2020-03-07 17:17:37]--[mydisk_cgi.c:506]--user = vyUyGIUPr84M7jSX+NqX3Q==, token = 84, start = 0, count = 10
[2020-03-07 17:17:37]--[mydisk_cgi.c:286]--select user_file_list.*,file_info.url,file_info.size,file_info.type from file_info,user_file_list where user='vyUyGIUPr84M7jSX+NqX3Q==' and file_info.md5=user_file_list.md5 limit 0,10 在操作
[2020-03-07 17:17:37]--[mydisk_cgi.c:438]--query cmd=normal
[2020-03-07 17:17:37]--[mydisk_cgi.c:471]--buf = {
    "count": 10,
    "start": 10,
    "token": "84",
    "user": "lp13773477582"
}

[2020-03-07 17:17:37]--[mydisk_cgi.c:506]--user = vyUyGIUPr84M7jSX+NqX3Q==, token = 84, start = 10, count = 10
[2020-03-07 17:17:37]--[mydisk_cgi.c:286]--select user_file_list.*,file_info.url,file_info.size,file_info.type from file_info,user_file_list where user='vyUyGIUPr84M7jSX+NqX3Q==' and file_info.md5=user_file_list.md5 limit 10,10 在操作
[2020-03-07 17:17:37]--[mydisk_cgi.c:438]--query cmd=normal
[2020-03-07 17:17:37]--[mydisk_cgi.c:471]--buf = {
    "count": 1,
    "start": 20,
    "token": "84",
    "user": "lp13773477582"
}

[2020-03-07 17:17:37]--[mydisk_cgi.c:506]--user = vyUyGIUPr84M7jSX+NqX3Q==, token = 84, start = 20, count = 1
[2020-03-07 17:17:37]--[mydisk_cgi.c:286]--select user_file_list.*,file_info.url,file_info.size,file_info.type from file_info,user_file_list where user='vyUyGIUPr84M7jSX+NqX3Q==' and file_info.md5=user_file_list.md5 limit 20,1 在操作
[2020-03-07 17:17:40]--[mydisk_cgi.c:438]--query cmd=count
[2020-03-07 17:17:40]--[mydisk_cgi.c:471]--buf = {
    "token": "84",
    "user": "lp13773477582"
}

[2020-03-07 17:17:40]--[mydisk_cgi.c:438]--query cmd=pvASC
[2020-03-07 17:17:40]--[mydisk_cgi.c:471]--buf = {
    "count": 10,
    "start": 0,
    "token": "84",
    "user": "lp13773477582"
}

[2020-03-07 17:17:40]--[mydisk_cgi.c:506]--user = vyUyGIUPr84M7jSX+NqX3Q==, token = 84, start = 0, count = 10
[2020-03-07 17:17:40]--[mydisk_cgi.c:286]--select user_file_list.*, file_info.url, file_info.size, file_info.type from file_info, user_file_list where user = 'vyUyGIUPr84M7jSX+NqX3Q==' and file_info.md5 = user_file_list.md5  order by file_info.size  asc limit 0, 10 在操作
[2020-03-07 17:17:40]--[mydisk_cgi.c:438]--query cmd=pvASC
[2020-03-07 17:17:40]--[mydisk_cgi.c:471]--buf = {
    "count": 10,
    "start": 10,
    "token": "84",
    "user": "lp13773477582"
}

[2020-03-07 17:17:40]--[mydisk_cgi.c:506]--user = vyUyGIUPr84M7jSX+NqX3Q==, token = 84, start = 10, count = 10
[2020-03-07 17:17:40]--[mydisk_cgi.c:286]--select user_file_list.*, file_info.url, file_info.size, file_info.type from file_info, user_file_list where user = 'vyUyGIUPr84M7jSX+NqX3Q==' and file_info.md5 = user_file_list.md5  order by file_info.size  asc limit 10, 10 在操作
[2020-03-07 17:17:40]--[mydisk_cgi.c:438]--query cmd=pvASC
[2020-03-07 17:17:40]--[mydisk_cgi.c:471]--buf = {
    "count": 1,
    "start": 20,
    "token": "84",
    "user": "lp13773477582"
}

[2020-03-07 17:17:40]--[mydisk_cgi.c:506]--user = vyUyGIUPr84M7jSX+NqX3Q==, token = 84, start = 20, count = 1
[2020-03-07 17:17:40]--[mydisk_cgi.c:286]--select user_file_list.*, file_info.url, file_info.size, file_info.type from file_info, user_file_list where user = 'vyUyGIUPr84M7jSX+NqX3Q==' and file_info.md5 = user_file_list.md5  order by file_info.size  asc limit 20, 1 在操作
[2020-03-07 17:18:40]--[mydisk_cgi.c:438]--query cmd=count
[2020-03-07 17:18:40]--[mydisk_cgi.c:471]--buf = {
    "token": "84",
    "user": "lp13773477582"
}

[2020-03-07 17:18:40]--[mydisk_cgi.c:438]--query cmd=pvDES
[2020-03-07 17:18:40]--[mydisk_cgi.c:471]--buf = {
    "count": 10,
    "start": 0,
    "token": "84",
    "user": "lp13773477582"
}

[2020-03-07 17:18:40]--[mydisk_cgi.c:506]--user = vyUyGIUPr84M7jSX+NqX3Q==, token = 84, start = 0, count = 10
[2020-03-07 17:18:40]--[mydisk_cgi.c:286]--select user_file_list.*, file_info.url, file_info.size, file_info.type from file_info, user_file_list where user = 'vyUyGIUPr84M7jSX+NqX3Q==' and file_info.md5 = user_file_list.md5 order by file_info.size  desc limit 0, 10 在操作
[2020-03-07 17:18:40]--[mydisk_cgi.c:438]--query cmd=pvDES
[2020-03-07 17:18:40]--[mydisk_cgi.c:471]--buf = {
    "count": 10,
    "start": 10,
    "token": "84",
    "user": "lp13773477582"
}

[2020-03-07 17:18:40]--[mydisk_cgi.c:506]--user = vyUyGIUPr84M7jSX+NqX3Q==, token = 84, start = 10, count = 10
[2020-03-07 17:18:40]--[mydisk_cgi.c:286]--select user_file_list.*, file_info.url, file_info.size, file_info.type from file_info, user_file_list where user = 'vyUyGIUPr84M7jSX+NqX3Q==' and file_info.md5 = user_file_list.md5 order by file_info.size  desc limit 10, 10 在操作
[2020-03-07 17:18:40]--[mydisk_cgi.c:438]--query cmd=pvDES
[2020-03-07 17:18:40]--[mydisk_cgi.c:471]--buf = {
    "count": 1,
    "start": 20,
    "token": "84",
    "user": "lp13773477582"
}

[2020-03-07 17:18:40]--[mydisk_cgi.c:506]--user = vyUyGIUPr84M7jSX+NqX3Q==, token = 84, start = 20, count = 1
[2020-03-07 17:18:40]--[mydisk_cgi.c:286]--select user_file_list.*, file_info.url, file_info.size, file_info.type from file_info, user_file_list where user = 'vyUyGIUPr84M7jSX+NqX3Q==' and file_info.md5 = user_file_list.md5 order by file_info.size  desc limit 20, 1 在操作
[2020-03-07 19:45:52]--[mydisk_cgi.c:438]--query cmd=count
[2020-03-07 19:45:52]--[mydisk_cgi.c:471]--buf = {
    "token": "84",
    "user": "lp13773477582"
}

[2020-03-07 19:45:52]--[mydisk_cgi.c:438]--query cmd=normal
[2020-03-07 19:45:52]--[mydisk_cgi.c:471]--buf = {
    "count": 10,
    "start": 0,
    "token": "84",
    "user": "lp13773477582"
}

[2020-03-07 19:45:52]--[mydisk_cgi.c:506]--user = vyUyGIUPr84M7jSX+NqX3Q==, token = 84, start = 0, count = 10
[2020-03-07 19:45:52]--[mydisk_cgi.c:286]--select user_file_list.*,file_info.url,file_info.size,file_info.type from file_info,user_file_list where user='vyUyGIUPr84M7jSX+NqX3Q==' and file_info.md5=user_file_list.md5 limit 0,10 在操作
[2020-03-07 19:45:53]--[mydisk_cgi.c:438]--query cmd=normal
[2020-03-07 19:45:53]--[mydisk_cgi.c:471]--buf = {
    "count": 10,
    "start": 10,
    "token": "84",
    "user": "lp13773477582"
}

[2020-03-07 19:45:53]--[mydisk_cgi.c:506]--user = vyUyGIUPr84M7jSX+NqX3Q==, token = 84, start = 10, count = 10
[2020-03-07 19:45:53]--[mydisk_cgi.c:286]--select user_file_list.*,file_info.url,file_info.size,file_info.type from file_info,user_file_list where user='vyUyGIUPr84M7jSX+NqX3Q==' and file_info.md5=user_file_list.md5 limit 10,10 在操作
[2020-03-07 19:45:53]--[mydisk_cgi.c:438]--query cmd=normal
[2020-03-07 19:45:53]--[mydisk_cgi.c:471]--buf = {
    "count": 1,
    "start": 20,
    "token": "84",
    "user": "lp13773477582"
}

[2020-03-07 19:45:53]--[mydisk_cgi.c:506]--user = vyUyGIUPr84M7jSX+NqX3Q==, token = 84, start = 20, count = 1
[2020-03-07 19:45:53]--[mydisk_cgi.c:286]--select user_file_list.*,file_info.url,file_info.size,file_info.type from file_info,user_file_list where user='vyUyGIUPr84M7jSX+NqX3Q==' and file_info.md5=user_file_list.md5 limit 20,1 在操作
[2020-03-07 19:46:48]--[mydisk_cgi.c:438]--query cmd=count
[2020-03-07 19:46:48]--[mydisk_cgi.c:471]--buf = {
    "token": "1b",
    "user": "lp13773477582"
}

[2020-03-07 19:46:48]--[mydisk_cgi.c:438]--query cmd=normal
[2020-03-07 19:46:48]--[mydisk_cgi.c:471]--buf = {
    "count": 10,
    "start": 0,
    "token": "1b",
    "user": "lp13773477582"
}

[2020-03-07 19:46:48]--[mydisk_cgi.c:506]--user = vyUyGIUPr84M7jSX+NqX3Q==, token = 1b, start = 0, count = 10
[2020-03-07 19:46:48]--[mydisk_cgi.c:286]--select user_file_list.*,file_info.url,file_info.size,file_info.type from file_info,user_file_list where user='vyUyGIUPr84M7jSX+NqX3Q==' and file_info.md5=user_file_list.md5 limit 0,10 在操作
[2020-03-07 19:46:48]--[mydisk_cgi.c:438]--query cmd=normal
[2020-03-07 19:46:48]--[mydisk_cgi.c:471]--buf = {
    "count": 10,
    "start": 10,
    "token": "1b",
    "user": "lp13773477582"
}

[2020-03-07 19:46:48]--[mydisk_cgi.c:506]--user = vyUyGIUPr84M7jSX+NqX3Q==, token = 1b, start = 10, count = 10
[2020-03-07 19:46:48]--[mydisk_cgi.c:286]--select user_file_list.*,file_info.url,file_info.size,file_info.type from file_info,user_file_list where user='vyUyGIUPr84M7jSX+NqX3Q==' and file_info.md5=user_file_list.md5 limit 10,10 在操作
[2020-03-07 19:46:48]--[mydisk_cgi.c:438]--query cmd=normal
[2020-03-07 19:46:48]--[mydisk_cgi.c:471]--buf = {
    "count": 1,
    "start": 20,
    "token": "1b",
    "user": "lp13773477582"
}

[2020-03-07 19:46:48]--[mydisk_cgi.c:506]--user = vyUyGIUPr84M7jSX+NqX3Q==, token = 1b, start = 20, count = 1
[2020-03-07 19:46:48]--[mydisk_cgi.c:286]--select user_file_list.*,file_info.url,file_info.size,file_info.type from file_info,user_file_list where user='vyUyGIUPr84M7jSX+NqX3Q==' and file_info.md5=user_file_list.md5 limit 20,1 在操作
[2020-03-07 19:47:40]--[mydisk_cgi.c:438]--query cmd=count
[2020-03-07 19:47:40]--[mydisk_cgi.c:471]--buf = {
    "token": "6f",
    "user": "lp13773477582"
}

[2020-03-07 19:47:40]--[mydisk_cgi.c:438]--query cmd=normal
[2020-03-07 19:47:40]--[mydisk_cgi.c:471]--buf = {
    "count": 10,
    "start": 0,
    "token": "6f",
    "user": "lp13773477582"
}

[2020-03-07 19:47:40]--[mydisk_cgi.c:506]--user = vyUyGIUPr84M7jSX+NqX3Q==, token = 6f, start = 0, count = 10
[2020-03-07 19:47:40]--[mydisk_cgi.c:286]--select user_file_list.*,file_info.url,file_info.size,file_info.type from file_info,user_file_list where user='vyUyGIUPr84M7jSX+NqX3Q==' and file_info.md5=user_file_list.md5 limit 0,10 在操作
[2020-03-07 19:47:40]--[mydisk_cgi.c:438]--query cmd=normal
[2020-03-07 19:47:40]--[mydisk_cgi.c:471]--buf = {
    "count": 10,
    "start": 10,
    "token": "6f",
    "user": "lp13773477582"
}

[2020-03-07 19:47:40]--[mydisk_cgi.c:506]--user = vyUyGIUPr84M7jSX+NqX3Q==, token = 6f, start = 10, count = 10
[2020-03-07 19:47:40]--[mydisk_cgi.c:286]--select user_file_list.*,file_info.url,file_info.size,file_info.type from file_info,user_file_list where user='vyUyGIUPr84M7jSX+NqX3Q==' and file_info.md5=user_file_list.md5 limit 10,10 在操作
[2020-03-07 19:47:40]--[mydisk_cgi.c:438]--query cmd=normal
[2020-03-07 19:47:40]--[mydisk_cgi.c:471]--buf = {
    "count": 1,
    "start": 20,
    "token": "6f",
    "user": "lp13773477582"
}

[2020-03-07 19:47:40]--[mydisk_cgi.c:506]--user = vyUyGIUPr84M7jSX+NqX3Q==, token = 6f, start = 20, count = 1
[2020-03-07 19:47:40]--[mydisk_cgi.c:286]--select user_file_list.*,file_info.url,file_info.size,file_info.type from file_info,user_file_list where user='vyUyGIUPr84M7jSX+NqX3Q==' and file_info.md5=user_file_list.md5 limit 20,1 在操作
[2020-03-07 19:48:28]--[mydisk_cgi.c:438]--query cmd=count
[2020-03-07 19:48:28]--[mydisk_cgi.c:471]--buf = {
    "token": "46",
    "user": "lp13773477582"
}

[2020-03-07 19:48:28]--[mydisk_cgi.c:438]--query cmd=normal
[2020-03-07 19:48:28]--[mydisk_cgi.c:471]--buf = {
    "count": 10,
    "start": 0,
    "token": "46",
    "user": "lp13773477582"
}

[2020-03-07 19:48:28]--[mydisk_cgi.c:506]--user = vyUyGIUPr84M7jSX+NqX3Q==, token = 46, start = 0, count = 10
[2020-03-07 19:48:28]--[mydisk_cgi.c:286]--select user_file_list.*,file_info.url,file_info.size,file_info.type from file_info,user_file_list where user='vyUyGIUPr84M7jSX+NqX3Q==' and file_info.md5=user_file_list.md5 limit 0,10 在操作
[2020-03-07 19:48:28]--[mydisk_cgi.c:438]--query cmd=normal
[2020-03-07 19:48:28]--[mydisk_cgi.c:471]--buf = {
    "count": 10,
    "start": 10,
    "token": "46",
    "user": "lp13773477582"
}

[2020-03-07 19:48:28]--[mydisk_cgi.c:506]--user = vyUyGIUPr84M7jSX+NqX3Q==, token = 46, start = 10, count = 10
[2020-03-07 19:48:28]--[mydisk_cgi.c:286]--select user_file_list.*,file_info.url,file_info.size,file_info.type from file_info,user_file_list where user='vyUyGIUPr84M7jSX+NqX3Q==' and file_info.md5=user_file_list.md5 limit 10,10 在操作
[2020-03-07 19:48:28]--[mydisk_cgi.c:438]--query cmd=normal
[2020-03-07 19:48:28]--[mydisk_cgi.c:471]--buf = {
    "count": 1,
    "start": 20,
    "token": "46",
    "user": "lp13773477582"
}

[2020-03-07 19:48:28]--[mydisk_cgi.c:506]--user = vyUyGIUPr84M7jSX+NqX3Q==, token = 46, start = 20, count = 1
[2020-03-07 19:48:28]--[mydisk_cgi.c:286]--select user_file_list.*,file_info.url,file_info.size,file_info.type from file_info,user_file_list where user='vyUyGIUPr84M7jSX+NqX3Q==' and file_info.md5=user_file_list.md5 limit 20,1 在操作
