[2020-03-16 15:44:50]--[mydisk_cgi.c:438]--query cmd=count
[2020-03-16 15:44:50]--[mydisk_cgi.c:471]--buf = {
    "token": "eb",
    "user": "lp13773477582"
}

[2020-03-16 15:44:50]--[mydisk_cgi.c:438]--query cmd=normal
[2020-03-16 15:44:50]--[mydisk_cgi.c:471]--buf = {
    "count": 10,
    "start": 0,
    "token": "eb",
    "user": "lp13773477582"
}

[2020-03-16 15:44:50]--[mydisk_cgi.c:506]--user = vyUyGIUPr84M7jSX+NqX3Q==, token = eb, start = 0, count = 10
[2020-03-16 15:44:50]--[mydisk_cgi.c:286]--select user_file_list.*,file_info.url,file_info.size,file_info.type from file_info,user_file_list where user='vyUyGIUPr84M7jSX+NqX3Q==' and file_info.md5=user_file_list.md5 limit 0,10 在操作
[2020-03-16 15:44:50]--[mydisk_cgi.c:438]--query cmd=normal
[2020-03-16 15:44:50]--[mydisk_cgi.c:471]--buf = {
    "count": 1,
    "start": 10,
    "token": "eb",
    "user": "lp13773477582"
}

[2020-03-16 15:44:50]--[mydisk_cgi.c:506]--user = vyUyGIUPr84M7jSX+NqX3Q==, token = eb, start = 10, count = 1
[2020-03-16 15:44:50]--[mydisk_cgi.c:286]--select user_file_list.*,file_info.url,file_info.size,file_info.type from file_info,user_file_list where user='vyUyGIUPr84M7jSX+NqX3Q==' and file_info.md5=user_file_list.md5 limit 10,1 在操作
[2020-03-16 15:46:19]--[mydisk_cgi.c:438]--query cmd=count
[2020-03-16 15:46:19]--[mydisk_cgi.c:471]--buf = {
    "token": "2e",
    "user": "lp13773477582"
}

[2020-03-16 15:46:19]--[mydisk_cgi.c:438]--query cmd=normal
[2020-03-16 15:46:19]--[mydisk_cgi.c:471]--buf = {
    "count": 10,
    "start": 0,
    "token": "2e",
    "user": "lp13773477582"
}

[2020-03-16 15:46:19]--[mydisk_cgi.c:506]--user = vyUyGIUPr84M7jSX+NqX3Q==, token = 2e, start = 0, count = 10
[2020-03-16 15:46:19]--[mydisk_cgi.c:286]--select user_file_list.*,file_info.url,file_info.size,file_info.type from file_info,user_file_list where user='vyUyGIUPr84M7jSX+NqX3Q==' and file_info.md5=user_file_list.md5 limit 0,10 在操作
[2020-03-16 15:46:19]--[mydisk_cgi.c:438]--query cmd=normal
[2020-03-16 15:46:19]--[mydisk_cgi.c:471]--buf = {
    "count": 1,
    "start": 10,
    "token": "2e",
    "user": "lp13773477582"
}

[2020-03-16 15:46:19]--[mydisk_cgi.c:506]--user = vyUyGIUPr84M7jSX+NqX3Q==, token = 2e, start = 10, count = 1
[2020-03-16 15:46:19]--[mydisk_cgi.c:286]--select user_file_list.*,file_info.url,file_info.size,file_info.type from file_info,user_file_list where user='vyUyGIUPr84M7jSX+NqX3Q==' and file_info.md5=user_file_list.md5 limit 10,1 在操作
[2020-03-16 15:47:14]--[mydisk_cgi.c:438]--query cmd=count
[2020-03-16 15:47:14]--[mydisk_cgi.c:471]--buf = {
    "token": "73",
    "user": "lp13773477582"
}

[2020-03-16 15:47:14]--[mydisk_cgi.c:438]--query cmd=normal
[2020-03-16 15:47:14]--[mydisk_cgi.c:471]--buf = {
    "count": 10,
    "start": 0,
    "token": "73",
    "user": "lp13773477582"
}

[2020-03-16 15:47:14]--[mydisk_cgi.c:506]--user = vyUyGIUPr84M7jSX+NqX3Q==, token = 73, start = 0, count = 10
[2020-03-16 15:47:14]--[mydisk_cgi.c:286]--select user_file_list.*,file_info.url,file_info.size,file_info.type from file_info,user_file_list where user='vyUyGIUPr84M7jSX+NqX3Q==' and file_info.md5=user_file_list.md5 limit 0,10 在操作
[2020-03-16 15:47:14]--[mydisk_cgi.c:438]--query cmd=normal
[2020-03-16 15:47:14]--[mydisk_cgi.c:471]--buf = {
    "count": 1,
    "start": 10,
    "token": "73",
    "user": "lp13773477582"
}

[2020-03-16 15:47:14]--[mydisk_cgi.c:506]--user = vyUyGIUPr84M7jSX+NqX3Q==, token = 73, start = 10, count = 1
[2020-03-16 15:47:14]--[mydisk_cgi.c:286]--select user_file_list.*,file_info.url,file_info.size,file_info.type from file_info,user_file_list where user='vyUyGIUPr84M7jSX+NqX3Q==' and file_info.md5=user_file_list.md5 limit 10,1 在操作
[2020-03-16 15:50:09]--[mydisk_cgi.c:438]--query cmd=count
[2020-03-16 15:50:09]--[mydisk_cgi.c:471]--buf = {
    "token": "f5",
    "user": "lp13773477582"
}

[2020-03-16 15:50:09]--[mydisk_cgi.c:438]--query cmd=normal
[2020-03-16 15:50:09]--[mydisk_cgi.c:471]--buf = {
    "count": 10,
    "start": 0,
    "token": "f5",
    "user": "lp13773477582"
}

[2020-03-16 15:50:09]--[mydisk_cgi.c:506]--user = vyUyGIUPr84M7jSX+NqX3Q==, token = f5, start = 0, count = 10
[2020-03-16 15:50:09]--[mydisk_cgi.c:286]--select user_file_list.*,file_info.url,file_info.size,file_info.type from file_info,user_file_list where user='vyUyGIUPr84M7jSX+NqX3Q==' and file_info.md5=user_file_list.md5 limit 0,10 在操作
[2020-03-16 15:50:09]--[mydisk_cgi.c:438]--query cmd=normal
[2020-03-16 15:50:09]--[mydisk_cgi.c:471]--buf = {
    "count": 1,
    "start": 10,
    "token": "f5",
    "user": "lp13773477582"
}

[2020-03-16 15:50:09]--[mydisk_cgi.c:506]--user = vyUyGIUPr84M7jSX+NqX3Q==, token = f5, start = 10, count = 1
[2020-03-16 15:50:09]--[mydisk_cgi.c:286]--select user_file_list.*,file_info.url,file_info.size,file_info.type from file_info,user_file_list where user='vyUyGIUPr84M7jSX+NqX3Q==' and file_info.md5=user_file_list.md5 limit 10,1 在操作
[2020-03-16 15:52:21]--[mydisk_cgi.c:438]--query cmd=count
[2020-03-16 15:52:21]--[mydisk_cgi.c:471]--buf = {
    "token": "24",
    "user": "lp13773477582"
}

[2020-03-16 15:52:21]--[mydisk_cgi.c:438]--query cmd=normal
[2020-03-16 15:52:21]--[mydisk_cgi.c:471]--buf = {
    "count": 10,
    "start": 0,
    "token": "24",
    "user": "lp13773477582"
}

[2020-03-16 15:52:21]--[mydisk_cgi.c:506]--user = vyUyGIUPr84M7jSX+NqX3Q==, token = 24, start = 0, count = 10
[2020-03-16 15:52:21]--[mydisk_cgi.c:286]--select user_file_list.*,file_info.url,file_info.size,file_info.type from file_info,user_file_list where user='vyUyGIUPr84M7jSX+NqX3Q==' and file_info.md5=user_file_list.md5 limit 0,10 在操作
[2020-03-16 15:52:21]--[mydisk_cgi.c:438]--query cmd=normal
[2020-03-16 15:52:21]--[mydisk_cgi.c:471]--buf = {
    "count": 1,
    "start": 10,
    "token": "24",
    "user": "lp13773477582"
}

[2020-03-16 15:52:21]--[mydisk_cgi.c:506]--user = vyUyGIUPr84M7jSX+NqX3Q==, token = 24, start = 10, count = 1
[2020-03-16 15:52:21]--[mydisk_cgi.c:286]--select user_file_list.*,file_info.url,file_info.size,file_info.type from file_info,user_file_list where user='vyUyGIUPr84M7jSX+NqX3Q==' and file_info.md5=user_file_list.md5 limit 10,1 在操作
[2020-03-16 15:54:18]--[mydisk_cgi.c:438]--query cmd=count
[2020-03-16 15:54:18]--[mydisk_cgi.c:471]--buf = {
    "token": "3a",
    "user": "lp13773477582"
}

[2020-03-16 15:54:18]--[mydisk_cgi.c:438]--query cmd=normal
[2020-03-16 15:54:18]--[mydisk_cgi.c:471]--buf = {
    "count": 10,
    "start": 0,
    "token": "3a",
    "user": "lp13773477582"
}

[2020-03-16 15:54:18]--[mydisk_cgi.c:506]--user = vyUyGIUPr84M7jSX+NqX3Q==, token = 3a, start = 0, count = 10
[2020-03-16 15:54:18]--[mydisk_cgi.c:286]--select user_file_list.*,file_info.url,file_info.size,file_info.type from file_info,user_file_list where user='vyUyGIUPr84M7jSX+NqX3Q==' and file_info.md5=user_file_list.md5 limit 0,10 在操作
[2020-03-16 15:54:18]--[mydisk_cgi.c:438]--query cmd=normal
[2020-03-16 15:54:18]--[mydisk_cgi.c:471]--buf = {
    "count": 1,
    "start": 10,
    "token": "3a",
    "user": "lp13773477582"
}

[2020-03-16 15:54:18]--[mydisk_cgi.c:506]--user = vyUyGIUPr84M7jSX+NqX3Q==, token = 3a, start = 10, count = 1
[2020-03-16 15:54:18]--[mydisk_cgi.c:286]--select user_file_list.*,file_info.url,file_info.size,file_info.type from file_info,user_file_list where user='vyUyGIUPr84M7jSX+NqX3Q==' and file_info.md5=user_file_list.md5 limit 10,1 在操作
[2020-03-16 16:19:56]--[mydisk_cgi.c:438]--query cmd=count
[2020-03-16 16:19:56]--[mydisk_cgi.c:471]--buf = {
    "token": "20",
    "user": "lp13773477582"
}

[2020-03-16 16:19:56]--[mydisk_cgi.c:438]--query cmd=normal
[2020-03-16 16:19:56]--[mydisk_cgi.c:471]--buf = {
    "count": 10,
    "start": 0,
    "token": "20",
    "user": "lp13773477582"
}

[2020-03-16 16:19:56]--[mydisk_cgi.c:506]--user = vyUyGIUPr84M7jSX+NqX3Q==, token = 20, start = 0, count = 10
[2020-03-16 16:19:56]--[mydisk_cgi.c:286]--select user_file_list.*,file_info.url,file_info.size,file_info.type from file_info,user_file_list where user='vyUyGIUPr84M7jSX+NqX3Q==' and file_info.md5=user_file_list.md5 limit 0,10 在操作
[2020-03-16 16:19:56]--[mydisk_cgi.c:438]--query cmd=normal
[2020-03-16 16:19:56]--[mydisk_cgi.c:471]--buf = {
    "count": 1,
    "start": 10,
    "token": "20",
    "user": "lp13773477582"
}

[2020-03-16 16:19:56]--[mydisk_cgi.c:506]--user = vyUyGIUPr84M7jSX+NqX3Q==, token = 20, start = 10, count = 1
[2020-03-16 16:19:56]--[mydisk_cgi.c:286]--select user_file_list.*,file_info.url,file_info.size,file_info.type from file_info,user_file_list where user='vyUyGIUPr84M7jSX+NqX3Q==' and file_info.md5=user_file_list.md5 limit 10,1 在操作
[2020-03-16 16:26:50]--[mydisk_cgi.c:438]--query cmd=count
[2020-03-16 16:26:50]--[mydisk_cgi.c:471]--buf = {
    "token": "c2",
    "user": "lp13773477582"
}

[2020-03-16 16:26:50]--[mydisk_cgi.c:438]--query cmd=normal
[2020-03-16 16:26:50]--[mydisk_cgi.c:471]--buf = {
    "count": 10,
    "start": 0,
    "token": "c2",
    "user": "lp13773477582"
}

[2020-03-16 16:26:50]--[mydisk_cgi.c:506]--user = vyUyGIUPr84M7jSX+NqX3Q==, token = c2, start = 0, count = 10
[2020-03-16 16:26:50]--[mydisk_cgi.c:286]--select user_file_list.*,file_info.url,file_info.size,file_info.type from file_info,user_file_list where user='vyUyGIUPr84M7jSX+NqX3Q==' and file_info.md5=user_file_list.md5 limit 0,10 在操作
[2020-03-16 16:26:50]--[mydisk_cgi.c:438]--query cmd=normal
[2020-03-16 16:26:50]--[mydisk_cgi.c:471]--buf = {
    "count": 1,
    "start": 10,
    "token": "c2",
    "user": "lp13773477582"
}

[2020-03-16 16:26:50]--[mydisk_cgi.c:506]--user = vyUyGIUPr84M7jSX+NqX3Q==, token = c2, start = 10, count = 1
[2020-03-16 16:26:50]--[mydisk_cgi.c:286]--select user_file_list.*,file_info.url,file_info.size,file_info.type from file_info,user_file_list where user='vyUyGIUPr84M7jSX+NqX3Q==' and file_info.md5=user_file_list.md5 limit 10,1 在操作
[2020-03-16 16:33:58]--[mydisk_cgi.c:438]--query cmd=count
[2020-03-16 16:33:58]--[mydisk_cgi.c:471]--buf = {
    "token": "94",
    "user": "lp13773477582"
}

[2020-03-16 16:33:58]--[mydisk_cgi.c:438]--query cmd=normal
[2020-03-16 16:33:58]--[mydisk_cgi.c:471]--buf = {
    "count": 10,
    "start": 0,
    "token": "94",
    "user": "lp13773477582"
}

[2020-03-16 16:33:58]--[mydisk_cgi.c:506]--user = vyUyGIUPr84M7jSX+NqX3Q==, token = 94, start = 0, count = 10
[2020-03-16 16:33:58]--[mydisk_cgi.c:286]--select user_file_list.*,file_info.url,file_info.size,file_info.type from file_info,user_file_list where user='vyUyGIUPr84M7jSX+NqX3Q==' and file_info.md5=user_file_list.md5 limit 0,10 在操作
[2020-03-16 16:33:58]--[mydisk_cgi.c:438]--query cmd=normal
[2020-03-16 16:33:58]--[mydisk_cgi.c:471]--buf = {
    "count": 1,
    "start": 10,
    "token": "94",
    "user": "lp13773477582"
}

[2020-03-16 16:33:58]--[mydisk_cgi.c:506]--user = vyUyGIUPr84M7jSX+NqX3Q==, token = 94, start = 10, count = 1
[2020-03-16 16:33:58]--[mydisk_cgi.c:286]--select user_file_list.*,file_info.url,file_info.size,file_info.type from file_info,user_file_list where user='vyUyGIUPr84M7jSX+NqX3Q==' and file_info.md5=user_file_list.md5 limit 10,1 在操作
[2020-03-16 16:43:05]--[mydisk_cgi.c:438]--query cmd=count
[2020-03-16 16:43:05]--[mydisk_cgi.c:471]--buf = {
    "token": "f7",
    "user": "lp13773477582"
}

[2020-03-16 16:43:05]--[mydisk_cgi.c:438]--query cmd=normal
[2020-03-16 16:43:05]--[mydisk_cgi.c:471]--buf = {
    "count": 10,
    "start": 0,
    "token": "f7",
    "user": "lp13773477582"
}

[2020-03-16 16:43:05]--[mydisk_cgi.c:506]--user = vyUyGIUPr84M7jSX+NqX3Q==, token = f7, start = 0, count = 10
[2020-03-16 16:43:05]--[mydisk_cgi.c:286]--select user_file_list.*,file_info.url,file_info.size,file_info.type from file_info,user_file_list where user='vyUyGIUPr84M7jSX+NqX3Q==' and file_info.md5=user_file_list.md5 limit 0,10 在操作
[2020-03-16 16:43:05]--[mydisk_cgi.c:438]--query cmd=normal
[2020-03-16 16:43:05]--[mydisk_cgi.c:471]--buf = {
    "count": 1,
    "start": 10,
    "token": "f7",
    "user": "lp13773477582"
}

[2020-03-16 16:43:05]--[mydisk_cgi.c:506]--user = vyUyGIUPr84M7jSX+NqX3Q==, token = f7, start = 10, count = 1
[2020-03-16 16:43:05]--[mydisk_cgi.c:286]--select user_file_list.*,file_info.url,file_info.size,file_info.type from file_info,user_file_list where user='vyUyGIUPr84M7jSX+NqX3Q==' and file_info.md5=user_file_list.md5 limit 10,1 在操作
[2020-03-16 16:43:20]--[mydisk_cgi.c:438]--query cmd=count
[2020-03-16 16:43:20]--[mydisk_cgi.c:471]--buf = {
    "token": "fd",
    "user": "lp13773477582"
}

[2020-03-16 16:43:20]--[mydisk_cgi.c:438]--query cmd=normal
[2020-03-16 16:43:20]--[mydisk_cgi.c:471]--buf = {
    "count": 10,
    "start": 0,
    "token": "fd",
    "user": "lp13773477582"
}

[2020-03-16 16:43:20]--[mydisk_cgi.c:506]--user = vyUyGIUPr84M7jSX+NqX3Q==, token = fd, start = 0, count = 10
[2020-03-16 16:43:20]--[mydisk_cgi.c:286]--select user_file_list.*,file_info.url,file_info.size,file_info.type from file_info,user_file_list where user='vyUyGIUPr84M7jSX+NqX3Q==' and file_info.md5=user_file_list.md5 limit 0,10 在操作
[2020-03-16 16:43:20]--[mydisk_cgi.c:438]--query cmd=normal
[2020-03-16 16:43:20]--[mydisk_cgi.c:471]--buf = {
    "count": 1,
    "start": 10,
    "token": "fd",
    "user": "lp13773477582"
}

[2020-03-16 16:43:20]--[mydisk_cgi.c:506]--user = vyUyGIUPr84M7jSX+NqX3Q==, token = fd, start = 10, count = 1
[2020-03-16 16:43:20]--[mydisk_cgi.c:286]--select user_file_list.*,file_info.url,file_info.size,file_info.type from file_info,user_file_list where user='vyUyGIUPr84M7jSX+NqX3Q==' and file_info.md5=user_file_list.md5 limit 10,1 在操作
[2020-03-16 17:19:16]--[mydisk_cgi.c:438]--query cmd=count
[2020-03-16 17:19:16]--[mydisk_cgi.c:471]--buf = {
    "token": "53",
    "user": "lp13773477582"
}

[2020-03-16 17:19:16]--[mydisk_cgi.c:438]--query cmd=normal
[2020-03-16 17:19:16]--[mydisk_cgi.c:471]--buf = {
    "count": 10,
    "start": 0,
    "token": "53",
    "user": "lp13773477582"
}

[2020-03-16 17:19:16]--[mydisk_cgi.c:506]--user = vyUyGIUPr84M7jSX+NqX3Q==, token = 53, start = 0, count = 10
[2020-03-16 17:19:16]--[mydisk_cgi.c:286]--select user_file_list.*,file_info.url,file_info.size,file_info.type from file_info,user_file_list where user='vyUyGIUPr84M7jSX+NqX3Q==' and file_info.md5=user_file_list.md5 limit 0,10 在操作
[2020-03-16 17:19:16]--[mydisk_cgi.c:438]--query cmd=normal
[2020-03-16 17:19:16]--[mydisk_cgi.c:471]--buf = {
    "count": 1,
    "start": 10,
    "token": "53",
    "user": "lp13773477582"
}

[2020-03-16 17:19:16]--[mydisk_cgi.c:506]--user = vyUyGIUPr84M7jSX+NqX3Q==, token = 53, start = 10, count = 1
[2020-03-16 17:19:16]--[mydisk_cgi.c:286]--select user_file_list.*,file_info.url,file_info.size,file_info.type from file_info,user_file_list where user='vyUyGIUPr84M7jSX+NqX3Q==' and file_info.md5=user_file_list.md5 limit 10,1 在操作
[2020-03-16 17:22:45]--[mydisk_cgi.c:438]--query cmd=count
[2020-03-16 17:22:45]--[mydisk_cgi.c:471]--buf = {
    "token": "30",
    "user": "lp13773477582"
}

[2020-03-16 17:22:45]--[mydisk_cgi.c:438]--query cmd=normal
[2020-03-16 17:22:45]--[mydisk_cgi.c:471]--buf = {
    "count": 10,
    "start": 0,
    "token": "30",
    "user": "lp13773477582"
}

[2020-03-16 17:22:45]--[mydisk_cgi.c:506]--user = vyUyGIUPr84M7jSX+NqX3Q==, token = 30, start = 0, count = 10
[2020-03-16 17:22:45]--[mydisk_cgi.c:286]--select user_file_list.*,file_info.url,file_info.size,file_info.type from file_info,user_file_list where user='vyUyGIUPr84M7jSX+NqX3Q==' and file_info.md5=user_file_list.md5 limit 0,10 在操作
[2020-03-16 17:22:45]--[mydisk_cgi.c:438]--query cmd=normal
[2020-03-16 17:22:45]--[mydisk_cgi.c:471]--buf = {
    "count": 1,
    "start": 10,
    "token": "30",
    "user": "lp13773477582"
}

[2020-03-16 17:22:45]--[mydisk_cgi.c:506]--user = vyUyGIUPr84M7jSX+NqX3Q==, token = 30, start = 10, count = 1
[2020-03-16 17:22:45]--[mydisk_cgi.c:286]--select user_file_list.*,file_info.url,file_info.size,file_info.type from file_info,user_file_list where user='vyUyGIUPr84M7jSX+NqX3Q==' and file_info.md5=user_file_list.md5 limit 10,1 在操作
