[2020-03-06 12:47:21]--[mydisk_cgi.c:437]--query cmd=count
[2020-03-06 12:47:21]--[mydisk_cgi.c:470]--buf = {
    "token": "cc",
    "user": "lp13773477582"
}

[2020-03-06 12:47:21]--[mydisk_cgi.c:437]--query cmd=normal
[2020-03-06 12:47:21]--[mydisk_cgi.c:470]--buf = {
    "count": 10,
    "start": 0,
    "token": "cc",
    "user": "lp13773477582"
}

[2020-03-06 12:47:21]--[mydisk_cgi.c:505]--user = vyUyGIUPr84M7jSX+NqX3Q==, token = cc, start = 0, count = 10
[2020-03-06 12:47:21]--[mydisk_cgi.c:286]--select user_file_list.*,file_info.url,file_info.size,file_info.type from file_info,user_file_list where user='vyUyGIUPr84M7jSX+NqX3Q==' and file_info.md5=user_file_list.md5 limit 0,10 在操作
[2020-03-06 12:47:21]--[mydisk_cgi.c:437]--query cmd=normal
[2020-03-06 12:47:21]--[mydisk_cgi.c:470]--buf = {
    "count": 10,
    "start": 10,
    "token": "cc",
    "user": "lp13773477582"
}

[2020-03-06 12:47:21]--[mydisk_cgi.c:505]--user = vyUyGIUPr84M7jSX+NqX3Q==, token = cc, start = 10, count = 10
[2020-03-06 12:47:21]--[mydisk_cgi.c:286]--select user_file_list.*,file_info.url,file_info.size,file_info.type from file_info,user_file_list where user='vyUyGIUPr84M7jSX+NqX3Q==' and file_info.md5=user_file_list.md5 limit 10,10 在操作
[2020-03-06 12:47:21]--[mydisk_cgi.c:437]--query cmd=normal
[2020-03-06 12:47:21]--[mydisk_cgi.c:470]--buf = {
    "count": 1,
    "start": 20,
    "token": "cc",
    "user": "lp13773477582"
}

[2020-03-06 12:47:21]--[mydisk_cgi.c:505]--user = vyUyGIUPr84M7jSX+NqX3Q==, token = cc, start = 20, count = 1
[2020-03-06 12:47:21]--[mydisk_cgi.c:286]--select user_file_list.*,file_info.url,file_info.size,file_info.type from file_info,user_file_list where user='vyUyGIUPr84M7jSX+NqX3Q==' and file_info.md5=user_file_list.md5 limit 20,1 在操作
[2020-03-06 12:50:16]--[mydisk_cgi.c:437]--query cmd=count
[2020-03-06 12:50:16]--[mydisk_cgi.c:470]--buf = {
    "token": "72",
    "user": "lp13773477582"
}

[2020-03-06 12:50:16]--[mydisk_cgi.c:437]--query cmd=normal
[2020-03-06 12:50:16]--[mydisk_cgi.c:470]--buf = {
    "count": 10,
    "start": 0,
    "token": "72",
    "user": "lp13773477582"
}

[2020-03-06 12:50:16]--[mydisk_cgi.c:505]--user = vyUyGIUPr84M7jSX+NqX3Q==, token = 72, start = 0, count = 10
[2020-03-06 12:50:16]--[mydisk_cgi.c:286]--select user_file_list.*,file_info.url,file_info.size,file_info.type from file_info,user_file_list where user='vyUyGIUPr84M7jSX+NqX3Q==' and file_info.md5=user_file_list.md5 limit 0,10 在操作
[2020-03-06 12:50:16]--[mydisk_cgi.c:437]--query cmd=normal
[2020-03-06 12:50:16]--[mydisk_cgi.c:470]--buf = {
    "count": 10,
    "start": 10,
    "token": "72",
    "user": "lp13773477582"
}

[2020-03-06 12:50:16]--[mydisk_cgi.c:505]--user = vyUyGIUPr84M7jSX+NqX3Q==, token = 72, start = 10, count = 10
[2020-03-06 12:50:16]--[mydisk_cgi.c:286]--select user_file_list.*,file_info.url,file_info.size,file_info.type from file_info,user_file_list where user='vyUyGIUPr84M7jSX+NqX3Q==' and file_info.md5=user_file_list.md5 limit 10,10 在操作
[2020-03-06 12:50:16]--[mydisk_cgi.c:437]--query cmd=normal
[2020-03-06 12:50:16]--[mydisk_cgi.c:470]--buf = {
    "count": 1,
    "start": 20,
    "token": "72",
    "user": "lp13773477582"
}

[2020-03-06 12:50:16]--[mydisk_cgi.c:505]--user = vyUyGIUPr84M7jSX+NqX3Q==, token = 72, start = 20, count = 1
[2020-03-06 12:50:16]--[mydisk_cgi.c:286]--select user_file_list.*,file_info.url,file_info.size,file_info.type from file_info,user_file_list where user='vyUyGIUPr84M7jSX+NqX3Q==' and file_info.md5=user_file_list.md5 limit 20,1 在操作
[2020-03-06 13:14:44]--[mydisk_cgi.c:34]--mysql:[user=root,pwd=lp86282176,database=cloud_disk][2020-03-06 13:15:09]--[mydisk_cgi.c:438]--query cmd=count
[2020-03-06 13:15:09]--[mydisk_cgi.c:471]--buf = {
    "token": "1a",
    "user": "lp13773477582"
}

[2020-03-06 13:15:09]--[mydisk_cgi.c:438]--query cmd=normal
[2020-03-06 13:15:09]--[mydisk_cgi.c:471]--buf = {
    "count": 10,
    "start": 0,
    "token": "1a",
    "user": "lp13773477582"
}

[2020-03-06 13:15:09]--[mydisk_cgi.c:506]--user = vyUyGIUPr84M7jSX+NqX3Q==, token = 1a, start = 0, count = 10
[2020-03-06 13:15:09]--[mydisk_cgi.c:286]--select user_file_list.*,file_info.url,file_info.size,file_info.type from file_info,user_file_list where user='vyUyGIUPr84M7jSX+NqX3Q==' and file_info.md5=user_file_list.md5 limit 0,10 在操作
[2020-03-06 13:15:10]--[mydisk_cgi.c:438]--query cmd=normal
[2020-03-06 13:15:10]--[mydisk_cgi.c:471]--buf = {
    "count": 10,
    "start": 10,
    "token": "1a",
    "user": "lp13773477582"
}

[2020-03-06 13:15:10]--[mydisk_cgi.c:506]--user = vyUyGIUPr84M7jSX+NqX3Q==, token = 1a, start = 10, count = 10
[2020-03-06 13:15:10]--[mydisk_cgi.c:286]--select user_file_list.*,file_info.url,file_info.size,file_info.type from file_info,user_file_list where user='vyUyGIUPr84M7jSX+NqX3Q==' and file_info.md5=user_file_list.md5 limit 10,10 在操作
[2020-03-06 13:15:10]--[mydisk_cgi.c:438]--query cmd=normal
[2020-03-06 13:15:10]--[mydisk_cgi.c:471]--buf = {
    "count": 1,
    "start": 20,
    "token": "1a",
    "user": "lp13773477582"
}

[2020-03-06 13:15:10]--[mydisk_cgi.c:506]--user = vyUyGIUPr84M7jSX+NqX3Q==, token = 1a, start = 20, count = 1
[2020-03-06 13:15:10]--[mydisk_cgi.c:286]--select user_file_list.*,file_info.url,file_info.size,file_info.type from file_info,user_file_list where user='vyUyGIUPr84M7jSX+NqX3Q==' and file_info.md5=user_file_list.md5 limit 20,1 在操作
[2020-03-06 13:18:01]--[mydisk_cgi.c:438]--query cmd=count
[2020-03-06 13:18:01]--[mydisk_cgi.c:471]--buf = {
    "token": "c1",
    "user": "lp13773477582"
}

[2020-03-06 13:18:01]--[mydisk_cgi.c:438]--query cmd=normal
[2020-03-06 13:18:01]--[mydisk_cgi.c:471]--buf = {
    "count": 10,
    "start": 0,
    "token": "c1",
    "user": "lp13773477582"
}

[2020-03-06 13:18:01]--[mydisk_cgi.c:506]--user = vyUyGIUPr84M7jSX+NqX3Q==, token = c1, start = 0, count = 10
[2020-03-06 13:18:01]--[mydisk_cgi.c:286]--select user_file_list.*,file_info.url,file_info.size,file_info.type from file_info,user_file_list where user='vyUyGIUPr84M7jSX+NqX3Q==' and file_info.md5=user_file_list.md5 limit 0,10 在操作
[2020-03-06 13:18:02]--[mydisk_cgi.c:438]--query cmd=normal
[2020-03-06 13:18:02]--[mydisk_cgi.c:471]--buf = {
    "count": 10,
    "start": 10,
    "token": "c1",
    "user": "lp13773477582"
}

[2020-03-06 13:18:02]--[mydisk_cgi.c:506]--user = vyUyGIUPr84M7jSX+NqX3Q==, token = c1, start = 10, count = 10
[2020-03-06 13:18:02]--[mydisk_cgi.c:286]--select user_file_list.*,file_info.url,file_info.size,file_info.type from file_info,user_file_list where user='vyUyGIUPr84M7jSX+NqX3Q==' and file_info.md5=user_file_list.md5 limit 10,10 在操作
[2020-03-06 13:18:02]--[mydisk_cgi.c:438]--query cmd=normal
[2020-03-06 13:18:02]--[mydisk_cgi.c:471]--buf = {
    "count": 1,
    "start": 20,
    "token": "c1",
    "user": "lp13773477582"
}

[2020-03-06 13:18:02]--[mydisk_cgi.c:506]--user = vyUyGIUPr84M7jSX+NqX3Q==, token = c1, start = 20, count = 1
[2020-03-06 13:18:02]--[mydisk_cgi.c:286]--select user_file_list.*,file_info.url,file_info.size,file_info.type from file_info,user_file_list where user='vyUyGIUPr84M7jSX+NqX3Q==' and file_info.md5=user_file_list.md5 limit 20,1 在操作
[2020-03-06 13:27:16]--[mydisk_cgi.c:438]--query cmd=count
[2020-03-06 13:27:16]--[mydisk_cgi.c:471]--buf = {
    "token": "10",
    "user": "lp13773477582"
}

[2020-03-06 13:27:16]--[mydisk_cgi.c:438]--query cmd=normal
[2020-03-06 13:27:16]--[mydisk_cgi.c:471]--buf = {
    "count": 10,
    "start": 0,
    "token": "10",
    "user": "lp13773477582"
}

[2020-03-06 13:27:16]--[mydisk_cgi.c:506]--user = vyUyGIUPr84M7jSX+NqX3Q==, token = 10, start = 0, count = 10
[2020-03-06 13:27:16]--[mydisk_cgi.c:286]--select user_file_list.*,file_info.url,file_info.size,file_info.type from file_info,user_file_list where user='vyUyGIUPr84M7jSX+NqX3Q==' and file_info.md5=user_file_list.md5 limit 0,10 在操作
[2020-03-06 13:27:16]--[mydisk_cgi.c:438]--query cmd=normal
[2020-03-06 13:27:16]--[mydisk_cgi.c:471]--buf = {
    "count": 10,
    "start": 10,
    "token": "10",
    "user": "lp13773477582"
}

[2020-03-06 13:27:16]--[mydisk_cgi.c:506]--user = vyUyGIUPr84M7jSX+NqX3Q==, token = 10, start = 10, count = 10
[2020-03-06 13:27:16]--[mydisk_cgi.c:286]--select user_file_list.*,file_info.url,file_info.size,file_info.type from file_info,user_file_list where user='vyUyGIUPr84M7jSX+NqX3Q==' and file_info.md5=user_file_list.md5 limit 10,10 在操作
[2020-03-06 13:27:16]--[mydisk_cgi.c:438]--query cmd=normal
[2020-03-06 13:27:16]--[mydisk_cgi.c:471]--buf = {
    "count": 1,
    "start": 20,
    "token": "10",
    "user": "lp13773477582"
}

[2020-03-06 13:27:16]--[mydisk_cgi.c:506]--user = vyUyGIUPr84M7jSX+NqX3Q==, token = 10, start = 20, count = 1
[2020-03-06 13:27:16]--[mydisk_cgi.c:286]--select user_file_list.*,file_info.url,file_info.size,file_info.type from file_info,user_file_list where user='vyUyGIUPr84M7jSX+NqX3Q==' and file_info.md5=user_file_list.md5 limit 20,1 在操作
[2020-03-06 13:32:14]--[mydisk_cgi.c:438]--query cmd=count
[2020-03-06 13:32:14]--[mydisk_cgi.c:471]--buf = {
    "token": "c2",
    "user": "lp13773477582"
}

[2020-03-06 13:32:14]--[mydisk_cgi.c:438]--query cmd=normal
[2020-03-06 13:32:14]--[mydisk_cgi.c:471]--buf = {
    "count": 10,
    "start": 0,
    "token": "c2",
    "user": "lp13773477582"
}

[2020-03-06 13:32:14]--[mydisk_cgi.c:506]--user = vyUyGIUPr84M7jSX+NqX3Q==, token = c2, start = 0, count = 10
[2020-03-06 13:32:14]--[mydisk_cgi.c:286]--select user_file_list.*,file_info.url,file_info.size,file_info.type from file_info,user_file_list where user='vyUyGIUPr84M7jSX+NqX3Q==' and file_info.md5=user_file_list.md5 limit 0,10 在操作
[2020-03-06 13:32:14]--[mydisk_cgi.c:438]--query cmd=normal
[2020-03-06 13:32:14]--[mydisk_cgi.c:471]--buf = {
    "count": 10,
    "start": 10,
    "token": "c2",
    "user": "lp13773477582"
}

[2020-03-06 13:32:14]--[mydisk_cgi.c:506]--user = vyUyGIUPr84M7jSX+NqX3Q==, token = c2, start = 10, count = 10
[2020-03-06 13:32:14]--[mydisk_cgi.c:286]--select user_file_list.*,file_info.url,file_info.size,file_info.type from file_info,user_file_list where user='vyUyGIUPr84M7jSX+NqX3Q==' and file_info.md5=user_file_list.md5 limit 10,10 在操作
[2020-03-06 13:32:14]--[mydisk_cgi.c:438]--query cmd=normal
[2020-03-06 13:32:14]--[mydisk_cgi.c:471]--buf = {
    "count": 1,
    "start": 20,
    "token": "c2",
    "user": "lp13773477582"
}

[2020-03-06 13:32:14]--[mydisk_cgi.c:506]--user = vyUyGIUPr84M7jSX+NqX3Q==, token = c2, start = 20, count = 1
[2020-03-06 13:32:14]--[mydisk_cgi.c:286]--select user_file_list.*,file_info.url,file_info.size,file_info.type from file_info,user_file_list where user='vyUyGIUPr84M7jSX+NqX3Q==' and file_info.md5=user_file_list.md5 limit 20,1 在操作
[2020-03-06 13:36:51]--[mydisk_cgi.c:438]--query cmd=count
[2020-03-06 13:36:51]--[mydisk_cgi.c:471]--buf = {
    "token": "73",
    "user": "lp13773477582"
}

[2020-03-06 13:36:51]--[mydisk_cgi.c:438]--query cmd=normal
[2020-03-06 13:36:51]--[mydisk_cgi.c:471]--buf = {
    "count": 10,
    "start": 0,
    "token": "73",
    "user": "lp13773477582"
}

[2020-03-06 13:36:51]--[mydisk_cgi.c:506]--user = vyUyGIUPr84M7jSX+NqX3Q==, token = 73, start = 0, count = 10
[2020-03-06 13:36:51]--[mydisk_cgi.c:286]--select user_file_list.*,file_info.url,file_info.size,file_info.type from file_info,user_file_list where user='vyUyGIUPr84M7jSX+NqX3Q==' and file_info.md5=user_file_list.md5 limit 0,10 在操作
[2020-03-06 13:36:51]--[mydisk_cgi.c:438]--query cmd=normal
[2020-03-06 13:36:51]--[mydisk_cgi.c:471]--buf = {
    "count": 10,
    "start": 10,
    "token": "73",
    "user": "lp13773477582"
}

[2020-03-06 13:36:51]--[mydisk_cgi.c:506]--user = vyUyGIUPr84M7jSX+NqX3Q==, token = 73, start = 10, count = 10
[2020-03-06 13:36:51]--[mydisk_cgi.c:286]--select user_file_list.*,file_info.url,file_info.size,file_info.type from file_info,user_file_list where user='vyUyGIUPr84M7jSX+NqX3Q==' and file_info.md5=user_file_list.md5 limit 10,10 在操作
[2020-03-06 13:36:51]--[mydisk_cgi.c:438]--query cmd=normal
[2020-03-06 13:36:51]--[mydisk_cgi.c:471]--buf = {
    "count": 1,
    "start": 20,
    "token": "73",
    "user": "lp13773477582"
}

[2020-03-06 13:36:51]--[mydisk_cgi.c:506]--user = vyUyGIUPr84M7jSX+NqX3Q==, token = 73, start = 20, count = 1
[2020-03-06 13:36:51]--[mydisk_cgi.c:286]--select user_file_list.*,file_info.url,file_info.size,file_info.type from file_info,user_file_list where user='vyUyGIUPr84M7jSX+NqX3Q==' and file_info.md5=user_file_list.md5 limit 20,1 在操作
[2020-03-06 13:52:33]--[mydisk_cgi.c:438]--query cmd=count
[2020-03-06 13:52:33]--[mydisk_cgi.c:471]--buf = {
    "token": "18",
    "user": "lp13773477582"
}

[2020-03-06 13:52:33]--[mydisk_cgi.c:438]--query cmd=normal
[2020-03-06 13:52:33]--[mydisk_cgi.c:471]--buf = {
    "count": 10,
    "start": 0,
    "token": "18",
    "user": "lp13773477582"
}

[2020-03-06 13:52:33]--[mydisk_cgi.c:506]--user = vyUyGIUPr84M7jSX+NqX3Q==, token = 18, start = 0, count = 10
[2020-03-06 13:52:33]--[mydisk_cgi.c:286]--select user_file_list.*,file_info.url,file_info.size,file_info.type from file_info,user_file_list where user='vyUyGIUPr84M7jSX+NqX3Q==' and file_info.md5=user_file_list.md5 limit 0,10 在操作
[2020-03-06 13:52:33]--[mydisk_cgi.c:438]--query cmd=normal
[2020-03-06 13:52:33]--[mydisk_cgi.c:471]--buf = {
    "count": 10,
    "start": 10,
    "token": "18",
    "user": "lp13773477582"
}

[2020-03-06 13:52:33]--[mydisk_cgi.c:506]--user = vyUyGIUPr84M7jSX+NqX3Q==, token = 18, start = 10, count = 10
[2020-03-06 13:52:33]--[mydisk_cgi.c:286]--select user_file_list.*,file_info.url,file_info.size,file_info.type from file_info,user_file_list where user='vyUyGIUPr84M7jSX+NqX3Q==' and file_info.md5=user_file_list.md5 limit 10,10 在操作
[2020-03-06 13:52:33]--[mydisk_cgi.c:438]--query cmd=normal
[2020-03-06 13:52:33]--[mydisk_cgi.c:471]--buf = {
    "count": 1,
    "start": 20,
    "token": "18",
    "user": "lp13773477582"
}

[2020-03-06 13:52:33]--[mydisk_cgi.c:506]--user = vyUyGIUPr84M7jSX+NqX3Q==, token = 18, start = 20, count = 1
[2020-03-06 13:52:33]--[mydisk_cgi.c:286]--select user_file_list.*,file_info.url,file_info.size,file_info.type from file_info,user_file_list where user='vyUyGIUPr84M7jSX+NqX3Q==' and file_info.md5=user_file_list.md5 limit 20,1 在操作
