[2020-03-12 11:51:53]--[mydisk_cgi.c:438]--query cmd=count
[2020-03-12 11:51:53]--[mydisk_cgi.c:471]--buf = {
    "token": "32",
    "user": "lp13773477582"
}

[2020-03-12 11:51:53]--[mydisk_cgi.c:438]--query cmd=normal
[2020-03-12 11:51:53]--[mydisk_cgi.c:471]--buf = {
    "count": 10,
    "start": 0,
    "token": "32",
    "user": "lp13773477582"
}

[2020-03-12 11:51:53]--[mydisk_cgi.c:506]--user = vyUyGIUPr84M7jSX+NqX3Q==, token = 32, start = 0, count = 10
[2020-03-12 11:51:53]--[mydisk_cgi.c:286]--select user_file_list.*,file_info.url,file_info.size,file_info.type from file_info,user_file_list where user='vyUyGIUPr84M7jSX+NqX3Q==' and file_info.md5=user_file_list.md5 limit 0,10 在操作
[2020-03-12 11:51:53]--[mydisk_cgi.c:438]--query cmd=normal
[2020-03-12 11:51:53]--[mydisk_cgi.c:471]--buf = {
    "count": 10,
    "start": 10,
    "token": "32",
    "user": "lp13773477582"
}

[2020-03-12 11:51:53]--[mydisk_cgi.c:506]--user = vyUyGIUPr84M7jSX+NqX3Q==, token = 32, start = 10, count = 10
[2020-03-12 11:51:53]--[mydisk_cgi.c:286]--select user_file_list.*,file_info.url,file_info.size,file_info.type from file_info,user_file_list where user='vyUyGIUPr84M7jSX+NqX3Q==' and file_info.md5=user_file_list.md5 limit 10,10 在操作
[2020-03-12 11:51:53]--[mydisk_cgi.c:438]--query cmd=normal
[2020-03-12 11:51:53]--[mydisk_cgi.c:471]--buf = {
    "count": 1,
    "start": 20,
    "token": "32",
    "user": "lp13773477582"
}

[2020-03-12 11:51:53]--[mydisk_cgi.c:506]--user = vyUyGIUPr84M7jSX+NqX3Q==, token = 32, start = 20, count = 1
[2020-03-12 11:51:53]--[mydisk_cgi.c:286]--select user_file_list.*,file_info.url,file_info.size,file_info.type from file_info,user_file_list where user='vyUyGIUPr84M7jSX+NqX3Q==' and file_info.md5=user_file_list.md5 limit 20,1 在操作
[2020-03-12 11:53:51]--[mydisk_cgi.c:438]--query cmd=count
[2020-03-12 11:53:51]--[mydisk_cgi.c:471]--buf = {
    "token": "9b",
    "user": "lp13773477582"
}

[2020-03-12 11:53:51]--[mydisk_cgi.c:438]--query cmd=normal
[2020-03-12 11:53:51]--[mydisk_cgi.c:471]--buf = {
    "count": 10,
    "start": 0,
    "token": "9b",
    "user": "lp13773477582"
}

[2020-03-12 11:53:51]--[mydisk_cgi.c:506]--user = vyUyGIUPr84M7jSX+NqX3Q==, token = 9b, start = 0, count = 10
[2020-03-12 11:53:51]--[mydisk_cgi.c:286]--select user_file_list.*,file_info.url,file_info.size,file_info.type from file_info,user_file_list where user='vyUyGIUPr84M7jSX+NqX3Q==' and file_info.md5=user_file_list.md5 limit 0,10 在操作
[2020-03-12 11:53:51]--[mydisk_cgi.c:438]--query cmd=normal
[2020-03-12 11:53:51]--[mydisk_cgi.c:471]--buf = {
    "count": 10,
    "start": 10,
    "token": "9b",
    "user": "lp13773477582"
}

[2020-03-12 11:53:51]--[mydisk_cgi.c:506]--user = vyUyGIUPr84M7jSX+NqX3Q==, token = 9b, start = 10, count = 10
[2020-03-12 11:53:51]--[mydisk_cgi.c:286]--select user_file_list.*,file_info.url,file_info.size,file_info.type from file_info,user_file_list where user='vyUyGIUPr84M7jSX+NqX3Q==' and file_info.md5=user_file_list.md5 limit 10,10 在操作
[2020-03-12 11:53:51]--[mydisk_cgi.c:438]--query cmd=normal
[2020-03-12 11:53:51]--[mydisk_cgi.c:471]--buf = {
    "count": 1,
    "start": 20,
    "token": "9b",
    "user": "lp13773477582"
}

[2020-03-12 11:53:51]--[mydisk_cgi.c:506]--user = vyUyGIUPr84M7jSX+NqX3Q==, token = 9b, start = 20, count = 1
[2020-03-12 11:53:51]--[mydisk_cgi.c:286]--select user_file_list.*,file_info.url,file_info.size,file_info.type from file_info,user_file_list where user='vyUyGIUPr84M7jSX+NqX3Q==' and file_info.md5=user_file_list.md5 limit 20,1 在操作
[2020-03-12 12:02:53]--[mydisk_cgi.c:438]--query cmd=count
[2020-03-12 12:02:53]--[mydisk_cgi.c:471]--buf = {
    "token": "22",
    "user": "lp13773477582"
}

[2020-03-12 12:02:53]--[mydisk_cgi.c:438]--query cmd=normal
[2020-03-12 12:02:53]--[mydisk_cgi.c:471]--buf = {
    "count": 10,
    "start": 0,
    "token": "22",
    "user": "lp13773477582"
}

[2020-03-12 12:02:53]--[mydisk_cgi.c:506]--user = vyUyGIUPr84M7jSX+NqX3Q==, token = 22, start = 0, count = 10
[2020-03-12 12:02:53]--[mydisk_cgi.c:286]--select user_file_list.*,file_info.url,file_info.size,file_info.type from file_info,user_file_list where user='vyUyGIUPr84M7jSX+NqX3Q==' and file_info.md5=user_file_list.md5 limit 0,10 在操作
[2020-03-12 12:02:53]--[mydisk_cgi.c:438]--query cmd=normal
[2020-03-12 12:02:53]--[mydisk_cgi.c:471]--buf = {
    "count": 10,
    "start": 10,
    "token": "22",
    "user": "lp13773477582"
}

[2020-03-12 12:02:53]--[mydisk_cgi.c:506]--user = vyUyGIUPr84M7jSX+NqX3Q==, token = 22, start = 10, count = 10
[2020-03-12 12:02:53]--[mydisk_cgi.c:286]--select user_file_list.*,file_info.url,file_info.size,file_info.type from file_info,user_file_list where user='vyUyGIUPr84M7jSX+NqX3Q==' and file_info.md5=user_file_list.md5 limit 10,10 在操作
[2020-03-12 12:02:53]--[mydisk_cgi.c:438]--query cmd=normal
[2020-03-12 12:02:53]--[mydisk_cgi.c:471]--buf = {
    "count": 1,
    "start": 20,
    "token": "22",
    "user": "lp13773477582"
}

[2020-03-12 12:02:53]--[mydisk_cgi.c:506]--user = vyUyGIUPr84M7jSX+NqX3Q==, token = 22, start = 20, count = 1
[2020-03-12 12:02:53]--[mydisk_cgi.c:286]--select user_file_list.*,file_info.url,file_info.size,file_info.type from file_info,user_file_list where user='vyUyGIUPr84M7jSX+NqX3Q==' and file_info.md5=user_file_list.md5 limit 20,1 在操作
[2020-03-12 12:05:55]--[mydisk_cgi.c:438]--query cmd=count
[2020-03-12 12:05:55]--[mydisk_cgi.c:471]--buf = {
    "token": "8c",
    "user": "lp13773477582"
}

[2020-03-12 12:05:55]--[mydisk_cgi.c:438]--query cmd=normal
[2020-03-12 12:05:55]--[mydisk_cgi.c:471]--buf = {
    "count": 10,
    "start": 0,
    "token": "8c",
    "user": "lp13773477582"
}

[2020-03-12 12:05:55]--[mydisk_cgi.c:506]--user = vyUyGIUPr84M7jSX+NqX3Q==, token = 8c, start = 0, count = 10
[2020-03-12 12:05:55]--[mydisk_cgi.c:286]--select user_file_list.*,file_info.url,file_info.size,file_info.type from file_info,user_file_list where user='vyUyGIUPr84M7jSX+NqX3Q==' and file_info.md5=user_file_list.md5 limit 0,10 在操作
[2020-03-12 12:05:55]--[mydisk_cgi.c:438]--query cmd=normal
[2020-03-12 12:05:55]--[mydisk_cgi.c:471]--buf = {
    "count": 10,
    "start": 10,
    "token": "8c",
    "user": "lp13773477582"
}

[2020-03-12 12:05:55]--[mydisk_cgi.c:506]--user = vyUyGIUPr84M7jSX+NqX3Q==, token = 8c, start = 10, count = 10
[2020-03-12 12:05:55]--[mydisk_cgi.c:286]--select user_file_list.*,file_info.url,file_info.size,file_info.type from file_info,user_file_list where user='vyUyGIUPr84M7jSX+NqX3Q==' and file_info.md5=user_file_list.md5 limit 10,10 在操作
[2020-03-12 12:05:55]--[mydisk_cgi.c:438]--query cmd=normal
[2020-03-12 12:05:55]--[mydisk_cgi.c:471]--buf = {
    "count": 1,
    "start": 20,
    "token": "8c",
    "user": "lp13773477582"
}

[2020-03-12 12:05:55]--[mydisk_cgi.c:506]--user = vyUyGIUPr84M7jSX+NqX3Q==, token = 8c, start = 20, count = 1
[2020-03-12 12:05:55]--[mydisk_cgi.c:286]--select user_file_list.*,file_info.url,file_info.size,file_info.type from file_info,user_file_list where user='vyUyGIUPr84M7jSX+NqX3Q==' and file_info.md5=user_file_list.md5 limit 20,1 在操作
[2020-03-12 12:06:13]--[mydisk_cgi.c:438]--query cmd=count
[2020-03-12 12:06:13]--[mydisk_cgi.c:471]--buf = {
    "token": "8c",
    "user": "lp13773477582"
}

[2020-03-12 12:06:14]--[mydisk_cgi.c:438]--query cmd=normal
[2020-03-12 12:06:14]--[mydisk_cgi.c:471]--buf = {
    "count": 10,
    "start": 0,
    "token": "8c",
    "user": "lp13773477582"
}

[2020-03-12 12:06:14]--[mydisk_cgi.c:506]--user = vyUyGIUPr84M7jSX+NqX3Q==, token = 8c, start = 0, count = 10
[2020-03-12 12:06:14]--[mydisk_cgi.c:286]--select user_file_list.*,file_info.url,file_info.size,file_info.type from file_info,user_file_list where user='vyUyGIUPr84M7jSX+NqX3Q==' and file_info.md5=user_file_list.md5 limit 0,10 在操作
[2020-03-12 12:06:14]--[mydisk_cgi.c:438]--query cmd=normal
[2020-03-12 12:06:14]--[mydisk_cgi.c:471]--buf = {
    "count": 10,
    "start": 10,
    "token": "8c",
    "user": "lp13773477582"
}

[2020-03-12 12:06:14]--[mydisk_cgi.c:506]--user = vyUyGIUPr84M7jSX+NqX3Q==, token = 8c, start = 10, count = 10
[2020-03-12 12:06:14]--[mydisk_cgi.c:286]--select user_file_list.*,file_info.url,file_info.size,file_info.type from file_info,user_file_list where user='vyUyGIUPr84M7jSX+NqX3Q==' and file_info.md5=user_file_list.md5 limit 10,10 在操作
[2020-03-12 12:06:14]--[mydisk_cgi.c:438]--query cmd=normal
[2020-03-12 12:06:14]--[mydisk_cgi.c:471]--buf = {
    "count": 1,
    "start": 20,
    "token": "8c",
    "user": "lp13773477582"
}

[2020-03-12 12:06:14]--[mydisk_cgi.c:506]--user = vyUyGIUPr84M7jSX+NqX3Q==, token = 8c, start = 20, count = 1
[2020-03-12 12:06:14]--[mydisk_cgi.c:286]--select user_file_list.*,file_info.url,file_info.size,file_info.type from file_info,user_file_list where user='vyUyGIUPr84M7jSX+NqX3Q==' and file_info.md5=user_file_list.md5 limit 20,1 在操作
[2020-03-12 12:19:28]--[mydisk_cgi.c:438]--query cmd=count
[2020-03-12 12:19:28]--[mydisk_cgi.c:471]--buf = {
    "token": "b3",
    "user": "lp13773477582"
}

[2020-03-12 12:19:28]--[mydisk_cgi.c:438]--query cmd=normal
[2020-03-12 12:19:28]--[mydisk_cgi.c:471]--buf = {
    "count": 10,
    "start": 0,
    "token": "b3",
    "user": "lp13773477582"
}

[2020-03-12 12:19:28]--[mydisk_cgi.c:506]--user = vyUyGIUPr84M7jSX+NqX3Q==, token = b3, start = 0, count = 10
[2020-03-12 12:19:28]--[mydisk_cgi.c:286]--select user_file_list.*,file_info.url,file_info.size,file_info.type from file_info,user_file_list where user='vyUyGIUPr84M7jSX+NqX3Q==' and file_info.md5=user_file_list.md5 limit 0,10 在操作
[2020-03-12 12:19:28]--[mydisk_cgi.c:438]--query cmd=normal
[2020-03-12 12:19:28]--[mydisk_cgi.c:471]--buf = {
    "count": 10,
    "start": 10,
    "token": "b3",
    "user": "lp13773477582"
}

[2020-03-12 12:19:28]--[mydisk_cgi.c:506]--user = vyUyGIUPr84M7jSX+NqX3Q==, token = b3, start = 10, count = 10
[2020-03-12 12:19:28]--[mydisk_cgi.c:286]--select user_file_list.*,file_info.url,file_info.size,file_info.type from file_info,user_file_list where user='vyUyGIUPr84M7jSX+NqX3Q==' and file_info.md5=user_file_list.md5 limit 10,10 在操作
[2020-03-12 12:19:28]--[mydisk_cgi.c:438]--query cmd=normal
[2020-03-12 12:19:28]--[mydisk_cgi.c:471]--buf = {
    "count": 1,
    "start": 20,
    "token": "b3",
    "user": "lp13773477582"
}

[2020-03-12 12:19:28]--[mydisk_cgi.c:506]--user = vyUyGIUPr84M7jSX+NqX3Q==, token = b3, start = 20, count = 1
[2020-03-12 12:19:28]--[mydisk_cgi.c:286]--select user_file_list.*,file_info.url,file_info.size,file_info.type from file_info,user_file_list where user='vyUyGIUPr84M7jSX+NqX3Q==' and file_info.md5=user_file_list.md5 limit 20,1 在操作
[2020-03-12 15:09:58]--[mydisk_cgi.c:438]--query cmd=count
[2020-03-12 15:09:58]--[mydisk_cgi.c:471]--buf = {
    "token": "ca",
    "user": "lp13773477582"
}

[2020-03-12 15:09:58]--[mydisk_cgi.c:438]--query cmd=normal
[2020-03-12 15:09:58]--[mydisk_cgi.c:471]--buf = {
    "count": 10,
    "start": 0,
    "token": "ca",
    "user": "lp13773477582"
}

[2020-03-12 15:09:58]--[mydisk_cgi.c:506]--user = vyUyGIUPr84M7jSX+NqX3Q==, token = ca, start = 0, count = 10
[2020-03-12 15:09:58]--[mydisk_cgi.c:286]--select user_file_list.*,file_info.url,file_info.size,file_info.type from file_info,user_file_list where user='vyUyGIUPr84M7jSX+NqX3Q==' and file_info.md5=user_file_list.md5 limit 0,10 在操作
[2020-03-12 15:09:58]--[mydisk_cgi.c:438]--query cmd=normal
[2020-03-12 15:09:58]--[mydisk_cgi.c:471]--buf = {
    "count": 10,
    "start": 10,
    "token": "ca",
    "user": "lp13773477582"
}

[2020-03-12 15:09:58]--[mydisk_cgi.c:506]--user = vyUyGIUPr84M7jSX+NqX3Q==, token = ca, start = 10, count = 10
[2020-03-12 15:09:58]--[mydisk_cgi.c:286]--select user_file_list.*,file_info.url,file_info.size,file_info.type from file_info,user_file_list where user='vyUyGIUPr84M7jSX+NqX3Q==' and file_info.md5=user_file_list.md5 limit 10,10 在操作
[2020-03-12 15:09:58]--[mydisk_cgi.c:438]--query cmd=normal
[2020-03-12 15:09:58]--[mydisk_cgi.c:471]--buf = {
    "count": 1,
    "start": 20,
    "token": "ca",
    "user": "lp13773477582"
}

[2020-03-12 15:09:58]--[mydisk_cgi.c:506]--user = vyUyGIUPr84M7jSX+NqX3Q==, token = ca, start = 20, count = 1
[2020-03-12 15:09:58]--[mydisk_cgi.c:286]--select user_file_list.*,file_info.url,file_info.size,file_info.type from file_info,user_file_list where user='vyUyGIUPr84M7jSX+NqX3Q==' and file_info.md5=user_file_list.md5 limit 20,1 在操作
[2020-03-12 15:11:29]--[mydisk_cgi.c:438]--query cmd=count
[2020-03-12 15:11:29]--[mydisk_cgi.c:471]--buf = {
    "token": "5f",
    "user": "lp13773477582"
}

[2020-03-12 15:11:29]--[mydisk_cgi.c:438]--query cmd=normal
[2020-03-12 15:11:29]--[mydisk_cgi.c:471]--buf = {
    "count": 10,
    "start": 0,
    "token": "5f",
    "user": "lp13773477582"
}

[2020-03-12 15:11:29]--[mydisk_cgi.c:506]--user = vyUyGIUPr84M7jSX+NqX3Q==, token = 5f, start = 0, count = 10
[2020-03-12 15:11:29]--[mydisk_cgi.c:286]--select user_file_list.*,file_info.url,file_info.size,file_info.type from file_info,user_file_list where user='vyUyGIUPr84M7jSX+NqX3Q==' and file_info.md5=user_file_list.md5 limit 0,10 在操作
[2020-03-12 15:11:29]--[mydisk_cgi.c:438]--query cmd=normal
[2020-03-12 15:11:29]--[mydisk_cgi.c:471]--buf = {
    "count": 10,
    "start": 10,
    "token": "5f",
    "user": "lp13773477582"
}

[2020-03-12 15:11:29]--[mydisk_cgi.c:506]--user = vyUyGIUPr84M7jSX+NqX3Q==, token = 5f, start = 10, count = 10
[2020-03-12 15:11:29]--[mydisk_cgi.c:286]--select user_file_list.*,file_info.url,file_info.size,file_info.type from file_info,user_file_list where user='vyUyGIUPr84M7jSX+NqX3Q==' and file_info.md5=user_file_list.md5 limit 10,10 在操作
[2020-03-12 15:11:29]--[mydisk_cgi.c:438]--query cmd=normal
[2020-03-12 15:11:29]--[mydisk_cgi.c:471]--buf = {
    "count": 1,
    "start": 20,
    "token": "5f",
    "user": "lp13773477582"
}

[2020-03-12 15:11:29]--[mydisk_cgi.c:506]--user = vyUyGIUPr84M7jSX+NqX3Q==, token = 5f, start = 20, count = 1
[2020-03-12 15:11:29]--[mydisk_cgi.c:286]--select user_file_list.*,file_info.url,file_info.size,file_info.type from file_info,user_file_list where user='vyUyGIUPr84M7jSX+NqX3Q==' and file_info.md5=user_file_list.md5 limit 20,1 在操作
[2020-03-12 15:23:05]--[mydisk_cgi.c:438]--query cmd=count
[2020-03-12 15:23:05]--[mydisk_cgi.c:471]--buf = {
    "token": "0b",
    "user": "lp13773477582"
}

[2020-03-12 15:23:05]--[mydisk_cgi.c:438]--query cmd=normal
[2020-03-12 15:23:05]--[mydisk_cgi.c:471]--buf = {
    "count": 10,
    "start": 0,
    "token": "0b",
    "user": "lp13773477582"
}

[2020-03-12 15:23:05]--[mydisk_cgi.c:506]--user = vyUyGIUPr84M7jSX+NqX3Q==, token = 0b, start = 0, count = 10
[2020-03-12 15:23:05]--[mydisk_cgi.c:286]--select user_file_list.*,file_info.url,file_info.size,file_info.type from file_info,user_file_list where user='vyUyGIUPr84M7jSX+NqX3Q==' and file_info.md5=user_file_list.md5 limit 0,10 在操作
[2020-03-12 15:23:06]--[mydisk_cgi.c:438]--query cmd=normal
[2020-03-12 15:23:06]--[mydisk_cgi.c:471]--buf = {
    "count": 10,
    "start": 10,
    "token": "0b",
    "user": "lp13773477582"
}

[2020-03-12 15:23:06]--[mydisk_cgi.c:506]--user = vyUyGIUPr84M7jSX+NqX3Q==, token = 0b, start = 10, count = 10
[2020-03-12 15:23:06]--[mydisk_cgi.c:286]--select user_file_list.*,file_info.url,file_info.size,file_info.type from file_info,user_file_list where user='vyUyGIUPr84M7jSX+NqX3Q==' and file_info.md5=user_file_list.md5 limit 10,10 在操作
[2020-03-12 15:23:06]--[mydisk_cgi.c:438]--query cmd=normal
[2020-03-12 15:23:06]--[mydisk_cgi.c:471]--buf = {
    "count": 1,
    "start": 20,
    "token": "0b",
    "user": "lp13773477582"
}

[2020-03-12 15:23:06]--[mydisk_cgi.c:506]--user = vyUyGIUPr84M7jSX+NqX3Q==, token = 0b, start = 20, count = 1
[2020-03-12 15:23:06]--[mydisk_cgi.c:286]--select user_file_list.*,file_info.url,file_info.size,file_info.type from file_info,user_file_list where user='vyUyGIUPr84M7jSX+NqX3Q==' and file_info.md5=user_file_list.md5 limit 20,1 在操作
[2020-03-12 15:32:41]--[mydisk_cgi.c:438]--query cmd=count
[2020-03-12 15:32:41]--[mydisk_cgi.c:471]--buf = {
    "token": "9a",
    "user": "lp13773477582"
}

[2020-03-12 15:32:41]--[mydisk_cgi.c:438]--query cmd=normal
[2020-03-12 15:32:41]--[mydisk_cgi.c:471]--buf = {
    "count": 10,
    "start": 0,
    "token": "9a",
    "user": "lp13773477582"
}

[2020-03-12 15:32:41]--[mydisk_cgi.c:506]--user = vyUyGIUPr84M7jSX+NqX3Q==, token = 9a, start = 0, count = 10
[2020-03-12 15:32:41]--[mydisk_cgi.c:286]--select user_file_list.*,file_info.url,file_info.size,file_info.type from file_info,user_file_list where user='vyUyGIUPr84M7jSX+NqX3Q==' and file_info.md5=user_file_list.md5 limit 0,10 在操作
[2020-03-12 15:32:41]--[mydisk_cgi.c:438]--query cmd=normal
[2020-03-12 15:32:41]--[mydisk_cgi.c:471]--buf = {
    "count": 10,
    "start": 10,
    "token": "9a",
    "user": "lp13773477582"
}

[2020-03-12 15:32:41]--[mydisk_cgi.c:506]--user = vyUyGIUPr84M7jSX+NqX3Q==, token = 9a, start = 10, count = 10
[2020-03-12 15:32:41]--[mydisk_cgi.c:286]--select user_file_list.*,file_info.url,file_info.size,file_info.type from file_info,user_file_list where user='vyUyGIUPr84M7jSX+NqX3Q==' and file_info.md5=user_file_list.md5 limit 10,10 在操作
[2020-03-12 15:32:41]--[mydisk_cgi.c:438]--query cmd=normal
[2020-03-12 15:32:41]--[mydisk_cgi.c:471]--buf = {
    "count": 1,
    "start": 20,
    "token": "9a",
    "user": "lp13773477582"
}

[2020-03-12 15:32:41]--[mydisk_cgi.c:506]--user = vyUyGIUPr84M7jSX+NqX3Q==, token = 9a, start = 20, count = 1
[2020-03-12 15:32:41]--[mydisk_cgi.c:286]--select user_file_list.*,file_info.url,file_info.size,file_info.type from file_info,user_file_list where user='vyUyGIUPr84M7jSX+NqX3Q==' and file_info.md5=user_file_list.md5 limit 20,1 在操作
[2020-03-12 15:49:52]--[mydisk_cgi.c:438]--query cmd=count
[2020-03-12 15:49:52]--[mydisk_cgi.c:471]--buf = {
    "token": "b2",
    "user": "lp13773477582"
}

[2020-03-12 15:49:52]--[mydisk_cgi.c:438]--query cmd=normal
[2020-03-12 15:49:52]--[mydisk_cgi.c:471]--buf = {
    "count": 10,
    "start": 0,
    "token": "b2",
    "user": "lp13773477582"
}

[2020-03-12 15:49:52]--[mydisk_cgi.c:506]--user = vyUyGIUPr84M7jSX+NqX3Q==, token = b2, start = 0, count = 10
[2020-03-12 15:49:52]--[mydisk_cgi.c:286]--select user_file_list.*,file_info.url,file_info.size,file_info.type from file_info,user_file_list where user='vyUyGIUPr84M7jSX+NqX3Q==' and file_info.md5=user_file_list.md5 limit 0,10 在操作
[2020-03-12 15:49:52]--[mydisk_cgi.c:438]--query cmd=normal
[2020-03-12 15:49:52]--[mydisk_cgi.c:471]--buf = {
    "count": 10,
    "start": 10,
    "token": "b2",
    "user": "lp13773477582"
}

[2020-03-12 15:49:52]--[mydisk_cgi.c:506]--user = vyUyGIUPr84M7jSX+NqX3Q==, token = b2, start = 10, count = 10
[2020-03-12 15:49:52]--[mydisk_cgi.c:286]--select user_file_list.*,file_info.url,file_info.size,file_info.type from file_info,user_file_list where user='vyUyGIUPr84M7jSX+NqX3Q==' and file_info.md5=user_file_list.md5 limit 10,10 在操作
[2020-03-12 15:49:52]--[mydisk_cgi.c:438]--query cmd=normal
[2020-03-12 15:49:52]--[mydisk_cgi.c:471]--buf = {
    "count": 1,
    "start": 20,
    "token": "b2",
    "user": "lp13773477582"
}

[2020-03-12 15:49:52]--[mydisk_cgi.c:506]--user = vyUyGIUPr84M7jSX+NqX3Q==, token = b2, start = 20, count = 1
[2020-03-12 15:49:52]--[mydisk_cgi.c:286]--select user_file_list.*,file_info.url,file_info.size,file_info.type from file_info,user_file_list where user='vyUyGIUPr84M7jSX+NqX3Q==' and file_info.md5=user_file_list.md5 limit 20,1 在操作
[2020-03-12 15:50:22]--[mydisk_cgi.c:438]--query cmd=count
[2020-03-12 15:50:22]--[mydisk_cgi.c:471]--buf = {
    "token": "b9",
    "user": "lp13773477582"
}

[2020-03-12 15:50:22]--[mydisk_cgi.c:438]--query cmd=normal
[2020-03-12 15:50:22]--[mydisk_cgi.c:471]--buf = {
    "count": 10,
    "start": 0,
    "token": "b9",
    "user": "lp13773477582"
}

[2020-03-12 15:50:22]--[mydisk_cgi.c:506]--user = vyUyGIUPr84M7jSX+NqX3Q==, token = b9, start = 0, count = 10
[2020-03-12 15:50:22]--[mydisk_cgi.c:286]--select user_file_list.*,file_info.url,file_info.size,file_info.type from file_info,user_file_list where user='vyUyGIUPr84M7jSX+NqX3Q==' and file_info.md5=user_file_list.md5 limit 0,10 在操作
[2020-03-12 15:50:22]--[mydisk_cgi.c:438]--query cmd=normal
[2020-03-12 15:50:22]--[mydisk_cgi.c:471]--buf = {
    "count": 10,
    "start": 10,
    "token": "b9",
    "user": "lp13773477582"
}

[2020-03-12 15:50:22]--[mydisk_cgi.c:506]--user = vyUyGIUPr84M7jSX+NqX3Q==, token = b9, start = 10, count = 10
[2020-03-12 15:50:22]--[mydisk_cgi.c:286]--select user_file_list.*,file_info.url,file_info.size,file_info.type from file_info,user_file_list where user='vyUyGIUPr84M7jSX+NqX3Q==' and file_info.md5=user_file_list.md5 limit 10,10 在操作
[2020-03-12 15:50:22]--[mydisk_cgi.c:438]--query cmd=normal
[2020-03-12 15:50:22]--[mydisk_cgi.c:471]--buf = {
    "count": 1,
    "start": 20,
    "token": "b9",
    "user": "lp13773477582"
}

[2020-03-12 15:50:22]--[mydisk_cgi.c:506]--user = vyUyGIUPr84M7jSX+NqX3Q==, token = b9, start = 20, count = 1
[2020-03-12 15:50:22]--[mydisk_cgi.c:286]--select user_file_list.*,file_info.url,file_info.size,file_info.type from file_info,user_file_list where user='vyUyGIUPr84M7jSX+NqX3Q==' and file_info.md5=user_file_list.md5 limit 20,1 在操作
[2020-03-12 15:51:48]--[mydisk_cgi.c:438]--query cmd=count
[2020-03-12 15:51:48]--[mydisk_cgi.c:471]--buf = {
    "token": "6a",
    "user": "lp13773477582"
}

[2020-03-12 15:51:48]--[mydisk_cgi.c:438]--query cmd=normal
[2020-03-12 15:51:48]--[mydisk_cgi.c:471]--buf = {
    "count": 10,
    "start": 0,
    "token": "6a",
    "user": "lp13773477582"
}

[2020-03-12 15:51:48]--[mydisk_cgi.c:506]--user = vyUyGIUPr84M7jSX+NqX3Q==, token = 6a, start = 0, count = 10
[2020-03-12 15:51:48]--[mydisk_cgi.c:286]--select user_file_list.*,file_info.url,file_info.size,file_info.type from file_info,user_file_list where user='vyUyGIUPr84M7jSX+NqX3Q==' and file_info.md5=user_file_list.md5 limit 0,10 在操作
[2020-03-12 15:51:48]--[mydisk_cgi.c:438]--query cmd=normal
[2020-03-12 15:51:48]--[mydisk_cgi.c:471]--buf = {
    "count": 10,
    "start": 10,
    "token": "6a",
    "user": "lp13773477582"
}

[2020-03-12 15:51:48]--[mydisk_cgi.c:506]--user = vyUyGIUPr84M7jSX+NqX3Q==, token = 6a, start = 10, count = 10
[2020-03-12 15:51:48]--[mydisk_cgi.c:286]--select user_file_list.*,file_info.url,file_info.size,file_info.type from file_info,user_file_list where user='vyUyGIUPr84M7jSX+NqX3Q==' and file_info.md5=user_file_list.md5 limit 10,10 在操作
[2020-03-12 15:51:48]--[mydisk_cgi.c:438]--query cmd=normal
[2020-03-12 15:51:48]--[mydisk_cgi.c:471]--buf = {
    "count": 1,
    "start": 20,
    "token": "6a",
    "user": "lp13773477582"
}

[2020-03-12 15:51:48]--[mydisk_cgi.c:506]--user = vyUyGIUPr84M7jSX+NqX3Q==, token = 6a, start = 20, count = 1
[2020-03-12 15:51:48]--[mydisk_cgi.c:286]--select user_file_list.*,file_info.url,file_info.size,file_info.type from file_info,user_file_list where user='vyUyGIUPr84M7jSX+NqX3Q==' and file_info.md5=user_file_list.md5 limit 20,1 在操作
