[2020-03-13 12:37:52]--[mydisk_cgi.c:438]--query cmd=count
[2020-03-13 12:37:52]--[mydisk_cgi.c:471]--buf = {
    "token": "55",
    "user": "lp13773477582"
}

[2020-03-13 12:37:52]--[mydisk_cgi.c:438]--query cmd=normal
[2020-03-13 12:37:52]--[mydisk_cgi.c:471]--buf = {
    "count": 10,
    "start": 0,
    "token": "55",
    "user": "lp13773477582"
}

[2020-03-13 12:37:52]--[mydisk_cgi.c:506]--user = vyUyGIUPr84M7jSX+NqX3Q==, token = 55, start = 0, count = 10
[2020-03-13 12:37:52]--[mydisk_cgi.c:286]--select user_file_list.*,file_info.url,file_info.size,file_info.type from file_info,user_file_list where user='vyUyGIUPr84M7jSX+NqX3Q==' and file_info.md5=user_file_list.md5 limit 0,10 在操作
[2020-03-13 12:37:52]--[mydisk_cgi.c:438]--query cmd=normal
[2020-03-13 12:37:52]--[mydisk_cgi.c:471]--buf = {
    "count": 10,
    "start": 10,
    "token": "55",
    "user": "lp13773477582"
}

[2020-03-13 12:37:52]--[mydisk_cgi.c:506]--user = vyUyGIUPr84M7jSX+NqX3Q==, token = 55, start = 10, count = 10
[2020-03-13 12:37:52]--[mydisk_cgi.c:286]--select user_file_list.*,file_info.url,file_info.size,file_info.type from file_info,user_file_list where user='vyUyGIUPr84M7jSX+NqX3Q==' and file_info.md5=user_file_list.md5 limit 10,10 在操作
[2020-03-13 12:37:52]--[mydisk_cgi.c:438]--query cmd=normal
[2020-03-13 12:37:52]--[mydisk_cgi.c:471]--buf = {
    "count": 1,
    "start": 20,
    "token": "55",
    "user": "lp13773477582"
}

[2020-03-13 12:37:52]--[mydisk_cgi.c:506]--user = vyUyGIUPr84M7jSX+NqX3Q==, token = 55, start = 20, count = 1
[2020-03-13 12:37:52]--[mydisk_cgi.c:286]--select user_file_list.*,file_info.url,file_info.size,file_info.type from file_info,user_file_list where user='vyUyGIUPr84M7jSX+NqX3Q==' and file_info.md5=user_file_list.md5 limit 20,1 在操作
[2020-03-13 13:19:26]--[mydisk_cgi.c:438]--query cmd=count
[2020-03-13 13:19:26]--[mydisk_cgi.c:471]--buf = {
    "token": "88",
    "user": "lp13773477582"
}

[2020-03-13 13:19:26]--[mydisk_cgi.c:438]--query cmd=normal
[2020-03-13 13:19:26]--[mydisk_cgi.c:471]--buf = {
    "count": 10,
    "start": 0,
    "token": "88",
    "user": "lp13773477582"
}

[2020-03-13 13:19:26]--[mydisk_cgi.c:506]--user = vyUyGIUPr84M7jSX+NqX3Q==, token = 88, start = 0, count = 10
[2020-03-13 13:19:26]--[mydisk_cgi.c:286]--select user_file_list.*,file_info.url,file_info.size,file_info.type from file_info,user_file_list where user='vyUyGIUPr84M7jSX+NqX3Q==' and file_info.md5=user_file_list.md5 limit 0,10 在操作
[2020-03-13 13:19:26]--[mydisk_cgi.c:438]--query cmd=normal
[2020-03-13 13:19:26]--[mydisk_cgi.c:471]--buf = {
    "count": 10,
    "start": 10,
    "token": "88",
    "user": "lp13773477582"
}

[2020-03-13 13:19:26]--[mydisk_cgi.c:506]--user = vyUyGIUPr84M7jSX+NqX3Q==, token = 88, start = 10, count = 10
[2020-03-13 13:19:26]--[mydisk_cgi.c:286]--select user_file_list.*,file_info.url,file_info.size,file_info.type from file_info,user_file_list where user='vyUyGIUPr84M7jSX+NqX3Q==' and file_info.md5=user_file_list.md5 limit 10,10 在操作
[2020-03-13 13:19:49]--[mydisk_cgi.c:438]--query cmd=count
[2020-03-13 13:19:49]--[mydisk_cgi.c:471]--buf = {
    "token": "88",
    "user": "lp13773477582"
}

[2020-03-13 13:19:49]--[mydisk_cgi.c:438]--query cmd=normal
[2020-03-13 13:19:49]--[mydisk_cgi.c:471]--buf = {
    "count": 10,
    "start": 0,
    "token": "88",
    "user": "lp13773477582"
}

[2020-03-13 13:19:49]--[mydisk_cgi.c:506]--user = vyUyGIUPr84M7jSX+NqX3Q==, token = 88, start = 0, count = 10
[2020-03-13 13:19:49]--[mydisk_cgi.c:286]--select user_file_list.*,file_info.url,file_info.size,file_info.type from file_info,user_file_list where user='vyUyGIUPr84M7jSX+NqX3Q==' and file_info.md5=user_file_list.md5 limit 0,10 在操作
[2020-03-13 13:19:49]--[mydisk_cgi.c:438]--query cmd=normal
[2020-03-13 13:19:49]--[mydisk_cgi.c:471]--buf = {
    "count": 9,
    "start": 10,
    "token": "88",
    "user": "lp13773477582"
}

[2020-03-13 13:19:49]--[mydisk_cgi.c:506]--user = vyUyGIUPr84M7jSX+NqX3Q==, token = 88, start = 10, count = 9
[2020-03-13 13:19:49]--[mydisk_cgi.c:286]--select user_file_list.*,file_info.url,file_info.size,file_info.type from file_info,user_file_list where user='vyUyGIUPr84M7jSX+NqX3Q==' and file_info.md5=user_file_list.md5 limit 10,9 在操作
[2020-03-13 13:42:44]--[mydisk_cgi.c:438]--query cmd=count
[2020-03-13 13:42:44]--[mydisk_cgi.c:471]--buf = {
    "token": "50",
    "user": "lp13773477582"
}

[2020-03-13 13:42:44]--[mydisk_cgi.c:438]--query cmd=normal
[2020-03-13 13:42:44]--[mydisk_cgi.c:471]--buf = {
    "count": 10,
    "start": 0,
    "token": "50",
    "user": "lp13773477582"
}

[2020-03-13 13:42:44]--[mydisk_cgi.c:506]--user = vyUyGIUPr84M7jSX+NqX3Q==, token = 50, start = 0, count = 10
[2020-03-13 13:42:44]--[mydisk_cgi.c:286]--select user_file_list.*,file_info.url,file_info.size,file_info.type from file_info,user_file_list where user='vyUyGIUPr84M7jSX+NqX3Q==' and file_info.md5=user_file_list.md5 limit 0,10 在操作
[2020-03-13 13:42:44]--[mydisk_cgi.c:438]--query cmd=normal
[2020-03-13 13:42:44]--[mydisk_cgi.c:471]--buf = {
    "count": 9,
    "start": 10,
    "token": "50",
    "user": "lp13773477582"
}

[2020-03-13 13:42:44]--[mydisk_cgi.c:506]--user = vyUyGIUPr84M7jSX+NqX3Q==, token = 50, start = 10, count = 9
[2020-03-13 13:42:44]--[mydisk_cgi.c:286]--select user_file_list.*,file_info.url,file_info.size,file_info.type from file_info,user_file_list where user='vyUyGIUPr84M7jSX+NqX3Q==' and file_info.md5=user_file_list.md5 limit 10,9 在操作
[2020-03-13 13:44:55]--[mydisk_cgi.c:438]--query cmd=count
[2020-03-13 13:44:55]--[mydisk_cgi.c:471]--buf = {
    "token": "98",
    "user": "lp13773477582"
}

[2020-03-13 13:44:55]--[mydisk_cgi.c:438]--query cmd=normal
[2020-03-13 13:44:55]--[mydisk_cgi.c:471]--buf = {
    "count": 10,
    "start": 0,
    "token": "98",
    "user": "lp13773477582"
}

[2020-03-13 13:44:55]--[mydisk_cgi.c:506]--user = vyUyGIUPr84M7jSX+NqX3Q==, token = 98, start = 0, count = 10
[2020-03-13 13:44:55]--[mydisk_cgi.c:286]--select user_file_list.*,file_info.url,file_info.size,file_info.type from file_info,user_file_list where user='vyUyGIUPr84M7jSX+NqX3Q==' and file_info.md5=user_file_list.md5 limit 0,10 在操作
[2020-03-13 13:44:55]--[mydisk_cgi.c:438]--query cmd=normal
[2020-03-13 13:44:55]--[mydisk_cgi.c:471]--buf = {
    "count": 8,
    "start": 10,
    "token": "98",
    "user": "lp13773477582"
}

[2020-03-13 13:44:55]--[mydisk_cgi.c:506]--user = vyUyGIUPr84M7jSX+NqX3Q==, token = 98, start = 10, count = 8
[2020-03-13 13:44:55]--[mydisk_cgi.c:286]--select user_file_list.*,file_info.url,file_info.size,file_info.type from file_info,user_file_list where user='vyUyGIUPr84M7jSX+NqX3Q==' and file_info.md5=user_file_list.md5 limit 10,8 在操作
[2020-03-13 13:45:01]--[mydisk_cgi.c:438]--query cmd=count
[2020-03-13 13:45:01]--[mydisk_cgi.c:471]--buf = {
    "token": "98",
    "user": "lp13773477582"
}

[2020-03-13 13:45:01]--[mydisk_cgi.c:438]--query cmd=normal
[2020-03-13 13:45:01]--[mydisk_cgi.c:471]--buf = {
    "count": 10,
    "start": 0,
    "token": "98",
    "user": "lp13773477582"
}

[2020-03-13 13:45:01]--[mydisk_cgi.c:506]--user = vyUyGIUPr84M7jSX+NqX3Q==, token = 98, start = 0, count = 10
[2020-03-13 13:45:01]--[mydisk_cgi.c:286]--select user_file_list.*,file_info.url,file_info.size,file_info.type from file_info,user_file_list where user='vyUyGIUPr84M7jSX+NqX3Q==' and file_info.md5=user_file_list.md5 limit 0,10 在操作
[2020-03-13 13:45:01]--[mydisk_cgi.c:438]--query cmd=normal
[2020-03-13 13:45:01]--[mydisk_cgi.c:471]--buf = {
    "count": 8,
    "start": 10,
    "token": "98",
    "user": "lp13773477582"
}

[2020-03-13 13:45:01]--[mydisk_cgi.c:506]--user = vyUyGIUPr84M7jSX+NqX3Q==, token = 98, start = 10, count = 8
[2020-03-13 13:45:01]--[mydisk_cgi.c:286]--select user_file_list.*,file_info.url,file_info.size,file_info.type from file_info,user_file_list where user='vyUyGIUPr84M7jSX+NqX3Q==' and file_info.md5=user_file_list.md5 limit 10,8 在操作
[2020-03-13 13:47:10]--[mydisk_cgi.c:438]--query cmd=count
[2020-03-13 13:47:10]--[mydisk_cgi.c:471]--buf = {
    "token": "f0",
    "user": "lp13773477582"
}

[2020-03-13 13:47:10]--[mydisk_cgi.c:438]--query cmd=normal
[2020-03-13 13:47:10]--[mydisk_cgi.c:471]--buf = {
    "count": 10,
    "start": 0,
    "token": "f0",
    "user": "lp13773477582"
}

[2020-03-13 13:47:10]--[mydisk_cgi.c:506]--user = vyUyGIUPr84M7jSX+NqX3Q==, token = f0, start = 0, count = 10
[2020-03-13 13:47:10]--[mydisk_cgi.c:286]--select user_file_list.*,file_info.url,file_info.size,file_info.type from file_info,user_file_list where user='vyUyGIUPr84M7jSX+NqX3Q==' and file_info.md5=user_file_list.md5 limit 0,10 在操作
[2020-03-13 13:47:10]--[mydisk_cgi.c:438]--query cmd=normal
[2020-03-13 13:47:10]--[mydisk_cgi.c:471]--buf = {
    "count": 8,
    "start": 10,
    "token": "f0",
    "user": "lp13773477582"
}

[2020-03-13 13:47:10]--[mydisk_cgi.c:506]--user = vyUyGIUPr84M7jSX+NqX3Q==, token = f0, start = 10, count = 8
[2020-03-13 13:47:10]--[mydisk_cgi.c:286]--select user_file_list.*,file_info.url,file_info.size,file_info.type from file_info,user_file_list where user='vyUyGIUPr84M7jSX+NqX3Q==' and file_info.md5=user_file_list.md5 limit 10,8 在操作
[2020-03-13 14:16:26]--[mydisk_cgi.c:438]--query cmd=count
[2020-03-13 14:16:26]--[mydisk_cgi.c:471]--buf = {
    "token": "a2",
    "user": "lp13773477582"
}

[2020-03-13 14:16:26]--[mydisk_cgi.c:438]--query cmd=normal
[2020-03-13 14:16:26]--[mydisk_cgi.c:471]--buf = {
    "count": 10,
    "start": 0,
    "token": "a2",
    "user": "lp13773477582"
}

[2020-03-13 14:16:26]--[mydisk_cgi.c:506]--user = vyUyGIUPr84M7jSX+NqX3Q==, token = a2, start = 0, count = 10
[2020-03-13 14:16:26]--[mydisk_cgi.c:286]--select user_file_list.*,file_info.url,file_info.size,file_info.type from file_info,user_file_list where user='vyUyGIUPr84M7jSX+NqX3Q==' and file_info.md5=user_file_list.md5 limit 0,10 在操作
[2020-03-13 14:16:26]--[mydisk_cgi.c:438]--query cmd=normal
[2020-03-13 14:16:26]--[mydisk_cgi.c:471]--buf = {
    "count": 7,
    "start": 10,
    "token": "a2",
    "user": "lp13773477582"
}

[2020-03-13 14:16:26]--[mydisk_cgi.c:506]--user = vyUyGIUPr84M7jSX+NqX3Q==, token = a2, start = 10, count = 7
[2020-03-13 14:16:26]--[mydisk_cgi.c:286]--select user_file_list.*,file_info.url,file_info.size,file_info.type from file_info,user_file_list where user='vyUyGIUPr84M7jSX+NqX3Q==' and file_info.md5=user_file_list.md5 limit 10,7 在操作
[2020-03-13 14:21:09]--[mydisk_cgi.c:438]--query cmd=count
[2020-03-13 14:21:09]--[mydisk_cgi.c:471]--buf = {
    "token": "f7",
    "user": "lp13773477582"
}

[2020-03-13 14:21:09]--[mydisk_cgi.c:438]--query cmd=normal
[2020-03-13 14:21:09]--[mydisk_cgi.c:471]--buf = {
    "count": 10,
    "start": 0,
    "token": "f7",
    "user": "lp13773477582"
}

[2020-03-13 14:21:09]--[mydisk_cgi.c:506]--user = vyUyGIUPr84M7jSX+NqX3Q==, token = f7, start = 0, count = 10
[2020-03-13 14:21:09]--[mydisk_cgi.c:286]--select user_file_list.*,file_info.url,file_info.size,file_info.type from file_info,user_file_list where user='vyUyGIUPr84M7jSX+NqX3Q==' and file_info.md5=user_file_list.md5 limit 0,10 在操作
[2020-03-13 14:21:09]--[mydisk_cgi.c:438]--query cmd=normal
[2020-03-13 14:21:09]--[mydisk_cgi.c:471]--buf = {
    "count": 7,
    "start": 10,
    "token": "f7",
    "user": "lp13773477582"
}

[2020-03-13 14:21:09]--[mydisk_cgi.c:506]--user = vyUyGIUPr84M7jSX+NqX3Q==, token = f7, start = 10, count = 7
[2020-03-13 14:21:09]--[mydisk_cgi.c:286]--select user_file_list.*,file_info.url,file_info.size,file_info.type from file_info,user_file_list where user='vyUyGIUPr84M7jSX+NqX3Q==' and file_info.md5=user_file_list.md5 limit 10,7 在操作
[2020-03-13 14:31:12]--[mydisk_cgi.c:438]--query cmd=count
[2020-03-13 14:31:12]--[mydisk_cgi.c:471]--buf = {
    "token": "16",
    "user": "lp13773477582"
}

[2020-03-13 14:31:12]--[mydisk_cgi.c:438]--query cmd=normal
[2020-03-13 14:31:12]--[mydisk_cgi.c:471]--buf = {
    "count": 10,
    "start": 0,
    "token": "16",
    "user": "lp13773477582"
}

[2020-03-13 14:31:12]--[mydisk_cgi.c:506]--user = vyUyGIUPr84M7jSX+NqX3Q==, token = 16, start = 0, count = 10
[2020-03-13 14:31:12]--[mydisk_cgi.c:286]--select user_file_list.*,file_info.url,file_info.size,file_info.type from file_info,user_file_list where user='vyUyGIUPr84M7jSX+NqX3Q==' and file_info.md5=user_file_list.md5 limit 0,10 在操作
[2020-03-13 14:31:12]--[mydisk_cgi.c:438]--query cmd=normal
[2020-03-13 14:31:12]--[mydisk_cgi.c:471]--buf = {
    "count": 6,
    "start": 10,
    "token": "16",
    "user": "lp13773477582"
}

[2020-03-13 14:31:12]--[mydisk_cgi.c:506]--user = vyUyGIUPr84M7jSX+NqX3Q==, token = 16, start = 10, count = 6
[2020-03-13 14:31:12]--[mydisk_cgi.c:286]--select user_file_list.*,file_info.url,file_info.size,file_info.type from file_info,user_file_list where user='vyUyGIUPr84M7jSX+NqX3Q==' and file_info.md5=user_file_list.md5 limit 10,6 在操作
[2020-03-13 14:33:54]--[mydisk_cgi.c:438]--query cmd=count
[2020-03-13 14:33:54]--[mydisk_cgi.c:471]--buf = {
    "token": "16",
    "user": "lp13773477582"
}

[2020-03-13 14:33:54]--[mydisk_cgi.c:438]--query cmd=normal
[2020-03-13 14:33:54]--[mydisk_cgi.c:471]--buf = {
    "count": 10,
    "start": 0,
    "token": "16",
    "user": "lp13773477582"
}

[2020-03-13 14:33:54]--[mydisk_cgi.c:506]--user = vyUyGIUPr84M7jSX+NqX3Q==, token = 16, start = 0, count = 10
[2020-03-13 14:33:54]--[mydisk_cgi.c:286]--select user_file_list.*,file_info.url,file_info.size,file_info.type from file_info,user_file_list where user='vyUyGIUPr84M7jSX+NqX3Q==' and file_info.md5=user_file_list.md5 limit 0,10 在操作
[2020-03-13 14:33:54]--[mydisk_cgi.c:438]--query cmd=normal
[2020-03-13 14:33:54]--[mydisk_cgi.c:471]--buf = {
    "count": 5,
    "start": 10,
    "token": "16",
    "user": "lp13773477582"
}

[2020-03-13 14:33:54]--[mydisk_cgi.c:506]--user = vyUyGIUPr84M7jSX+NqX3Q==, token = 16, start = 10, count = 5
[2020-03-13 14:33:54]--[mydisk_cgi.c:286]--select user_file_list.*,file_info.url,file_info.size,file_info.type from file_info,user_file_list where user='vyUyGIUPr84M7jSX+NqX3Q==' and file_info.md5=user_file_list.md5 limit 10,5 在操作
[2020-03-13 14:43:05]--[mydisk_cgi.c:438]--query cmd=count
[2020-03-13 14:43:05]--[mydisk_cgi.c:471]--buf = {
    "token": "5c",
    "user": "lp13773477582"
}

[2020-03-13 14:43:05]--[mydisk_cgi.c:438]--query cmd=normal
[2020-03-13 14:43:05]--[mydisk_cgi.c:471]--buf = {
    "count": 10,
    "start": 0,
    "token": "5c",
    "user": "lp13773477582"
}

[2020-03-13 14:43:05]--[mydisk_cgi.c:506]--user = vyUyGIUPr84M7jSX+NqX3Q==, token = 5c, start = 0, count = 10
[2020-03-13 14:43:05]--[mydisk_cgi.c:286]--select user_file_list.*,file_info.url,file_info.size,file_info.type from file_info,user_file_list where user='vyUyGIUPr84M7jSX+NqX3Q==' and file_info.md5=user_file_list.md5 limit 0,10 在操作
[2020-03-13 14:43:05]--[mydisk_cgi.c:438]--query cmd=normal
[2020-03-13 14:43:05]--[mydisk_cgi.c:471]--buf = {
    "count": 4,
    "start": 10,
    "token": "5c",
    "user": "lp13773477582"
}

[2020-03-13 14:43:05]--[mydisk_cgi.c:506]--user = vyUyGIUPr84M7jSX+NqX3Q==, token = 5c, start = 10, count = 4
[2020-03-13 14:43:05]--[mydisk_cgi.c:286]--select user_file_list.*,file_info.url,file_info.size,file_info.type from file_info,user_file_list where user='vyUyGIUPr84M7jSX+NqX3Q==' and file_info.md5=user_file_list.md5 limit 10,4 在操作
[2020-03-13 14:49:33]--[mydisk_cgi.c:438]--query cmd=count
[2020-03-13 14:49:33]--[mydisk_cgi.c:471]--buf = {
    "token": "fd",
    "user": "lp13773477582"
}

[2020-03-13 14:49:33]--[mydisk_cgi.c:438]--query cmd=normal
[2020-03-13 14:49:33]--[mydisk_cgi.c:471]--buf = {
    "count": 10,
    "start": 0,
    "token": "fd",
    "user": "lp13773477582"
}

[2020-03-13 14:49:33]--[mydisk_cgi.c:506]--user = vyUyGIUPr84M7jSX+NqX3Q==, token = fd, start = 0, count = 10
[2020-03-13 14:49:33]--[mydisk_cgi.c:286]--select user_file_list.*,file_info.url,file_info.size,file_info.type from file_info,user_file_list where user='vyUyGIUPr84M7jSX+NqX3Q==' and file_info.md5=user_file_list.md5 limit 0,10 在操作
[2020-03-13 14:49:33]--[mydisk_cgi.c:438]--query cmd=normal
[2020-03-13 14:49:33]--[mydisk_cgi.c:471]--buf = {
    "count": 3,
    "start": 10,
    "token": "fd",
    "user": "lp13773477582"
}

[2020-03-13 14:49:33]--[mydisk_cgi.c:506]--user = vyUyGIUPr84M7jSX+NqX3Q==, token = fd, start = 10, count = 3
[2020-03-13 14:49:33]--[mydisk_cgi.c:286]--select user_file_list.*,file_info.url,file_info.size,file_info.type from file_info,user_file_list where user='vyUyGIUPr84M7jSX+NqX3Q==' and file_info.md5=user_file_list.md5 limit 10,3 在操作
[2020-03-13 14:53:43]--[mydisk_cgi.c:438]--query cmd=count
[2020-03-13 14:53:43]--[mydisk_cgi.c:471]--buf = {
    "token": "22",
    "user": "lp13773477582"
}

[2020-03-13 14:53:43]--[mydisk_cgi.c:438]--query cmd=normal
[2020-03-13 14:53:43]--[mydisk_cgi.c:471]--buf = {
    "count": 10,
    "start": 0,
    "token": "22",
    "user": "lp13773477582"
}

[2020-03-13 14:53:43]--[mydisk_cgi.c:506]--user = vyUyGIUPr84M7jSX+NqX3Q==, token = 22, start = 0, count = 10
[2020-03-13 14:53:43]--[mydisk_cgi.c:286]--select user_file_list.*,file_info.url,file_info.size,file_info.type from file_info,user_file_list where user='vyUyGIUPr84M7jSX+NqX3Q==' and file_info.md5=user_file_list.md5 limit 0,10 在操作
[2020-03-13 14:53:43]--[mydisk_cgi.c:438]--query cmd=normal
[2020-03-13 14:53:43]--[mydisk_cgi.c:471]--buf = {
    "count": 3,
    "start": 10,
    "token": "22",
    "user": "lp13773477582"
}

[2020-03-13 14:53:43]--[mydisk_cgi.c:506]--user = vyUyGIUPr84M7jSX+NqX3Q==, token = 22, start = 10, count = 3
[2020-03-13 14:53:43]--[mydisk_cgi.c:286]--select user_file_list.*,file_info.url,file_info.size,file_info.type from file_info,user_file_list where user='vyUyGIUPr84M7jSX+NqX3Q==' and file_info.md5=user_file_list.md5 limit 10,3 在操作
[2020-03-13 14:56:59]--[mydisk_cgi.c:438]--query cmd=count
[2020-03-13 14:56:59]--[mydisk_cgi.c:471]--buf = {
    "token": "8d",
    "user": "lp13773477582"
}

[2020-03-13 14:56:59]--[mydisk_cgi.c:438]--query cmd=normal
[2020-03-13 14:56:59]--[mydisk_cgi.c:471]--buf = {
    "count": 10,
    "start": 0,
    "token": "8d",
    "user": "lp13773477582"
}

[2020-03-13 14:56:59]--[mydisk_cgi.c:506]--user = vyUyGIUPr84M7jSX+NqX3Q==, token = 8d, start = 0, count = 10
[2020-03-13 14:56:59]--[mydisk_cgi.c:286]--select user_file_list.*,file_info.url,file_info.size,file_info.type from file_info,user_file_list where user='vyUyGIUPr84M7jSX+NqX3Q==' and file_info.md5=user_file_list.md5 limit 0,10 在操作
[2020-03-13 14:56:59]--[mydisk_cgi.c:438]--query cmd=normal
[2020-03-13 14:56:59]--[mydisk_cgi.c:471]--buf = {
    "count": 2,
    "start": 10,
    "token": "8d",
    "user": "lp13773477582"
}

[2020-03-13 14:56:59]--[mydisk_cgi.c:506]--user = vyUyGIUPr84M7jSX+NqX3Q==, token = 8d, start = 10, count = 2
[2020-03-13 14:56:59]--[mydisk_cgi.c:286]--select user_file_list.*,file_info.url,file_info.size,file_info.type from file_info,user_file_list where user='vyUyGIUPr84M7jSX+NqX3Q==' and file_info.md5=user_file_list.md5 limit 10,2 在操作
[2020-03-13 14:58:53]--[mydisk_cgi.c:438]--query cmd=count
[2020-03-13 14:58:53]--[mydisk_cgi.c:471]--buf = {
    "token": "4d",
    "user": "lp13773477582"
}

[2020-03-13 14:58:53]--[mydisk_cgi.c:438]--query cmd=normal
[2020-03-13 14:58:53]--[mydisk_cgi.c:471]--buf = {
    "count": 10,
    "start": 0,
    "token": "4d",
    "user": "lp13773477582"
}

[2020-03-13 14:58:53]--[mydisk_cgi.c:506]--user = vyUyGIUPr84M7jSX+NqX3Q==, token = 4d, start = 0, count = 10
[2020-03-13 14:58:53]--[mydisk_cgi.c:286]--select user_file_list.*,file_info.url,file_info.size,file_info.type from file_info,user_file_list where user='vyUyGIUPr84M7jSX+NqX3Q==' and file_info.md5=user_file_list.md5 limit 0,10 在操作
[2020-03-13 14:58:53]--[mydisk_cgi.c:438]--query cmd=normal
[2020-03-13 14:58:53]--[mydisk_cgi.c:471]--buf = {
    "count": 1,
    "start": 10,
    "token": "4d",
    "user": "lp13773477582"
}

[2020-03-13 14:58:53]--[mydisk_cgi.c:506]--user = vyUyGIUPr84M7jSX+NqX3Q==, token = 4d, start = 10, count = 1
[2020-03-13 14:58:53]--[mydisk_cgi.c:286]--select user_file_list.*,file_info.url,file_info.size,file_info.type from file_info,user_file_list where user='vyUyGIUPr84M7jSX+NqX3Q==' and file_info.md5=user_file_list.md5 limit 10,1 在操作
[2020-03-13 14:59:02]--[mydisk_cgi.c:438]--query cmd=count
[2020-03-13 14:59:02]--[mydisk_cgi.c:471]--buf = {
    "token": "85",
    "user": "lp13773477582"
}

[2020-03-13 14:59:02]--[mydisk_cgi.c:438]--query cmd=normal
[2020-03-13 14:59:02]--[mydisk_cgi.c:471]--buf = {
    "count": 10,
    "start": 0,
    "token": "85",
    "user": "lp13773477582"
}

[2020-03-13 14:59:02]--[mydisk_cgi.c:506]--user = vyUyGIUPr84M7jSX+NqX3Q==, token = 85, start = 0, count = 10
[2020-03-13 14:59:02]--[mydisk_cgi.c:286]--select user_file_list.*,file_info.url,file_info.size,file_info.type from file_info,user_file_list where user='vyUyGIUPr84M7jSX+NqX3Q==' and file_info.md5=user_file_list.md5 limit 0,10 在操作
[2020-03-13 14:59:02]--[mydisk_cgi.c:438]--query cmd=normal
[2020-03-13 14:59:02]--[mydisk_cgi.c:471]--buf = {
    "count": 1,
    "start": 10,
    "token": "85",
    "user": "lp13773477582"
}

[2020-03-13 14:59:02]--[mydisk_cgi.c:506]--user = vyUyGIUPr84M7jSX+NqX3Q==, token = 85, start = 10, count = 1
[2020-03-13 14:59:02]--[mydisk_cgi.c:286]--select user_file_list.*,file_info.url,file_info.size,file_info.type from file_info,user_file_list where user='vyUyGIUPr84M7jSX+NqX3Q==' and file_info.md5=user_file_list.md5 limit 10,1 在操作
[2020-03-13 15:17:11]--[mydisk_cgi.c:438]--query cmd=count
[2020-03-13 15:17:11]--[mydisk_cgi.c:471]--buf = {
    "token": "d2",
    "user": "lp13773477582"
}

[2020-03-13 15:17:11]--[mydisk_cgi.c:438]--query cmd=normal
[2020-03-13 15:17:11]--[mydisk_cgi.c:471]--buf = {
    "count": 10,
    "start": 0,
    "token": "d2",
    "user": "lp13773477582"
}

[2020-03-13 15:17:11]--[mydisk_cgi.c:506]--user = vyUyGIUPr84M7jSX+NqX3Q==, token = d2, start = 0, count = 10
[2020-03-13 15:17:11]--[mydisk_cgi.c:286]--select user_file_list.*,file_info.url,file_info.size,file_info.type from file_info,user_file_list where user='vyUyGIUPr84M7jSX+NqX3Q==' and file_info.md5=user_file_list.md5 limit 0,10 在操作
[2020-03-13 15:17:11]--[mydisk_cgi.c:438]--query cmd=normal
[2020-03-13 15:17:11]--[mydisk_cgi.c:471]--buf = {
    "count": 1,
    "start": 10,
    "token": "d2",
    "user": "lp13773477582"
}

[2020-03-13 15:17:11]--[mydisk_cgi.c:506]--user = vyUyGIUPr84M7jSX+NqX3Q==, token = d2, start = 10, count = 1
[2020-03-13 15:17:11]--[mydisk_cgi.c:286]--select user_file_list.*,file_info.url,file_info.size,file_info.type from file_info,user_file_list where user='vyUyGIUPr84M7jSX+NqX3Q==' and file_info.md5=user_file_list.md5 limit 10,1 在操作
[2020-03-13 15:19:53]--[mydisk_cgi.c:438]--query cmd=count
[2020-03-13 15:19:53]--[mydisk_cgi.c:471]--buf = {
    "token": "d2",
    "user": "lp13773477582"
}

[2020-03-13 15:19:53]--[mydisk_cgi.c:438]--query cmd=normal
[2020-03-13 15:19:53]--[mydisk_cgi.c:471]--buf = {
    "count": 9,
    "start": 0,
    "token": "d2",
    "user": "lp13773477582"
}

[2020-03-13 15:19:53]--[mydisk_cgi.c:506]--user = vyUyGIUPr84M7jSX+NqX3Q==, token = d2, start = 0, count = 9
[2020-03-13 15:19:53]--[mydisk_cgi.c:286]--select user_file_list.*,file_info.url,file_info.size,file_info.type from file_info,user_file_list where user='vyUyGIUPr84M7jSX+NqX3Q==' and file_info.md5=user_file_list.md5 limit 0,9 在操作
[2020-03-13 15:20:05]--[mydisk_cgi.c:438]--query cmd=count
[2020-03-13 15:20:05]--[mydisk_cgi.c:471]--buf = {
    "token": "d2",
    "user": "lp13773477582"
}

[2020-03-13 15:20:05]--[mydisk_cgi.c:438]--query cmd=normal
[2020-03-13 15:20:05]--[mydisk_cgi.c:471]--buf = {
    "count": 9,
    "start": 0,
    "token": "d2",
    "user": "lp13773477582"
}

[2020-03-13 15:20:05]--[mydisk_cgi.c:506]--user = vyUyGIUPr84M7jSX+NqX3Q==, token = d2, start = 0, count = 9
[2020-03-13 15:20:05]--[mydisk_cgi.c:286]--select user_file_list.*,file_info.url,file_info.size,file_info.type from file_info,user_file_list where user='vyUyGIUPr84M7jSX+NqX3Q==' and file_info.md5=user_file_list.md5 limit 0,9 在操作
[2020-03-13 15:21:24]--[mydisk_cgi.c:438]--query cmd=count
[2020-03-13 15:21:24]--[mydisk_cgi.c:471]--buf = {
    "token": "d2",
    "user": "lp13773477582"
}

[2020-03-13 15:21:24]--[mydisk_cgi.c:438]--query cmd=normal
[2020-03-13 15:21:24]--[mydisk_cgi.c:471]--buf = {
    "count": 9,
    "start": 0,
    "token": "d2",
    "user": "lp13773477582"
}

[2020-03-13 15:21:24]--[mydisk_cgi.c:506]--user = vyUyGIUPr84M7jSX+NqX3Q==, token = d2, start = 0, count = 9
[2020-03-13 15:21:24]--[mydisk_cgi.c:286]--select user_file_list.*,file_info.url,file_info.size,file_info.type from file_info,user_file_list where user='vyUyGIUPr84M7jSX+NqX3Q==' and file_info.md5=user_file_list.md5 limit 0,9 在操作
[2020-03-13 15:21:25]--[mydisk_cgi.c:438]--query cmd=count
[2020-03-13 15:21:25]--[mydisk_cgi.c:471]--buf = {
    "token": "d2",
    "user": "lp13773477582"
}

[2020-03-13 15:21:25]--[mydisk_cgi.c:438]--query cmd=normal
[2020-03-13 15:21:25]--[mydisk_cgi.c:471]--buf = {
    "count": 9,
    "start": 0,
    "token": "d2",
    "user": "lp13773477582"
}

[2020-03-13 15:21:25]--[mydisk_cgi.c:506]--user = vyUyGIUPr84M7jSX+NqX3Q==, token = d2, start = 0, count = 9
[2020-03-13 15:21:25]--[mydisk_cgi.c:286]--select user_file_list.*,file_info.url,file_info.size,file_info.type from file_info,user_file_list where user='vyUyGIUPr84M7jSX+NqX3Q==' and file_info.md5=user_file_list.md5 limit 0,9 在操作
[2020-03-13 15:21:35]--[mydisk_cgi.c:438]--query cmd=count
[2020-03-13 15:21:35]--[mydisk_cgi.c:471]--buf = {
    "token": "fa",
    "user": "lp13773477582"
}

[2020-03-13 15:21:35]--[mydisk_cgi.c:438]--query cmd=normal
[2020-03-13 15:21:35]--[mydisk_cgi.c:471]--buf = {
    "count": 9,
    "start": 0,
    "token": "fa",
    "user": "lp13773477582"
}

[2020-03-13 15:21:35]--[mydisk_cgi.c:506]--user = vyUyGIUPr84M7jSX+NqX3Q==, token = fa, start = 0, count = 9
[2020-03-13 15:21:35]--[mydisk_cgi.c:286]--select user_file_list.*,file_info.url,file_info.size,file_info.type from file_info,user_file_list where user='vyUyGIUPr84M7jSX+NqX3Q==' and file_info.md5=user_file_list.md5 limit 0,9 在操作
[2020-03-13 15:22:32]--[mydisk_cgi.c:438]--query cmd=count
[2020-03-13 15:22:32]--[mydisk_cgi.c:471]--buf = {
    "token": "fd",
    "user": "lp13773477582"
}

[2020-03-13 15:22:32]--[mydisk_cgi.c:438]--query cmd=normal
[2020-03-13 15:22:32]--[mydisk_cgi.c:471]--buf = {
    "count": 9,
    "start": 0,
    "token": "fd",
    "user": "lp13773477582"
}

[2020-03-13 15:22:32]--[mydisk_cgi.c:506]--user = vyUyGIUPr84M7jSX+NqX3Q==, token = fd, start = 0, count = 9
[2020-03-13 15:22:32]--[mydisk_cgi.c:286]--select user_file_list.*,file_info.url,file_info.size,file_info.type from file_info,user_file_list where user='vyUyGIUPr84M7jSX+NqX3Q==' and file_info.md5=user_file_list.md5 limit 0,9 在操作
[2020-03-13 15:22:55]--[mydisk_cgi.c:438]--query cmd=count
[2020-03-13 15:22:55]--[mydisk_cgi.c:471]--buf = {
    "token": "fd",
    "user": "lp13773477582"
}

[2020-03-13 15:22:55]--[mydisk_cgi.c:438]--query cmd=normal
[2020-03-13 15:22:55]--[mydisk_cgi.c:471]--buf = {
    "count": 10,
    "start": 0,
    "token": "fd",
    "user": "lp13773477582"
}

[2020-03-13 15:22:55]--[mydisk_cgi.c:506]--user = vyUyGIUPr84M7jSX+NqX3Q==, token = fd, start = 0, count = 10
[2020-03-13 15:22:55]--[mydisk_cgi.c:286]--select user_file_list.*,file_info.url,file_info.size,file_info.type from file_info,user_file_list where user='vyUyGIUPr84M7jSX+NqX3Q==' and file_info.md5=user_file_list.md5 limit 0,10 在操作
[2020-03-13 15:23:12]--[mydisk_cgi.c:438]--query cmd=count
[2020-03-13 15:23:12]--[mydisk_cgi.c:471]--buf = {
    "token": "fd",
    "user": "lp13773477582"
}

[2020-03-13 15:23:12]--[mydisk_cgi.c:438]--query cmd=normal
[2020-03-13 15:23:12]--[mydisk_cgi.c:471]--buf = {
    "count": 10,
    "start": 0,
    "token": "fd",
    "user": "lp13773477582"
}

[2020-03-13 15:23:12]--[mydisk_cgi.c:506]--user = vyUyGIUPr84M7jSX+NqX3Q==, token = fd, start = 0, count = 10
[2020-03-13 15:23:12]--[mydisk_cgi.c:286]--select user_file_list.*,file_info.url,file_info.size,file_info.type from file_info,user_file_list where user='vyUyGIUPr84M7jSX+NqX3Q==' and file_info.md5=user_file_list.md5 limit 0,10 在操作
[2020-03-13 15:23:14]--[mydisk_cgi.c:438]--query cmd=count
[2020-03-13 15:23:14]--[mydisk_cgi.c:471]--buf = {
    "token": "fd",
    "user": "lp13773477582"
}

[2020-03-13 15:23:14]--[mydisk_cgi.c:438]--query cmd=normal
[2020-03-13 15:23:14]--[mydisk_cgi.c:471]--buf = {
    "count": 10,
    "start": 0,
    "token": "fd",
    "user": "lp13773477582"
}

[2020-03-13 15:23:14]--[mydisk_cgi.c:506]--user = vyUyGIUPr84M7jSX+NqX3Q==, token = fd, start = 0, count = 10
[2020-03-13 15:23:14]--[mydisk_cgi.c:286]--select user_file_list.*,file_info.url,file_info.size,file_info.type from file_info,user_file_list where user='vyUyGIUPr84M7jSX+NqX3Q==' and file_info.md5=user_file_list.md5 limit 0,10 在操作
[2020-03-13 15:23:16]--[mydisk_cgi.c:438]--query cmd=count
[2020-03-13 15:23:16]--[mydisk_cgi.c:471]--buf = {
    "token": "fd",
    "user": "lp13773477582"
}

[2020-03-13 15:23:16]--[mydisk_cgi.c:438]--query cmd=normal
[2020-03-13 15:23:16]--[mydisk_cgi.c:471]--buf = {
    "count": 10,
    "start": 0,
    "token": "fd",
    "user": "lp13773477582"
}

[2020-03-13 15:23:16]--[mydisk_cgi.c:506]--user = vyUyGIUPr84M7jSX+NqX3Q==, token = fd, start = 0, count = 10
[2020-03-13 15:23:16]--[mydisk_cgi.c:286]--select user_file_list.*,file_info.url,file_info.size,file_info.type from file_info,user_file_list where user='vyUyGIUPr84M7jSX+NqX3Q==' and file_info.md5=user_file_list.md5 limit 0,10 在操作
[2020-03-13 15:23:19]--[mydisk_cgi.c:438]--query cmd=count
[2020-03-13 15:23:19]--[mydisk_cgi.c:471]--buf = {
    "token": "fd",
    "user": "lp13773477582"
}

[2020-03-13 15:23:19]--[mydisk_cgi.c:438]--query cmd=normal
[2020-03-13 15:23:19]--[mydisk_cgi.c:471]--buf = {
    "count": 10,
    "start": 0,
    "token": "fd",
    "user": "lp13773477582"
}

[2020-03-13 15:23:19]--[mydisk_cgi.c:506]--user = vyUyGIUPr84M7jSX+NqX3Q==, token = fd, start = 0, count = 10
[2020-03-13 15:23:19]--[mydisk_cgi.c:286]--select user_file_list.*,file_info.url,file_info.size,file_info.type from file_info,user_file_list where user='vyUyGIUPr84M7jSX+NqX3Q==' and file_info.md5=user_file_list.md5 limit 0,10 在操作
[2020-03-13 15:23:30]--[mydisk_cgi.c:438]--query cmd=count
[2020-03-13 15:23:30]--[mydisk_cgi.c:471]--buf = {
    "token": "33",
    "user": "lp13773477582"
}

[2020-03-13 15:23:30]--[mydisk_cgi.c:438]--query cmd=normal
[2020-03-13 15:23:30]--[mydisk_cgi.c:471]--buf = {
    "count": 10,
    "start": 0,
    "token": "33",
    "user": "lp13773477582"
}

[2020-03-13 15:23:30]--[mydisk_cgi.c:506]--user = vyUyGIUPr84M7jSX+NqX3Q==, token = 33, start = 0, count = 10
[2020-03-13 15:23:30]--[mydisk_cgi.c:286]--select user_file_list.*,file_info.url,file_info.size,file_info.type from file_info,user_file_list where user='vyUyGIUPr84M7jSX+NqX3Q==' and file_info.md5=user_file_list.md5 limit 0,10 在操作
[2020-03-13 15:23:33]--[mydisk_cgi.c:438]--query cmd=count
[2020-03-13 15:23:33]--[mydisk_cgi.c:471]--buf = {
    "token": "33",
    "user": "lp13773477582"
}

[2020-03-13 15:23:33]--[mydisk_cgi.c:438]--query cmd=normal
[2020-03-13 15:23:33]--[mydisk_cgi.c:471]--buf = {
    "count": 10,
    "start": 0,
    "token": "33",
    "user": "lp13773477582"
}

[2020-03-13 15:23:33]--[mydisk_cgi.c:506]--user = vyUyGIUPr84M7jSX+NqX3Q==, token = 33, start = 0, count = 10
[2020-03-13 15:23:33]--[mydisk_cgi.c:286]--select user_file_list.*,file_info.url,file_info.size,file_info.type from file_info,user_file_list where user='vyUyGIUPr84M7jSX+NqX3Q==' and file_info.md5=user_file_list.md5 limit 0,10 在操作
[2020-03-13 15:23:59]--[mydisk_cgi.c:438]--query cmd=count
[2020-03-13 15:23:59]--[mydisk_cgi.c:471]--buf = {
    "token": "33",
    "user": "lp13773477582"
}

[2020-03-13 15:23:59]--[mydisk_cgi.c:438]--query cmd=normal
[2020-03-13 15:23:59]--[mydisk_cgi.c:471]--buf = {
    "count": 10,
    "start": 0,
    "token": "33",
    "user": "lp13773477582"
}

[2020-03-13 15:23:59]--[mydisk_cgi.c:506]--user = vyUyGIUPr84M7jSX+NqX3Q==, token = 33, start = 0, count = 10
[2020-03-13 15:23:59]--[mydisk_cgi.c:286]--select user_file_list.*,file_info.url,file_info.size,file_info.type from file_info,user_file_list where user='vyUyGIUPr84M7jSX+NqX3Q==' and file_info.md5=user_file_list.md5 limit 0,10 在操作
[2020-03-13 15:24:59]--[mydisk_cgi.c:438]--query cmd=count
[2020-03-13 15:24:59]--[mydisk_cgi.c:471]--buf = {
    "token": "72",
    "user": "lp13773477582"
}

[2020-03-13 15:24:59]--[mydisk_cgi.c:438]--query cmd=normal
[2020-03-13 15:24:59]--[mydisk_cgi.c:471]--buf = {
    "count": 10,
    "start": 0,
    "token": "72",
    "user": "lp13773477582"
}

[2020-03-13 15:24:59]--[mydisk_cgi.c:506]--user = vyUyGIUPr84M7jSX+NqX3Q==, token = 72, start = 0, count = 10
[2020-03-13 15:24:59]--[mydisk_cgi.c:286]--select user_file_list.*,file_info.url,file_info.size,file_info.type from file_info,user_file_list where user='vyUyGIUPr84M7jSX+NqX3Q==' and file_info.md5=user_file_list.md5 limit 0,10 在操作
[2020-03-13 15:27:04]--[mydisk_cgi.c:438]--query cmd=count
[2020-03-13 15:27:04]--[mydisk_cgi.c:471]--buf = {
    "token": "7b",
    "user": "lp13773477582"
}

[2020-03-13 15:27:05]--[mydisk_cgi.c:438]--query cmd=normal
[2020-03-13 15:27:05]--[mydisk_cgi.c:471]--buf = {
    "count": 10,
    "start": 0,
    "token": "7b",
    "user": "lp13773477582"
}

[2020-03-13 15:27:05]--[mydisk_cgi.c:506]--user = vyUyGIUPr84M7jSX+NqX3Q==, token = 7b, start = 0, count = 10
[2020-03-13 15:27:05]--[mydisk_cgi.c:286]--select user_file_list.*,file_info.url,file_info.size,file_info.type from file_info,user_file_list where user='vyUyGIUPr84M7jSX+NqX3Q==' and file_info.md5=user_file_list.md5 limit 0,10 在操作
[2020-03-13 15:27:08]--[mydisk_cgi.c:438]--query cmd=count
[2020-03-13 15:27:08]--[mydisk_cgi.c:471]--buf = {
    "token": "7b",
    "user": "lp13773477582"
}

[2020-03-13 15:27:08]--[mydisk_cgi.c:438]--query cmd=normal
[2020-03-13 15:27:08]--[mydisk_cgi.c:471]--buf = {
    "count": 10,
    "start": 0,
    "token": "7b",
    "user": "lp13773477582"
}

[2020-03-13 15:27:08]--[mydisk_cgi.c:506]--user = vyUyGIUPr84M7jSX+NqX3Q==, token = 7b, start = 0, count = 10
[2020-03-13 15:27:08]--[mydisk_cgi.c:286]--select user_file_list.*,file_info.url,file_info.size,file_info.type from file_info,user_file_list where user='vyUyGIUPr84M7jSX+NqX3Q==' and file_info.md5=user_file_list.md5 limit 0,10 在操作
[2020-03-13 15:27:58]--[mydisk_cgi.c:438]--query cmd=count
[2020-03-13 15:27:58]--[mydisk_cgi.c:471]--buf = {
    "token": "7b",
    "user": "lp13773477582"
}

[2020-03-13 15:27:58]--[mydisk_cgi.c:438]--query cmd=normal
[2020-03-13 15:27:58]--[mydisk_cgi.c:471]--buf = {
    "count": 10,
    "start": 0,
    "token": "7b",
    "user": "lp13773477582"
}

[2020-03-13 15:27:58]--[mydisk_cgi.c:506]--user = vyUyGIUPr84M7jSX+NqX3Q==, token = 7b, start = 0, count = 10
[2020-03-13 15:27:58]--[mydisk_cgi.c:286]--select user_file_list.*,file_info.url,file_info.size,file_info.type from file_info,user_file_list where user='vyUyGIUPr84M7jSX+NqX3Q==' and file_info.md5=user_file_list.md5 limit 0,10 在操作
[2020-03-13 15:28:06]--[mydisk_cgi.c:438]--query cmd=count
[2020-03-13 15:28:06]--[mydisk_cgi.c:471]--buf = {
    "token": "7b",
    "user": "lp13773477582"
}

[2020-03-13 15:28:06]--[mydisk_cgi.c:438]--query cmd=normal
[2020-03-13 15:28:06]--[mydisk_cgi.c:471]--buf = {
    "count": 10,
    "start": 0,
    "token": "7b",
    "user": "lp13773477582"
}

[2020-03-13 15:28:06]--[mydisk_cgi.c:506]--user = vyUyGIUPr84M7jSX+NqX3Q==, token = 7b, start = 0, count = 10
[2020-03-13 15:28:06]--[mydisk_cgi.c:286]--select user_file_list.*,file_info.url,file_info.size,file_info.type from file_info,user_file_list where user='vyUyGIUPr84M7jSX+NqX3Q==' and file_info.md5=user_file_list.md5 limit 0,10 在操作
[2020-03-13 15:28:08]--[mydisk_cgi.c:438]--query cmd=count
[2020-03-13 15:28:08]--[mydisk_cgi.c:471]--buf = {
    "token": "7b",
    "user": "lp13773477582"
}

[2020-03-13 15:28:08]--[mydisk_cgi.c:438]--query cmd=normal
[2020-03-13 15:28:08]--[mydisk_cgi.c:471]--buf = {
    "count": 10,
    "start": 0,
    "token": "7b",
    "user": "lp13773477582"
}

[2020-03-13 15:28:08]--[mydisk_cgi.c:506]--user = vyUyGIUPr84M7jSX+NqX3Q==, token = 7b, start = 0, count = 10
[2020-03-13 15:28:08]--[mydisk_cgi.c:286]--select user_file_list.*,file_info.url,file_info.size,file_info.type from file_info,user_file_list where user='vyUyGIUPr84M7jSX+NqX3Q==' and file_info.md5=user_file_list.md5 limit 0,10 在操作
[2020-03-13 15:34:31]--[mydisk_cgi.c:438]--query cmd=count
[2020-03-13 15:34:31]--[mydisk_cgi.c:471]--buf = {
    "token": "3a",
    "user": "lp13773477582"
}

[2020-03-13 15:34:31]--[mydisk_cgi.c:438]--query cmd=normal
[2020-03-13 15:34:31]--[mydisk_cgi.c:471]--buf = {
    "count": 10,
    "start": 0,
    "token": "3a",
    "user": "lp13773477582"
}

[2020-03-13 15:34:31]--[mydisk_cgi.c:506]--user = vyUyGIUPr84M7jSX+NqX3Q==, token = 3a, start = 0, count = 10
[2020-03-13 15:34:31]--[mydisk_cgi.c:286]--select user_file_list.*,file_info.url,file_info.size,file_info.type from file_info,user_file_list where user='vyUyGIUPr84M7jSX+NqX3Q==' and file_info.md5=user_file_list.md5 limit 0,10 在操作
[2020-03-13 15:34:31]--[mydisk_cgi.c:438]--query cmd=normal
[2020-03-13 15:34:31]--[mydisk_cgi.c:471]--buf = {
    "count": 1,
    "start": 10,
    "token": "3a",
    "user": "lp13773477582"
}

[2020-03-13 15:34:31]--[mydisk_cgi.c:506]--user = vyUyGIUPr84M7jSX+NqX3Q==, token = 3a, start = 10, count = 1
[2020-03-13 15:34:31]--[mydisk_cgi.c:286]--select user_file_list.*,file_info.url,file_info.size,file_info.type from file_info,user_file_list where user='vyUyGIUPr84M7jSX+NqX3Q==' and file_info.md5=user_file_list.md5 limit 10,1 在操作
[2020-03-13 15:34:59]--[mydisk_cgi.c:438]--query cmd=count
[2020-03-13 15:34:59]--[mydisk_cgi.c:471]--buf = {
    "token": "c4",
    "user": "lp13773477582"
}

[2020-03-13 15:34:59]--[mydisk_cgi.c:438]--query cmd=normal
[2020-03-13 15:34:59]--[mydisk_cgi.c:471]--buf = {
    "count": 10,
    "start": 0,
    "token": "c4",
    "user": "lp13773477582"
}

[2020-03-13 15:34:59]--[mydisk_cgi.c:506]--user = vyUyGIUPr84M7jSX+NqX3Q==, token = c4, start = 0, count = 10
[2020-03-13 15:34:59]--[mydisk_cgi.c:286]--select user_file_list.*,file_info.url,file_info.size,file_info.type from file_info,user_file_list where user='vyUyGIUPr84M7jSX+NqX3Q==' and file_info.md5=user_file_list.md5 limit 0,10 在操作
[2020-03-13 15:34:59]--[mydisk_cgi.c:438]--query cmd=normal
[2020-03-13 15:34:59]--[mydisk_cgi.c:471]--buf = {
    "count": 1,
    "start": 10,
    "token": "c4",
    "user": "lp13773477582"
}

[2020-03-13 15:34:59]--[mydisk_cgi.c:506]--user = vyUyGIUPr84M7jSX+NqX3Q==, token = c4, start = 10, count = 1
[2020-03-13 15:34:59]--[mydisk_cgi.c:286]--select user_file_list.*,file_info.url,file_info.size,file_info.type from file_info,user_file_list where user='vyUyGIUPr84M7jSX+NqX3Q==' and file_info.md5=user_file_list.md5 limit 10,1 在操作
[2020-03-13 15:35:07]--[mydisk_cgi.c:438]--query cmd=count
[2020-03-13 15:35:07]--[mydisk_cgi.c:471]--buf = {
    "token": "c4",
    "user": "lp13773477582"
}

[2020-03-13 15:35:07]--[mydisk_cgi.c:438]--query cmd=normal
[2020-03-13 15:35:07]--[mydisk_cgi.c:471]--buf = {
    "count": 10,
    "start": 0,
    "token": "c4",
    "user": "lp13773477582"
}

[2020-03-13 15:35:07]--[mydisk_cgi.c:506]--user = vyUyGIUPr84M7jSX+NqX3Q==, token = c4, start = 0, count = 10
[2020-03-13 15:35:07]--[mydisk_cgi.c:286]--select user_file_list.*,file_info.url,file_info.size,file_info.type from file_info,user_file_list where user='vyUyGIUPr84M7jSX+NqX3Q==' and file_info.md5=user_file_list.md5 limit 0,10 在操作
[2020-03-13 15:35:07]--[mydisk_cgi.c:438]--query cmd=normal
[2020-03-13 15:35:07]--[mydisk_cgi.c:471]--buf = {
    "count": 1,
    "start": 10,
    "token": "c4",
    "user": "lp13773477582"
}

[2020-03-13 15:35:07]--[mydisk_cgi.c:506]--user = vyUyGIUPr84M7jSX+NqX3Q==, token = c4, start = 10, count = 1
[2020-03-13 15:35:07]--[mydisk_cgi.c:286]--select user_file_list.*,file_info.url,file_info.size,file_info.type from file_info,user_file_list where user='vyUyGIUPr84M7jSX+NqX3Q==' and file_info.md5=user_file_list.md5 limit 10,1 在操作
