[2020-03-15 15:15:12]--[sharefile_cgi.c:309]--cmd = count
[2020-03-15 15:15:12]--[sharefile_cgi.c:77]--line = 2
[2020-03-15 15:15:12]--[sharefile_cgi.c:309]--cmd = normal
[2020-03-15 15:15:12]--[sharefile_cgi.c:345]--buf = {
    "count": 2,
    "start": 0
}

[2020-03-15 15:15:12]--[sharefile_cgi.c:351]--start = 0, count = 2
[2020-03-15 15:15:12]--[sharefile_cgi.c:157]--select share_file_list.*,file_info.url,file_info.size,file_info.type  from file_info,share_file_list where file_info.md5 = share_file_list.md5 limit 0,2 在操作
[2020-03-15 15:15:12]--[sharefile_cgi.c:254]--{
	"files":	[{
			"user":	"vyUyGIUPr84M7jSX+NqX3Q==",
			"md5":	"ca7410cbdbf4ff5c31932ba985daeaba",
			"time":	"2020-03-14 20:59:12",
			"filename":	"bmp.png",
			"sharestatus":	1,
			"pv":	0,
			"url":	"http:// 192.168.43.34:80/group1/M00/00/00/wKgrIl5eJ-eAQcN-AABf_Rg9GcI147.png",
			"size":	24573,
			"type":	"png"
		}, {
			"user":	"vyUyGIUPr84M7jSX+NqX3Q==",
			"md5":	"68998a52de5e0dd4f081329b0d6bf736",
			"time":	"2020-03-14 20:59:18",
			"filename":	"jsf.png",
			"sharestatus":	1,
			"pv":	0,
			"url":	"http:// 192.168.43.34:80/group1/M00/00/00/wKgrIl5eLvGAc8qzAABQHUoyPCU339.png",
			"size":	20509,
			"type":	"png"
		}]
}
[2020-03-15 15:37:40]--[sharefile_cgi.c:309]--cmd = count
[2020-03-15 15:37:40]--[sharefile_cgi.c:77]--line = 2
[2020-03-15 15:37:40]--[sharefile_cgi.c:309]--cmd = normal
[2020-03-15 15:37:40]--[sharefile_cgi.c:345]--buf = {
    "count": 2,
    "start": 0
}

[2020-03-15 15:37:40]--[sharefile_cgi.c:351]--start = 0, count = 2
[2020-03-15 15:37:40]--[sharefile_cgi.c:157]--select share_file_list.*,file_info.url,file_info.size,file_info.type  from file_info,share_file_list where file_info.md5 = share_file_list.md5 limit 0,2 在操作
[2020-03-15 15:37:40]--[sharefile_cgi.c:254]--{
	"files":	[{
			"user":	"vyUyGIUPr84M7jSX+NqX3Q==",
			"md5":	"ca7410cbdbf4ff5c31932ba985daeaba",
			"time":	"2020-03-14 20:59:12",
			"filename":	"bmp.png",
			"sharestatus":	1,
			"pv":	0,
			"url":	"http:// 192.168.43.34:80/group1/M00/00/00/wKgrIl5eJ-eAQcN-AABf_Rg9GcI147.png",
			"size":	24573,
			"type":	"png"
		}, {
			"user":	"vyUyGIUPr84M7jSX+NqX3Q==",
			"md5":	"68998a52de5e0dd4f081329b0d6bf736",
			"time":	"2020-03-14 20:59:18",
			"filename":	"jsf.png",
			"sharestatus":	1,
			"pv":	0,
			"url":	"http:// 192.168.43.34:80/group1/M00/00/00/wKgrIl5eLvGAc8qzAABQHUoyPCU339.png",
			"size":	20509,
			"type":	"png"
		}]
}
[2020-03-15 15:39:18]--[sharefile_cgi.c:309]--cmd = count
[2020-03-15 15:39:18]--[sharefile_cgi.c:77]--line = 2
[2020-03-15 15:39:18]--[sharefile_cgi.c:309]--cmd = normal
[2020-03-15 15:39:18]--[sharefile_cgi.c:345]--buf = {
    "count": 2,
    "start": 0
}

[2020-03-15 15:39:18]--[sharefile_cgi.c:351]--start = 0, count = 2
[2020-03-15 15:39:18]--[sharefile_cgi.c:157]--select share_file_list.*,file_info.url,file_info.size,file_info.type  from file_info,share_file_list where file_info.md5 = share_file_list.md5 limit 0,2 在操作
[2020-03-15 15:39:18]--[sharefile_cgi.c:254]--{
	"files":	[{
			"user":	"vyUyGIUPr84M7jSX+NqX3Q==",
			"md5":	"ca7410cbdbf4ff5c31932ba985daeaba",
			"time":	"2020-03-14 20:59:12",
			"filename":	"bmp.png",
			"sharestatus":	1,
			"pv":	0,
			"url":	"http:// 192.168.43.34:80/group1/M00/00/00/wKgrIl5eJ-eAQcN-AABf_Rg9GcI147.png",
			"size":	24573,
			"type":	"png"
		}, {
			"user":	"vyUyGIUPr84M7jSX+NqX3Q==",
			"md5":	"68998a52de5e0dd4f081329b0d6bf736",
			"time":	"2020-03-14 20:59:18",
			"filename":	"jsf.png",
			"sharestatus":	1,
			"pv":	0,
			"url":	"http:// 192.168.43.34:80/group1/M00/00/00/wKgrIl5eLvGAc8qzAABQHUoyPCU339.png",
			"size":	20509,
			"type":	"png"
		}]
}
[2020-03-15 15:39:20]--[sharefile_cgi.c:309]--cmd = count
[2020-03-15 15:39:20]--[sharefile_cgi.c:77]--line = 2
[2020-03-15 15:39:20]--[sharefile_cgi.c:309]--cmd = normal
[2020-03-15 15:39:20]--[sharefile_cgi.c:345]--buf = {
    "count": 2,
    "start": 0
}

[2020-03-15 15:39:20]--[sharefile_cgi.c:351]--start = 0, count = 2
[2020-03-15 15:39:20]--[sharefile_cgi.c:157]--select share_file_list.*,file_info.url,file_info.size,file_info.type  from file_info,share_file_list where file_info.md5 = share_file_list.md5 limit 0,2 在操作
[2020-03-15 15:39:20]--[sharefile_cgi.c:254]--{
	"files":	[{
			"user":	"vyUyGIUPr84M7jSX+NqX3Q==",
			"md5":	"ca7410cbdbf4ff5c31932ba985daeaba",
			"time":	"2020-03-14 20:59:12",
			"filename":	"bmp.png",
			"sharestatus":	1,
			"pv":	0,
			"url":	"http:// 192.168.43.34:80/group1/M00/00/00/wKgrIl5eJ-eAQcN-AABf_Rg9GcI147.png",
			"size":	24573,
			"type":	"png"
		}, {
			"user":	"vyUyGIUPr84M7jSX+NqX3Q==",
			"md5":	"68998a52de5e0dd4f081329b0d6bf736",
			"time":	"2020-03-14 20:59:18",
			"filename":	"jsf.png",
			"sharestatus":	1,
			"pv":	0,
			"url":	"http:// 192.168.43.34:80/group1/M00/00/00/wKgrIl5eLvGAc8qzAABQHUoyPCU339.png",
			"size":	20509,
			"type":	"png"
		}]
}
[2020-03-15 16:14:02]--[sharefile_cgi.c:309]--cmd = count
[2020-03-15 16:14:02]--[sharefile_cgi.c:77]--line = 2
[2020-03-15 16:14:02]--[sharefile_cgi.c:309]--cmd = normal
[2020-03-15 16:14:02]--[sharefile_cgi.c:345]--buf = {
    "count": 2,
    "start": 0
}

[2020-03-15 16:14:02]--[sharefile_cgi.c:351]--start = 0, count = 2
[2020-03-15 16:14:02]--[sharefile_cgi.c:157]--select share_file_list.*,file_info.url,file_info.size,file_info.type  from file_info,share_file_list where file_info.md5 = share_file_list.md5 limit 0,2 在操作
[2020-03-15 16:14:02]--[sharefile_cgi.c:254]--{
	"files":	[{
			"user":	"vyUyGIUPr84M7jSX+NqX3Q==",
			"md5":	"ca7410cbdbf4ff5c31932ba985daeaba",
			"time":	"2020-03-14 20:59:12",
			"filename":	"bmp.png",
			"sharestatus":	1,
			"pv":	0,
			"url":	"http:// 192.168.43.34:80/group1/M00/00/00/wKgrIl5eJ-eAQcN-AABf_Rg9GcI147.png",
			"size":	24573,
			"type":	"png"
		}, {
			"user":	"vyUyGIUPr84M7jSX+NqX3Q==",
			"md5":	"68998a52de5e0dd4f081329b0d6bf736",
			"time":	"2020-03-14 20:59:18",
			"filename":	"jsf.png",
			"sharestatus":	1,
			"pv":	0,
			"url":	"http:// 192.168.43.34:80/group1/M00/00/00/wKgrIl5eLvGAc8qzAABQHUoyPCU339.png",
			"size":	20509,
			"type":	"png"
		}]
}
[2020-03-15 16:14:23]--[sharefile_cgi.c:309]--cmd = count
[2020-03-15 16:14:23]--[sharefile_cgi.c:77]--line = 2
[2020-03-15 16:14:23]--[sharefile_cgi.c:309]--cmd = normal
[2020-03-15 16:14:23]--[sharefile_cgi.c:345]--buf = {
    "count": 2,
    "start": 0
}

[2020-03-15 16:14:23]--[sharefile_cgi.c:351]--start = 0, count = 2
[2020-03-15 16:14:23]--[sharefile_cgi.c:157]--select share_file_list.*,file_info.url,file_info.size,file_info.type  from file_info,share_file_list where file_info.md5 = share_file_list.md5 limit 0,2 在操作
[2020-03-15 16:14:23]--[sharefile_cgi.c:254]--{
	"files":	[{
			"user":	"vyUyGIUPr84M7jSX+NqX3Q==",
			"md5":	"ca7410cbdbf4ff5c31932ba985daeaba",
			"time":	"2020-03-14 20:59:12",
			"filename":	"bmp.png",
			"sharestatus":	1,
			"pv":	0,
			"url":	"http:// 192.168.43.34:80/group1/M00/00/00/wKgrIl5eJ-eAQcN-AABf_Rg9GcI147.png",
			"size":	24573,
			"type":	"png"
		}, {
			"user":	"vyUyGIUPr84M7jSX+NqX3Q==",
			"md5":	"68998a52de5e0dd4f081329b0d6bf736",
			"time":	"2020-03-14 20:59:18",
			"filename":	"jsf.png",
			"sharestatus":	1,
			"pv":	0,
			"url":	"http:// 192.168.43.34:80/group1/M00/00/00/wKgrIl5eLvGAc8qzAABQHUoyPCU339.png",
			"size":	20509,
			"type":	"png"
		}]
}
[2020-03-15 16:15:00]--[sharefile_cgi.c:309]--cmd = count
[2020-03-15 16:15:00]--[sharefile_cgi.c:77]--line = 2
[2020-03-15 16:15:00]--[sharefile_cgi.c:309]--cmd = normal
[2020-03-15 16:15:00]--[sharefile_cgi.c:345]--buf = {
    "count": 2,
    "start": 0
}

[2020-03-15 16:15:00]--[sharefile_cgi.c:351]--start = 0, count = 2
[2020-03-15 16:15:00]--[sharefile_cgi.c:157]--select share_file_list.*,file_info.url,file_info.size,file_info.type  from file_info,share_file_list where file_info.md5 = share_file_list.md5 limit 0,2 在操作
[2020-03-15 16:15:00]--[sharefile_cgi.c:254]--{
	"files":	[{
			"user":	"vyUyGIUPr84M7jSX+NqX3Q==",
			"md5":	"ca7410cbdbf4ff5c31932ba985daeaba",
			"time":	"2020-03-14 20:59:12",
			"filename":	"bmp.png",
			"sharestatus":	1,
			"pv":	0,
			"url":	"http:// 192.168.43.34:80/group1/M00/00/00/wKgrIl5eJ-eAQcN-AABf_Rg9GcI147.png",
			"size":	24573,
			"type":	"png"
		}, {
			"user":	"vyUyGIUPr84M7jSX+NqX3Q==",
			"md5":	"68998a52de5e0dd4f081329b0d6bf736",
			"time":	"2020-03-14 20:59:18",
			"filename":	"jsf.png",
			"sharestatus":	1,
			"pv":	0,
			"url":	"http:// 192.168.43.34:80/group1/M00/00/00/wKgrIl5eLvGAc8qzAABQHUoyPCU339.png",
			"size":	20509,
			"type":	"png"
		}]
}
[2020-03-15 16:15:04]--[sharefile_cgi.c:309]--cmd = count
[2020-03-15 16:15:04]--[sharefile_cgi.c:77]--line = 2
[2020-03-15 16:15:04]--[sharefile_cgi.c:309]--cmd = normal
[2020-03-15 16:15:04]--[sharefile_cgi.c:345]--buf = {
    "count": 2,
    "start": 0
}

[2020-03-15 16:15:04]--[sharefile_cgi.c:351]--start = 0, count = 2
[2020-03-15 16:15:04]--[sharefile_cgi.c:157]--select share_file_list.*,file_info.url,file_info.size,file_info.type  from file_info,share_file_list where file_info.md5 = share_file_list.md5 limit 0,2 在操作
[2020-03-15 16:15:04]--[sharefile_cgi.c:254]--{
	"files":	[{
			"user":	"vyUyGIUPr84M7jSX+NqX3Q==",
			"md5":	"ca7410cbdbf4ff5c31932ba985daeaba",
			"time":	"2020-03-14 20:59:12",
			"filename":	"bmp.png",
			"sharestatus":	1,
			"pv":	0,
			"url":	"http:// 192.168.43.34:80/group1/M00/00/00/wKgrIl5eJ-eAQcN-AABf_Rg9GcI147.png",
			"size":	24573,
			"type":	"png"
		}, {
			"user":	"vyUyGIUPr84M7jSX+NqX3Q==",
			"md5":	"68998a52de5e0dd4f081329b0d6bf736",
			"time":	"2020-03-14 20:59:18",
			"filename":	"jsf.png",
			"sharestatus":	1,
			"pv":	0,
			"url":	"http:// 192.168.43.34:80/group1/M00/00/00/wKgrIl5eLvGAc8qzAABQHUoyPCU339.png",
			"size":	20509,
			"type":	"png"
		}]
}
[2020-03-15 17:14:46]--[sharefile_cgi.c:309]--cmd = count
[2020-03-15 17:14:46]--[sharefile_cgi.c:77]--line = 2
[2020-03-15 17:14:46]--[sharefile_cgi.c:309]--cmd = normal
[2020-03-15 17:14:46]--[sharefile_cgi.c:345]--buf = {
    "count": 2,
    "start": 0
}

[2020-03-15 17:14:46]--[sharefile_cgi.c:351]--start = 0, count = 2
[2020-03-15 17:14:46]--[sharefile_cgi.c:157]--select share_file_list.*,file_info.url,file_info.size,file_info.type  from file_info,share_file_list where file_info.md5 = share_file_list.md5 limit 0,2 在操作
[2020-03-15 17:14:46]--[sharefile_cgi.c:254]--{
	"files":	[{
			"user":	"vyUyGIUPr84M7jSX+NqX3Q==",
			"md5":	"ca7410cbdbf4ff5c31932ba985daeaba",
			"time":	"2020-03-14 20:59:12",
			"filename":	"bmp.png",
			"sharestatus":	1,
			"pv":	0,
			"url":	"http:// 192.168.43.34:80/group1/M00/00/00/wKgrIl5eJ-eAQcN-AABf_Rg9GcI147.png",
			"size":	24573,
			"type":	"png"
		}, {
			"user":	"vyUyGIUPr84M7jSX+NqX3Q==",
			"md5":	"68998a52de5e0dd4f081329b0d6bf736",
			"time":	"2020-03-14 20:59:18",
			"filename":	"jsf.png",
			"sharestatus":	1,
			"pv":	0,
			"url":	"http:// 192.168.43.34:80/group1/M00/00/00/wKgrIl5eLvGAc8qzAABQHUoyPCU339.png",
			"size":	20509,
			"type":	"png"
		}]
}
[2020-03-15 17:14:49]--[sharefile_cgi.c:309]--cmd = count
[2020-03-15 17:14:49]--[sharefile_cgi.c:77]--line = 2
[2020-03-15 17:14:50]--[sharefile_cgi.c:309]--cmd = normal
[2020-03-15 17:14:50]--[sharefile_cgi.c:345]--buf = {
    "count": 2,
    "start": 0
}

[2020-03-15 17:14:50]--[sharefile_cgi.c:351]--start = 0, count = 2
[2020-03-15 17:14:50]--[sharefile_cgi.c:157]--select share_file_list.*,file_info.url,file_info.size,file_info.type  from file_info,share_file_list where file_info.md5 = share_file_list.md5 limit 0,2 在操作
[2020-03-15 17:14:50]--[sharefile_cgi.c:254]--{
	"files":	[{
			"user":	"vyUyGIUPr84M7jSX+NqX3Q==",
			"md5":	"ca7410cbdbf4ff5c31932ba985daeaba",
			"time":	"2020-03-14 20:59:12",
			"filename":	"bmp.png",
			"sharestatus":	1,
			"pv":	0,
			"url":	"http:// 192.168.43.34:80/group1/M00/00/00/wKgrIl5eJ-eAQcN-AABf_Rg9GcI147.png",
			"size":	24573,
			"type":	"png"
		}, {
			"user":	"vyUyGIUPr84M7jSX+NqX3Q==",
			"md5":	"68998a52de5e0dd4f081329b0d6bf736",
			"time":	"2020-03-14 20:59:18",
			"filename":	"jsf.png",
			"sharestatus":	1,
			"pv":	0,
			"url":	"http:// 192.168.43.34:80/group1/M00/00/00/wKgrIl5eLvGAc8qzAABQHUoyPCU339.png",
			"size":	20509,
			"type":	"png"
		}]
}
[2020-03-15 17:14:53]--[sharefile_cgi.c:309]--cmd = count
[2020-03-15 17:14:53]--[sharefile_cgi.c:77]--line = 2
[2020-03-15 17:14:53]--[sharefile_cgi.c:309]--cmd = normal
[2020-03-15 17:14:53]--[sharefile_cgi.c:345]--buf = {
    "count": 2,
    "start": 0
}

[2020-03-15 17:14:53]--[sharefile_cgi.c:351]--start = 0, count = 2
[2020-03-15 17:14:53]--[sharefile_cgi.c:157]--select share_file_list.*,file_info.url,file_info.size,file_info.type  from file_info,share_file_list where file_info.md5 = share_file_list.md5 limit 0,2 在操作
[2020-03-15 17:14:53]--[sharefile_cgi.c:254]--{
	"files":	[{
			"user":	"vyUyGIUPr84M7jSX+NqX3Q==",
			"md5":	"ca7410cbdbf4ff5c31932ba985daeaba",
			"time":	"2020-03-14 20:59:12",
			"filename":	"bmp.png",
			"sharestatus":	1,
			"pv":	0,
			"url":	"http:// 192.168.43.34:80/group1/M00/00/00/wKgrIl5eJ-eAQcN-AABf_Rg9GcI147.png",
			"size":	24573,
			"type":	"png"
		}, {
			"user":	"vyUyGIUPr84M7jSX+NqX3Q==",
			"md5":	"68998a52de5e0dd4f081329b0d6bf736",
			"time":	"2020-03-14 20:59:18",
			"filename":	"jsf.png",
			"sharestatus":	1,
			"pv":	0,
			"url":	"http:// 192.168.43.34:80/group1/M00/00/00/wKgrIl5eLvGAc8qzAABQHUoyPCU339.png",
			"size":	20509,
			"type":	"png"
		}]
}
[2020-03-15 17:15:01]--[sharefile_cgi.c:309]--cmd = count
[2020-03-15 17:15:01]--[sharefile_cgi.c:77]--line = 2
[2020-03-15 17:15:01]--[sharefile_cgi.c:309]--cmd = normal
[2020-03-15 17:15:01]--[sharefile_cgi.c:345]--buf = {
    "count": 2,
    "start": 0
}

[2020-03-15 17:15:01]--[sharefile_cgi.c:351]--start = 0, count = 2
[2020-03-15 17:15:01]--[sharefile_cgi.c:157]--select share_file_list.*,file_info.url,file_info.size,file_info.type  from file_info,share_file_list where file_info.md5 = share_file_list.md5 limit 0,2 在操作
[2020-03-15 17:15:01]--[sharefile_cgi.c:254]--{
	"files":	[{
			"user":	"vyUyGIUPr84M7jSX+NqX3Q==",
			"md5":	"ca7410cbdbf4ff5c31932ba985daeaba",
			"time":	"2020-03-14 20:59:12",
			"filename":	"bmp.png",
			"sharestatus":	1,
			"pv":	0,
			"url":	"http:// 192.168.43.34:80/group1/M00/00/00/wKgrIl5eJ-eAQcN-AABf_Rg9GcI147.png",
			"size":	24573,
			"type":	"png"
		}, {
			"user":	"vyUyGIUPr84M7jSX+NqX3Q==",
			"md5":	"68998a52de5e0dd4f081329b0d6bf736",
			"time":	"2020-03-14 20:59:18",
			"filename":	"jsf.png",
			"sharestatus":	1,
			"pv":	0,
			"url":	"http:// 192.168.43.34:80/group1/M00/00/00/wKgrIl5eLvGAc8qzAABQHUoyPCU339.png",
			"size":	20509,
			"type":	"png"
		}]
}
[2020-03-15 17:15:08]--[sharefile_cgi.c:309]--cmd = count
[2020-03-15 17:15:08]--[sharefile_cgi.c:77]--line = 2
[2020-03-15 17:15:08]--[sharefile_cgi.c:309]--cmd = normal
[2020-03-15 17:15:08]--[sharefile_cgi.c:345]--buf = {
    "count": 2,
    "start": 0
}

[2020-03-15 17:15:08]--[sharefile_cgi.c:351]--start = 0, count = 2
[2020-03-15 17:15:08]--[sharefile_cgi.c:157]--select share_file_list.*,file_info.url,file_info.size,file_info.type  from file_info,share_file_list where file_info.md5 = share_file_list.md5 limit 0,2 在操作
[2020-03-15 17:15:08]--[sharefile_cgi.c:254]--{
	"files":	[{
			"user":	"vyUyGIUPr84M7jSX+NqX3Q==",
			"md5":	"ca7410cbdbf4ff5c31932ba985daeaba",
			"time":	"2020-03-14 20:59:12",
			"filename":	"bmp.png",
			"sharestatus":	1,
			"pv":	0,
			"url":	"http:// 192.168.43.34:80/group1/M00/00/00/wKgrIl5eJ-eAQcN-AABf_Rg9GcI147.png",
			"size":	24573,
			"type":	"png"
		}, {
			"user":	"vyUyGIUPr84M7jSX+NqX3Q==",
			"md5":	"68998a52de5e0dd4f081329b0d6bf736",
			"time":	"2020-03-14 20:59:18",
			"filename":	"jsf.png",
			"sharestatus":	1,
			"pv":	0,
			"url":	"http:// 192.168.43.34:80/group1/M00/00/00/wKgrIl5eLvGAc8qzAABQHUoyPCU339.png",
			"size":	20509,
			"type":	"png"
		}]
}
