[2020-03-16 15:41:19]--[sharefile_cgi.c:36]--mysql:[user=root,pwd=lp86282176,database=cloud_disk][2020-03-16 15:41:19]--[sharefile_cgi.c:41]--redis:[ip=127.0.0.1,port=6379]
[2020-03-16 15:45:02]--[sharefile_cgi.c:535]--cmd = count
[2020-03-16 15:45:03]--[sharefile_cgi.c:77]--line = 2
[2020-03-16 15:45:03]--[sharefile_cgi.c:535]--cmd = normal
[2020-03-16 15:45:03]--[sharefile_cgi.c:571]--buf = {
    "count": 2,
    "start": 0
}

[2020-03-16 15:45:03]--[sharefile_cgi.c:577]--start = 0, count = 2
[2020-03-16 15:45:03]--[sharefile_cgi.c:157]--select share_file_list.*,file_info.url,file_info.size,file_info.type  from file_info,share_file_list where file_info.md5 = share_file_list.md5 limit 0,2 在操作
[2020-03-16 15:45:03]--[sharefile_cgi.c:254]--{
	"files":	[{
			"user":	"vyUyGIUPr84M7jSX+NqX3Q==",
			"md5":	"ca7410cbdbf4ff5c31932ba985daeaba",
			"time":	"2020-03-14 20:59:12",
			"filename":	"bmp.png",
			"sharestatus":	1,
			"pv":	0,
			"url":	"http:// 192.168.43.34:80/group1/M00/00/00/wKgrIl5eJ-eAQcN-AABf_Rg9GcI147.png",
			"size":	24573,
			"type":	"png"
		}, {
			"user":	"vyUyGIUPr84M7jSX+NqX3Q==",
			"md5":	"68998a52de5e0dd4f081329b0d6bf736",
			"time":	"2020-03-14 20:59:18",
			"filename":	"jsf.png",
			"sharestatus":	1,
			"pv":	0,
			"url":	"http:// 192.168.43.34:80/group1/M00/00/00/wKgrIl5eLvGAc8qzAABQHUoyPCU339.png",
			"size":	20509,
			"type":	"png"
		}]
}
[2020-03-16 15:46:27]--[sharefile_cgi.c:535]--cmd = count
[2020-03-16 15:46:27]--[sharefile_cgi.c:77]--line = 2
[2020-03-16 15:46:27]--[sharefile_cgi.c:535]--cmd = normal
[2020-03-16 15:46:27]--[sharefile_cgi.c:571]--buf = {
    "count": 2,
    "start": 0
}

[2020-03-16 15:46:27]--[sharefile_cgi.c:577]--start = 0, count = 2
[2020-03-16 15:46:27]--[sharefile_cgi.c:157]--select share_file_list.*,file_info.url,file_info.size,file_info.type  from file_info,share_file_list where file_info.md5 = share_file_list.md5 limit 0,2 在操作
[2020-03-16 15:46:27]--[sharefile_cgi.c:254]--{
	"files":	[{
			"user":	"vyUyGIUPr84M7jSX+NqX3Q==",
			"md5":	"ca7410cbdbf4ff5c31932ba985daeaba",
			"time":	"2020-03-14 20:59:12",
			"filename":	"bmp.png",
			"sharestatus":	1,
			"pv":	0,
			"url":	"http:// 192.168.43.34:80/group1/M00/00/00/wKgrIl5eJ-eAQcN-AABf_Rg9GcI147.png",
			"size":	24573,
			"type":	"png"
		}, {
			"user":	"vyUyGIUPr84M7jSX+NqX3Q==",
			"md5":	"68998a52de5e0dd4f081329b0d6bf736",
			"time":	"2020-03-14 20:59:18",
			"filename":	"jsf.png",
			"sharestatus":	1,
			"pv":	0,
			"url":	"http:// 192.168.43.34:80/group1/M00/00/00/wKgrIl5eLvGAc8qzAABQHUoyPCU339.png",
			"size":	20509,
			"type":	"png"
		}]
}
[2020-03-16 15:46:29]--[sharefile_cgi.c:535]--cmd = count
[2020-03-16 15:46:29]--[sharefile_cgi.c:77]--line = 2
[2020-03-16 15:46:29]--[sharefile_cgi.c:535]--cmd = normal
[2020-03-16 15:46:29]--[sharefile_cgi.c:571]--buf = {
    "count": 2,
    "start": 0
}

[2020-03-16 15:46:29]--[sharefile_cgi.c:577]--start = 0, count = 2
[2020-03-16 15:46:29]--[sharefile_cgi.c:157]--select share_file_list.*,file_info.url,file_info.size,file_info.type  from file_info,share_file_list where file_info.md5 = share_file_list.md5 limit 0,2 在操作
[2020-03-16 15:46:29]--[sharefile_cgi.c:254]--{
	"files":	[{
			"user":	"vyUyGIUPr84M7jSX+NqX3Q==",
			"md5":	"ca7410cbdbf4ff5c31932ba985daeaba",
			"time":	"2020-03-14 20:59:12",
			"filename":	"bmp.png",
			"sharestatus":	1,
			"pv":	0,
			"url":	"http:// 192.168.43.34:80/group1/M00/00/00/wKgrIl5eJ-eAQcN-AABf_Rg9GcI147.png",
			"size":	24573,
			"type":	"png"
		}, {
			"user":	"vyUyGIUPr84M7jSX+NqX3Q==",
			"md5":	"68998a52de5e0dd4f081329b0d6bf736",
			"time":	"2020-03-14 20:59:18",
			"filename":	"jsf.png",
			"sharestatus":	1,
			"pv":	0,
			"url":	"http:// 192.168.43.34:80/group1/M00/00/00/wKgrIl5eLvGAc8qzAABQHUoyPCU339.png",
			"size":	20509,
			"type":	"png"
		}]
}
[2020-03-16 15:46:34]--[sharefile_cgi.c:535]--cmd = count
[2020-03-16 15:46:34]--[sharefile_cgi.c:77]--line = 2
[2020-03-16 15:46:34]--[sharefile_cgi.c:535]--cmd = normal
[2020-03-16 15:46:34]--[sharefile_cgi.c:571]--buf = {
    "count": 2,
    "start": 0
}

[2020-03-16 15:46:34]--[sharefile_cgi.c:577]--start = 0, count = 2
[2020-03-16 15:46:34]--[sharefile_cgi.c:157]--select share_file_list.*,file_info.url,file_info.size,file_info.type  from file_info,share_file_list where file_info.md5 = share_file_list.md5 limit 0,2 在操作
[2020-03-16 15:46:34]--[sharefile_cgi.c:254]--{
	"files":	[{
			"user":	"vyUyGIUPr84M7jSX+NqX3Q==",
			"md5":	"ca7410cbdbf4ff5c31932ba985daeaba",
			"time":	"2020-03-14 20:59:12",
			"filename":	"bmp.png",
			"sharestatus":	1,
			"pv":	0,
			"url":	"http:// 192.168.43.34:80/group1/M00/00/00/wKgrIl5eJ-eAQcN-AABf_Rg9GcI147.png",
			"size":	24573,
			"type":	"png"
		}, {
			"user":	"vyUyGIUPr84M7jSX+NqX3Q==",
			"md5":	"68998a52de5e0dd4f081329b0d6bf736",
			"time":	"2020-03-14 20:59:18",
			"filename":	"jsf.png",
			"sharestatus":	1,
			"pv":	0,
			"url":	"http:// 192.168.43.34:80/group1/M00/00/00/wKgrIl5eLvGAc8qzAABQHUoyPCU339.png",
			"size":	20509,
			"type":	"png"
		}]
}
[2020-03-16 15:47:15]--[sharefile_cgi.c:535]--cmd = count
[2020-03-16 15:47:15]--[sharefile_cgi.c:77]--line = 2
[2020-03-16 15:47:15]--[sharefile_cgi.c:535]--cmd = pvdesc
[2020-03-16 15:47:15]--[sharefile_cgi.c:571]--buf = {
    "count": 2,
    "start": 0
}

[2020-03-16 15:47:15]--[sharefile_cgi.c:577]--start = 0, count = 2
[2020-03-16 15:47:15]--[sharefile_cgi.c:358]--sql_num=2,redis_num=2
[2020-03-16 15:47:15]--[sharefile_cgi.c:474]--out:{
	"files":	[{
			"filename":	"bmp.png",
			"pv":	0
		}, {
			"filename":	"jsf.png",
			"pv":	0
		}]
}
[2020-03-16 15:50:11]--[sharefile_cgi.c:535]--cmd = count
[2020-03-16 15:50:11]--[sharefile_cgi.c:77]--line = 2
[2020-03-16 15:50:11]--[sharefile_cgi.c:535]--cmd = pvdesc
[2020-03-16 15:50:11]--[sharefile_cgi.c:571]--buf = {
    "count": 2,
    "start": 0
}

[2020-03-16 15:50:11]--[sharefile_cgi.c:577]--start = 0, count = 2
[2020-03-16 15:50:11]--[sharefile_cgi.c:358]--sql_num=2,redis_num=2
[2020-03-16 15:50:11]--[sharefile_cgi.c:474]--out:{
	"files":	[{
			"filename":	"bmp.png",
			"pv":	0
		}, {
			"filename":	"jsf.png",
			"pv":	0
		}]
}
[2020-03-16 15:52:22]--[sharefile_cgi.c:535]--cmd = count
[2020-03-16 15:52:22]--[sharefile_cgi.c:77]--line = 2
[2020-03-16 15:52:22]--[sharefile_cgi.c:535]--cmd = pvdesc
[2020-03-16 15:52:22]--[sharefile_cgi.c:571]--buf = {
    "count": 2,
    "start": 0
}

[2020-03-16 15:52:22]--[sharefile_cgi.c:577]--start = 0, count = 2
[2020-03-16 15:52:22]--[sharefile_cgi.c:358]--sql_num=2,redis_num=2
[2020-03-16 15:52:22]--[sharefile_cgi.c:474]--out:{
	"files":	[{
			"filename":	"bmp.png",
			"pv":	0
		}, {
			"filename":	"jsf.png",
			"pv":	0
		}]
}
[2020-03-16 15:52:37]--[sharefile_cgi.c:535]--cmd = count
[2020-03-16 15:52:37]--[sharefile_cgi.c:77]--line = 2
[2020-03-16 15:52:37]--[sharefile_cgi.c:535]--cmd = normal
[2020-03-16 15:52:37]--[sharefile_cgi.c:571]--buf = {
    "count": 2,
    "start": 0
}

[2020-03-16 15:52:37]--[sharefile_cgi.c:577]--start = 0, count = 2
[2020-03-16 15:52:37]--[sharefile_cgi.c:157]--select share_file_list.*,file_info.url,file_info.size,file_info.type  from file_info,share_file_list where file_info.md5 = share_file_list.md5 limit 0,2 在操作
[2020-03-16 15:52:37]--[sharefile_cgi.c:254]--{
	"files":	[{
			"user":	"vyUyGIUPr84M7jSX+NqX3Q==",
			"md5":	"ca7410cbdbf4ff5c31932ba985daeaba",
			"time":	"2020-03-14 20:59:12",
			"filename":	"bmp.png",
			"sharestatus":	1,
			"pv":	0,
			"url":	"http:// 192.168.43.34:80/group1/M00/00/00/wKgrIl5eJ-eAQcN-AABf_Rg9GcI147.png",
			"size":	24573,
			"type":	"png"
		}, {
			"user":	"vyUyGIUPr84M7jSX+NqX3Q==",
			"md5":	"68998a52de5e0dd4f081329b0d6bf736",
			"time":	"2020-03-14 20:59:18",
			"filename":	"jsf.png",
			"sharestatus":	1,
			"pv":	0,
			"url":	"http:// 192.168.43.34:80/group1/M00/00/00/wKgrIl5eLvGAc8qzAABQHUoyPCU339.png",
			"size":	20509,
			"type":	"png"
		}]
}
[2020-03-16 15:52:38]--[sharefile_cgi.c:535]--cmd = count
[2020-03-16 15:52:38]--[sharefile_cgi.c:77]--line = 2
[2020-03-16 15:52:38]--[sharefile_cgi.c:535]--cmd = pvdesc
[2020-03-16 15:52:38]--[sharefile_cgi.c:571]--buf = {
    "count": 2,
    "start": 0
}

[2020-03-16 15:52:38]--[sharefile_cgi.c:577]--start = 0, count = 2
[2020-03-16 15:52:38]--[sharefile_cgi.c:358]--sql_num=2,redis_num=2
[2020-03-16 15:52:38]--[sharefile_cgi.c:474]--out:{
	"files":	[{
			"filename":	"bmp.png",
			"pv":	0
		}, {
			"filename":	"jsf.png",
			"pv":	0
		}]
}
[2020-03-16 15:52:43]--[sharefile_cgi.c:535]--cmd = count
[2020-03-16 15:52:43]--[sharefile_cgi.c:77]--line = 2
[2020-03-16 15:52:43]--[sharefile_cgi.c:535]--cmd = normal
[2020-03-16 15:52:43]--[sharefile_cgi.c:571]--buf = {
    "count": 2,
    "start": 0
}

[2020-03-16 15:52:43]--[sharefile_cgi.c:577]--start = 0, count = 2
[2020-03-16 15:52:43]--[sharefile_cgi.c:157]--select share_file_list.*,file_info.url,file_info.size,file_info.type  from file_info,share_file_list where file_info.md5 = share_file_list.md5 limit 0,2 在操作
[2020-03-16 15:52:43]--[sharefile_cgi.c:254]--{
	"files":	[{
			"user":	"vyUyGIUPr84M7jSX+NqX3Q==",
			"md5":	"ca7410cbdbf4ff5c31932ba985daeaba",
			"time":	"2020-03-14 20:59:12",
			"filename":	"bmp.png",
			"sharestatus":	1,
			"pv":	0,
			"url":	"http:// 192.168.43.34:80/group1/M00/00/00/wKgrIl5eJ-eAQcN-AABf_Rg9GcI147.png",
			"size":	24573,
			"type":	"png"
		}, {
			"user":	"vyUyGIUPr84M7jSX+NqX3Q==",
			"md5":	"68998a52de5e0dd4f081329b0d6bf736",
			"time":	"2020-03-14 20:59:18",
			"filename":	"jsf.png",
			"sharestatus":	1,
			"pv":	0,
			"url":	"http:// 192.168.43.34:80/group1/M00/00/00/wKgrIl5eLvGAc8qzAABQHUoyPCU339.png",
			"size":	20509,
			"type":	"png"
		}]
}
[2020-03-16 15:52:46]--[sharefile_cgi.c:535]--cmd = count
[2020-03-16 15:52:46]--[sharefile_cgi.c:77]--line = 2
[2020-03-16 15:52:46]--[sharefile_cgi.c:535]--cmd = pvdesc
[2020-03-16 15:52:46]--[sharefile_cgi.c:571]--buf = {
    "count": 2,
    "start": 0
}

[2020-03-16 15:52:46]--[sharefile_cgi.c:577]--start = 0, count = 2
[2020-03-16 15:52:46]--[sharefile_cgi.c:358]--sql_num=2,redis_num=2
[2020-03-16 15:52:46]--[sharefile_cgi.c:474]--out:{
	"files":	[{
			"filename":	"bmp.png",
			"pv":	0
		}, {
			"filename":	"jsf.png",
			"pv":	0
		}]
}
[2020-03-16 15:54:20]--[sharefile_cgi.c:535]--cmd = count
[2020-03-16 15:54:20]--[sharefile_cgi.c:77]--line = 2
[2020-03-16 15:54:20]--[sharefile_cgi.c:535]--cmd = pvdesc
[2020-03-16 15:54:20]--[sharefile_cgi.c:571]--buf = {
    "count": 2,
    "start": 0
}

[2020-03-16 15:54:20]--[sharefile_cgi.c:577]--start = 0, count = 2
[2020-03-16 15:54:20]--[sharefile_cgi.c:358]--sql_num=2,redis_num=2
[2020-03-16 15:54:20]--[sharefile_cgi.c:474]--out:{
	"files":	[{
			"filename":	"bmp.png",
			"pv":	0
		}, {
			"filename":	"jsf.png",
			"pv":	0
		}]
}
[2020-03-16 16:19:57]--[sharefile_cgi.c:535]--cmd = count
[2020-03-16 16:19:57]--[sharefile_cgi.c:77]--line = 2
[2020-03-16 16:19:58]--[sharefile_cgi.c:535]--cmd = pvdesc
[2020-03-16 16:19:58]--[sharefile_cgi.c:571]--buf = {
    "count": 2,
    "start": 0
}

[2020-03-16 16:19:58]--[sharefile_cgi.c:577]--start = 0, count = 2
[2020-03-16 16:19:58]--[sharefile_cgi.c:358]--sql_num=2,redis_num=2
[2020-03-16 16:19:58]--[sharefile_cgi.c:474]--out:{
	"files":	[{
			"filename":	"bmp.png",
			"pv":	0
		}, {
			"filename":	"jsf.png",
			"pv":	0
		}]
}
[2020-03-16 16:26:54]--[sharefile_cgi.c:535]--cmd = count
[2020-03-16 16:26:54]--[sharefile_cgi.c:77]--line = 3
[2020-03-16 16:26:54]--[sharefile_cgi.c:535]--cmd = normal
[2020-03-16 16:26:54]--[sharefile_cgi.c:571]--buf = {
    "count": 3,
    "start": 0
}

[2020-03-16 16:26:54]--[sharefile_cgi.c:577]--start = 0, count = 3
[2020-03-16 16:26:54]--[sharefile_cgi.c:157]--select share_file_list.*,file_info.url,file_info.size,file_info.type  from file_info,share_file_list where file_info.md5 = share_file_list.md5 limit 0,3 在操作
[2020-03-16 16:26:54]--[sharefile_cgi.c:254]--{
	"files":	[{
			"user":	"vyUyGIUPr84M7jSX+NqX3Q==",
			"md5":	"ca7410cbdbf4ff5c31932ba985daeaba",
			"time":	"2020-03-14 20:59:12",
			"filename":	"bmp.png",
			"sharestatus":	1,
			"pv":	0,
			"url":	"http:// 192.168.43.34:80/group1/M00/00/00/wKgrIl5eJ-eAQcN-AABf_Rg9GcI147.png",
			"size":	24573,
			"type":	"png"
		}, {
			"user":	"vyUyGIUPr84M7jSX+NqX3Q==",
			"md5":	"68998a52de5e0dd4f081329b0d6bf736",
			"time":	"2020-03-14 20:59:18",
			"filename":	"jsf.png",
			"sharestatus":	1,
			"pv":	0,
			"url":	"http:// 192.168.43.34:80/group1/M00/00/00/wKgrIl5eLvGAc8qzAABQHUoyPCU339.png",
			"size":	20509,
			"type":	"png"
		}, {
			"user":	"vyUyGIUPr84M7jSX+NqX3Q==",
			"md5":	"59381fec7e122866f2232188b924a829",
			"time":	"2020-03-16 16:26:53",
			"filename":	"截图.png",
			"sharestatus":	1,
			"pv":	0,
			"url":	"http:// 192.168.43.34:80/group1/M00/00/00/wKgrIl5eDjGAccHOAAQdtbK6eBw635.png",
			"size":	269749,
			"type":	"png"
		}]
}
[2020-03-16 16:26:59]--[sharefile_cgi.c:535]--cmd = count
[2020-03-16 16:26:59]--[sharefile_cgi.c:77]--line = 4
[2020-03-16 16:26:59]--[sharefile_cgi.c:535]--cmd = normal
[2020-03-16 16:26:59]--[sharefile_cgi.c:571]--buf = {
    "count": 4,
    "start": 0
}

[2020-03-16 16:26:59]--[sharefile_cgi.c:577]--start = 0, count = 4
[2020-03-16 16:26:59]--[sharefile_cgi.c:157]--select share_file_list.*,file_info.url,file_info.size,file_info.type  from file_info,share_file_list where file_info.md5 = share_file_list.md5 limit 0,4 在操作
[2020-03-16 16:26:59]--[sharefile_cgi.c:254]--{
	"files":	[{
			"user":	"vyUyGIUPr84M7jSX+NqX3Q==",
			"md5":	"ca7410cbdbf4ff5c31932ba985daeaba",
			"time":	"2020-03-14 20:59:12",
			"filename":	"bmp.png",
			"sharestatus":	1,
			"pv":	0,
			"url":	"http:// 192.168.43.34:80/group1/M00/00/00/wKgrIl5eJ-eAQcN-AABf_Rg9GcI147.png",
			"size":	24573,
			"type":	"png"
		}, {
			"user":	"vyUyGIUPr84M7jSX+NqX3Q==",
			"md5":	"68998a52de5e0dd4f081329b0d6bf736",
			"time":	"2020-03-14 20:59:18",
			"filename":	"jsf.png",
			"sharestatus":	1,
			"pv":	0,
			"url":	"http:// 192.168.43.34:80/group1/M00/00/00/wKgrIl5eLvGAc8qzAABQHUoyPCU339.png",
			"size":	20509,
			"type":	"png"
		}, {
			"user":	"vyUyGIUPr84M7jSX+NqX3Q==",
			"md5":	"59381fec7e122866f2232188b924a829",
			"time":	"2020-03-16 16:26:53",
			"filename":	"截图.png",
			"sharestatus":	1,
			"pv":	0,
			"url":	"http:// 192.168.43.34:80/group1/M00/00/00/wKgrIl5eDjGAccHOAAQdtbK6eBw635.png",
			"size":	269749,
			"type":	"png"
		}, {
			"user":	"vyUyGIUPr84M7jSX+NqX3Q==",
			"md5":	"bd1e3b47ef1d6634a306c44695367af0",
			"time":	"2020-03-16 16:26:58",
			"filename":	"捕获1.PNG",
			"sharestatus":	1,
			"pv":	0,
			"url":	"http:// 192.168.43.34:80/group1/M00/00/00/wKgrIl5eBsaAPtGOAAKLTlXJHu4165.PNG",
			"size":	166734,
			"type":	"PNG"
		}]
}
[2020-03-16 16:27:01]--[sharefile_cgi.c:535]--cmd = count
[2020-03-16 16:27:01]--[sharefile_cgi.c:77]--line = 4
[2020-03-16 16:27:01]--[sharefile_cgi.c:535]--cmd = pvdesc
[2020-03-16 16:27:01]--[sharefile_cgi.c:571]--buf = {
    "count": 4,
    "start": 0
}

[2020-03-16 16:27:01]--[sharefile_cgi.c:577]--start = 0, count = 4
[2020-03-16 16:27:01]--[sharefile_cgi.c:358]--sql_num=4,redis_num=4
[2020-03-16 16:27:01]--[sharefile_cgi.c:474]--out:{
	"files":	[{
			"filename":	"bmp.png",
			"pv":	0
		}, {
			"filename":	"捕获1.PNG",
			"pv":	0
		}, {
			"filename":	"jsf.png",
			"pv":	0
		}, {
			"filename":	"截图.png",
			"pv":	0
		}]
}
[2020-03-16 16:27:22]--[sharefile_cgi.c:535]--cmd = count
[2020-03-16 16:27:22]--[sharefile_cgi.c:77]--line = 4
[2020-03-16 16:27:22]--[sharefile_cgi.c:535]--cmd = normal
[2020-03-16 16:27:22]--[sharefile_cgi.c:571]--buf = {
    "count": 4,
    "start": 0
}

[2020-03-16 16:27:22]--[sharefile_cgi.c:577]--start = 0, count = 4
[2020-03-16 16:27:22]--[sharefile_cgi.c:157]--select share_file_list.*,file_info.url,file_info.size,file_info.type  from file_info,share_file_list where file_info.md5 = share_file_list.md5 limit 0,4 在操作
[2020-03-16 16:27:22]--[sharefile_cgi.c:254]--{
	"files":	[{
			"user":	"vyUyGIUPr84M7jSX+NqX3Q==",
			"md5":	"ca7410cbdbf4ff5c31932ba985daeaba",
			"time":	"2020-03-14 20:59:12",
			"filename":	"bmp.png",
			"sharestatus":	1,
			"pv":	0,
			"url":	"http:// 192.168.43.34:80/group1/M00/00/00/wKgrIl5eJ-eAQcN-AABf_Rg9GcI147.png",
			"size":	24573,
			"type":	"png"
		}, {
			"user":	"vyUyGIUPr84M7jSX+NqX3Q==",
			"md5":	"68998a52de5e0dd4f081329b0d6bf736",
			"time":	"2020-03-14 20:59:18",
			"filename":	"jsf.png",
			"sharestatus":	1,
			"pv":	0,
			"url":	"http:// 192.168.43.34:80/group1/M00/00/00/wKgrIl5eLvGAc8qzAABQHUoyPCU339.png",
			"size":	20509,
			"type":	"png"
		}, {
			"user":	"vyUyGIUPr84M7jSX+NqX3Q==",
			"md5":	"59381fec7e122866f2232188b924a829",
			"time":	"2020-03-16 16:26:53",
			"filename":	"截图.png",
			"sharestatus":	1,
			"pv":	0,
			"url":	"http:// 192.168.43.34:80/group1/M00/00/00/wKgrIl5eDjGAccHOAAQdtbK6eBw635.png",
			"size":	269749,
			"type":	"png"
		}, {
			"user":	"vyUyGIUPr84M7jSX+NqX3Q==",
			"md5":	"bd1e3b47ef1d6634a306c44695367af0",
			"time":	"2020-03-16 16:26:58",
			"filename":	"捕获1.PNG",
			"sharestatus":	1,
			"pv":	0,
			"url":	"http:// 192.168.43.34:80/group1/M00/00/00/wKgrIl5eBsaAPtGOAAKLTlXJHu4165.PNG",
			"size":	166734,
			"type":	"PNG"
		}]
}
[2020-03-16 16:27:23]--[sharefile_cgi.c:535]--cmd = count
[2020-03-16 16:27:23]--[sharefile_cgi.c:77]--line = 4
[2020-03-16 16:27:23]--[sharefile_cgi.c:535]--cmd = pvdesc
[2020-03-16 16:27:23]--[sharefile_cgi.c:571]--buf = {
    "count": 4,
    "start": 0
}

[2020-03-16 16:27:23]--[sharefile_cgi.c:577]--start = 0, count = 4
[2020-03-16 16:27:23]--[sharefile_cgi.c:358]--sql_num=4,redis_num=4
[2020-03-16 16:27:23]--[sharefile_cgi.c:474]--out:{
	"files":	[{
			"filename":	"bmp.png",
			"pv":	0
		}, {
			"filename":	"捕获1.PNG",
			"pv":	0
		}, {
			"filename":	"jsf.png",
			"pv":	0
		}, {
			"filename":	"截图.png",
			"pv":	0
		}]
}
[2020-03-16 16:27:35]--[sharefile_cgi.c:535]--cmd = count
[2020-03-16 16:27:35]--[sharefile_cgi.c:77]--line = 4
[2020-03-16 16:27:35]--[sharefile_cgi.c:535]--cmd = pvdesc
[2020-03-16 16:27:35]--[sharefile_cgi.c:571]--buf = {
    "count": 4,
    "start": 0
}

[2020-03-16 16:27:35]--[sharefile_cgi.c:577]--start = 0, count = 4
[2020-03-16 16:27:35]--[sharefile_cgi.c:358]--sql_num=4,redis_num=4
[2020-03-16 16:27:35]--[sharefile_cgi.c:474]--out:{
	"files":	[{
			"filename":	"bmp.png",
			"pv":	0
		}, {
			"filename":	"捕获1.PNG",
			"pv":	0
		}, {
			"filename":	"jsf.png",
			"pv":	0
		}, {
			"filename":	"截图.png",
			"pv":	0
		}]
}
[2020-03-16 16:33:59]--[sharefile_cgi.c:535]--cmd = count
[2020-03-16 16:33:59]--[sharefile_cgi.c:77]--line = 4
[2020-03-16 16:33:59]--[sharefile_cgi.c:535]--cmd = pvdesc
[2020-03-16 16:33:59]--[sharefile_cgi.c:571]--buf = {
    "count": 4,
    "start": 0
}

[2020-03-16 16:33:59]--[sharefile_cgi.c:577]--start = 0, count = 4
[2020-03-16 16:33:59]--[sharefile_cgi.c:358]--sql_num=4,redis_num=4
[2020-03-16 16:33:59]--[sharefile_cgi.c:474]--out:{
	"files":	[{
			"filename":	"bmp.png",
			"pv":	0
		}, {
			"filename":	"捕获1.PNG",
			"pv":	0
		}, {
			"filename":	"jsf.png",
			"pv":	0
		}, {
			"filename":	"截图.png",
			"pv":	0
		}]
}
[2020-03-16 16:43:06]--[sharefile_cgi.c:535]--cmd = count
[2020-03-16 16:43:06]--[sharefile_cgi.c:77]--line = 4
[2020-03-16 16:43:06]--[sharefile_cgi.c:535]--cmd = pvdesc
[2020-03-16 16:43:06]--[sharefile_cgi.c:571]--buf = {
    "count": 4,
    "start": 0
}

[2020-03-16 16:43:06]--[sharefile_cgi.c:577]--start = 0, count = 4
[2020-03-16 16:43:06]--[sharefile_cgi.c:358]--sql_num=4,redis_num=4
[2020-03-16 16:43:06]--[sharefile_cgi.c:474]--out:{
	"files":	[{
			"filename":	"bmp.png",
			"pv":	0
		}, {
			"filename":	"捕获1.PNG",
			"pv":	0
		}, {
			"filename":	"jsf.png",
			"pv":	0
		}, {
			"filename":	"截图.png",
			"pv":	0
		}]
}
[2020-03-16 16:43:16]--[sharefile_cgi.c:535]--cmd = count
[2020-03-16 16:43:16]--[sharefile_cgi.c:77]--line = 4
[2020-03-16 16:43:16]--[sharefile_cgi.c:535]--cmd = normal
[2020-03-16 16:43:16]--[sharefile_cgi.c:571]--buf = {
    "count": 4,
    "start": 0
}

[2020-03-16 16:43:16]--[sharefile_cgi.c:577]--start = 0, count = 4
[2020-03-16 16:43:16]--[sharefile_cgi.c:157]--select share_file_list.*,file_info.url,file_info.size,file_info.type  from file_info,share_file_list where file_info.md5 = share_file_list.md5 limit 0,4 在操作
[2020-03-16 16:43:16]--[sharefile_cgi.c:254]--{
	"files":	[{
			"user":	"vyUyGIUPr84M7jSX+NqX3Q==",
			"md5":	"ca7410cbdbf4ff5c31932ba985daeaba",
			"time":	"2020-03-14 20:59:12",
			"filename":	"bmp.png",
			"sharestatus":	1,
			"pv":	0,
			"url":	"http:// 192.168.43.34:80/group1/M00/00/00/wKgrIl5eJ-eAQcN-AABf_Rg9GcI147.png",
			"size":	24573,
			"type":	"png"
		}, {
			"user":	"vyUyGIUPr84M7jSX+NqX3Q==",
			"md5":	"68998a52de5e0dd4f081329b0d6bf736",
			"time":	"2020-03-14 20:59:18",
			"filename":	"jsf.png",
			"sharestatus":	1,
			"pv":	0,
			"url":	"http:// 192.168.43.34:80/group1/M00/00/00/wKgrIl5eLvGAc8qzAABQHUoyPCU339.png",
			"size":	20509,
			"type":	"png"
		}, {
			"user":	"vyUyGIUPr84M7jSX+NqX3Q==",
			"md5":	"59381fec7e122866f2232188b924a829",
			"time":	"2020-03-16 16:26:53",
			"filename":	"截图.png",
			"sharestatus":	1,
			"pv":	0,
			"url":	"http:// 192.168.43.34:80/group1/M00/00/00/wKgrIl5eDjGAccHOAAQdtbK6eBw635.png",
			"size":	269749,
			"type":	"png"
		}, {
			"user":	"vyUyGIUPr84M7jSX+NqX3Q==",
			"md5":	"bd1e3b47ef1d6634a306c44695367af0",
			"time":	"2020-03-16 16:26:58",
			"filename":	"捕获1.PNG",
			"sharestatus":	1,
			"pv":	0,
			"url":	"http:// 192.168.43.34:80/group1/M00/00/00/wKgrIl5eBsaAPtGOAAKLTlXJHu4165.PNG",
			"size":	166734,
			"type":	"PNG"
		}]
}
[2020-03-16 16:43:22]--[sharefile_cgi.c:535]--cmd = count
[2020-03-16 16:43:22]--[sharefile_cgi.c:77]--line = 4
[2020-03-16 16:43:22]--[sharefile_cgi.c:535]--cmd = normal
[2020-03-16 16:43:22]--[sharefile_cgi.c:571]--buf = {
    "count": 4,
    "start": 0
}

[2020-03-16 16:43:22]--[sharefile_cgi.c:577]--start = 0, count = 4
[2020-03-16 16:43:22]--[sharefile_cgi.c:157]--select share_file_list.*,file_info.url,file_info.size,file_info.type  from file_info,share_file_list where file_info.md5 = share_file_list.md5 limit 0,4 在操作
[2020-03-16 16:43:22]--[sharefile_cgi.c:254]--{
	"files":	[{
			"user":	"vyUyGIUPr84M7jSX+NqX3Q==",
			"md5":	"ca7410cbdbf4ff5c31932ba985daeaba",
			"time":	"2020-03-14 20:59:12",
			"filename":	"bmp.png",
			"sharestatus":	1,
			"pv":	0,
			"url":	"http:// 192.168.43.34:80/group1/M00/00/00/wKgrIl5eJ-eAQcN-AABf_Rg9GcI147.png",
			"size":	24573,
			"type":	"png"
		}, {
			"user":	"vyUyGIUPr84M7jSX+NqX3Q==",
			"md5":	"68998a52de5e0dd4f081329b0d6bf736",
			"time":	"2020-03-14 20:59:18",
			"filename":	"jsf.png",
			"sharestatus":	1,
			"pv":	0,
			"url":	"http:// 192.168.43.34:80/group1/M00/00/00/wKgrIl5eLvGAc8qzAABQHUoyPCU339.png",
			"size":	20509,
			"type":	"png"
		}, {
			"user":	"vyUyGIUPr84M7jSX+NqX3Q==",
			"md5":	"59381fec7e122866f2232188b924a829",
			"time":	"2020-03-16 16:26:53",
			"filename":	"截图.png",
			"sharestatus":	1,
			"pv":	0,
			"url":	"http:// 192.168.43.34:80/group1/M00/00/00/wKgrIl5eDjGAccHOAAQdtbK6eBw635.png",
			"size":	269749,
			"type":	"png"
		}, {
			"user":	"vyUyGIUPr84M7jSX+NqX3Q==",
			"md5":	"bd1e3b47ef1d6634a306c44695367af0",
			"time":	"2020-03-16 16:26:58",
			"filename":	"捕获1.PNG",
			"sharestatus":	1,
			"pv":	0,
			"url":	"http:// 192.168.43.34:80/group1/M00/00/00/wKgrIl5eBsaAPtGOAAKLTlXJHu4165.PNG",
			"size":	166734,
			"type":	"PNG"
		}]
}
[2020-03-16 16:43:23]--[sharefile_cgi.c:535]--cmd = count
[2020-03-16 16:43:23]--[sharefile_cgi.c:77]--line = 4
[2020-03-16 16:43:23]--[sharefile_cgi.c:535]--cmd = pvdesc
[2020-03-16 16:43:23]--[sharefile_cgi.c:571]--buf = {
    "count": 4,
    "start": 0
}

[2020-03-16 16:43:23]--[sharefile_cgi.c:577]--start = 0, count = 4
[2020-03-16 16:43:23]--[sharefile_cgi.c:358]--sql_num=4,redis_num=4
[2020-03-16 16:43:23]--[sharefile_cgi.c:474]--out:{
	"files":	[{
			"filename":	"bmp.png",
			"pv":	0
		}, {
			"filename":	"捕获1.PNG",
			"pv":	0
		}, {
			"filename":	"jsf.png",
			"pv":	0
		}, {
			"filename":	"截图.png",
			"pv":	0
		}]
}
[2020-03-16 16:43:24]--[sharefile_cgi.c:535]--cmd = count
[2020-03-16 16:43:24]--[sharefile_cgi.c:77]--line = 4
[2020-03-16 16:43:24]--[sharefile_cgi.c:535]--cmd = normal
[2020-03-16 16:43:24]--[sharefile_cgi.c:571]--buf = {
    "count": 4,
    "start": 0
}

[2020-03-16 16:43:24]--[sharefile_cgi.c:577]--start = 0, count = 4
[2020-03-16 16:43:24]--[sharefile_cgi.c:157]--select share_file_list.*,file_info.url,file_info.size,file_info.type  from file_info,share_file_list where file_info.md5 = share_file_list.md5 limit 0,4 在操作
[2020-03-16 16:43:24]--[sharefile_cgi.c:254]--{
	"files":	[{
			"user":	"vyUyGIUPr84M7jSX+NqX3Q==",
			"md5":	"ca7410cbdbf4ff5c31932ba985daeaba",
			"time":	"2020-03-14 20:59:12",
			"filename":	"bmp.png",
			"sharestatus":	1,
			"pv":	0,
			"url":	"http:// 192.168.43.34:80/group1/M00/00/00/wKgrIl5eJ-eAQcN-AABf_Rg9GcI147.png",
			"size":	24573,
			"type":	"png"
		}, {
			"user":	"vyUyGIUPr84M7jSX+NqX3Q==",
			"md5":	"68998a52de5e0dd4f081329b0d6bf736",
			"time":	"2020-03-14 20:59:18",
			"filename":	"jsf.png",
			"sharestatus":	1,
			"pv":	0,
			"url":	"http:// 192.168.43.34:80/group1/M00/00/00/wKgrIl5eLvGAc8qzAABQHUoyPCU339.png",
			"size":	20509,
			"type":	"png"
		}, {
			"user":	"vyUyGIUPr84M7jSX+NqX3Q==",
			"md5":	"59381fec7e122866f2232188b924a829",
			"time":	"2020-03-16 16:26:53",
			"filename":	"截图.png",
			"sharestatus":	1,
			"pv":	0,
			"url":	"http:// 192.168.43.34:80/group1/M00/00/00/wKgrIl5eDjGAccHOAAQdtbK6eBw635.png",
			"size":	269749,
			"type":	"png"
		}, {
			"user":	"vyUyGIUPr84M7jSX+NqX3Q==",
			"md5":	"bd1e3b47ef1d6634a306c44695367af0",
			"time":	"2020-03-16 16:26:58",
			"filename":	"捕获1.PNG",
			"sharestatus":	1,
			"pv":	0,
			"url":	"http:// 192.168.43.34:80/group1/M00/00/00/wKgrIl5eBsaAPtGOAAKLTlXJHu4165.PNG",
			"size":	166734,
			"type":	"PNG"
		}]
}
[2020-03-16 17:22:47]--[sharefile_cgi.c:535]--cmd = count
[2020-03-16 17:22:47]--[sharefile_cgi.c:77]--line = 4
[2020-03-16 17:22:47]--[sharefile_cgi.c:535]--cmd = normal
[2020-03-16 17:22:47]--[sharefile_cgi.c:571]--buf = {
    "count": 4,
    "start": 0
}

[2020-03-16 17:22:47]--[sharefile_cgi.c:577]--start = 0, count = 4
[2020-03-16 17:22:47]--[sharefile_cgi.c:157]--select share_file_list.*,file_info.url,file_info.size,file_info.type  from file_info,share_file_list where file_info.md5 = share_file_list.md5 limit 0,4 在操作
[2020-03-16 17:22:47]--[sharefile_cgi.c:254]--{
	"files":	[{
			"user":	"vyUyGIUPr84M7jSX+NqX3Q==",
			"md5":	"ca7410cbdbf4ff5c31932ba985daeaba",
			"time":	"2020-03-14 20:59:12",
			"filename":	"bmp.png",
			"sharestatus":	1,
			"pv":	0,
			"url":	"http:// 192.168.43.34:80/group1/M00/00/00/wKgrIl5eJ-eAQcN-AABf_Rg9GcI147.png",
			"size":	24573,
			"type":	"png"
		}, {
			"user":	"vyUyGIUPr84M7jSX+NqX3Q==",
			"md5":	"68998a52de5e0dd4f081329b0d6bf736",
			"time":	"2020-03-14 20:59:18",
			"filename":	"jsf.png",
			"sharestatus":	1,
			"pv":	0,
			"url":	"http:// 192.168.43.34:80/group1/M00/00/00/wKgrIl5eLvGAc8qzAABQHUoyPCU339.png",
			"size":	20509,
			"type":	"png"
		}, {
			"user":	"vyUyGIUPr84M7jSX+NqX3Q==",
			"md5":	"59381fec7e122866f2232188b924a829",
			"time":	"2020-03-16 16:26:53",
			"filename":	"截图.png",
			"sharestatus":	1,
			"pv":	0,
			"url":	"http:// 192.168.43.34:80/group1/M00/00/00/wKgrIl5eDjGAccHOAAQdtbK6eBw635.png",
			"size":	269749,
			"type":	"png"
		}, {
			"user":	"vyUyGIUPr84M7jSX+NqX3Q==",
			"md5":	"bd1e3b47ef1d6634a306c44695367af0",
			"time":	"2020-03-16 16:26:58",
			"filename":	"捕获1.PNG",
			"sharestatus":	1,
			"pv":	0,
			"url":	"http:// 192.168.43.34:80/group1/M00/00/00/wKgrIl5eBsaAPtGOAAKLTlXJHu4165.PNG",
			"size":	166734,
			"type":	"PNG"
		}]
}
