[2020-03-14 17:10:28]--[sharefile_cgi.c:309]--cmd = count
[2020-03-14 17:10:28]--[sharefile_cgi.c:77]--line = 3
[2020-03-14 17:10:28]--[sharefile_cgi.c:309]--cmd = normal
[2020-03-14 17:10:28]--[sharefile_cgi.c:345]--buf = {
    "count": 3,
    "start": 0
}

[2020-03-14 17:10:28]--[sharefile_cgi.c:351]--start = 0, count = 3
[2020-03-14 17:10:28]--[sharefile_cgi.c:157]--select share_file_list.*,file_info.url,file_info.size,file_info.type  from file_info,share_file_list where file_info.md5 = share_file_list.md5 limit 0,3 在操作
[2020-03-14 17:10:28]--[sharefile_cgi.c:254]--{
	"files":	[{
			"user":	"vyUyGIUPr84M7jSX+NqX3Q==",
			"md5":	"0c39d13254dd1621bba565dc85ab16f3",
			"time":	"2020-03-12 11:51:59",
			"filename":	"zip.png",
			"sharestatus":	1,
			"pv":	0,
			"url":	"http:// 192.168.43.34:80/group1/M00/00/00/wKgrIl5eL0SAC6lJAABS7zBy4Ng996.png",
			"size":	21231,
			"type":	"png"
		}, {
			"user":	"vyUyGIUPr84M7jSX+NqX3Q==",
			"md5":	"68998a52de5e0dd4f081329b0d6bf736",
			"time":	"2020-03-12 11:54:06",
			"filename":	"jsf.png",
			"sharestatus":	1,
			"pv":	0,
			"url":	"http:// 192.168.43.34:80/group1/M00/00/00/wKgrIl5eLvGAc8qzAABQHUoyPCU339.png",
			"size":	20509,
			"type":	"png"
		}, {
			"user":	"vyUyGIUPr84M7jSX+NqX3Q==",
			"md5":	"2869fd80cf88d03946a1d8b74ffabbac",
			"time":	"2020-03-13 14:21:12",
			"filename":	"avi.png",
			"sharestatus":	1,
			"pv":	0,
			"url":	"http:// 192.168.43.34:80/group1/M00/00/00/wKgrIl5eJ-eAPzpQAABe1PgVVJ4068.png",
			"size":	24276,
			"type":	"png"
		}]
}
[2020-03-14 17:10:41]--[sharefile_cgi.c:309]--cmd = count
[2020-03-14 17:10:41]--[sharefile_cgi.c:77]--line = 3
[2020-03-14 17:10:41]--[sharefile_cgi.c:309]--cmd = normal
[2020-03-14 17:10:41]--[sharefile_cgi.c:345]--buf = {
    "count": 3,
    "start": 0
}

[2020-03-14 17:10:41]--[sharefile_cgi.c:351]--start = 0, count = 3
[2020-03-14 17:10:41]--[sharefile_cgi.c:157]--select share_file_list.*,file_info.url,file_info.size,file_info.type  from file_info,share_file_list where file_info.md5 = share_file_list.md5 limit 0,3 在操作
[2020-03-14 17:10:41]--[sharefile_cgi.c:254]--{
	"files":	[{
			"user":	"vyUyGIUPr84M7jSX+NqX3Q==",
			"md5":	"0c39d13254dd1621bba565dc85ab16f3",
			"time":	"2020-03-12 11:51:59",
			"filename":	"zip.png",
			"sharestatus":	1,
			"pv":	0,
			"url":	"http:// 192.168.43.34:80/group1/M00/00/00/wKgrIl5eL0SAC6lJAABS7zBy4Ng996.png",
			"size":	21231,
			"type":	"png"
		}, {
			"user":	"vyUyGIUPr84M7jSX+NqX3Q==",
			"md5":	"68998a52de5e0dd4f081329b0d6bf736",
			"time":	"2020-03-12 11:54:06",
			"filename":	"jsf.png",
			"sharestatus":	1,
			"pv":	0,
			"url":	"http:// 192.168.43.34:80/group1/M00/00/00/wKgrIl5eLvGAc8qzAABQHUoyPCU339.png",
			"size":	20509,
			"type":	"png"
		}, {
			"user":	"vyUyGIUPr84M7jSX+NqX3Q==",
			"md5":	"2869fd80cf88d03946a1d8b74ffabbac",
			"time":	"2020-03-13 14:21:12",
			"filename":	"avi.png",
			"sharestatus":	1,
			"pv":	0,
			"url":	"http:// 192.168.43.34:80/group1/M00/00/00/wKgrIl5eJ-eAPzpQAABe1PgVVJ4068.png",
			"size":	24276,
			"type":	"png"
		}]
}
[2020-03-14 17:12:01]--[sharefile_cgi.c:309]--cmd = count
[2020-03-14 17:12:01]--[sharefile_cgi.c:77]--line = 3
[2020-03-14 17:12:01]--[sharefile_cgi.c:309]--cmd = normal
[2020-03-14 17:12:01]--[sharefile_cgi.c:345]--buf = {
    "count": 3,
    "start": 0
}

[2020-03-14 17:12:01]--[sharefile_cgi.c:351]--start = 0, count = 3
[2020-03-14 17:12:01]--[sharefile_cgi.c:157]--select share_file_list.*,file_info.url,file_info.size,file_info.type  from file_info,share_file_list where file_info.md5 = share_file_list.md5 limit 0,3 在操作
[2020-03-14 17:12:01]--[sharefile_cgi.c:254]--{
	"files":	[{
			"user":	"vyUyGIUPr84M7jSX+NqX3Q==",
			"md5":	"0c39d13254dd1621bba565dc85ab16f3",
			"time":	"2020-03-12 11:51:59",
			"filename":	"zip.png",
			"sharestatus":	1,
			"pv":	0,
			"url":	"http:// 192.168.43.34:80/group1/M00/00/00/wKgrIl5eL0SAC6lJAABS7zBy4Ng996.png",
			"size":	21231,
			"type":	"png"
		}, {
			"user":	"vyUyGIUPr84M7jSX+NqX3Q==",
			"md5":	"68998a52de5e0dd4f081329b0d6bf736",
			"time":	"2020-03-12 11:54:06",
			"filename":	"jsf.png",
			"sharestatus":	1,
			"pv":	0,
			"url":	"http:// 192.168.43.34:80/group1/M00/00/00/wKgrIl5eLvGAc8qzAABQHUoyPCU339.png",
			"size":	20509,
			"type":	"png"
		}, {
			"user":	"vyUyGIUPr84M7jSX+NqX3Q==",
			"md5":	"2869fd80cf88d03946a1d8b74ffabbac",
			"time":	"2020-03-13 14:21:12",
			"filename":	"avi.png",
			"sharestatus":	1,
			"pv":	0,
			"url":	"http:// 192.168.43.34:80/group1/M00/00/00/wKgrIl5eJ-eAPzpQAABe1PgVVJ4068.png",
			"size":	24276,
			"type":	"png"
		}]
}
[2020-03-14 17:23:55]--[sharefile_cgi.c:309]--cmd = count
[2020-03-14 17:23:55]--[sharefile_cgi.c:77]--line = 3
[2020-03-14 17:23:55]--[sharefile_cgi.c:309]--cmd = normal
[2020-03-14 17:23:55]--[sharefile_cgi.c:345]--buf = {
    "count": 3,
    "start": 0
}

[2020-03-14 17:23:55]--[sharefile_cgi.c:351]--start = 0, count = 3
[2020-03-14 17:23:55]--[sharefile_cgi.c:157]--select share_file_list.*,file_info.url,file_info.size,file_info.type  from file_info,share_file_list where file_info.md5 = share_file_list.md5 limit 0,3 在操作
[2020-03-14 17:23:55]--[sharefile_cgi.c:254]--{
	"files":	[{
			"user":	"vyUyGIUPr84M7jSX+NqX3Q==",
			"md5":	"0c39d13254dd1621bba565dc85ab16f3",
			"time":	"2020-03-12 11:51:59",
			"filename":	"zip.png",
			"sharestatus":	1,
			"pv":	0,
			"url":	"http:// 192.168.43.34:80/group1/M00/00/00/wKgrIl5eL0SAC6lJAABS7zBy4Ng996.png",
			"size":	21231,
			"type":	"png"
		}, {
			"user":	"vyUyGIUPr84M7jSX+NqX3Q==",
			"md5":	"68998a52de5e0dd4f081329b0d6bf736",
			"time":	"2020-03-12 11:54:06",
			"filename":	"jsf.png",
			"sharestatus":	1,
			"pv":	0,
			"url":	"http:// 192.168.43.34:80/group1/M00/00/00/wKgrIl5eLvGAc8qzAABQHUoyPCU339.png",
			"size":	20509,
			"type":	"png"
		}, {
			"user":	"vyUyGIUPr84M7jSX+NqX3Q==",
			"md5":	"2869fd80cf88d03946a1d8b74ffabbac",
			"time":	"2020-03-13 14:21:12",
			"filename":	"avi.png",
			"sharestatus":	1,
			"pv":	0,
			"url":	"http:// 192.168.43.34:80/group1/M00/00/00/wKgrIl5eJ-eAPzpQAABe1PgVVJ4068.png",
			"size":	24276,
			"type":	"png"
		}]
}
[2020-03-14 17:24:36]--[sharefile_cgi.c:309]--cmd = count
[2020-03-14 17:24:36]--[sharefile_cgi.c:77]--line = 3
[2020-03-14 17:24:36]--[sharefile_cgi.c:309]--cmd = normal
[2020-03-14 17:24:36]--[sharefile_cgi.c:345]--buf = {
    "count": 3,
    "start": 0
}

[2020-03-14 17:24:36]--[sharefile_cgi.c:351]--start = 0, count = 3
[2020-03-14 17:24:36]--[sharefile_cgi.c:157]--select share_file_list.*,file_info.url,file_info.size,file_info.type  from file_info,share_file_list where file_info.md5 = share_file_list.md5 limit 0,3 在操作
[2020-03-14 17:24:36]--[sharefile_cgi.c:254]--{
	"files":	[{
			"user":	"vyUyGIUPr84M7jSX+NqX3Q==",
			"md5":	"0c39d13254dd1621bba565dc85ab16f3",
			"time":	"2020-03-12 11:51:59",
			"filename":	"zip.png",
			"sharestatus":	1,
			"pv":	0,
			"url":	"http:// 192.168.43.34:80/group1/M00/00/00/wKgrIl5eL0SAC6lJAABS7zBy4Ng996.png",
			"size":	21231,
			"type":	"png"
		}, {
			"user":	"vyUyGIUPr84M7jSX+NqX3Q==",
			"md5":	"68998a52de5e0dd4f081329b0d6bf736",
			"time":	"2020-03-12 11:54:06",
			"filename":	"jsf.png",
			"sharestatus":	1,
			"pv":	0,
			"url":	"http:// 192.168.43.34:80/group1/M00/00/00/wKgrIl5eLvGAc8qzAABQHUoyPCU339.png",
			"size":	20509,
			"type":	"png"
		}, {
			"user":	"vyUyGIUPr84M7jSX+NqX3Q==",
			"md5":	"2869fd80cf88d03946a1d8b74ffabbac",
			"time":	"2020-03-13 14:21:12",
			"filename":	"avi.png",
			"sharestatus":	1,
			"pv":	0,
			"url":	"http:// 192.168.43.34:80/group1/M00/00/00/wKgrIl5eJ-eAPzpQAABe1PgVVJ4068.png",
			"size":	24276,
			"type":	"png"
		}]
}
[2020-03-14 17:27:32]--[sharefile_cgi.c:309]--cmd = count
[2020-03-14 17:27:32]--[sharefile_cgi.c:77]--line = 3
[2020-03-14 17:27:32]--[sharefile_cgi.c:309]--cmd = normal
[2020-03-14 17:27:32]--[sharefile_cgi.c:345]--buf = {
    "count": 3,
    "start": 0
}

[2020-03-14 17:27:32]--[sharefile_cgi.c:351]--start = 0, count = 3
[2020-03-14 17:27:32]--[sharefile_cgi.c:157]--select share_file_list.*,file_info.url,file_info.size,file_info.type  from file_info,share_file_list where file_info.md5 = share_file_list.md5 limit 0,3 在操作
[2020-03-14 17:27:32]--[sharefile_cgi.c:254]--{
	"files":	[{
			"user":	"vyUyGIUPr84M7jSX+NqX3Q==",
			"md5":	"0c39d13254dd1621bba565dc85ab16f3",
			"time":	"2020-03-12 11:51:59",
			"filename":	"zip.png",
			"sharestatus":	1,
			"pv":	0,
			"url":	"http:// 192.168.43.34:80/group1/M00/00/00/wKgrIl5eL0SAC6lJAABS7zBy4Ng996.png",
			"size":	21231,
			"type":	"png"
		}, {
			"user":	"vyUyGIUPr84M7jSX+NqX3Q==",
			"md5":	"68998a52de5e0dd4f081329b0d6bf736",
			"time":	"2020-03-12 11:54:06",
			"filename":	"jsf.png",
			"sharestatus":	1,
			"pv":	0,
			"url":	"http:// 192.168.43.34:80/group1/M00/00/00/wKgrIl5eLvGAc8qzAABQHUoyPCU339.png",
			"size":	20509,
			"type":	"png"
		}, {
			"user":	"vyUyGIUPr84M7jSX+NqX3Q==",
			"md5":	"2869fd80cf88d03946a1d8b74ffabbac",
			"time":	"2020-03-13 14:21:12",
			"filename":	"avi.png",
			"sharestatus":	1,
			"pv":	0,
			"url":	"http:// 192.168.43.34:80/group1/M00/00/00/wKgrIl5eJ-eAPzpQAABe1PgVVJ4068.png",
			"size":	24276,
			"type":	"png"
		}]
}
[2020-03-14 17:28:35]--[sharefile_cgi.c:309]--cmd = count
[2020-03-14 17:28:35]--[sharefile_cgi.c:77]--line = 3
[2020-03-14 17:28:35]--[sharefile_cgi.c:309]--cmd = normal
[2020-03-14 17:28:35]--[sharefile_cgi.c:345]--buf = {
    "count": 3,
    "start": 0
}

[2020-03-14 17:28:35]--[sharefile_cgi.c:351]--start = 0, count = 3
[2020-03-14 17:28:35]--[sharefile_cgi.c:157]--select share_file_list.*,file_info.url,file_info.size,file_info.type  from file_info,share_file_list where file_info.md5 = share_file_list.md5 limit 0,3 在操作
[2020-03-14 17:28:35]--[sharefile_cgi.c:254]--{
	"files":	[{
			"user":	"vyUyGIUPr84M7jSX+NqX3Q==",
			"md5":	"0c39d13254dd1621bba565dc85ab16f3",
			"time":	"2020-03-12 11:51:59",
			"filename":	"zip.png",
			"sharestatus":	1,
			"pv":	0,
			"url":	"http:// 192.168.43.34:80/group1/M00/00/00/wKgrIl5eL0SAC6lJAABS7zBy4Ng996.png",
			"size":	21231,
			"type":	"png"
		}, {
			"user":	"vyUyGIUPr84M7jSX+NqX3Q==",
			"md5":	"68998a52de5e0dd4f081329b0d6bf736",
			"time":	"2020-03-12 11:54:06",
			"filename":	"jsf.png",
			"sharestatus":	1,
			"pv":	0,
			"url":	"http:// 192.168.43.34:80/group1/M00/00/00/wKgrIl5eLvGAc8qzAABQHUoyPCU339.png",
			"size":	20509,
			"type":	"png"
		}, {
			"user":	"vyUyGIUPr84M7jSX+NqX3Q==",
			"md5":	"2869fd80cf88d03946a1d8b74ffabbac",
			"time":	"2020-03-13 14:21:12",
			"filename":	"avi.png",
			"sharestatus":	1,
			"pv":	0,
			"url":	"http:// 192.168.43.34:80/group1/M00/00/00/wKgrIl5eJ-eAPzpQAABe1PgVVJ4068.png",
			"size":	24276,
			"type":	"png"
		}]
}
[2020-03-14 17:28:58]--[sharefile_cgi.c:309]--cmd = count
[2020-03-14 17:28:58]--[sharefile_cgi.c:77]--line = 3
[2020-03-14 17:28:58]--[sharefile_cgi.c:309]--cmd = normal
[2020-03-14 17:28:58]--[sharefile_cgi.c:345]--buf = {
    "count": 3,
    "start": 0
}

[2020-03-14 17:28:58]--[sharefile_cgi.c:351]--start = 0, count = 3
[2020-03-14 17:28:58]--[sharefile_cgi.c:157]--select share_file_list.*,file_info.url,file_info.size,file_info.type  from file_info,share_file_list where file_info.md5 = share_file_list.md5 limit 0,3 在操作
[2020-03-14 17:28:58]--[sharefile_cgi.c:254]--{
	"files":	[{
			"user":	"vyUyGIUPr84M7jSX+NqX3Q==",
			"md5":	"0c39d13254dd1621bba565dc85ab16f3",
			"time":	"2020-03-12 11:51:59",
			"filename":	"zip.png",
			"sharestatus":	1,
			"pv":	0,
			"url":	"http:// 192.168.43.34:80/group1/M00/00/00/wKgrIl5eL0SAC6lJAABS7zBy4Ng996.png",
			"size":	21231,
			"type":	"png"
		}, {
			"user":	"vyUyGIUPr84M7jSX+NqX3Q==",
			"md5":	"68998a52de5e0dd4f081329b0d6bf736",
			"time":	"2020-03-12 11:54:06",
			"filename":	"jsf.png",
			"sharestatus":	1,
			"pv":	0,
			"url":	"http:// 192.168.43.34:80/group1/M00/00/00/wKgrIl5eLvGAc8qzAABQHUoyPCU339.png",
			"size":	20509,
			"type":	"png"
		}, {
			"user":	"vyUyGIUPr84M7jSX+NqX3Q==",
			"md5":	"2869fd80cf88d03946a1d8b74ffabbac",
			"time":	"2020-03-13 14:21:12",
			"filename":	"avi.png",
			"sharestatus":	1,
			"pv":	0,
			"url":	"http:// 192.168.43.34:80/group1/M00/00/00/wKgrIl5eJ-eAPzpQAABe1PgVVJ4068.png",
			"size":	24276,
			"type":	"png"
		}]
}
[2020-03-14 17:29:07]--[sharefile_cgi.c:309]--cmd = count
[2020-03-14 17:29:07]--[sharefile_cgi.c:77]--line = 3
[2020-03-14 17:29:07]--[sharefile_cgi.c:309]--cmd = normal
[2020-03-14 17:29:07]--[sharefile_cgi.c:345]--buf = {
    "count": 3,
    "start": 0
}

[2020-03-14 17:29:07]--[sharefile_cgi.c:351]--start = 0, count = 3
[2020-03-14 17:29:07]--[sharefile_cgi.c:157]--select share_file_list.*,file_info.url,file_info.size,file_info.type  from file_info,share_file_list where file_info.md5 = share_file_list.md5 limit 0,3 在操作
[2020-03-14 17:29:07]--[sharefile_cgi.c:254]--{
	"files":	[{
			"user":	"vyUyGIUPr84M7jSX+NqX3Q==",
			"md5":	"0c39d13254dd1621bba565dc85ab16f3",
			"time":	"2020-03-12 11:51:59",
			"filename":	"zip.png",
			"sharestatus":	1,
			"pv":	0,
			"url":	"http:// 192.168.43.34:80/group1/M00/00/00/wKgrIl5eL0SAC6lJAABS7zBy4Ng996.png",
			"size":	21231,
			"type":	"png"
		}, {
			"user":	"vyUyGIUPr84M7jSX+NqX3Q==",
			"md5":	"68998a52de5e0dd4f081329b0d6bf736",
			"time":	"2020-03-12 11:54:06",
			"filename":	"jsf.png",
			"sharestatus":	1,
			"pv":	0,
			"url":	"http:// 192.168.43.34:80/group1/M00/00/00/wKgrIl5eLvGAc8qzAABQHUoyPCU339.png",
			"size":	20509,
			"type":	"png"
		}, {
			"user":	"vyUyGIUPr84M7jSX+NqX3Q==",
			"md5":	"2869fd80cf88d03946a1d8b74ffabbac",
			"time":	"2020-03-13 14:21:12",
			"filename":	"avi.png",
			"sharestatus":	1,
			"pv":	0,
			"url":	"http:// 192.168.43.34:80/group1/M00/00/00/wKgrIl5eJ-eAPzpQAABe1PgVVJ4068.png",
			"size":	24276,
			"type":	"png"
		}]
}
[2020-03-14 17:29:39]--[sharefile_cgi.c:309]--cmd = count
[2020-03-14 17:29:39]--[sharefile_cgi.c:77]--line = 3
[2020-03-14 17:29:39]--[sharefile_cgi.c:309]--cmd = normal
[2020-03-14 17:29:39]--[sharefile_cgi.c:345]--buf = {
    "count": 3,
    "start": 0
}

[2020-03-14 17:29:39]--[sharefile_cgi.c:351]--start = 0, count = 3
[2020-03-14 17:29:39]--[sharefile_cgi.c:157]--select share_file_list.*,file_info.url,file_info.size,file_info.type  from file_info,share_file_list where file_info.md5 = share_file_list.md5 limit 0,3 在操作
[2020-03-14 17:29:39]--[sharefile_cgi.c:254]--{
	"files":	[{
			"user":	"vyUyGIUPr84M7jSX+NqX3Q==",
			"md5":	"0c39d13254dd1621bba565dc85ab16f3",
			"time":	"2020-03-12 11:51:59",
			"filename":	"zip.png",
			"sharestatus":	1,
			"pv":	0,
			"url":	"http:// 192.168.43.34:80/group1/M00/00/00/wKgrIl5eL0SAC6lJAABS7zBy4Ng996.png",
			"size":	21231,
			"type":	"png"
		}, {
			"user":	"vyUyGIUPr84M7jSX+NqX3Q==",
			"md5":	"68998a52de5e0dd4f081329b0d6bf736",
			"time":	"2020-03-12 11:54:06",
			"filename":	"jsf.png",
			"sharestatus":	1,
			"pv":	0,
			"url":	"http:// 192.168.43.34:80/group1/M00/00/00/wKgrIl5eLvGAc8qzAABQHUoyPCU339.png",
			"size":	20509,
			"type":	"png"
		}, {
			"user":	"vyUyGIUPr84M7jSX+NqX3Q==",
			"md5":	"2869fd80cf88d03946a1d8b74ffabbac",
			"time":	"2020-03-13 14:21:12",
			"filename":	"avi.png",
			"sharestatus":	1,
			"pv":	0,
			"url":	"http:// 192.168.43.34:80/group1/M00/00/00/wKgrIl5eJ-eAPzpQAABe1PgVVJ4068.png",
			"size":	24276,
			"type":	"png"
		}]
}
[2020-03-14 17:31:55]--[sharefile_cgi.c:309]--cmd = count
[2020-03-14 17:31:55]--[sharefile_cgi.c:77]--line = 3
[2020-03-14 17:31:55]--[sharefile_cgi.c:309]--cmd = normal
[2020-03-14 17:31:55]--[sharefile_cgi.c:345]--buf = {
    "count": 3,
    "start": 0
}

[2020-03-14 17:31:55]--[sharefile_cgi.c:351]--start = 0, count = 3
[2020-03-14 17:31:55]--[sharefile_cgi.c:157]--select share_file_list.*,file_info.url,file_info.size,file_info.type  from file_info,share_file_list where file_info.md5 = share_file_list.md5 limit 0,3 在操作
[2020-03-14 17:31:55]--[sharefile_cgi.c:254]--{
	"files":	[{
			"user":	"vyUyGIUPr84M7jSX+NqX3Q==",
			"md5":	"0c39d13254dd1621bba565dc85ab16f3",
			"time":	"2020-03-12 11:51:59",
			"filename":	"zip.png",
			"sharestatus":	1,
			"pv":	0,
			"url":	"http:// 192.168.43.34:80/group1/M00/00/00/wKgrIl5eL0SAC6lJAABS7zBy4Ng996.png",
			"size":	21231,
			"type":	"png"
		}, {
			"user":	"vyUyGIUPr84M7jSX+NqX3Q==",
			"md5":	"68998a52de5e0dd4f081329b0d6bf736",
			"time":	"2020-03-12 11:54:06",
			"filename":	"jsf.png",
			"sharestatus":	1,
			"pv":	0,
			"url":	"http:// 192.168.43.34:80/group1/M00/00/00/wKgrIl5eLvGAc8qzAABQHUoyPCU339.png",
			"size":	20509,
			"type":	"png"
		}, {
			"user":	"vyUyGIUPr84M7jSX+NqX3Q==",
			"md5":	"2869fd80cf88d03946a1d8b74ffabbac",
			"time":	"2020-03-13 14:21:12",
			"filename":	"avi.png",
			"sharestatus":	1,
			"pv":	0,
			"url":	"http:// 192.168.43.34:80/group1/M00/00/00/wKgrIl5eJ-eAPzpQAABe1PgVVJ4068.png",
			"size":	24276,
			"type":	"png"
		}]
}
[2020-03-14 17:32:47]--[sharefile_cgi.c:309]--cmd = count
[2020-03-14 17:32:47]--[sharefile_cgi.c:77]--line = 3
[2020-03-14 17:32:47]--[sharefile_cgi.c:309]--cmd = normal
[2020-03-14 17:32:47]--[sharefile_cgi.c:345]--buf = {
    "count": 3,
    "start": 0
}

[2020-03-14 17:32:47]--[sharefile_cgi.c:351]--start = 0, count = 3
[2020-03-14 17:32:47]--[sharefile_cgi.c:157]--select share_file_list.*,file_info.url,file_info.size,file_info.type  from file_info,share_file_list where file_info.md5 = share_file_list.md5 limit 0,3 在操作
[2020-03-14 17:32:47]--[sharefile_cgi.c:254]--{
	"files":	[{
			"user":	"vyUyGIUPr84M7jSX+NqX3Q==",
			"md5":	"0c39d13254dd1621bba565dc85ab16f3",
			"time":	"2020-03-12 11:51:59",
			"filename":	"zip.png",
			"sharestatus":	1,
			"pv":	0,
			"url":	"http:// 192.168.43.34:80/group1/M00/00/00/wKgrIl5eL0SAC6lJAABS7zBy4Ng996.png",
			"size":	21231,
			"type":	"png"
		}, {
			"user":	"vyUyGIUPr84M7jSX+NqX3Q==",
			"md5":	"68998a52de5e0dd4f081329b0d6bf736",
			"time":	"2020-03-12 11:54:06",
			"filename":	"jsf.png",
			"sharestatus":	1,
			"pv":	0,
			"url":	"http:// 192.168.43.34:80/group1/M00/00/00/wKgrIl5eLvGAc8qzAABQHUoyPCU339.png",
			"size":	20509,
			"type":	"png"
		}, {
			"user":	"vyUyGIUPr84M7jSX+NqX3Q==",
			"md5":	"2869fd80cf88d03946a1d8b74ffabbac",
			"time":	"2020-03-13 14:21:12",
			"filename":	"avi.png",
			"sharestatus":	1,
			"pv":	0,
			"url":	"http:// 192.168.43.34:80/group1/M00/00/00/wKgrIl5eJ-eAPzpQAABe1PgVVJ4068.png",
			"size":	24276,
			"type":	"png"
		}]
}
[2020-03-14 17:33:33]--[sharefile_cgi.c:309]--cmd = count
[2020-03-14 17:33:33]--[sharefile_cgi.c:77]--line = 3
[2020-03-14 17:33:33]--[sharefile_cgi.c:309]--cmd = normal
[2020-03-14 17:33:33]--[sharefile_cgi.c:345]--buf = {
    "count": 3,
    "start": 0
}

[2020-03-14 17:33:33]--[sharefile_cgi.c:351]--start = 0, count = 3
[2020-03-14 17:33:33]--[sharefile_cgi.c:157]--select share_file_list.*,file_info.url,file_info.size,file_info.type  from file_info,share_file_list where file_info.md5 = share_file_list.md5 limit 0,3 在操作
[2020-03-14 17:33:33]--[sharefile_cgi.c:254]--{
	"files":	[{
			"user":	"vyUyGIUPr84M7jSX+NqX3Q==",
			"md5":	"0c39d13254dd1621bba565dc85ab16f3",
			"time":	"2020-03-12 11:51:59",
			"filename":	"zip.png",
			"sharestatus":	1,
			"pv":	0,
			"url":	"http:// 192.168.43.34:80/group1/M00/00/00/wKgrIl5eL0SAC6lJAABS7zBy4Ng996.png",
			"size":	21231,
			"type":	"png"
		}, {
			"user":	"vyUyGIUPr84M7jSX+NqX3Q==",
			"md5":	"68998a52de5e0dd4f081329b0d6bf736",
			"time":	"2020-03-12 11:54:06",
			"filename":	"jsf.png",
			"sharestatus":	1,
			"pv":	0,
			"url":	"http:// 192.168.43.34:80/group1/M00/00/00/wKgrIl5eLvGAc8qzAABQHUoyPCU339.png",
			"size":	20509,
			"type":	"png"
		}, {
			"user":	"vyUyGIUPr84M7jSX+NqX3Q==",
			"md5":	"2869fd80cf88d03946a1d8b74ffabbac",
			"time":	"2020-03-13 14:21:12",
			"filename":	"avi.png",
			"sharestatus":	1,
			"pv":	0,
			"url":	"http:// 192.168.43.34:80/group1/M00/00/00/wKgrIl5eJ-eAPzpQAABe1PgVVJ4068.png",
			"size":	24276,
			"type":	"png"
		}]
}
[2020-03-14 17:34:17]--[sharefile_cgi.c:309]--cmd = count
[2020-03-14 17:34:17]--[sharefile_cgi.c:77]--line = 3
[2020-03-14 17:34:17]--[sharefile_cgi.c:309]--cmd = normal
[2020-03-14 17:34:17]--[sharefile_cgi.c:345]--buf = {
    "count": 3,
    "start": 0
}

[2020-03-14 17:34:17]--[sharefile_cgi.c:351]--start = 0, count = 3
[2020-03-14 17:34:17]--[sharefile_cgi.c:157]--select share_file_list.*,file_info.url,file_info.size,file_info.type  from file_info,share_file_list where file_info.md5 = share_file_list.md5 limit 0,3 在操作
[2020-03-14 17:34:17]--[sharefile_cgi.c:254]--{
	"files":	[{
			"user":	"vyUyGIUPr84M7jSX+NqX3Q==",
			"md5":	"0c39d13254dd1621bba565dc85ab16f3",
			"time":	"2020-03-12 11:51:59",
			"filename":	"zip.png",
			"sharestatus":	1,
			"pv":	0,
			"url":	"http:// 192.168.43.34:80/group1/M00/00/00/wKgrIl5eL0SAC6lJAABS7zBy4Ng996.png",
			"size":	21231,
			"type":	"png"
		}, {
			"user":	"vyUyGIUPr84M7jSX+NqX3Q==",
			"md5":	"68998a52de5e0dd4f081329b0d6bf736",
			"time":	"2020-03-12 11:54:06",
			"filename":	"jsf.png",
			"sharestatus":	1,
			"pv":	0,
			"url":	"http:// 192.168.43.34:80/group1/M00/00/00/wKgrIl5eLvGAc8qzAABQHUoyPCU339.png",
			"size":	20509,
			"type":	"png"
		}, {
			"user":	"vyUyGIUPr84M7jSX+NqX3Q==",
			"md5":	"2869fd80cf88d03946a1d8b74ffabbac",
			"time":	"2020-03-13 14:21:12",
			"filename":	"avi.png",
			"sharestatus":	1,
			"pv":	0,
			"url":	"http:// 192.168.43.34:80/group1/M00/00/00/wKgrIl5eJ-eAPzpQAABe1PgVVJ4068.png",
			"size":	24276,
			"type":	"png"
		}]
}
[2020-03-14 17:36:59]--[sharefile_cgi.c:309]--cmd = count
[2020-03-14 17:36:59]--[sharefile_cgi.c:77]--line = 3
[2020-03-14 17:36:59]--[sharefile_cgi.c:309]--cmd = normal
[2020-03-14 17:36:59]--[sharefile_cgi.c:345]--buf = {
    "count": 3,
    "start": 0
}

[2020-03-14 17:36:59]--[sharefile_cgi.c:351]--start = 0, count = 3
[2020-03-14 17:36:59]--[sharefile_cgi.c:157]--select share_file_list.*,file_info.url,file_info.size,file_info.type  from file_info,share_file_list where file_info.md5 = share_file_list.md5 limit 0,3 在操作
[2020-03-14 17:36:59]--[sharefile_cgi.c:254]--{
	"files":	[{
			"user":	"vyUyGIUPr84M7jSX+NqX3Q==",
			"md5":	"0c39d13254dd1621bba565dc85ab16f3",
			"time":	"2020-03-12 11:51:59",
			"filename":	"zip.png",
			"sharestatus":	1,
			"pv":	0,
			"url":	"http:// 192.168.43.34:80/group1/M00/00/00/wKgrIl5eL0SAC6lJAABS7zBy4Ng996.png",
			"size":	21231,
			"type":	"png"
		}, {
			"user":	"vyUyGIUPr84M7jSX+NqX3Q==",
			"md5":	"68998a52de5e0dd4f081329b0d6bf736",
			"time":	"2020-03-12 11:54:06",
			"filename":	"jsf.png",
			"sharestatus":	1,
			"pv":	0,
			"url":	"http:// 192.168.43.34:80/group1/M00/00/00/wKgrIl5eLvGAc8qzAABQHUoyPCU339.png",
			"size":	20509,
			"type":	"png"
		}, {
			"user":	"vyUyGIUPr84M7jSX+NqX3Q==",
			"md5":	"2869fd80cf88d03946a1d8b74ffabbac",
			"time":	"2020-03-13 14:21:12",
			"filename":	"avi.png",
			"sharestatus":	1,
			"pv":	0,
			"url":	"http:// 192.168.43.34:80/group1/M00/00/00/wKgrIl5eJ-eAPzpQAABe1PgVVJ4068.png",
			"size":	24276,
			"type":	"png"
		}]
}
[2020-03-14 17:37:32]--[sharefile_cgi.c:309]--cmd = count
[2020-03-14 17:37:32]--[sharefile_cgi.c:77]--line = 3
[2020-03-14 17:37:32]--[sharefile_cgi.c:309]--cmd = normal
[2020-03-14 17:37:32]--[sharefile_cgi.c:345]--buf = {
    "count": 3,
    "start": 0
}

[2020-03-14 17:37:32]--[sharefile_cgi.c:351]--start = 0, count = 3
[2020-03-14 17:37:32]--[sharefile_cgi.c:157]--select share_file_list.*,file_info.url,file_info.size,file_info.type  from file_info,share_file_list where file_info.md5 = share_file_list.md5 limit 0,3 在操作
[2020-03-14 17:37:32]--[sharefile_cgi.c:254]--{
	"files":	[{
			"user":	"vyUyGIUPr84M7jSX+NqX3Q==",
			"md5":	"0c39d13254dd1621bba565dc85ab16f3",
			"time":	"2020-03-12 11:51:59",
			"filename":	"zip.png",
			"sharestatus":	1,
			"pv":	0,
			"url":	"http:// 192.168.43.34:80/group1/M00/00/00/wKgrIl5eL0SAC6lJAABS7zBy4Ng996.png",
			"size":	21231,
			"type":	"png"
		}, {
			"user":	"vyUyGIUPr84M7jSX+NqX3Q==",
			"md5":	"68998a52de5e0dd4f081329b0d6bf736",
			"time":	"2020-03-12 11:54:06",
			"filename":	"jsf.png",
			"sharestatus":	1,
			"pv":	0,
			"url":	"http:// 192.168.43.34:80/group1/M00/00/00/wKgrIl5eLvGAc8qzAABQHUoyPCU339.png",
			"size":	20509,
			"type":	"png"
		}, {
			"user":	"vyUyGIUPr84M7jSX+NqX3Q==",
			"md5":	"2869fd80cf88d03946a1d8b74ffabbac",
			"time":	"2020-03-13 14:21:12",
			"filename":	"avi.png",
			"sharestatus":	1,
			"pv":	0,
			"url":	"http:// 192.168.43.34:80/group1/M00/00/00/wKgrIl5eJ-eAPzpQAABe1PgVVJ4068.png",
			"size":	24276,
			"type":	"png"
		}]
}
[2020-03-14 17:40:20]--[sharefile_cgi.c:309]--cmd = count
[2020-03-14 17:40:20]--[sharefile_cgi.c:77]--line = 3
[2020-03-14 17:40:20]--[sharefile_cgi.c:309]--cmd = normal
[2020-03-14 17:40:20]--[sharefile_cgi.c:345]--buf = {
    "count": 3,
    "start": 0
}

[2020-03-14 17:40:20]--[sharefile_cgi.c:351]--start = 0, count = 3
[2020-03-14 17:40:20]--[sharefile_cgi.c:157]--select share_file_list.*,file_info.url,file_info.size,file_info.type  from file_info,share_file_list where file_info.md5 = share_file_list.md5 limit 0,3 在操作
[2020-03-14 17:40:20]--[sharefile_cgi.c:254]--{
	"files":	[{
			"user":	"vyUyGIUPr84M7jSX+NqX3Q==",
			"md5":	"0c39d13254dd1621bba565dc85ab16f3",
			"time":	"2020-03-12 11:51:59",
			"filename":	"zip.png",
			"sharestatus":	1,
			"pv":	0,
			"url":	"http:// 192.168.43.34:80/group1/M00/00/00/wKgrIl5eL0SAC6lJAABS7zBy4Ng996.png",
			"size":	21231,
			"type":	"png"
		}, {
			"user":	"vyUyGIUPr84M7jSX+NqX3Q==",
			"md5":	"68998a52de5e0dd4f081329b0d6bf736",
			"time":	"2020-03-12 11:54:06",
			"filename":	"jsf.png",
			"sharestatus":	1,
			"pv":	0,
			"url":	"http:// 192.168.43.34:80/group1/M00/00/00/wKgrIl5eLvGAc8qzAABQHUoyPCU339.png",
			"size":	20509,
			"type":	"png"
		}, {
			"user":	"vyUyGIUPr84M7jSX+NqX3Q==",
			"md5":	"2869fd80cf88d03946a1d8b74ffabbac",
			"time":	"2020-03-13 14:21:12",
			"filename":	"avi.png",
			"sharestatus":	1,
			"pv":	0,
			"url":	"http:// 192.168.43.34:80/group1/M00/00/00/wKgrIl5eJ-eAPzpQAABe1PgVVJ4068.png",
			"size":	24276,
			"type":	"png"
		}]
}
[2020-03-14 17:40:51]--[sharefile_cgi.c:309]--cmd = count
[2020-03-14 17:40:51]--[sharefile_cgi.c:77]--line = 3
[2020-03-14 17:40:51]--[sharefile_cgi.c:309]--cmd = normal
[2020-03-14 17:40:51]--[sharefile_cgi.c:345]--buf = {
    "count": 3,
    "start": 0
}

[2020-03-14 17:40:51]--[sharefile_cgi.c:351]--start = 0, count = 3
[2020-03-14 17:40:51]--[sharefile_cgi.c:157]--select share_file_list.*,file_info.url,file_info.size,file_info.type  from file_info,share_file_list where file_info.md5 = share_file_list.md5 limit 0,3 在操作
[2020-03-14 17:40:51]--[sharefile_cgi.c:254]--{
	"files":	[{
			"user":	"vyUyGIUPr84M7jSX+NqX3Q==",
			"md5":	"0c39d13254dd1621bba565dc85ab16f3",
			"time":	"2020-03-12 11:51:59",
			"filename":	"zip.png",
			"sharestatus":	1,
			"pv":	0,
			"url":	"http:// 192.168.43.34:80/group1/M00/00/00/wKgrIl5eL0SAC6lJAABS7zBy4Ng996.png",
			"size":	21231,
			"type":	"png"
		}, {
			"user":	"vyUyGIUPr84M7jSX+NqX3Q==",
			"md5":	"68998a52de5e0dd4f081329b0d6bf736",
			"time":	"2020-03-12 11:54:06",
			"filename":	"jsf.png",
			"sharestatus":	1,
			"pv":	0,
			"url":	"http:// 192.168.43.34:80/group1/M00/00/00/wKgrIl5eLvGAc8qzAABQHUoyPCU339.png",
			"size":	20509,
			"type":	"png"
		}, {
			"user":	"vyUyGIUPr84M7jSX+NqX3Q==",
			"md5":	"2869fd80cf88d03946a1d8b74ffabbac",
			"time":	"2020-03-13 14:21:12",
			"filename":	"avi.png",
			"sharestatus":	1,
			"pv":	0,
			"url":	"http:// 192.168.43.34:80/group1/M00/00/00/wKgrIl5eJ-eAPzpQAABe1PgVVJ4068.png",
			"size":	24276,
			"type":	"png"
		}]
}
[2020-03-14 17:44:32]--[sharefile_cgi.c:309]--cmd = count
[2020-03-14 17:44:32]--[sharefile_cgi.c:77]--line = 3
[2020-03-14 17:44:32]--[sharefile_cgi.c:309]--cmd = normal
[2020-03-14 17:44:32]--[sharefile_cgi.c:345]--buf = {
    "count": 3,
    "start": 0
}

[2020-03-14 17:44:32]--[sharefile_cgi.c:351]--start = 0, count = 3
[2020-03-14 17:44:32]--[sharefile_cgi.c:157]--select share_file_list.*,file_info.url,file_info.size,file_info.type  from file_info,share_file_list where file_info.md5 = share_file_list.md5 limit 0,3 在操作
[2020-03-14 17:44:32]--[sharefile_cgi.c:254]--{
	"files":	[{
			"user":	"vyUyGIUPr84M7jSX+NqX3Q==",
			"md5":	"0c39d13254dd1621bba565dc85ab16f3",
			"time":	"2020-03-12 11:51:59",
			"filename":	"zip.png",
			"sharestatus":	1,
			"pv":	0,
			"url":	"http:// 192.168.43.34:80/group1/M00/00/00/wKgrIl5eL0SAC6lJAABS7zBy4Ng996.png",
			"size":	21231,
			"type":	"png"
		}, {
			"user":	"vyUyGIUPr84M7jSX+NqX3Q==",
			"md5":	"68998a52de5e0dd4f081329b0d6bf736",
			"time":	"2020-03-12 11:54:06",
			"filename":	"jsf.png",
			"sharestatus":	1,
			"pv":	0,
			"url":	"http:// 192.168.43.34:80/group1/M00/00/00/wKgrIl5eLvGAc8qzAABQHUoyPCU339.png",
			"size":	20509,
			"type":	"png"
		}, {
			"user":	"vyUyGIUPr84M7jSX+NqX3Q==",
			"md5":	"2869fd80cf88d03946a1d8b74ffabbac",
			"time":	"2020-03-13 14:21:12",
			"filename":	"avi.png",
			"sharestatus":	1,
			"pv":	0,
			"url":	"http:// 192.168.43.34:80/group1/M00/00/00/wKgrIl5eJ-eAPzpQAABe1PgVVJ4068.png",
			"size":	24276,
			"type":	"png"
		}]
}
[2020-03-14 17:48:39]--[sharefile_cgi.c:309]--cmd = count
[2020-03-14 17:48:39]--[sharefile_cgi.c:77]--line = 3
[2020-03-14 17:48:39]--[sharefile_cgi.c:309]--cmd = normal
[2020-03-14 17:48:39]--[sharefile_cgi.c:345]--buf = {
    "count": 3,
    "start": 0
}

[2020-03-14 17:48:39]--[sharefile_cgi.c:351]--start = 0, count = 3
[2020-03-14 17:48:39]--[sharefile_cgi.c:157]--select share_file_list.*,file_info.url,file_info.size,file_info.type  from file_info,share_file_list where file_info.md5 = share_file_list.md5 limit 0,3 在操作
[2020-03-14 17:48:39]--[sharefile_cgi.c:254]--{
	"files":	[{
			"user":	"vyUyGIUPr84M7jSX+NqX3Q==",
			"md5":	"0c39d13254dd1621bba565dc85ab16f3",
			"time":	"2020-03-12 11:51:59",
			"filename":	"zip.png",
			"sharestatus":	1,
			"pv":	0,
			"url":	"http:// 192.168.43.34:80/group1/M00/00/00/wKgrIl5eL0SAC6lJAABS7zBy4Ng996.png",
			"size":	21231,
			"type":	"png"
		}, {
			"user":	"vyUyGIUPr84M7jSX+NqX3Q==",
			"md5":	"68998a52de5e0dd4f081329b0d6bf736",
			"time":	"2020-03-12 11:54:06",
			"filename":	"jsf.png",
			"sharestatus":	1,
			"pv":	0,
			"url":	"http:// 192.168.43.34:80/group1/M00/00/00/wKgrIl5eLvGAc8qzAABQHUoyPCU339.png",
			"size":	20509,
			"type":	"png"
		}, {
			"user":	"vyUyGIUPr84M7jSX+NqX3Q==",
			"md5":	"2869fd80cf88d03946a1d8b74ffabbac",
			"time":	"2020-03-13 14:21:12",
			"filename":	"avi.png",
			"sharestatus":	1,
			"pv":	0,
			"url":	"http:// 192.168.43.34:80/group1/M00/00/00/wKgrIl5eJ-eAPzpQAABe1PgVVJ4068.png",
			"size":	24276,
			"type":	"png"
		}]
}
[2020-03-14 17:59:22]--[sharefile_cgi.c:309]--cmd = count
[2020-03-14 17:59:22]--[sharefile_cgi.c:77]--line = 3
[2020-03-14 17:59:22]--[sharefile_cgi.c:309]--cmd = normal
[2020-03-14 17:59:22]--[sharefile_cgi.c:345]--buf = {
    "count": 3,
    "start": 0
}

[2020-03-14 17:59:22]--[sharefile_cgi.c:351]--start = 0, count = 3
[2020-03-14 17:59:22]--[sharefile_cgi.c:157]--select share_file_list.*,file_info.url,file_info.size,file_info.type  from file_info,share_file_list where file_info.md5 = share_file_list.md5 limit 0,3 在操作
[2020-03-14 17:59:22]--[sharefile_cgi.c:254]--{
	"files":	[{
			"user":	"vyUyGIUPr84M7jSX+NqX3Q==",
			"md5":	"0c39d13254dd1621bba565dc85ab16f3",
			"time":	"2020-03-12 11:51:59",
			"filename":	"zip.png",
			"sharestatus":	1,
			"pv":	0,
			"url":	"http:// 192.168.43.34:80/group1/M00/00/00/wKgrIl5eL0SAC6lJAABS7zBy4Ng996.png",
			"size":	21231,
			"type":	"png"
		}, {
			"user":	"vyUyGIUPr84M7jSX+NqX3Q==",
			"md5":	"68998a52de5e0dd4f081329b0d6bf736",
			"time":	"2020-03-12 11:54:06",
			"filename":	"jsf.png",
			"sharestatus":	1,
			"pv":	0,
			"url":	"http:// 192.168.43.34:80/group1/M00/00/00/wKgrIl5eLvGAc8qzAABQHUoyPCU339.png",
			"size":	20509,
			"type":	"png"
		}, {
			"user":	"vyUyGIUPr84M7jSX+NqX3Q==",
			"md5":	"2869fd80cf88d03946a1d8b74ffabbac",
			"time":	"2020-03-13 14:21:12",
			"filename":	"avi.png",
			"sharestatus":	1,
			"pv":	0,
			"url":	"http:// 192.168.43.34:80/group1/M00/00/00/wKgrIl5eJ-eAPzpQAABe1PgVVJ4068.png",
			"size":	24276,
			"type":	"png"
		}]
}
[2020-03-14 18:00:39]--[sharefile_cgi.c:309]--cmd = count
[2020-03-14 18:00:39]--[sharefile_cgi.c:77]--line = 3
[2020-03-14 18:00:39]--[sharefile_cgi.c:309]--cmd = normal
[2020-03-14 18:00:39]--[sharefile_cgi.c:345]--buf = {
    "count": 3,
    "start": 0
}

[2020-03-14 18:00:39]--[sharefile_cgi.c:351]--start = 0, count = 3
[2020-03-14 18:00:39]--[sharefile_cgi.c:157]--select share_file_list.*,file_info.url,file_info.size,file_info.type  from file_info,share_file_list where file_info.md5 = share_file_list.md5 limit 0,3 在操作
[2020-03-14 18:00:39]--[sharefile_cgi.c:254]--{
	"files":	[{
			"user":	"vyUyGIUPr84M7jSX+NqX3Q==",
			"md5":	"0c39d13254dd1621bba565dc85ab16f3",
			"time":	"2020-03-12 11:51:59",
			"filename":	"zip.png",
			"sharestatus":	1,
			"pv":	0,
			"url":	"http:// 192.168.43.34:80/group1/M00/00/00/wKgrIl5eL0SAC6lJAABS7zBy4Ng996.png",
			"size":	21231,
			"type":	"png"
		}, {
			"user":	"vyUyGIUPr84M7jSX+NqX3Q==",
			"md5":	"68998a52de5e0dd4f081329b0d6bf736",
			"time":	"2020-03-12 11:54:06",
			"filename":	"jsf.png",
			"sharestatus":	1,
			"pv":	0,
			"url":	"http:// 192.168.43.34:80/group1/M00/00/00/wKgrIl5eLvGAc8qzAABQHUoyPCU339.png",
			"size":	20509,
			"type":	"png"
		}, {
			"user":	"vyUyGIUPr84M7jSX+NqX3Q==",
			"md5":	"2869fd80cf88d03946a1d8b74ffabbac",
			"time":	"2020-03-13 14:21:12",
			"filename":	"avi.png",
			"sharestatus":	1,
			"pv":	0,
			"url":	"http:// 192.168.43.34:80/group1/M00/00/00/wKgrIl5eJ-eAPzpQAABe1PgVVJ4068.png",
			"size":	24276,
			"type":	"png"
		}]
}
[2020-03-14 18:05:22]--[sharefile_cgi.c:309]--cmd = count
[2020-03-14 18:05:22]--[sharefile_cgi.c:77]--line = 3
[2020-03-14 18:05:22]--[sharefile_cgi.c:309]--cmd = normal
[2020-03-14 18:05:22]--[sharefile_cgi.c:345]--buf = {
    "count": 3,
    "start": 0
}

[2020-03-14 18:05:22]--[sharefile_cgi.c:351]--start = 0, count = 3
[2020-03-14 18:05:22]--[sharefile_cgi.c:157]--select share_file_list.*,file_info.url,file_info.size,file_info.type  from file_info,share_file_list where file_info.md5 = share_file_list.md5 limit 0,3 在操作
[2020-03-14 18:05:22]--[sharefile_cgi.c:254]--{
	"files":	[{
			"user":	"vyUyGIUPr84M7jSX+NqX3Q==",
			"md5":	"0c39d13254dd1621bba565dc85ab16f3",
			"time":	"2020-03-12 11:51:59",
			"filename":	"zip.png",
			"sharestatus":	1,
			"pv":	0,
			"url":	"http:// 192.168.43.34:80/group1/M00/00/00/wKgrIl5eL0SAC6lJAABS7zBy4Ng996.png",
			"size":	21231,
			"type":	"png"
		}, {
			"user":	"vyUyGIUPr84M7jSX+NqX3Q==",
			"md5":	"68998a52de5e0dd4f081329b0d6bf736",
			"time":	"2020-03-12 11:54:06",
			"filename":	"jsf.png",
			"sharestatus":	1,
			"pv":	0,
			"url":	"http:// 192.168.43.34:80/group1/M00/00/00/wKgrIl5eLvGAc8qzAABQHUoyPCU339.png",
			"size":	20509,
			"type":	"png"
		}, {
			"user":	"vyUyGIUPr84M7jSX+NqX3Q==",
			"md5":	"2869fd80cf88d03946a1d8b74ffabbac",
			"time":	"2020-03-13 14:21:12",
			"filename":	"avi.png",
			"sharestatus":	1,
			"pv":	0,
			"url":	"http:// 192.168.43.34:80/group1/M00/00/00/wKgrIl5eJ-eAPzpQAABe1PgVVJ4068.png",
			"size":	24276,
			"type":	"png"
		}]
}
[2020-03-14 18:11:01]--[sharefile_cgi.c:309]--cmd = count
[2020-03-14 18:11:01]--[sharefile_cgi.c:77]--line = 3
[2020-03-14 18:11:01]--[sharefile_cgi.c:309]--cmd = normal
[2020-03-14 18:11:01]--[sharefile_cgi.c:345]--buf = {
    "count": 3,
    "start": 0
}

[2020-03-14 18:11:01]--[sharefile_cgi.c:351]--start = 0, count = 3
[2020-03-14 18:11:01]--[sharefile_cgi.c:157]--select share_file_list.*,file_info.url,file_info.size,file_info.type  from file_info,share_file_list where file_info.md5 = share_file_list.md5 limit 0,3 在操作
[2020-03-14 18:11:01]--[sharefile_cgi.c:254]--{
	"files":	[{
			"user":	"vyUyGIUPr84M7jSX+NqX3Q==",
			"md5":	"0c39d13254dd1621bba565dc85ab16f3",
			"time":	"2020-03-12 11:51:59",
			"filename":	"zip.png",
			"sharestatus":	1,
			"pv":	0,
			"url":	"http:// 192.168.43.34:80/group1/M00/00/00/wKgrIl5eL0SAC6lJAABS7zBy4Ng996.png",
			"size":	21231,
			"type":	"png"
		}, {
			"user":	"vyUyGIUPr84M7jSX+NqX3Q==",
			"md5":	"68998a52de5e0dd4f081329b0d6bf736",
			"time":	"2020-03-12 11:54:06",
			"filename":	"jsf.png",
			"sharestatus":	1,
			"pv":	0,
			"url":	"http:// 192.168.43.34:80/group1/M00/00/00/wKgrIl5eLvGAc8qzAABQHUoyPCU339.png",
			"size":	20509,
			"type":	"png"
		}, {
			"user":	"vyUyGIUPr84M7jSX+NqX3Q==",
			"md5":	"2869fd80cf88d03946a1d8b74ffabbac",
			"time":	"2020-03-13 14:21:12",
			"filename":	"avi.png",
			"sharestatus":	1,
			"pv":	0,
			"url":	"http:// 192.168.43.34:80/group1/M00/00/00/wKgrIl5eJ-eAPzpQAABe1PgVVJ4068.png",
			"size":	24276,
			"type":	"png"
		}]
}
[2020-03-14 18:29:08]--[sharefile_cgi.c:309]--cmd = count
[2020-03-14 18:29:08]--[sharefile_cgi.c:77]--line = 3
[2020-03-14 18:29:08]--[sharefile_cgi.c:309]--cmd = normal
[2020-03-14 18:29:08]--[sharefile_cgi.c:345]--buf = {
    "count": 3,
    "start": 0
}

[2020-03-14 18:29:08]--[sharefile_cgi.c:351]--start = 0, count = 3
[2020-03-14 18:29:08]--[sharefile_cgi.c:157]--select share_file_list.*,file_info.url,file_info.size,file_info.type  from file_info,share_file_list where file_info.md5 = share_file_list.md5 limit 0,3 在操作
[2020-03-14 18:29:08]--[sharefile_cgi.c:254]--{
	"files":	[{
			"user":	"vyUyGIUPr84M7jSX+NqX3Q==",
			"md5":	"0c39d13254dd1621bba565dc85ab16f3",
			"time":	"2020-03-12 11:51:59",
			"filename":	"zip.png",
			"sharestatus":	1,
			"pv":	0,
			"url":	"http:// 192.168.43.34:80/group1/M00/00/00/wKgrIl5eL0SAC6lJAABS7zBy4Ng996.png",
			"size":	21231,
			"type":	"png"
		}, {
			"user":	"vyUyGIUPr84M7jSX+NqX3Q==",
			"md5":	"68998a52de5e0dd4f081329b0d6bf736",
			"time":	"2020-03-12 11:54:06",
			"filename":	"jsf.png",
			"sharestatus":	1,
			"pv":	0,
			"url":	"http:// 192.168.43.34:80/group1/M00/00/00/wKgrIl5eLvGAc8qzAABQHUoyPCU339.png",
			"size":	20509,
			"type":	"png"
		}, {
			"user":	"vyUyGIUPr84M7jSX+NqX3Q==",
			"md5":	"2869fd80cf88d03946a1d8b74ffabbac",
			"time":	"2020-03-13 14:21:12",
			"filename":	"avi.png",
			"sharestatus":	1,
			"pv":	0,
			"url":	"http:// 192.168.43.34:80/group1/M00/00/00/wKgrIl5eJ-eAPzpQAABe1PgVVJ4068.png",
			"size":	24276,
			"type":	"png"
		}]
}
[2020-03-14 18:46:08]--[sharefile_cgi.c:309]--cmd = count
[2020-03-14 18:46:08]--[sharefile_cgi.c:77]--line = 2
[2020-03-14 18:46:08]--[sharefile_cgi.c:309]--cmd = normal
[2020-03-14 18:46:08]--[sharefile_cgi.c:345]--buf = {
    "count": 2,
    "start": 0
}

[2020-03-14 18:46:08]--[sharefile_cgi.c:351]--start = 0, count = 2
[2020-03-14 18:46:08]--[sharefile_cgi.c:157]--select share_file_list.*,file_info.url,file_info.size,file_info.type  from file_info,share_file_list where file_info.md5 = share_file_list.md5 limit 0,2 在操作
[2020-03-14 18:46:08]--[sharefile_cgi.c:254]--{
	"files":	[{
			"user":	"vyUyGIUPr84M7jSX+NqX3Q==",
			"md5":	"0c39d13254dd1621bba565dc85ab16f3",
			"time":	"2020-03-12 11:51:59",
			"filename":	"zip.png",
			"sharestatus":	1,
			"pv":	0,
			"url":	"http:// 192.168.43.34:80/group1/M00/00/00/wKgrIl5eL0SAC6lJAABS7zBy4Ng996.png",
			"size":	21231,
			"type":	"png"
		}, {
			"user":	"vyUyGIUPr84M7jSX+NqX3Q==",
			"md5":	"68998a52de5e0dd4f081329b0d6bf736",
			"time":	"2020-03-12 11:54:06",
			"filename":	"jsf.png",
			"sharestatus":	1,
			"pv":	0,
			"url":	"http:// 192.168.43.34:80/group1/M00/00/00/wKgrIl5eLvGAc8qzAABQHUoyPCU339.png",
			"size":	20509,
			"type":	"png"
		}]
}
[2020-03-14 18:46:10]--[sharefile_cgi.c:309]--cmd = count
[2020-03-14 18:46:10]--[sharefile_cgi.c:77]--line = 2
[2020-03-14 18:46:10]--[sharefile_cgi.c:309]--cmd = normal
[2020-03-14 18:46:10]--[sharefile_cgi.c:345]--buf = {
    "count": 2,
    "start": 0
}

[2020-03-14 18:46:10]--[sharefile_cgi.c:351]--start = 0, count = 2
[2020-03-14 18:46:10]--[sharefile_cgi.c:157]--select share_file_list.*,file_info.url,file_info.size,file_info.type  from file_info,share_file_list where file_info.md5 = share_file_list.md5 limit 0,2 在操作
[2020-03-14 18:46:10]--[sharefile_cgi.c:254]--{
	"files":	[{
			"user":	"vyUyGIUPr84M7jSX+NqX3Q==",
			"md5":	"0c39d13254dd1621bba565dc85ab16f3",
			"time":	"2020-03-12 11:51:59",
			"filename":	"zip.png",
			"sharestatus":	1,
			"pv":	0,
			"url":	"http:// 192.168.43.34:80/group1/M00/00/00/wKgrIl5eL0SAC6lJAABS7zBy4Ng996.png",
			"size":	21231,
			"type":	"png"
		}, {
			"user":	"vyUyGIUPr84M7jSX+NqX3Q==",
			"md5":	"68998a52de5e0dd4f081329b0d6bf736",
			"time":	"2020-03-12 11:54:06",
			"filename":	"jsf.png",
			"sharestatus":	1,
			"pv":	0,
			"url":	"http:// 192.168.43.34:80/group1/M00/00/00/wKgrIl5eLvGAc8qzAABQHUoyPCU339.png",
			"size":	20509,
			"type":	"png"
		}]
}
[2020-03-14 18:46:12]--[sharefile_cgi.c:309]--cmd = count
[2020-03-14 18:46:12]--[sharefile_cgi.c:77]--line = 2
[2020-03-14 18:46:12]--[sharefile_cgi.c:309]--cmd = normal
[2020-03-14 18:46:12]--[sharefile_cgi.c:345]--buf = {
    "count": 2,
    "start": 0
}

[2020-03-14 18:46:12]--[sharefile_cgi.c:351]--start = 0, count = 2
[2020-03-14 18:46:12]--[sharefile_cgi.c:157]--select share_file_list.*,file_info.url,file_info.size,file_info.type  from file_info,share_file_list where file_info.md5 = share_file_list.md5 limit 0,2 在操作
[2020-03-14 18:46:12]--[sharefile_cgi.c:254]--{
	"files":	[{
			"user":	"vyUyGIUPr84M7jSX+NqX3Q==",
			"md5":	"0c39d13254dd1621bba565dc85ab16f3",
			"time":	"2020-03-12 11:51:59",
			"filename":	"zip.png",
			"sharestatus":	1,
			"pv":	0,
			"url":	"http:// 192.168.43.34:80/group1/M00/00/00/wKgrIl5eL0SAC6lJAABS7zBy4Ng996.png",
			"size":	21231,
			"type":	"png"
		}, {
			"user":	"vyUyGIUPr84M7jSX+NqX3Q==",
			"md5":	"68998a52de5e0dd4f081329b0d6bf736",
			"time":	"2020-03-12 11:54:06",
			"filename":	"jsf.png",
			"sharestatus":	1,
			"pv":	0,
			"url":	"http:// 192.168.43.34:80/group1/M00/00/00/wKgrIl5eLvGAc8qzAABQHUoyPCU339.png",
			"size":	20509,
			"type":	"png"
		}]
}
[2020-03-14 18:46:20]--[sharefile_cgi.c:309]--cmd = count
[2020-03-14 18:46:20]--[sharefile_cgi.c:77]--line = 3
[2020-03-14 18:46:20]--[sharefile_cgi.c:309]--cmd = normal
[2020-03-14 18:46:20]--[sharefile_cgi.c:345]--buf = {
    "count": 3,
    "start": 0
}

[2020-03-14 18:46:20]--[sharefile_cgi.c:351]--start = 0, count = 3
[2020-03-14 18:46:20]--[sharefile_cgi.c:157]--select share_file_list.*,file_info.url,file_info.size,file_info.type  from file_info,share_file_list where file_info.md5 = share_file_list.md5 limit 0,3 在操作
[2020-03-14 18:46:20]--[sharefile_cgi.c:254]--{
	"files":	[{
			"user":	"vyUyGIUPr84M7jSX+NqX3Q==",
			"md5":	"0c39d13254dd1621bba565dc85ab16f3",
			"time":	"2020-03-12 11:51:59",
			"filename":	"zip.png",
			"sharestatus":	1,
			"pv":	0,
			"url":	"http:// 192.168.43.34:80/group1/M00/00/00/wKgrIl5eL0SAC6lJAABS7zBy4Ng996.png",
			"size":	21231,
			"type":	"png"
		}, {
			"user":	"vyUyGIUPr84M7jSX+NqX3Q==",
			"md5":	"68998a52de5e0dd4f081329b0d6bf736",
			"time":	"2020-03-12 11:54:06",
			"filename":	"jsf.png",
			"sharestatus":	1,
			"pv":	0,
			"url":	"http:// 192.168.43.34:80/group1/M00/00/00/wKgrIl5eLvGAc8qzAABQHUoyPCU339.png",
			"size":	20509,
			"type":	"png"
		}, {
			"user":	"vyUyGIUPr84M7jSX+NqX3Q==",
			"md5":	"2869fd80cf88d03946a1d8b74ffabbac",
			"time":	"2020-03-14 18:46:18",
			"filename":	"avi.png",
			"sharestatus":	1,
			"pv":	0,
			"url":	"http:// 192.168.43.34:80/group1/M00/00/00/wKgrIl5eJ-eAPzpQAABe1PgVVJ4068.png",
			"size":	24276,
			"type":	"png"
		}]
}
[2020-03-14 18:46:35]--[sharefile_cgi.c:309]--cmd = count
[2020-03-14 18:46:35]--[sharefile_cgi.c:77]--line = 2
[2020-03-14 18:46:35]--[sharefile_cgi.c:309]--cmd = normal
[2020-03-14 18:46:35]--[sharefile_cgi.c:345]--buf = {
    "count": 2,
    "start": 0
}

[2020-03-14 18:46:35]--[sharefile_cgi.c:351]--start = 0, count = 2
[2020-03-14 18:46:35]--[sharefile_cgi.c:157]--select share_file_list.*,file_info.url,file_info.size,file_info.type  from file_info,share_file_list where file_info.md5 = share_file_list.md5 limit 0,2 在操作
[2020-03-14 18:46:35]--[sharefile_cgi.c:254]--{
	"files":	[{
			"user":	"vyUyGIUPr84M7jSX+NqX3Q==",
			"md5":	"0c39d13254dd1621bba565dc85ab16f3",
			"time":	"2020-03-12 11:51:59",
			"filename":	"zip.png",
			"sharestatus":	1,
			"pv":	0,
			"url":	"http:// 192.168.43.34:80/group1/M00/00/00/wKgrIl5eL0SAC6lJAABS7zBy4Ng996.png",
			"size":	21231,
			"type":	"png"
		}, {
			"user":	"vyUyGIUPr84M7jSX+NqX3Q==",
			"md5":	"68998a52de5e0dd4f081329b0d6bf736",
			"time":	"2020-03-12 11:54:06",
			"filename":	"jsf.png",
			"sharestatus":	1,
			"pv":	0,
			"url":	"http:// 192.168.43.34:80/group1/M00/00/00/wKgrIl5eLvGAc8qzAABQHUoyPCU339.png",
			"size":	20509,
			"type":	"png"
		}]
}
[2020-03-14 18:46:45]--[sharefile_cgi.c:309]--cmd = count
[2020-03-14 18:46:45]--[sharefile_cgi.c:77]--line = 2
[2020-03-14 18:46:45]--[sharefile_cgi.c:309]--cmd = normal
[2020-03-14 18:46:45]--[sharefile_cgi.c:345]--buf = {
    "count": 2,
    "start": 0
}

[2020-03-14 18:46:45]--[sharefile_cgi.c:351]--start = 0, count = 2
[2020-03-14 18:46:45]--[sharefile_cgi.c:157]--select share_file_list.*,file_info.url,file_info.size,file_info.type  from file_info,share_file_list where file_info.md5 = share_file_list.md5 limit 0,2 在操作
[2020-03-14 18:46:45]--[sharefile_cgi.c:254]--{
	"files":	[{
			"user":	"vyUyGIUPr84M7jSX+NqX3Q==",
			"md5":	"0c39d13254dd1621bba565dc85ab16f3",
			"time":	"2020-03-12 11:51:59",
			"filename":	"zip.png",
			"sharestatus":	1,
			"pv":	0,
			"url":	"http:// 192.168.43.34:80/group1/M00/00/00/wKgrIl5eL0SAC6lJAABS7zBy4Ng996.png",
			"size":	21231,
			"type":	"png"
		}, {
			"user":	"vyUyGIUPr84M7jSX+NqX3Q==",
			"md5":	"68998a52de5e0dd4f081329b0d6bf736",
			"time":	"2020-03-12 11:54:06",
			"filename":	"jsf.png",
			"sharestatus":	1,
			"pv":	0,
			"url":	"http:// 192.168.43.34:80/group1/M00/00/00/wKgrIl5eLvGAc8qzAABQHUoyPCU339.png",
			"size":	20509,
			"type":	"png"
		}]
}
[2020-03-14 18:46:47]--[sharefile_cgi.c:309]--cmd = count
[2020-03-14 18:46:47]--[sharefile_cgi.c:77]--line = 2
[2020-03-14 18:46:47]--[sharefile_cgi.c:309]--cmd = normal
[2020-03-14 18:46:47]--[sharefile_cgi.c:345]--buf = {
    "count": 2,
    "start": 0
}

[2020-03-14 18:46:47]--[sharefile_cgi.c:351]--start = 0, count = 2
[2020-03-14 18:46:47]--[sharefile_cgi.c:157]--select share_file_list.*,file_info.url,file_info.size,file_info.type  from file_info,share_file_list where file_info.md5 = share_file_list.md5 limit 0,2 在操作
[2020-03-14 18:46:47]--[sharefile_cgi.c:254]--{
	"files":	[{
			"user":	"vyUyGIUPr84M7jSX+NqX3Q==",
			"md5":	"0c39d13254dd1621bba565dc85ab16f3",
			"time":	"2020-03-12 11:51:59",
			"filename":	"zip.png",
			"sharestatus":	1,
			"pv":	0,
			"url":	"http:// 192.168.43.34:80/group1/M00/00/00/wKgrIl5eL0SAC6lJAABS7zBy4Ng996.png",
			"size":	21231,
			"type":	"png"
		}, {
			"user":	"vyUyGIUPr84M7jSX+NqX3Q==",
			"md5":	"68998a52de5e0dd4f081329b0d6bf736",
			"time":	"2020-03-12 11:54:06",
			"filename":	"jsf.png",
			"sharestatus":	1,
			"pv":	0,
			"url":	"http:// 192.168.43.34:80/group1/M00/00/00/wKgrIl5eLvGAc8qzAABQHUoyPCU339.png",
			"size":	20509,
			"type":	"png"
		}]
}
[2020-03-14 18:56:50]--[sharefile_cgi.c:309]--cmd = count
[2020-03-14 18:56:50]--[sharefile_cgi.c:77]--line = 3
[2020-03-14 18:56:50]--[sharefile_cgi.c:309]--cmd = normal
[2020-03-14 18:56:50]--[sharefile_cgi.c:345]--buf = {
    "count": 3,
    "start": 0
}

[2020-03-14 18:56:50]--[sharefile_cgi.c:351]--start = 0, count = 3
[2020-03-14 18:56:50]--[sharefile_cgi.c:157]--select share_file_list.*,file_info.url,file_info.size,file_info.type  from file_info,share_file_list where file_info.md5 = share_file_list.md5 limit 0,3 在操作
[2020-03-14 18:56:50]--[sharefile_cgi.c:254]--{
	"files":	[{
			"user":	"vyUyGIUPr84M7jSX+NqX3Q==",
			"md5":	"0c39d13254dd1621bba565dc85ab16f3",
			"time":	"2020-03-12 11:51:59",
			"filename":	"zip.png",
			"sharestatus":	1,
			"pv":	0,
			"url":	"http:// 192.168.43.34:80/group1/M00/00/00/wKgrIl5eL0SAC6lJAABS7zBy4Ng996.png",
			"size":	21231,
			"type":	"png"
		}, {
			"user":	"vyUyGIUPr84M7jSX+NqX3Q==",
			"md5":	"68998a52de5e0dd4f081329b0d6bf736",
			"time":	"2020-03-12 11:54:06",
			"filename":	"jsf.png",
			"sharestatus":	1,
			"pv":	0,
			"url":	"http:// 192.168.43.34:80/group1/M00/00/00/wKgrIl5eLvGAc8qzAABQHUoyPCU339.png",
			"size":	20509,
			"type":	"png"
		}, {
			"user":	"vyUyGIUPr84M7jSX+NqX3Q==",
			"md5":	"2869fd80cf88d03946a1d8b74ffabbac",
			"time":	"2020-03-14 18:56:48",
			"filename":	"avi.png",
			"sharestatus":	1,
			"pv":	0,
			"url":	"http:// 192.168.43.34:80/group1/M00/00/00/wKgrIl5eJ-eAPzpQAABe1PgVVJ4068.png",
			"size":	24276,
			"type":	"png"
		}]
}
[2020-03-14 18:56:50]--[sharefile_cgi.c:309]--cmd = count
[2020-03-14 18:56:50]--[sharefile_cgi.c:77]--line = 3
[2020-03-14 18:56:50]--[sharefile_cgi.c:309]--cmd = normal
[2020-03-14 18:56:50]--[sharefile_cgi.c:345]--buf = {
    "count": 3,
    "start": 0
}

[2020-03-14 18:56:50]--[sharefile_cgi.c:351]--start = 0, count = 3
[2020-03-14 18:56:50]--[sharefile_cgi.c:157]--select share_file_list.*,file_info.url,file_info.size,file_info.type  from file_info,share_file_list where file_info.md5 = share_file_list.md5 limit 0,3 在操作
[2020-03-14 18:56:50]--[sharefile_cgi.c:254]--{
	"files":	[{
			"user":	"vyUyGIUPr84M7jSX+NqX3Q==",
			"md5":	"0c39d13254dd1621bba565dc85ab16f3",
			"time":	"2020-03-12 11:51:59",
			"filename":	"zip.png",
			"sharestatus":	1,
			"pv":	0,
			"url":	"http:// 192.168.43.34:80/group1/M00/00/00/wKgrIl5eL0SAC6lJAABS7zBy4Ng996.png",
			"size":	21231,
			"type":	"png"
		}, {
			"user":	"vyUyGIUPr84M7jSX+NqX3Q==",
			"md5":	"68998a52de5e0dd4f081329b0d6bf736",
			"time":	"2020-03-12 11:54:06",
			"filename":	"jsf.png",
			"sharestatus":	1,
			"pv":	0,
			"url":	"http:// 192.168.43.34:80/group1/M00/00/00/wKgrIl5eLvGAc8qzAABQHUoyPCU339.png",
			"size":	20509,
			"type":	"png"
		}, {
			"user":	"vyUyGIUPr84M7jSX+NqX3Q==",
			"md5":	"2869fd80cf88d03946a1d8b74ffabbac",
			"time":	"2020-03-14 18:56:48",
			"filename":	"avi.png",
			"sharestatus":	1,
			"pv":	0,
			"url":	"http:// 192.168.43.34:80/group1/M00/00/00/wKgrIl5eJ-eAPzpQAABe1PgVVJ4068.png",
			"size":	24276,
			"type":	"png"
		}]
}
[2020-03-14 19:04:04]--[sharefile_cgi.c:309]--cmd = count
[2020-03-14 19:04:04]--[sharefile_cgi.c:77]--line = 2
[2020-03-14 19:04:04]--[sharefile_cgi.c:309]--cmd = normal
[2020-03-14 19:04:04]--[sharefile_cgi.c:345]--buf = {
    "count": 2,
    "start": 0
}

[2020-03-14 19:04:04]--[sharefile_cgi.c:351]--start = 0, count = 2
[2020-03-14 19:04:04]--[sharefile_cgi.c:157]--select share_file_list.*,file_info.url,file_info.size,file_info.type  from file_info,share_file_list where file_info.md5 = share_file_list.md5 limit 0,2 在操作
[2020-03-14 19:04:04]--[sharefile_cgi.c:254]--{
	"files":	[{
			"user":	"vyUyGIUPr84M7jSX+NqX3Q==",
			"md5":	"0c39d13254dd1621bba565dc85ab16f3",
			"time":	"2020-03-12 11:51:59",
			"filename":	"zip.png",
			"sharestatus":	1,
			"pv":	0,
			"url":	"http:// 192.168.43.34:80/group1/M00/00/00/wKgrIl5eL0SAC6lJAABS7zBy4Ng996.png",
			"size":	21231,
			"type":	"png"
		}, {
			"user":	"vyUyGIUPr84M7jSX+NqX3Q==",
			"md5":	"68998a52de5e0dd4f081329b0d6bf736",
			"time":	"2020-03-12 11:54:06",
			"filename":	"jsf.png",
			"sharestatus":	1,
			"pv":	0,
			"url":	"http:// 192.168.43.34:80/group1/M00/00/00/wKgrIl5eLvGAc8qzAABQHUoyPCU339.png",
			"size":	20509,
			"type":	"png"
		}]
}
[2020-03-14 19:04:09]--[sharefile_cgi.c:309]--cmd = count
[2020-03-14 19:04:09]--[sharefile_cgi.c:77]--line = 1
[2020-03-14 19:04:09]--[sharefile_cgi.c:309]--cmd = normal
[2020-03-14 19:04:09]--[sharefile_cgi.c:345]--buf = {
    "count": 1,
    "start": 0
}

[2020-03-14 19:04:09]--[sharefile_cgi.c:351]--start = 0, count = 1
[2020-03-14 19:04:09]--[sharefile_cgi.c:157]--select share_file_list.*,file_info.url,file_info.size,file_info.type  from file_info,share_file_list where file_info.md5 = share_file_list.md5 limit 0,1 在操作
[2020-03-14 19:04:09]--[sharefile_cgi.c:254]--{
	"files":	[{
			"user":	"vyUyGIUPr84M7jSX+NqX3Q==",
			"md5":	"0c39d13254dd1621bba565dc85ab16f3",
			"time":	"2020-03-12 11:51:59",
			"filename":	"zip.png",
			"sharestatus":	1,
			"pv":	0,
			"url":	"http:// 192.168.43.34:80/group1/M00/00/00/wKgrIl5eL0SAC6lJAABS7zBy4Ng996.png",
			"size":	21231,
			"type":	"png"
		}]
}
[2020-03-14 19:04:14]--[sharefile_cgi.c:309]--cmd = count
[2020-03-14 19:04:14]--[sharefile_cgi.c:66]--select count from user_file_count where user='sharefile_account' 操作失败
[2020-03-14 19:04:14]--[sharefile_cgi.c:77]--line = 0
[2020-03-14 19:04:16]--[sharefile_cgi.c:309]--cmd = count
[2020-03-14 19:04:16]--[sharefile_cgi.c:66]--select count from user_file_count where user='sharefile_account' 操作失败
[2020-03-14 19:04:16]--[sharefile_cgi.c:77]--line = 0
[2020-03-14 19:04:17]--[sharefile_cgi.c:309]--cmd = count
[2020-03-14 19:04:17]--[sharefile_cgi.c:66]--select count from user_file_count where user='sharefile_account' 操作失败
[2020-03-14 19:04:17]--[sharefile_cgi.c:77]--line = 0
[2020-03-14 19:04:19]--[sharefile_cgi.c:309]--cmd = count
[2020-03-14 19:04:19]--[sharefile_cgi.c:66]--select count from user_file_count where user='sharefile_account' 操作失败
[2020-03-14 19:04:19]--[sharefile_cgi.c:77]--line = 0
[2020-03-14 19:04:21]--[sharefile_cgi.c:309]--cmd = count
[2020-03-14 19:04:21]--[sharefile_cgi.c:66]--select count from user_file_count where user='sharefile_account' 操作失败
[2020-03-14 19:04:21]--[sharefile_cgi.c:77]--line = 0
[2020-03-14 19:05:03]--[sharefile_cgi.c:309]--cmd = count
[2020-03-14 19:05:03]--[sharefile_cgi.c:66]--select count from user_file_count where user='sharefile_account' 操作失败
[2020-03-14 19:05:03]--[sharefile_cgi.c:77]--line = 0
[2020-03-14 19:05:07]--[sharefile_cgi.c:309]--cmd = count
[2020-03-14 19:05:07]--[sharefile_cgi.c:77]--line = 1
[2020-03-14 19:05:07]--[sharefile_cgi.c:309]--cmd = normal
[2020-03-14 19:05:07]--[sharefile_cgi.c:345]--buf = {
    "count": 1,
    "start": 0
}

[2020-03-14 19:05:07]--[sharefile_cgi.c:351]--start = 0, count = 1
[2020-03-14 19:05:07]--[sharefile_cgi.c:157]--select share_file_list.*,file_info.url,file_info.size,file_info.type  from file_info,share_file_list where file_info.md5 = share_file_list.md5 limit 0,1 在操作
[2020-03-14 19:05:07]--[sharefile_cgi.c:254]--{
	"files":	[{
			"user":	"vyUyGIUPr84M7jSX+NqX3Q==",
			"md5":	"59381fec7e122866f2232188b924a829",
			"time":	"2020-03-14 19:05:06",
			"filename":	"截图.png",
			"sharestatus":	1,
			"pv":	0,
			"url":	"http:// 192.168.43.34:80/group1/M00/00/00/wKgrIl5eDjGAccHOAAQdtbK6eBw635.png",
			"size":	269749,
			"type":	"png"
		}]
}
[2020-03-14 19:05:12]--[sharefile_cgi.c:309]--cmd = count
[2020-03-14 19:05:12]--[sharefile_cgi.c:77]--line = 2
[2020-03-14 19:05:12]--[sharefile_cgi.c:309]--cmd = normal
[2020-03-14 19:05:12]--[sharefile_cgi.c:345]--buf = {
    "count": 2,
    "start": 0
}

[2020-03-14 19:05:12]--[sharefile_cgi.c:351]--start = 0, count = 2
[2020-03-14 19:05:12]--[sharefile_cgi.c:157]--select share_file_list.*,file_info.url,file_info.size,file_info.type  from file_info,share_file_list where file_info.md5 = share_file_list.md5 limit 0,2 在操作
[2020-03-14 19:05:12]--[sharefile_cgi.c:254]--{
	"files":	[{
			"user":	"vyUyGIUPr84M7jSX+NqX3Q==",
			"md5":	"59381fec7e122866f2232188b924a829",
			"time":	"2020-03-14 19:05:06",
			"filename":	"截图.png",
			"sharestatus":	1,
			"pv":	0,
			"url":	"http:// 192.168.43.34:80/group1/M00/00/00/wKgrIl5eDjGAccHOAAQdtbK6eBw635.png",
			"size":	269749,
			"type":	"png"
		}, {
			"user":	"vyUyGIUPr84M7jSX+NqX3Q==",
			"md5":	"2869fd80cf88d03946a1d8b74ffabbac",
			"time":	"2020-03-14 19:05:11",
			"filename":	"avi.png",
			"sharestatus":	1,
			"pv":	0,
			"url":	"http:// 192.168.43.34:80/group1/M00/00/00/wKgrIl5eJ-eAPzpQAABe1PgVVJ4068.png",
			"size":	24276,
			"type":	"png"
		}]
}
[2020-03-14 19:05:17]--[sharefile_cgi.c:309]--cmd = count
[2020-03-14 19:05:17]--[sharefile_cgi.c:77]--line = 3
[2020-03-14 19:05:17]--[sharefile_cgi.c:309]--cmd = normal
[2020-03-14 19:05:17]--[sharefile_cgi.c:345]--buf = {
    "count": 3,
    "start": 0
}

[2020-03-14 19:05:17]--[sharefile_cgi.c:351]--start = 0, count = 3
[2020-03-14 19:05:17]--[sharefile_cgi.c:157]--select share_file_list.*,file_info.url,file_info.size,file_info.type  from file_info,share_file_list where file_info.md5 = share_file_list.md5 limit 0,3 在操作
[2020-03-14 19:05:17]--[sharefile_cgi.c:254]--{
	"files":	[{
			"user":	"vyUyGIUPr84M7jSX+NqX3Q==",
			"md5":	"59381fec7e122866f2232188b924a829",
			"time":	"2020-03-14 19:05:06",
			"filename":	"截图.png",
			"sharestatus":	1,
			"pv":	0,
			"url":	"http:// 192.168.43.34:80/group1/M00/00/00/wKgrIl5eDjGAccHOAAQdtbK6eBw635.png",
			"size":	269749,
			"type":	"png"
		}, {
			"user":	"vyUyGIUPr84M7jSX+NqX3Q==",
			"md5":	"2869fd80cf88d03946a1d8b74ffabbac",
			"time":	"2020-03-14 19:05:11",
			"filename":	"avi.png",
			"sharestatus":	1,
			"pv":	0,
			"url":	"http:// 192.168.43.34:80/group1/M00/00/00/wKgrIl5eJ-eAPzpQAABe1PgVVJ4068.png",
			"size":	24276,
			"type":	"png"
		}, {
			"user":	"vyUyGIUPr84M7jSX+NqX3Q==",
			"md5":	"381176119defd395cf61c1343af79e26",
			"time":	"2020-03-14 19:05:16",
			"filename":	"xlsx.png",
			"sharestatus":	1,
			"pv":	0,
			"url":	"http:// 192.168.43.34:80/group1/M00/00/00/wKgrIl5eL0SAYfAZAACSNyNxVHc851.png",
			"size":	37431,
			"type":	"png"
		}]
}
[2020-03-14 19:05:23]--[sharefile_cgi.c:309]--cmd = count
[2020-03-14 19:05:23]--[sharefile_cgi.c:77]--line = 2
[2020-03-14 19:05:23]--[sharefile_cgi.c:309]--cmd = normal
[2020-03-14 19:05:23]--[sharefile_cgi.c:345]--buf = {
    "count": 2,
    "start": 0
}

[2020-03-14 19:05:23]--[sharefile_cgi.c:351]--start = 0, count = 2
[2020-03-14 19:05:23]--[sharefile_cgi.c:157]--select share_file_list.*,file_info.url,file_info.size,file_info.type  from file_info,share_file_list where file_info.md5 = share_file_list.md5 limit 0,2 在操作
[2020-03-14 19:05:23]--[sharefile_cgi.c:254]--{
	"files":	[{
			"user":	"vyUyGIUPr84M7jSX+NqX3Q==",
			"md5":	"59381fec7e122866f2232188b924a829",
			"time":	"2020-03-14 19:05:06",
			"filename":	"截图.png",
			"sharestatus":	1,
			"pv":	0,
			"url":	"http:// 192.168.43.34:80/group1/M00/00/00/wKgrIl5eDjGAccHOAAQdtbK6eBw635.png",
			"size":	269749,
			"type":	"png"
		}, {
			"user":	"vyUyGIUPr84M7jSX+NqX3Q==",
			"md5":	"2869fd80cf88d03946a1d8b74ffabbac",
			"time":	"2020-03-14 19:05:11",
			"filename":	"avi.png",
			"sharestatus":	1,
			"pv":	0,
			"url":	"http:// 192.168.43.34:80/group1/M00/00/00/wKgrIl5eJ-eAPzpQAABe1PgVVJ4068.png",
			"size":	24276,
			"type":	"png"
		}]
}
[2020-03-14 19:15:30]--[sharefile_cgi.c:309]--cmd = count
[2020-03-14 19:15:30]--[sharefile_cgi.c:77]--line = 2
[2020-03-14 19:15:30]--[sharefile_cgi.c:309]--cmd = normal
[2020-03-14 19:15:30]--[sharefile_cgi.c:345]--buf = {
    "count": 2,
    "start": 0
}

[2020-03-14 19:15:30]--[sharefile_cgi.c:351]--start = 0, count = 2
[2020-03-14 19:15:30]--[sharefile_cgi.c:157]--select share_file_list.*,file_info.url,file_info.size,file_info.type  from file_info,share_file_list where file_info.md5 = share_file_list.md5 limit 0,2 在操作
[2020-03-14 19:15:30]--[sharefile_cgi.c:254]--{
	"files":	[{
			"user":	"vyUyGIUPr84M7jSX+NqX3Q==",
			"md5":	"59381fec7e122866f2232188b924a829",
			"time":	"2020-03-14 19:05:06",
			"filename":	"截图.png",
			"sharestatus":	1,
			"pv":	0,
			"url":	"http:// 192.168.43.34:80/group1/M00/00/00/wKgrIl5eDjGAccHOAAQdtbK6eBw635.png",
			"size":	269749,
			"type":	"png"
		}, {
			"user":	"vyUyGIUPr84M7jSX+NqX3Q==",
			"md5":	"2869fd80cf88d03946a1d8b74ffabbac",
			"time":	"2020-03-14 19:05:11",
			"filename":	"avi.png",
			"sharestatus":	1,
			"pv":	0,
			"url":	"http:// 192.168.43.34:80/group1/M00/00/00/wKgrIl5eJ-eAPzpQAABe1PgVVJ4068.png",
			"size":	24276,
			"type":	"png"
		}]
}
[2020-03-14 19:15:35]--[sharefile_cgi.c:309]--cmd = count
[2020-03-14 19:15:35]--[sharefile_cgi.c:77]--line = 3
[2020-03-14 19:15:35]--[sharefile_cgi.c:309]--cmd = normal
[2020-03-14 19:15:35]--[sharefile_cgi.c:345]--buf = {
    "count": 3,
    "start": 0
}

[2020-03-14 19:15:35]--[sharefile_cgi.c:351]--start = 0, count = 3
[2020-03-14 19:15:35]--[sharefile_cgi.c:157]--select share_file_list.*,file_info.url,file_info.size,file_info.type  from file_info,share_file_list where file_info.md5 = share_file_list.md5 limit 0,3 在操作
[2020-03-14 19:15:35]--[sharefile_cgi.c:254]--{
	"files":	[{
			"user":	"vyUyGIUPr84M7jSX+NqX3Q==",
			"md5":	"59381fec7e122866f2232188b924a829",
			"time":	"2020-03-14 19:05:06",
			"filename":	"截图.png",
			"sharestatus":	1,
			"pv":	0,
			"url":	"http:// 192.168.43.34:80/group1/M00/00/00/wKgrIl5eDjGAccHOAAQdtbK6eBw635.png",
			"size":	269749,
			"type":	"png"
		}, {
			"user":	"vyUyGIUPr84M7jSX+NqX3Q==",
			"md5":	"2869fd80cf88d03946a1d8b74ffabbac",
			"time":	"2020-03-14 19:05:11",
			"filename":	"avi.png",
			"sharestatus":	1,
			"pv":	0,
			"url":	"http:// 192.168.43.34:80/group1/M00/00/00/wKgrIl5eJ-eAPzpQAABe1PgVVJ4068.png",
			"size":	24276,
			"type":	"png"
		}, {
			"user":	"vyUyGIUPr84M7jSX+NqX3Q==",
			"md5":	"adb1565ef8c89e070be0a8b43b8f4c7f",
			"time":	"2020-03-14 19:15:34",
			"filename":	"捕获.PNG",
			"sharestatus":	1,
			"pv":	0,
			"url":	"http:// 192.168.43.34:80/group1/M00/00/00/wKgrIl5eBsaAORdkAA7CEJTDQlA263.PNG",
			"size":	967184,
			"type":	"PNG"
		}]
}
[2020-03-14 19:17:57]--[sharefile_cgi.c:309]--cmd = count
[2020-03-14 19:17:57]--[sharefile_cgi.c:66]--select count from user_file_count where user='sharefile_account' 操作失败
[2020-03-14 19:17:57]--[sharefile_cgi.c:77]--line = 0
[2020-03-14 19:17:59]--[sharefile_cgi.c:309]--cmd = count
[2020-03-14 19:17:59]--[sharefile_cgi.c:66]--select count from user_file_count where user='sharefile_account' 操作失败
[2020-03-14 19:17:59]--[sharefile_cgi.c:77]--line = 0
[2020-03-14 19:18:00]--[sharefile_cgi.c:309]--cmd = count
[2020-03-14 19:18:00]--[sharefile_cgi.c:66]--select count from user_file_count where user='sharefile_account' 操作失败
[2020-03-14 19:18:00]--[sharefile_cgi.c:77]--line = 0
[2020-03-14 19:18:02]--[sharefile_cgi.c:309]--cmd = count
[2020-03-14 19:18:02]--[sharefile_cgi.c:66]--select count from user_file_count where user='sharefile_account' 操作失败
[2020-03-14 19:18:02]--[sharefile_cgi.c:77]--line = 0
[2020-03-14 19:18:04]--[sharefile_cgi.c:309]--cmd = count
[2020-03-14 19:18:04]--[sharefile_cgi.c:66]--select count from user_file_count where user='sharefile_account' 操作失败
[2020-03-14 19:18:04]--[sharefile_cgi.c:77]--line = 0
[2020-03-14 19:18:05]--[sharefile_cgi.c:309]--cmd = count
[2020-03-14 19:18:05]--[sharefile_cgi.c:66]--select count from user_file_count where user='sharefile_account' 操作失败
[2020-03-14 19:18:05]--[sharefile_cgi.c:77]--line = 0
[2020-03-14 19:18:07]--[sharefile_cgi.c:309]--cmd = count
[2020-03-14 19:18:07]--[sharefile_cgi.c:66]--select count from user_file_count where user='sharefile_account' 操作失败
[2020-03-14 19:18:07]--[sharefile_cgi.c:77]--line = 0
[2020-03-14 19:18:21]--[sharefile_cgi.c:309]--cmd = count
[2020-03-14 19:18:21]--[sharefile_cgi.c:66]--select count from user_file_count where user='sharefile_account' 操作失败
[2020-03-14 19:18:21]--[sharefile_cgi.c:77]--line = 0
[2020-03-14 19:29:16]--[sharefile_cgi.c:309]--cmd = count
[2020-03-14 19:29:16]--[sharefile_cgi.c:66]--select count from user_file_count where user='sharefile_account' 操作失败
[2020-03-14 19:29:16]--[sharefile_cgi.c:77]--line = 0
[2020-03-14 19:29:20]--[sharefile_cgi.c:309]--cmd = count
[2020-03-14 19:29:20]--[sharefile_cgi.c:77]--line = 1
[2020-03-14 19:29:20]--[sharefile_cgi.c:309]--cmd = normal
[2020-03-14 19:29:20]--[sharefile_cgi.c:345]--buf = {
    "count": 1,
    "start": 0
}

[2020-03-14 19:29:20]--[sharefile_cgi.c:351]--start = 0, count = 1
[2020-03-14 19:29:20]--[sharefile_cgi.c:157]--select share_file_list.*,file_info.url,file_info.size,file_info.type  from file_info,share_file_list where file_info.md5 = share_file_list.md5 limit 0,1 在操作
[2020-03-14 19:29:20]--[sharefile_cgi.c:254]--{
	"files":	[{
			"user":	"vyUyGIUPr84M7jSX+NqX3Q==",
			"md5":	"59381fec7e122866f2232188b924a829",
			"time":	"2020-03-14 19:29:19",
			"filename":	"截图.png",
			"sharestatus":	1,
			"pv":	0,
			"url":	"http:// 192.168.43.34:80/group1/M00/00/00/wKgrIl5eDjGAccHOAAQdtbK6eBw635.png",
			"size":	269749,
			"type":	"png"
		}]
}
[2020-03-14 19:54:36]--[sharefile_cgi.c:309]--cmd = count
[2020-03-14 19:54:36]--[sharefile_cgi.c:66]--select count from user_file_count where user='sharefile_account' 操作失败
[2020-03-14 19:54:36]--[sharefile_cgi.c:77]--line = 0
[2020-03-14 19:54:37]--[sharefile_cgi.c:309]--cmd = count
[2020-03-14 19:54:37]--[sharefile_cgi.c:66]--select count from user_file_count where user='sharefile_account' 操作失败
[2020-03-14 19:54:37]--[sharefile_cgi.c:77]--line = 0
[2020-03-14 20:57:39]--[sharefile_cgi.c:309]--cmd = count
[2020-03-14 20:57:39]--[sharefile_cgi.c:66]--select count from user_file_count where user='sharefile_account' 操作失败
[2020-03-14 20:57:39]--[sharefile_cgi.c:77]--line = 0
[2020-03-14 20:57:44]--[sharefile_cgi.c:309]--cmd = count
[2020-03-14 20:57:44]--[sharefile_cgi.c:77]--line = 1
[2020-03-14 20:57:44]--[sharefile_cgi.c:309]--cmd = normal
[2020-03-14 20:57:44]--[sharefile_cgi.c:345]--buf = {
    "count": 1,
    "start": 0
}

[2020-03-14 20:57:44]--[sharefile_cgi.c:351]--start = 0, count = 1
[2020-03-14 20:57:44]--[sharefile_cgi.c:157]--select share_file_list.*,file_info.url,file_info.size,file_info.type  from file_info,share_file_list where file_info.md5 = share_file_list.md5 limit 0,1 在操作
[2020-03-14 20:57:44]--[sharefile_cgi.c:254]--{
	"files":	[{
			"user":	"vyUyGIUPr84M7jSX+NqX3Q==",
			"md5":	"59381fec7e122866f2232188b924a829",
			"time":	"2020-03-14 20:57:42",
			"filename":	"截图.png",
			"sharestatus":	1,
			"pv":	0,
			"url":	"http:// 192.168.43.34:80/group1/M00/00/00/wKgrIl5eDjGAccHOAAQdtbK6eBw635.png",
			"size":	269749,
			"type":	"png"
		}]
}
[2020-03-14 20:59:14]--[sharefile_cgi.c:309]--cmd = count
[2020-03-14 20:59:14]--[sharefile_cgi.c:77]--line = 1
[2020-03-14 20:59:14]--[sharefile_cgi.c:309]--cmd = normal
[2020-03-14 20:59:14]--[sharefile_cgi.c:345]--buf = {
    "count": 1,
    "start": 0
}

[2020-03-14 20:59:14]--[sharefile_cgi.c:351]--start = 0, count = 1
[2020-03-14 20:59:14]--[sharefile_cgi.c:157]--select share_file_list.*,file_info.url,file_info.size,file_info.type  from file_info,share_file_list where file_info.md5 = share_file_list.md5 limit 0,1 在操作
[2020-03-14 20:59:14]--[sharefile_cgi.c:254]--{
	"files":	[{
			"user":	"vyUyGIUPr84M7jSX+NqX3Q==",
			"md5":	"ca7410cbdbf4ff5c31932ba985daeaba",
			"time":	"2020-03-14 20:59:12",
			"filename":	"bmp.png",
			"sharestatus":	1,
			"pv":	0,
			"url":	"http:// 192.168.43.34:80/group1/M00/00/00/wKgrIl5eJ-eAQcN-AABf_Rg9GcI147.png",
			"size":	24573,
			"type":	"png"
		}]
}
[2020-03-14 20:59:19]--[sharefile_cgi.c:309]--cmd = count
[2020-03-14 20:59:19]--[sharefile_cgi.c:77]--line = 2
[2020-03-14 20:59:19]--[sharefile_cgi.c:309]--cmd = normal
[2020-03-14 20:59:19]--[sharefile_cgi.c:345]--buf = {
    "count": 2,
    "start": 0
}

[2020-03-14 20:59:19]--[sharefile_cgi.c:351]--start = 0, count = 2
[2020-03-14 20:59:19]--[sharefile_cgi.c:157]--select share_file_list.*,file_info.url,file_info.size,file_info.type  from file_info,share_file_list where file_info.md5 = share_file_list.md5 limit 0,2 在操作
[2020-03-14 20:59:19]--[sharefile_cgi.c:254]--{
	"files":	[{
			"user":	"vyUyGIUPr84M7jSX+NqX3Q==",
			"md5":	"ca7410cbdbf4ff5c31932ba985daeaba",
			"time":	"2020-03-14 20:59:12",
			"filename":	"bmp.png",
			"sharestatus":	1,
			"pv":	0,
			"url":	"http:// 192.168.43.34:80/group1/M00/00/00/wKgrIl5eJ-eAQcN-AABf_Rg9GcI147.png",
			"size":	24573,
			"type":	"png"
		}, {
			"user":	"vyUyGIUPr84M7jSX+NqX3Q==",
			"md5":	"68998a52de5e0dd4f081329b0d6bf736",
			"time":	"2020-03-14 20:59:18",
			"filename":	"jsf.png",
			"sharestatus":	1,
			"pv":	0,
			"url":	"http:// 192.168.43.34:80/group1/M00/00/00/wKgrIl5eLvGAc8qzAABQHUoyPCU339.png",
			"size":	20509,
			"type":	"png"
		}]
}
[2020-03-14 20:59:25]--[sharefile_cgi.c:309]--cmd = count
[2020-03-14 20:59:25]--[sharefile_cgi.c:77]--line = 3
[2020-03-14 20:59:25]--[sharefile_cgi.c:309]--cmd = normal
[2020-03-14 20:59:25]--[sharefile_cgi.c:345]--buf = {
    "count": 3,
    "start": 0
}

[2020-03-14 20:59:25]--[sharefile_cgi.c:351]--start = 0, count = 3
[2020-03-14 20:59:25]--[sharefile_cgi.c:157]--select share_file_list.*,file_info.url,file_info.size,file_info.type  from file_info,share_file_list where file_info.md5 = share_file_list.md5 limit 0,3 在操作
[2020-03-14 20:59:25]--[sharefile_cgi.c:254]--{
	"files":	[{
			"user":	"vyUyGIUPr84M7jSX+NqX3Q==",
			"md5":	"ca7410cbdbf4ff5c31932ba985daeaba",
			"time":	"2020-03-14 20:59:12",
			"filename":	"bmp.png",
			"sharestatus":	1,
			"pv":	0,
			"url":	"http:// 192.168.43.34:80/group1/M00/00/00/wKgrIl5eJ-eAQcN-AABf_Rg9GcI147.png",
			"size":	24573,
			"type":	"png"
		}, {
			"user":	"vyUyGIUPr84M7jSX+NqX3Q==",
			"md5":	"68998a52de5e0dd4f081329b0d6bf736",
			"time":	"2020-03-14 20:59:18",
			"filename":	"jsf.png",
			"sharestatus":	1,
			"pv":	0,
			"url":	"http:// 192.168.43.34:80/group1/M00/00/00/wKgrIl5eLvGAc8qzAABQHUoyPCU339.png",
			"size":	20509,
			"type":	"png"
		}, {
			"user":	"vyUyGIUPr84M7jSX+NqX3Q==",
			"md5":	"f36cbe1ffe2771cf285512d485084186",
			"time":	"2020-03-14 20:59:24",
			"filename":	"config.json",
			"sharestatus":	1,
			"pv":	0,
			"url":	"http:// 192.168.43.34:80/group1/M00/00/00/wKgrIl5rNMaAaLu2AAABGaEthyE27.json",
			"size":	281,
			"type":	"json"
		}]
}
[2020-03-14 20:59:48]--[sharefile_cgi.c:309]--cmd = count
[2020-03-14 20:59:48]--[sharefile_cgi.c:77]--line = 3
[2020-03-14 20:59:48]--[sharefile_cgi.c:309]--cmd = normal
[2020-03-14 20:59:48]--[sharefile_cgi.c:345]--buf = {
    "count": 3,
    "start": 0
}

[2020-03-14 20:59:48]--[sharefile_cgi.c:351]--start = 0, count = 3
[2020-03-14 20:59:48]--[sharefile_cgi.c:157]--select share_file_list.*,file_info.url,file_info.size,file_info.type  from file_info,share_file_list where file_info.md5 = share_file_list.md5 limit 0,3 在操作
[2020-03-14 20:59:48]--[sharefile_cgi.c:254]--{
	"files":	[{
			"user":	"vyUyGIUPr84M7jSX+NqX3Q==",
			"md5":	"ca7410cbdbf4ff5c31932ba985daeaba",
			"time":	"2020-03-14 20:59:12",
			"filename":	"bmp.png",
			"sharestatus":	1,
			"pv":	0,
			"url":	"http:// 192.168.43.34:80/group1/M00/00/00/wKgrIl5eJ-eAQcN-AABf_Rg9GcI147.png",
			"size":	24573,
			"type":	"png"
		}, {
			"user":	"vyUyGIUPr84M7jSX+NqX3Q==",
			"md5":	"68998a52de5e0dd4f081329b0d6bf736",
			"time":	"2020-03-14 20:59:18",
			"filename":	"jsf.png",
			"sharestatus":	1,
			"pv":	0,
			"url":	"http:// 192.168.43.34:80/group1/M00/00/00/wKgrIl5eLvGAc8qzAABQHUoyPCU339.png",
			"size":	20509,
			"type":	"png"
		}, {
			"user":	"vyUyGIUPr84M7jSX+NqX3Q==",
			"md5":	"f36cbe1ffe2771cf285512d485084186",
			"time":	"2020-03-14 20:59:24",
			"filename":	"config.json",
			"sharestatus":	1,
			"pv":	0,
			"url":	"http:// 192.168.43.34:80/group1/M00/00/00/wKgrIl5rNMaAaLu2AAABGaEthyE27.json",
			"size":	281,
			"type":	"json"
		}]
}
[2020-03-14 20:59:50]--[sharefile_cgi.c:309]--cmd = count
[2020-03-14 20:59:50]--[sharefile_cgi.c:77]--line = 3
[2020-03-14 20:59:50]--[sharefile_cgi.c:309]--cmd = normal
[2020-03-14 20:59:50]--[sharefile_cgi.c:345]--buf = {
    "count": 3,
    "start": 0
}

[2020-03-14 20:59:50]--[sharefile_cgi.c:351]--start = 0, count = 3
[2020-03-14 20:59:50]--[sharefile_cgi.c:157]--select share_file_list.*,file_info.url,file_info.size,file_info.type  from file_info,share_file_list where file_info.md5 = share_file_list.md5 limit 0,3 在操作
[2020-03-14 20:59:50]--[sharefile_cgi.c:254]--{
	"files":	[{
			"user":	"vyUyGIUPr84M7jSX+NqX3Q==",
			"md5":	"ca7410cbdbf4ff5c31932ba985daeaba",
			"time":	"2020-03-14 20:59:12",
			"filename":	"bmp.png",
			"sharestatus":	1,
			"pv":	0,
			"url":	"http:// 192.168.43.34:80/group1/M00/00/00/wKgrIl5eJ-eAQcN-AABf_Rg9GcI147.png",
			"size":	24573,
			"type":	"png"
		}, {
			"user":	"vyUyGIUPr84M7jSX+NqX3Q==",
			"md5":	"68998a52de5e0dd4f081329b0d6bf736",
			"time":	"2020-03-14 20:59:18",
			"filename":	"jsf.png",
			"sharestatus":	1,
			"pv":	0,
			"url":	"http:// 192.168.43.34:80/group1/M00/00/00/wKgrIl5eLvGAc8qzAABQHUoyPCU339.png",
			"size":	20509,
			"type":	"png"
		}, {
			"user":	"vyUyGIUPr84M7jSX+NqX3Q==",
			"md5":	"f36cbe1ffe2771cf285512d485084186",
			"time":	"2020-03-14 20:59:24",
			"filename":	"config.json",
			"sharestatus":	1,
			"pv":	0,
			"url":	"http:// 192.168.43.34:80/group1/M00/00/00/wKgrIl5rNMaAaLu2AAABGaEthyE27.json",
			"size":	281,
			"type":	"json"
		}]
}
[2020-03-14 21:01:23]--[sharefile_cgi.c:309]--cmd = count
[2020-03-14 21:01:23]--[sharefile_cgi.c:77]--line = 3
[2020-03-14 21:01:23]--[sharefile_cgi.c:309]--cmd = normal
[2020-03-14 21:01:23]--[sharefile_cgi.c:345]--buf = {
    "count": 3,
    "start": 0
}

[2020-03-14 21:01:23]--[sharefile_cgi.c:351]--start = 0, count = 3
[2020-03-14 21:01:23]--[sharefile_cgi.c:157]--select share_file_list.*,file_info.url,file_info.size,file_info.type  from file_info,share_file_list where file_info.md5 = share_file_list.md5 limit 0,3 在操作
[2020-03-14 21:01:23]--[sharefile_cgi.c:254]--{
	"files":	[{
			"user":	"vyUyGIUPr84M7jSX+NqX3Q==",
			"md5":	"ca7410cbdbf4ff5c31932ba985daeaba",
			"time":	"2020-03-14 20:59:12",
			"filename":	"bmp.png",
			"sharestatus":	1,
			"pv":	0,
			"url":	"http:// 192.168.43.34:80/group1/M00/00/00/wKgrIl5eJ-eAQcN-AABf_Rg9GcI147.png",
			"size":	24573,
			"type":	"png"
		}, {
			"user":	"vyUyGIUPr84M7jSX+NqX3Q==",
			"md5":	"68998a52de5e0dd4f081329b0d6bf736",
			"time":	"2020-03-14 20:59:18",
			"filename":	"jsf.png",
			"sharestatus":	1,
			"pv":	0,
			"url":	"http:// 192.168.43.34:80/group1/M00/00/00/wKgrIl5eLvGAc8qzAABQHUoyPCU339.png",
			"size":	20509,
			"type":	"png"
		}, {
			"user":	"vyUyGIUPr84M7jSX+NqX3Q==",
			"md5":	"f36cbe1ffe2771cf285512d485084186",
			"time":	"2020-03-14 20:59:24",
			"filename":	"config.json",
			"sharestatus":	1,
			"pv":	0,
			"url":	"http:// 192.168.43.34:80/group1/M00/00/00/wKgrIl5rNMaAaLu2AAABGaEthyE27.json",
			"size":	281,
			"type":	"json"
		}]
}
[2020-03-14 21:03:34]--[sharefile_cgi.c:309]--cmd = count
[2020-03-14 21:03:34]--[sharefile_cgi.c:77]--line = 2
[2020-03-14 21:03:34]--[sharefile_cgi.c:309]--cmd = normal
[2020-03-14 21:03:34]--[sharefile_cgi.c:345]--buf = {
    "count": 2,
    "start": 0
}

[2020-03-14 21:03:34]--[sharefile_cgi.c:351]--start = 0, count = 2
[2020-03-14 21:03:34]--[sharefile_cgi.c:157]--select share_file_list.*,file_info.url,file_info.size,file_info.type  from file_info,share_file_list where file_info.md5 = share_file_list.md5 limit 0,2 在操作
[2020-03-14 21:03:34]--[sharefile_cgi.c:254]--{
	"files":	[{
			"user":	"vyUyGIUPr84M7jSX+NqX3Q==",
			"md5":	"ca7410cbdbf4ff5c31932ba985daeaba",
			"time":	"2020-03-14 20:59:12",
			"filename":	"bmp.png",
			"sharestatus":	1,
			"pv":	0,
			"url":	"http:// 192.168.43.34:80/group1/M00/00/00/wKgrIl5eJ-eAQcN-AABf_Rg9GcI147.png",
			"size":	24573,
			"type":	"png"
		}, {
			"user":	"vyUyGIUPr84M7jSX+NqX3Q==",
			"md5":	"68998a52de5e0dd4f081329b0d6bf736",
			"time":	"2020-03-14 20:59:18",
			"filename":	"jsf.png",
			"sharestatus":	1,
			"pv":	0,
			"url":	"http:// 192.168.43.34:80/group1/M00/00/00/wKgrIl5eLvGAc8qzAABQHUoyPCU339.png",
			"size":	20509,
			"type":	"png"
		}]
}
[2020-03-14 21:03:36]--[sharefile_cgi.c:309]--cmd = count
[2020-03-14 21:03:36]--[sharefile_cgi.c:77]--line = 2
[2020-03-14 21:03:36]--[sharefile_cgi.c:309]--cmd = normal
[2020-03-14 21:03:36]--[sharefile_cgi.c:345]--buf = {
    "count": 2,
    "start": 0
}

[2020-03-14 21:03:36]--[sharefile_cgi.c:351]--start = 0, count = 2
[2020-03-14 21:03:36]--[sharefile_cgi.c:157]--select share_file_list.*,file_info.url,file_info.size,file_info.type  from file_info,share_file_list where file_info.md5 = share_file_list.md5 limit 0,2 在操作
[2020-03-14 21:03:36]--[sharefile_cgi.c:254]--{
	"files":	[{
			"user":	"vyUyGIUPr84M7jSX+NqX3Q==",
			"md5":	"ca7410cbdbf4ff5c31932ba985daeaba",
			"time":	"2020-03-14 20:59:12",
			"filename":	"bmp.png",
			"sharestatus":	1,
			"pv":	0,
			"url":	"http:// 192.168.43.34:80/group1/M00/00/00/wKgrIl5eJ-eAQcN-AABf_Rg9GcI147.png",
			"size":	24573,
			"type":	"png"
		}, {
			"user":	"vyUyGIUPr84M7jSX+NqX3Q==",
			"md5":	"68998a52de5e0dd4f081329b0d6bf736",
			"time":	"2020-03-14 20:59:18",
			"filename":	"jsf.png",
			"sharestatus":	1,
			"pv":	0,
			"url":	"http:// 192.168.43.34:80/group1/M00/00/00/wKgrIl5eLvGAc8qzAABQHUoyPCU339.png",
			"size":	20509,
			"type":	"png"
		}]
}
[2020-03-14 21:04:56]--[sharefile_cgi.c:309]--cmd = count
[2020-03-14 21:04:56]--[sharefile_cgi.c:77]--line = 2
[2020-03-14 21:04:56]--[sharefile_cgi.c:309]--cmd = normal
[2020-03-14 21:04:56]--[sharefile_cgi.c:345]--buf = {
    "count": 2,
    "start": 0
}

[2020-03-14 21:04:56]--[sharefile_cgi.c:351]--start = 0, count = 2
[2020-03-14 21:04:56]--[sharefile_cgi.c:157]--select share_file_list.*,file_info.url,file_info.size,file_info.type  from file_info,share_file_list where file_info.md5 = share_file_list.md5 limit 0,2 在操作
[2020-03-14 21:04:56]--[sharefile_cgi.c:254]--{
	"files":	[{
			"user":	"vyUyGIUPr84M7jSX+NqX3Q==",
			"md5":	"ca7410cbdbf4ff5c31932ba985daeaba",
			"time":	"2020-03-14 20:59:12",
			"filename":	"bmp.png",
			"sharestatus":	1,
			"pv":	0,
			"url":	"http:// 192.168.43.34:80/group1/M00/00/00/wKgrIl5eJ-eAQcN-AABf_Rg9GcI147.png",
			"size":	24573,
			"type":	"png"
		}, {
			"user":	"vyUyGIUPr84M7jSX+NqX3Q==",
			"md5":	"68998a52de5e0dd4f081329b0d6bf736",
			"time":	"2020-03-14 20:59:18",
			"filename":	"jsf.png",
			"sharestatus":	1,
			"pv":	0,
			"url":	"http:// 192.168.43.34:80/group1/M00/00/00/wKgrIl5eLvGAc8qzAABQHUoyPCU339.png",
			"size":	20509,
			"type":	"png"
		}]
}
