[2020-03-01 18:44:06]--[upload_cgi.c:40]--mysql:user=root,pwd=lp86282176,database=cloud_disk
[2020-03-01 18:44:24]--[upload_cgi.c:496]--len = 1335
[2020-03-01 18:44:24]--[upload_cgi.c:70]--buf = ------WebKitFormBoundarykXwYquBtuFu?:eC9
Content-Disposition:form-data;user="lp13773477582"filename=".qmake.stash"md5="79d37deb46514fec4e3760cff63e9dfb"size=1093
Content-Type:multipart/form-data

QMAKE_CXX.QT_COMPILER_STDCXX = 201402L
QMAKE_CXX.QMAKE_GCC_MAJOR_VERSION = 7
QMAKE_CXX.QMAKE_GCC_MINOR_VERSION = 3
QMAKE_CXX.QMAKE_GCC_PATCH_VERSION = 0
QMAKE_CXX.COMPILER_MACROS = \
    QT_COMPILER_STDCXX \
    QMAKE_GCC_MAJOR_VERSION \
    QMAKE_GCC_MINOR_VERSION \
    QMAKE_GCC_PATCH_VERSION
QMAKE_CXX.INCDIRS = \
    C:/Qt/Qt5.12.2/Tools/mingw730_64/lib/gcc/x86_64-w64-mingw32/7.3.0/include/c++ \
    C:/Qt/Qt5.12.2/Tools/mingw730_64/lib/gcc/x86_64-w64-mingw32/7.3.0/include/c++/x86_64-w64-mingw32 \
    C:/Qt/Qt5.12.2/Tools/mingw730_64/lib/gcc/x86_64-w64-mingw32/7.3.0/include/c++/backward \
    C:/Qt/Qt5.12.2/Tools/mingw730_64/lib/gcc/x86_64-w64-mingw32/7.3.0/include \
    C:/Qt/Qt5.12.2/Tools/mingw730_64/lib/gcc/x86_64-w64-mingw32/7.3.0/include-fixed \
    C:/Qt/Qt5.12.2/Tools/mingw730_64/x86_64-w64-mingw32/include
QMAKE_CXX.LIBDIRS = \
    C:/Qt/Qt5.12.2/Tools/mingw730_64/lib/gcc/x86_64-w64-mingw32/7.3.0 \
    C:/Qt/Qt5.12.2/Tools/mingw730_64/lib/gcc \
    C:/Qt/Qt5.12.2/Tools/mingw730_64/x86_64-w64-mingw32/lib \
    C:/Qt/Qt5.12.2/Tools/mingw730_64/lib

------WebKitFormBoundarykXwYquBtuFu?:eC9
[2020-03-01 18:44:24]--[upload_cgi.c:98]--boundary:[------WebKitFormBoundarykXwYquBtuFu?:eC9]
[2020-03-01 18:44:24]--[upload_cgi.c:114]--content_text:[Content-Disposition:form-data;user="lp13773477582"filename=".qmake.stash"md5="79d37deb46514fec4e3760cff63e9dfb"size=1093]
[2020-03-01 18:44:24]--[upload_cgi.c:129]--trim_space user before
[2020-03-01 18:44:24]--[upload_cgi.c:184]--trim_spcae user after
[2020-03-01 18:44:24]--[upload_cgi.c:194]--open file .qmake.stash successfully
[2020-03-01 18:44:24]--[upload_cgi.c:504]--lp13773477582成功上传[.qmake.stash, 大小：1093, md5码：79d37deb46514fec4e3760cff63e9dfb]到本地
[2020-03-01 18:44:24]--[upload_cgi.c:240]--dup2() success
[2020-03-01 18:44:24]--[upload_cgi.c:268]--get [group1/M00/00/00/wKgrIl5bkgiAKyJlAAAERUNRolk8.stash] succ!
[2020-03-01 18:44:24]--[upload_cgi.c:332]--strstr ip address fail
[2020-03-01 18:51:26]--[upload_cgi.c:40]--mysql:user=root,pwd=lp86282176,database=cloud_disk
[2020-03-01 18:51:43]--[upload_cgi.c:500]--len = 1335
[2020-03-01 18:51:43]--[upload_cgi.c:70]--buf = ------WebKitFormBoundary=x=QU1NU_]8dVT;C
Content-Disposition:form-data;user="lp13773477582"filename=".qmake.stash"md5="79d37deb46514fec4e3760cff63e9dfb"size=1093
Content-Type:multipart/form-data

QMAKE_CXX.QT_COMPILER_STDCXX = 201402L
QMAKE_CXX.QMAKE_GCC_MAJOR_VERSION = 7
QMAKE_CXX.QMAKE_GCC_MINOR_VERSION = 3
QMAKE_CXX.QMAKE_GCC_PATCH_VERSION = 0
QMAKE_CXX.COMPILER_MACROS = \
    QT_COMPILER_STDCXX \
    QMAKE_GCC_MAJOR_VERSION \
    QMAKE_GCC_MINOR_VERSION \
    QMAKE_GCC_PATCH_VERSION
QMAKE_CXX.INCDIRS = \
    C:/Qt/Qt5.12.2/Tools/mingw730_64/lib/gcc/x86_64-w64-mingw32/7.3.0/include/c++ \
    C:/Qt/Qt5.12.2/Tools/mingw730_64/lib/gcc/x86_64-w64-mingw32/7.3.0/include/c++/x86_64-w64-mingw32 \
    C:/Qt/Qt5.12.2/Tools/mingw730_64/lib/gcc/x86_64-w64-mingw32/7.3.0/include/c++/backward \
    C:/Qt/Qt5.12.2/Tools/mingw730_64/lib/gcc/x86_64-w64-mingw32/7.3.0/include \
    C:/Qt/Qt5.12.2/Tools/mingw730_64/lib/gcc/x86_64-w64-mingw32/7.3.0/include-fixed \
    C:/Qt/Qt5.12.2/Tools/mingw730_64/x86_64-w64-mingw32/include
QMAKE_CXX.LIBDIRS = \
    C:/Qt/Qt5.12.2/Tools/mingw730_64/lib/gcc/x86_64-w64-mingw32/7.3.0 \
    C:/Qt/Qt5.12.2/Tools/mingw730_64/lib/gcc \
    C:/Qt/Qt5.12.2/Tools/mingw730_64/x86_64-w64-mingw32/lib \
    C:/Qt/Qt5.12.2/Tools/mingw730_64/lib

------WebKitFormBoundary=x=QU1NU_]8dVT;C
[2020-03-01 18:51:43]--[upload_cgi.c:98]--boundary:[------WebKitFormBoundary=x=QU1NU_]8dVT;C]
[2020-03-01 18:51:43]--[upload_cgi.c:114]--content_text:[Content-Disposition:form-data;user="lp13773477582"filename=".qmake.stash"md5="79d37deb46514fec4e3760cff63e9dfb"size=1093]
[2020-03-01 18:51:43]--[upload_cgi.c:129]--trim_space user before
[2020-03-01 18:51:43]--[upload_cgi.c:184]--trim_spcae user after
[2020-03-01 18:51:43]--[upload_cgi.c:194]--open file .qmake.stash successfully
[2020-03-01 18:51:43]--[upload_cgi.c:508]--lp13773477582成功上传[.qmake.stash, 大小：1093, md5码：79d37deb46514fec4e3760cff63e9dfb]到本地
[2020-03-01 18:51:43]--[upload_cgi.c:240]--dup2() success
[2020-03-01 18:51:43]--[upload_cgi.c:268]--get [group1/M00/00/00/wKgrIl5bk7-AL-N7AAAERUNRolk0.stash] succ!
[2020-03-01 18:51:43]--[upload_cgi.c:328]--uploadfile stat:
[2020-03-01 18:51:43]--[upload_cgi.c:334]--strstr ip address fail
